[2025-03-13 16:33:36] [INFO]: 准备提取内容的 URL:
{
  "0": "https://news.qq.com/rain/a/20210529A06ITF00",
  "1": "https://news.qq.com/rain/a/20240315A08YVO00",
  "2": "https://zhuanlan.zhihu.com/p/639025374",
  "3": "https://www.sohu.com/a/847078437_121124360",
  "4": "https://news.qq.com/rain/a/20230314A071VF00",
  "module": "TavilySearchUtil"
}
[2025-03-13 16:33:36] [INFO]: 准备提取内容的 URL 数量:
{
  "module": "TavilySearchUtil"
}
[2025-03-13 16:33:38] [INFO]: 批次处理结果:
{
  "module": "TavilySearchUtil",
  "requested": 5,
  "succeeded": 0,
  "failed": 5,
  "totalSucceeded": 0,
  "remaining": 5
}
[2025-03-13 16:33:38] [INFO]: 提取内容完成:
{
  "module": "TavilySearchUtil",
  "totalResults": 0,
  "totalFailed": 5,
  "totalResponseTime": 1.74,
  "remainingUrls": 0
}
[2025-03-13 16:54:35] [INFO]: 准备提取内容的 URL:
{
  "0": "https://www.fxbaogao.com/detail/4579878",
  "1": "https://www.fortunebusinessinsights.com/zh/data-privacy-software-market-105420",
  "2": "https://www.secrss.com/articles/57631",
  "3": "https://data.eastmoney.com/report/zw_strategy.jshtml?encodeUrl=XVA6ixRUUcNl51e+z4HCYQcDNLUsrSbnmfWWYKpD3bY=",
  "4": "https://baijiahao.baidu.com/s?id=1815416220328161909",
  "module": "TavilySearchUtil"
}
[2025-03-13 16:54:35] [INFO]: 准备提取内容的 URL 数量:
{
  "module": "TavilySearchUtil"
}
[2025-03-13 16:54:40] [INFO]: 批次处理结果:
{
  "module": "TavilySearchUtil",
  "requested": 5,
  "succeeded": 4,
  "failed": 1,
  "totalSucceeded": 4,
  "remaining": 1
}
[2025-03-13 16:54:40] [INFO]: 提取内容完成:
{
  "module": "TavilySearchUtil",
  "totalResults": 4,
  "totalFailed": 1,
  "totalResponseTime": 3.28,
  "remainingUrls": 0
}
[2025-03-13 17:07:35] [INFO]: 准备提取内容的 URL:
{
  "0": "https://baijiahao.baidu.com/s?id=1824993969060688654",
  "1": "https://m.baidu.com/bh/m/detail/ar_9774211737280204774",
  "2": "https://zhuanlan.zhihu.com/p/120372212",
  "3": "https://zhuanlan.zhihu.com/p/667448361",
  "4": "https://www.x-mol.com/paper/1820621828791533568/t",
  "module": "TavilySearchUtil"
}
[2025-03-13 17:07:35] [INFO]: 准备提取内容的 URL 数量:
{
  "module": "TavilySearchUtil"
}
[2025-03-13 17:07:38] [INFO]: 批次处理结果:
{
  "module": "TavilySearchUtil",
  "requested": 5,
  "succeeded": 2,
  "failed": 3,
  "totalSucceeded": 2,
  "remaining": 3
}
[2025-03-13 17:07:38] [INFO]: 提取内容完成:
{
  "module": "TavilySearchUtil",
  "totalResults": 2,
  "totalFailed": 3,
  "totalResponseTime": 3.34,
  "remainingUrls": 0
}
[2025-03-13 17:58:22] [INFO]: 准备提取内容的 URL:
{
  "0": "https://news.ifai.io/zh/AI-MDAwMDA1NDI=",
  "1": "https://d.wanfangdata.com.cn/thesis/ChhUaGVzaXNOZXdTMjAyNDA5MjAxNTE3MjUSCFkzNzQ5MTI0Ggh5dTN0d3ZxMQ==",
  "2": "https://news.qq.com/rain/a/20230807A00QSW00",
  "3": "https://zhuanlan.zhihu.com/p/25619787954",
  "4": "https://www.tsinghua.edu.cn/info/1182/110391.htm",
  "module": "TavilySearchUtil"
}
[2025-03-13 17:58:22] [INFO]: 准备提取内容的 URL 数量:
{
  "module": "TavilySearchUtil"
}
[2025-03-13 17:58:25] [INFO]: 批次处理结果:
{
  "module": "TavilySearchUtil",
  "requested": 5,
  "succeeded": 1,
  "failed": 4,
  "totalSucceeded": 1,
  "remaining": 4
}
[2025-03-13 17:58:25] [INFO]: 提取内容完成:
{
  "module": "TavilySearchUtil",
  "totalResults": 1,
  "totalFailed": 4,
  "totalResponseTime": 2.19,
  "remainingUrls": 0
}
[2025-03-13 18:00:41] [INFO]: 准备提取内容的 URL:
{
  "0": "https://www.163.com/dy/article/JFS1INDI05346RC6.html",
  "1": "https://www.digitalchina.gov.cn/2024/xwzx/szkx/202411/t20241101_4919041.htm",
  "2": "https://finance.sina.com.cn/jjxw/2025-02-19/doc-inekyanu6151544.shtml",
  "3": "https://www.thepaper.cn/newsDetail_forward_29494579",
  "4": "https://zhuanlan.zhihu.com/p/664795112",
  "module": "TavilySearchUtil"
}
[2025-03-13 18:00:41] [INFO]: 准备提取内容的 URL 数量:
{
  "module": "TavilySearchUtil"
}
[2025-03-13 18:00:44] [INFO]: 批次处理结果:
{
  "module": "TavilySearchUtil",
  "requested": 5,
  "succeeded": 4,
  "failed": 1,
  "totalSucceeded": 4,
  "remaining": 1
}
[2025-03-13 18:00:44] [INFO]: 提取内容完成:
{
  "module": "TavilySearchUtil",
  "totalResults": 4,
  "totalFailed": 1,
  "totalResponseTime": 2.32,
  "remainingUrls": 0
}
[2025-03-13 18:04:14] [INFO]: 准备提取内容的 URL:
{
  "0": "https://finance.sina.com.cn/jjxw/2025-02-19/doc-inekyanu6151544.shtml",
  "1": "https://www.163.com/dy/article/JKEDNT4D05199NPP.html",
  "2": "https://www.pkulaw.com/pal/a3ecfd5d734f711dd19e1c8a72bf5e23f680e21096fab9aebdfb.html",
  "3": "https://rmfyalk.court.gov.cn/",
  "4": "https://data.court.gov.cn/pages/research.html",
  "module": "TavilySearchUtil"
}
[2025-03-13 18:04:14] [INFO]: 准备提取内容的 URL 数量:
{
  "module": "TavilySearchUtil"
}
[2025-03-13 18:04:17] [INFO]: 批次处理结果:
{
  "module": "TavilySearchUtil",
  "requested": 5,
  "succeeded": 2,
  "failed": 3,
  "totalSucceeded": 2,
  "remaining": 3
}
[2025-03-13 18:04:17] [INFO]: 提取内容完成:
{
  "module": "TavilySearchUtil",
  "totalResults": 2,
  "totalFailed": 3,
  "totalResponseTime": 2.65,
  "remainingUrls": 0
}
[2025-03-13 18:28:30] [INFO]: 准备提取内容的 URL:
{
  "0": "https://zh.wikipedia.org/zh-cn/自我決定論",
  "1": "https://zhuanlan.zhihu.com/p/712437357",
  "2": "https://zhuanlan.zhihu.com/p/621906235",
  "3": "https://lib.cqvip.com/Qikan/Article/Detail?id=32858391&from=Qikan_Article_Detail",
  "4": "https://pdf.hanspub.org/ASS20181200000_44604634.pdf",
  "module": "TavilySearchUtil"
}
[2025-03-13 18:28:30] [INFO]: 准备提取内容的 URL 数量:
{
  "module": "TavilySearchUtil"
}
[2025-03-13 18:28:34] [INFO]: 批次处理结果:
{
  "module": "TavilySearchUtil",
  "requested": 5,
  "succeeded": 4,
  "failed": 1,
  "totalSucceeded": 4,
  "remaining": 1
}
[2025-03-13 18:28:34] [INFO]: 提取内容完成:
{
  "module": "TavilySearchUtil",
  "totalResults": 4,
  "totalFailed": 1,
  "totalResponseTime": 2.65,
  "remainingUrls": 0
}
[2025-03-13 18:32:51] [INFO]: 准备提取内容的 URL:
{
  "0": "https://www.21jingji.com/article/20230214/herald/14841339dd1766459a7109301e6f04fc.html",
  "1": "https://cj.sina.com.cn/articles/view/1652484947/627eeb53020019jk2",
  "2": "http://finance.people.com.cn/n1/2021/0127/c1004-32014333.html",
  "3": "https://finance.sina.com.cn/tech/2021-01-29/doc-ikftpnny2603710.shtml",
  "4": "https://zhuanlan.zhihu.com/p/347555915",
  "module": "TavilySearchUtil"
}
[2025-03-13 18:32:51] [INFO]: 准备提取内容的 URL 数量:
{
  "module": "TavilySearchUtil"
}
[2025-03-13 18:32:54] [INFO]: 批次处理结果:
{
  "module": "TavilySearchUtil",
  "requested": 5,
  "succeeded": 4,
  "failed": 1,
  "totalSucceeded": 4,
  "remaining": 1
}
[2025-03-13 18:32:54] [INFO]: 提取内容完成:
{
  "module": "TavilySearchUtil",
  "totalResults": 4,
  "totalFailed": 1,
  "totalResponseTime": 2.16,
  "remainingUrls": 0
}
[2025-03-13 18:36:46] [INFO]: 准备提取内容的 URL:
{
  "0": "http://www.chinaql.org/n1/2024/0204/c420265-40172953.html",
  "1": "https://qikan.cqvip.com/Qikan/Article/Detail?id=7111083904",
  "2": "https://www.ettoday.net/news/20220202/2141305.htm",
  "3": "https://ccrs.ccnu.edu.cn/list/H5Details.aspx?tid=19124",
  "4": "https://news.sina.com.cn/o/2019-09-28/doc-iicezzrq9047174.shtml",
  "module": "TavilySearchUtil"
}
[2025-03-13 18:36:46] [INFO]: 准备提取内容的 URL 数量:
{
  "module": "TavilySearchUtil"
}
[2025-03-13 18:36:52] [INFO]: 批次处理结果:
{
  "module": "TavilySearchUtil",
  "requested": 5,
  "succeeded": 4,
  "failed": 1,
  "totalSucceeded": 4,
  "remaining": 1
}
[2025-03-13 18:36:52] [INFO]: 提取内容完成:
{
  "module": "TavilySearchUtil",
  "totalResults": 4,
  "totalFailed": 1,
  "totalResponseTime": 4.68,
  "remainingUrls": 0
}
[2025-03-13 19:17:00] [INFO]: 准备提取内容的 URL:
{
  "0": "https://www.zhihu.com/tardis/bd/art/680308253",
  "1": "https://news.qq.com/rain/a/20231227A06EP200",
  "2": "https://www.digitaling.com/articles/1235618.html",
  "3": "https://news.qq.com/rain/a/20240204A05Y3A00",
  "4": "https://www.digitaling.com/articles/1040346.html",
  "module": "TavilySearchUtil"
}
[2025-03-13 19:17:00] [INFO]: 准备提取内容的 URL 数量:
{
  "module": "TavilySearchUtil"
}
[2025-03-13 19:17:01] [INFO]: 批次处理结果:
{
  "module": "TavilySearchUtil",
  "requested": 5,
  "succeeded": 5,
  "failed": 0,
  "totalSucceeded": 5,
  "remaining": 0
}
[2025-03-13 19:17:01] [INFO]: 提取内容完成:
{
  "module": "TavilySearchUtil",
  "totalResults": 5,
  "totalFailed": 0,
  "totalResponseTime": 0.01,
  "remainingUrls": 0
}
[2025-03-13 19:21:24] [INFO]: 准备提取内容的 URL:
{
  "0": "https://zhuanlan.zhihu.com/p/673480216",
  "1": "https://www.sohu.com/a/648727225_121124417",
  "2": "https://www.thepaper.cn/newsDetail_forward_17938206",
  "3": "https://zhuanlan.zhihu.com/p/396964034",
  "4": "https://www.thepaper.cn/newsDetail_forward_19474558",
  "module": "TavilySearchUtil"
}
[2025-03-13 19:21:24] [INFO]: 准备提取内容的 URL 数量:
{
  "module": "TavilySearchUtil"
}
[2025-03-13 19:21:26] [INFO]: 批次处理结果:
{
  "module": "TavilySearchUtil",
  "requested": 5,
  "succeeded": 3,
  "failed": 2,
  "totalSucceeded": 3,
  "remaining": 2
}
[2025-03-13 19:21:26] [INFO]: 提取内容完成:
{
  "module": "TavilySearchUtil",
  "totalResults": 3,
  "totalFailed": 2,
  "totalResponseTime": 0.58,
  "remainingUrls": 0
}
[2025-03-13 19:25:08] [INFO]: 准备提取内容的 URL:
{
  "0": "https://www.drc.gov.cn/DocView.aspx?chnid=379&leafid=1338&docid=2906294",
  "1": "https://www.ndrc.gov.cn/fggz/jyysr/jysrsbxf/202302/t20230228_1350402.html",
  "2": "http://finance.people.com.cn/n1/2023/0629/c1004-40024119.html",
  "3": "https://www2.deloitte.com/content/dam/Deloitte/cn/Documents/about-deloitte/deloitte-cn-2024-genz-millennial-survey-zh-240529.pdf",
  "4": "https://www.drc.gov.cn/DocView.aspx?chnid=379&leafid=1338&docid=2907974",
  "module": "TavilySearchUtil"
}
[2025-03-13 19:25:08] [INFO]: 准备提取内容的 URL 数量:
{
  "module": "TavilySearchUtil"
}
[2025-03-13 19:25:12] [INFO]: 批次处理结果:
{
  "module": "TavilySearchUtil",
  "requested": 5,
  "succeeded": 5,
  "failed": 0,
  "totalSucceeded": 5,
  "remaining": 0
}
[2025-03-13 19:25:12] [INFO]: 提取内容完成:
{
  "module": "TavilySearchUtil",
  "totalResults": 5,
  "totalFailed": 0,
  "totalResponseTime": 2.94,
  "remainingUrls": 0
}
