[2025-03-11 11:14:17] [INFO]: 开始创建文章开头段落
{
  "module": "first-create",
  "theme": "当代亲密关系的'隐形杀手'：手机如何让我们成为彼此最熟悉的陌生人",
  "sectionsCount": 4
}
[2025-03-11 11:19:37] [INFO]: 文章开头段落创建完成
{
  "module": "first-create",
  "theme": "当代亲密关系的'隐形杀手'：手机如何让我们成为彼此最熟悉的陌生人",
  "contentLength": 500
}
[2025-03-11 11:50:35] [INFO]: 开始创建文章开头段落
{
  "module": "first-create",
  "theme": "'模糊性丧失'：当代年轻人正在经历的新型情感饥荒",
  "sectionsCount": 4
}
[2025-03-11 11:51:51] [INFO]: 文章开头段落创建完成
{
  "module": "first-create",
  "theme": "'模糊性丧失'：当代年轻人正在经历的新型情感饥荒",
  "contentLength": 569
}
[2025-03-11 12:02:39] [INFO]: 开始创建文章开头段落
{
  "module": "first-create",
  "theme": "关系拯救者的逆袭：每天30分钟散步如何让离婚率直降40%",
  "sectionsCount": 4
}
[2025-03-11 12:03:23] [INFO]: 文章开头段落创建完成
{
  "module": "first-create",
  "theme": "关系拯救者的逆袭：每天30分钟散步如何让离婚率直降40%",
  "contentLength": 595
}
[2025-03-11 12:12:10] [INFO]: 开始创建文章开头段落
{
  "module": "first-create",
  "theme": "职场精英的情感盲区：为什么越成功的人越容易沦为'沙发伴侣'",
  "sectionsCount": 4
}
[2025-03-11 12:12:51] [INFO]: 文章开头段落创建完成
{
  "module": "first-create",
  "theme": "职场精英的情感盲区：为什么越成功的人越容易沦为'沙发伴侣'",
  "contentLength": 453
}
[2025-03-11 12:22:35] [INFO]: 开始创建文章开头段落
{
  "module": "first-create",
  "theme": "关系保鲜的量子力学：微小扰动如何引发情感系统的蝴蝶效应",
  "sectionsCount": 4
}
[2025-03-11 12:23:17] [INFO]: 文章开头段落创建完成
{
  "module": "first-create",
  "theme": "关系保鲜的量子力学：微小扰动如何引发情感系统的蝴蝶效应",
  "contentLength": 504
}
