
==================== 错误记录 ====================
时间：2025-01-25T16:02:10.255Z
错误类型：SyntaxError
错误信息：Unexpected token '`', "```json
{
"... is not valid JSON
堆栈跟踪：
SyntaxError: Unexpected token '`', "```json
{
"... is not valid JSON
    at JSON.parse (<anonymous>)
    at eval (webpack-internal:///(rsc)/./src/services/textAnalyzer.ts:105:43)
    at process.processTicksAndRejections (node:internal/process/task_queues:95:5)
    at async Promise.all (index 1)
    at async TextAnalyzer.analyze (webpack-internal:///(rsc)/./src/services/textAnalyzer.ts:58:37)
    at async FileProcessor.processFile (webpack-internal:///(rsc)/./src/services/fileProcessor.ts:105:45)
    at async POST (webpack-internal:///(rsc)/./src/app/api/process/route.ts:16:9)
    at async G:\project\transflow\node_modules\next\dist\compiled\next-server\app-route.runtime.dev.js:6:63809
    at async eU.execute (G:\project\transflow\node_modules\next\dist\compiled\next-server\app-route.runtime.dev.js:6:53964)
    at async eU.handle (G:\project\transflow\node_modules\next\dist\compiled\next-server\app-route.runtime.dev.js:6:65062)
    at async doRender (G:\project\transflow\node_modules\next\dist\server\base-server.js:1333:42)
    at async cacheEntry.responseCache.get.routeKind (G:\project\transflow\node_modules\next\dist\server\base-server.js:1555:28)
    at async DevServer.renderToResponseWithComponentsImpl (G:\project\transflow\node_modules\next\dist\server\base-server.js:1463:28)
    at async DevServer.renderPageComponent (G:\project\transflow\node_modules\next\dist\server\base-server.js:1856:24)
    at async DevServer.renderToResponseImpl (G:\project\transflow\node_modules\next\dist\server\base-server.js:1894:32)
    at async DevServer.pipeImpl (G:\project\transflow\node_modules\next\dist\server\base-server.js:911:25)
    at async NextNodeServer.handleCatchallRenderRequest (G:\project\transflow\node_modules\next\dist\server\next-server.js:271:17)
    at async DevServer.handleRequestImpl (G:\project\transflow\node_modules\next\dist\server\base-server.js:807:17)
    at async G:\project\transflow\node_modules\next\dist\server\dev\next-dev-server.js:331:20
    at async Span.traceAsyncFn (G:\project\transflow\node_modules\next\dist\trace\trace.js:151:20)
    at async DevServer.handleRequest (G:\project\transflow\node_modules\next\dist\server\dev\next-dev-server.js:328:24)
    at async invokeRender (G:\project\transflow\node_modules\next\dist\server\lib\router-server.js:163:21)
    at async handleRequest (G:\project\transflow\node_modules\next\dist\server\lib\router-server.js:342:24)
    at async requestHandlerImpl (G:\project\transflow\node_modules\next\dist\server\lib\router-server.js:366:13)
    at async Server.requestListener (G:\project\transflow\node_modules\next\dist\server\lib\start-server.js:140:13)
================================================


==================== 错误记录 ====================
时间：2025-01-26T23:47:09.134Z
错误类型：SyntaxError
错误信息：Unexpected token '请', "请提供需要处理的播客"... is not valid JSON
堆栈跟踪：
SyntaxError: Unexpected token '请', "请提供需要处理的播客"... is not valid JSON
    at JSON.parse (<anonymous>)
    at eval (webpack-internal:///(rsc)/./src/services/textAnalyzer.ts:105:43)
    at process.processTicksAndRejections (node:internal/process/task_queues:95:5)
    at async Promise.all (index 22)
    at async TextAnalyzer.analyze (webpack-internal:///(rsc)/./src/services/textAnalyzer.ts:58:37)
    at async FileProcessor.processFile (webpack-internal:///(rsc)/./src/services/fileProcessor.ts:105:45)
    at async POST (webpack-internal:///(rsc)/./src/app/api/process/route.ts:16:9)
    at async G:\project\transflow\node_modules\next\dist\compiled\next-server\app-route.runtime.dev.js:6:63809
    at async eU.execute (G:\project\transflow\node_modules\next\dist\compiled\next-server\app-route.runtime.dev.js:6:53964)
    at async eU.handle (G:\project\transflow\node_modules\next\dist\compiled\next-server\app-route.runtime.dev.js:6:65062)
    at async doRender (G:\project\transflow\node_modules\next\dist\server\base-server.js:1333:42)
    at async cacheEntry.responseCache.get.routeKind (G:\project\transflow\node_modules\next\dist\server\base-server.js:1555:28)
    at async DevServer.renderToResponseWithComponentsImpl (G:\project\transflow\node_modules\next\dist\server\base-server.js:1463:28)
    at async DevServer.renderPageComponent (G:\project\transflow\node_modules\next\dist\server\base-server.js:1856:24)
    at async DevServer.renderToResponseImpl (G:\project\transflow\node_modules\next\dist\server\base-server.js:1894:32)
    at async DevServer.pipeImpl (G:\project\transflow\node_modules\next\dist\server\base-server.js:911:25)
    at async NextNodeServer.handleCatchallRenderRequest (G:\project\transflow\node_modules\next\dist\server\next-server.js:271:17)
    at async DevServer.handleRequestImpl (G:\project\transflow\node_modules\next\dist\server\base-server.js:807:17)
    at async G:\project\transflow\node_modules\next\dist\server\dev\next-dev-server.js:331:20
    at async Span.traceAsyncFn (G:\project\transflow\node_modules\next\dist\trace\trace.js:151:20)
    at async DevServer.handleRequest (G:\project\transflow\node_modules\next\dist\server\dev\next-dev-server.js:328:24)
    at async invokeRender (G:\project\transflow\node_modules\next\dist\server\lib\router-server.js:163:21)
    at async handleRequest (G:\project\transflow\node_modules\next\dist\server\lib\router-server.js:342:24)
    at async requestHandlerImpl (G:\project\transflow\node_modules\next\dist\server\lib\router-server.js:366:13)
    at async Server.requestListener (G:\project\transflow\node_modules\next\dist\server\lib\start-server.js:140:13)
================================================


==================== 错误记录 ====================
时间：2025-01-26T23:53:42.588Z
错误类型：SyntaxError
错误信息：Unexpected token '请', "请提供播客文稿，我将"... is not valid JSON
堆栈跟踪：
SyntaxError: Unexpected token '请', "请提供播客文稿，我将"... is not valid JSON
    at JSON.parse (<anonymous>)
    at eval (webpack-internal:///(rsc)/./src/services/textAnalyzer.ts:105:43)
    at process.processTicksAndRejections (node:internal/process/task_queues:95:5)
    at async Promise.all (index 24)
    at async TextAnalyzer.analyze (webpack-internal:///(rsc)/./src/services/textAnalyzer.ts:58:37)
    at async FileProcessor.processFile (webpack-internal:///(rsc)/./src/services/fileProcessor.ts:105:45)
    at async POST (webpack-internal:///(rsc)/./src/app/api/process/route.ts:16:9)
    at async G:\project\transflow\node_modules\next\dist\compiled\next-server\app-route.runtime.dev.js:6:63809
    at async eU.execute (G:\project\transflow\node_modules\next\dist\compiled\next-server\app-route.runtime.dev.js:6:53964)
    at async eU.handle (G:\project\transflow\node_modules\next\dist\compiled\next-server\app-route.runtime.dev.js:6:65062)
    at async doRender (G:\project\transflow\node_modules\next\dist\server\base-server.js:1333:42)
    at async cacheEntry.responseCache.get.routeKind (G:\project\transflow\node_modules\next\dist\server\base-server.js:1555:28)
    at async DevServer.renderToResponseWithComponentsImpl (G:\project\transflow\node_modules\next\dist\server\base-server.js:1463:28)
    at async DevServer.renderPageComponent (G:\project\transflow\node_modules\next\dist\server\base-server.js:1856:24)
    at async DevServer.renderToResponseImpl (G:\project\transflow\node_modules\next\dist\server\base-server.js:1894:32)
    at async DevServer.pipeImpl (G:\project\transflow\node_modules\next\dist\server\base-server.js:911:25)
    at async NextNodeServer.handleCatchallRenderRequest (G:\project\transflow\node_modules\next\dist\server\next-server.js:271:17)
    at async DevServer.handleRequestImpl (G:\project\transflow\node_modules\next\dist\server\base-server.js:807:17)
    at async G:\project\transflow\node_modules\next\dist\server\dev\next-dev-server.js:331:20
    at async Span.traceAsyncFn (G:\project\transflow\node_modules\next\dist\trace\trace.js:151:20)
    at async DevServer.handleRequest (G:\project\transflow\node_modules\next\dist\server\dev\next-dev-server.js:328:24)
    at async invokeRender (G:\project\transflow\node_modules\next\dist\server\lib\router-server.js:163:21)
    at async handleRequest (G:\project\transflow\node_modules\next\dist\server\lib\router-server.js:342:24)
    at async requestHandlerImpl (G:\project\transflow\node_modules\next\dist\server\lib\router-server.js:366:13)
    at async Server.requestListener (G:\project\transflow\node_modules\next\dist\server\lib\start-server.js:140:13)
================================================

