
==================== 主题分段结果 ====================
时间：2025-02-20T13:47:10.365Z
主题：主题分段结果

输入内容：
识别主题数：16

分析结果：

主题 1: 播客开场介绍与主题引入
段落数：1
段落范围：
  1-10行
----------------------------------------

主题 2: 系统与标准操作流程的重要性
段落数：1
段落范围：
  11-18行
----------------------------------------

主题 3: SOP的定义与实例分析
段落数：1
段落范围：
  19-66行
----------------------------------------

主题 4: 创始人如何逐步授权与系统化
段落数：1
段落范围：
  67-103行
----------------------------------------

主题 5: CEO的角色与质量标准的设定
段落数：1
段落范围：
  104-123行
----------------------------------------

主题 6: 系统化过程中的挑战与解决方案
段落数：1
段落范围：
  124-184行
----------------------------------------

主题 7: 企业成长中的系统化与复杂性管理
段落数：1
段落范围：
  185-222行
----------------------------------------

主题 8: 客户生命周期与系统化的关系
段落数：1
段落范围：
  223-264行
----------------------------------------

主题 9: SOP的创建与自动化流程
段落数：1
段落范围：
  265-321行
----------------------------------------

主题 10: SOP的持续优化与员工授权
段落数：1
段落范围：
  322-366行
----------------------------------------

主题 11: SOP的文档化与团队协作
段落数：1
段落范围：
  367-422行
----------------------------------------

主题 12: SOP的变更管理与文化塑造
段落数：1
段落范围：
  423-466行
----------------------------------------

主题 13: SOP的持续改进与员工成长
段落数：1
段落范围：
  467-522行
----------------------------------------

主题 14: SOP的创建工具与技术应用
段落数：1
段落范围：
  523-581行
----------------------------------------

主题 15: SOP的所有权与团队信任
段落数：1
段落范围：
  582-649行
----------------------------------------

主题 16: 播客结束与下期预告
段落数：1
段落范围：
  650-664行
----------------------------------------
================================================

