[2025-03-10 17:02:03] [INFO]: 开始创建文章开头段落
{
  "module": "first-create",
  "theme": "现代亲密关系的隐形杀手：你的手机正在制造'模糊性丧失'",
  "sectionsCount": 4
}
[2025-03-10 17:03:05] [INFO]: 文章开头段落创建完成
{
  "module": "first-create",
  "theme": "现代亲密关系的隐形杀手：你的手机正在制造'模糊性丧失'",
  "contentLength": 512
}
[2025-03-10 17:59:15] [INFO]: 开始创建文章开头段落
{
  "module": "first-create",
  "theme": "职场精英的情感破产：你给客户100分，给爱人只剩残羹冷炙",
  "sectionsCount": 4
}
[2025-03-10 18:00:20] [INFO]: 文章开头段落创建完成
{
  "module": "first-create",
  "theme": "职场精英的情感破产：你给客户100分，给爱人只剩残羹冷炙",
  "contentLength": 515
}
[2025-03-10 18:09:45] [INFO]: 开始创建文章开头段落
{
  "module": "first-create",
  "theme": "散步拯救婚姻：一个反直觉的当代情感修复方案",
  "sectionsCount": 4
}
[2025-03-10 18:10:43] [INFO]: 文章开头段落创建完成
{
  "module": "first-create",
  "theme": "散步拯救婚姻：一个反直觉的当代情感修复方案",
  "contentLength": 798
}
