[2025-03-11 11:22:14] [INFO]: 准备提取内容的 URL:
{
  "0": "https://www.zhihu.com/question/595137695",
  "1": "https://www.thepaper.cn/newsDetail_forward_13342881",
  "2": "https://www.36kr.com/p/2581403740726665",
  "3": "https://sc-cs-ks.github.io/KS-GrowthHacking/a-books/GrowthHacker/notes/08.html",
  "4": "https://zhuanlan.zhihu.com/p/161678432",
  "module": "TavilySearchUtil"
}
[2025-03-11 11:22:14] [INFO]: 准备提取内容的 URL 数量:
{
  "module": "TavilySearchUtil"
}
[2025-03-11 11:22:17] [INFO]: 批次处理结果:
{
  "module": "TavilySearchUtil",
  "requested": 5,
  "succeeded": 2,
  "failed": 3,
  "totalSucceeded": 2,
  "remaining": 3
}
[2025-03-11 11:22:17] [INFO]: 提取内容完成:
{
  "module": "TavilySearchUtil",
  "totalResults": 2,
  "totalFailed": 3,
  "totalResponseTime": 2.42,
  "remainingUrls": 0
}
[2025-03-11 11:46:42] [INFO]: 准备提取内容的 URL:
{
  "0": "http://jointings.org/cn/2025/01/dare-to-use-algorithmic-democracy-against-algorithmic-autocracy/",
  "1": "https://news.qq.com/rain/a/20210603A0272500",
  "2": "https://zhuanlan.zhihu.com/p/23478081198",
  "3": "https://news.qq.com/rain/a/20241224A08A8Y00",
  "4": "https://sspai.com/post/96534",
  "module": "TavilySearchUtil"
}
[2025-03-11 11:46:42] [INFO]: 准备提取内容的 URL 数量:
{
  "module": "TavilySearchUtil"
}
[2025-03-11 11:46:54] [INFO]: 批次处理结果:
{
  "module": "TavilySearchUtil",
  "requested": 5,
  "succeeded": 2,
  "failed": 3,
  "totalSucceeded": 2,
  "remaining": 3
}
[2025-03-11 11:46:54] [INFO]: 提取内容完成:
{
  "module": "TavilySearchUtil",
  "totalResults": 2,
  "totalFailed": 3,
  "totalResponseTime": 10.01,
  "remainingUrls": 0
}
[2025-03-11 11:55:23] [INFO]: 准备提取内容的 URL:
{
  "0": "http://www.199it.com/archives/1603886.html",
  "1": "https://www.199it.com/archives/1638928.html",
  "2": "https://news.qq.com/rain/a/20231117A0AM8D00",
  "3": "https://zhuanlan.zhihu.com/p/632041042",
  "4": "https://zhuanlan.zhihu.com/p/673480216",
  "module": "TavilySearchUtil"
}
[2025-03-11 11:55:23] [INFO]: 准备提取内容的 URL 数量:
{
  "module": "TavilySearchUtil"
}
[2025-03-11 11:55:25] [INFO]: 批次处理结果:
{
  "module": "TavilySearchUtil",
  "requested": 5,
  "succeeded": 2,
  "failed": 3,
  "totalSucceeded": 2,
  "remaining": 3
}
[2025-03-11 11:55:25] [INFO]: 提取内容完成:
{
  "module": "TavilySearchUtil",
  "totalResults": 2,
  "totalFailed": 3,
  "totalResponseTime": 1.67,
  "remainingUrls": 0
}
[2025-03-11 11:59:58] [ERROR]: 搜索并提取内容失败: Converting circular structure to JSON
    --> starting at object with constructor 'ClientRequest'
    |     property 'res' -> object with constructor 'IncomingMessage'
    --- property 'req' closes the circle
{
  "module": "TavilySearchUtil",
  "stack": "TypeError: Converting circular structure to JSON\n    --> starting at object with constructor 'ClientRequest'\n    |     property 'res' -> object with constructor 'IncomingMessage'\n    --- property 'req' closes the circle\n    at JSON.stringify (<anonymous>)\n    at Printf.eval [as template] (webpack-internal:///(rsc)/./src/services/utils/logger.ts:26:58)\n    at Printf.transform (webpack-internal:///(rsc)/./node_modules/logform/printf.js:8:30)\n    at Format.eval [as transform] (webpack-internal:///(rsc)/./node_modules/logform/combine.js:16:30)\n    at DerivedLogger._transform (webpack-internal:///(rsc)/./node_modules/winston/lib/winston/logger.js:250:35)\n    at Transform._read (webpack-internal:///(rsc)/./node_modules/readable-stream/lib/_stream_transform.js:153:14)\n    at Transform._write (webpack-internal:///(rsc)/./node_modules/readable-stream/lib/_stream_transform.js:143:87)\n    at doWrite (webpack-internal:///(rsc)/./node_modules/readable-stream/lib/_stream_writable.js:351:17)\n    at writeOrBuffer (webpack-internal:///(rsc)/./node_modules/readable-stream/lib/_stream_writable.js:340:9)\n    at Writable.write (webpack-internal:///(rsc)/./node_modules/readable-stream/lib/_stream_writable.js:250:15)\n    at DerivedLogger.log (webpack-internal:///(rsc)/./node_modules/winston/lib/winston/logger.js:200:22)\n    at DerivedLogger.<computed> [as error] (webpack-internal:///(rsc)/./node_modules/winston/lib/winston/create-logger.js:82:25)\n    at TavilySearchUtil.search (webpack-internal:///(rsc)/./src/services/utils/TavilySearchUtil.ts:68:20)\n    at process.processTicksAndRejections (node:internal/process/task_queues:95:5)\n    at async TavilySearchUtil.searchAndExtract (webpack-internal:///(rsc)/./src/services/utils/TavilySearchUtil.ts:216:36)\n    at async ReasonerDialogService.getSearchResult (webpack-internal:///(rsc)/./src/services/workflow/node/reasonerDialogService.ts:174:28)\n    at async ReasonerDialogService.executeDialog (webpack-internal:///(rsc)/./src/services/workflow/node/reasonerDialogService.ts:90:38)\n    at async WorkflowService.analyzeContentFromFile (webpack-internal:///(rsc)/./src/services/workflow/workflow.ts:48:35)\n    at async WorkflowService.executeWorkflow (webpack-internal:///(rsc)/./src/services/workflow/workflow.ts:126:33)\n    at async POST (webpack-internal:///(rsc)/./src/app/api/workflow/analyze-file/route.ts:78:25)\n    at async /Users/loloru/vscodeProjects/transNode/trans/node_modules/next/dist/compiled/next-server/app-route.runtime.dev.js:6:63809\n    at async eU.execute (/Users/loloru/vscodeProjects/transNode/trans/node_modules/next/dist/compiled/next-server/app-route.runtime.dev.js:6:53964)\n    at async eU.handle (/Users/loloru/vscodeProjects/transNode/trans/node_modules/next/dist/compiled/next-server/app-route.runtime.dev.js:6:65062)\n    at async doRender (/Users/loloru/vscodeProjects/transNode/trans/node_modules/next/dist/server/base-server.js:1333:42)\n    at async cacheEntry.responseCache.get.routeKind (/Users/loloru/vscodeProjects/transNode/trans/node_modules/next/dist/server/base-server.js:1555:28)\n    at async DevServer.renderToResponseWithComponentsImpl (/Users/loloru/vscodeProjects/transNode/trans/node_modules/next/dist/server/base-server.js:1463:28)\n    at async DevServer.renderPageComponent (/Users/loloru/vscodeProjects/transNode/trans/node_modules/next/dist/server/base-server.js:1856:24)\n    at async DevServer.renderToResponseImpl (/Users/loloru/vscodeProjects/transNode/trans/node_modules/next/dist/server/base-server.js:1894:32)\n    at async DevServer.pipeImpl (/Users/loloru/vscodeProjects/transNode/trans/node_modules/next/dist/server/base-server.js:911:25)\n    at async NextNodeServer.handleCatchallRenderRequest (/Users/loloru/vscodeProjects/transNode/trans/node_modules/next/dist/server/next-server.js:271:17)\n    at async DevServer.handleRequestImpl (/Users/loloru/vscodeProjects/transNode/trans/node_modules/next/dist/server/base-server.js:807:17)\n    at async /Users/loloru/vscodeProjects/transNode/trans/node_modules/next/dist/server/dev/next-dev-server.js:331:20\n    at async Span.traceAsyncFn (/Users/loloru/vscodeProjects/transNode/trans/node_modules/next/dist/trace/trace.js:151:20)\n    at async DevServer.handleRequest (/Users/loloru/vscodeProjects/transNode/trans/node_modules/next/dist/server/dev/next-dev-server.js:328:24)\n    at async invokeRender (/Users/loloru/vscodeProjects/transNode/trans/node_modules/next/dist/server/lib/router-server.js:163:21)\n    at async handleRequest (/Users/loloru/vscodeProjects/transNode/trans/node_modules/next/dist/server/lib/router-server.js:342:24)\n    at async requestHandlerImpl (/Users/loloru/vscodeProjects/transNode/trans/node_modules/next/dist/server/lib/router-server.js:366:13)\n    at async Server.requestListener (/Users/loloru/vscodeProjects/transNode/trans/node_modules/next/dist/server/lib/start-server.js:140:13)"
}
[2025-03-11 12:05:26] [INFO]: 准备提取内容的 URL:
{
  "0": "https://cn.yna.co.kr/view/ACK20240319002500881",
  "1": "https://zhuanlan.zhihu.com/p/662756504",
  "2": "https://cn.yna.co.kr/view/ACK20231129002800881",
  "3": "https://zhuanlan.zhihu.com/p/672458486",
  "4": "https://cn.yna.co.kr/view/MYH20240319011300881",
  "module": "TavilySearchUtil"
}
[2025-03-11 12:05:26] [INFO]: 准备提取内容的 URL 数量:
{
  "module": "TavilySearchUtil"
}
[2025-03-11 12:05:29] [INFO]: 批次处理结果:
{
  "module": "TavilySearchUtil",
  "requested": 5,
  "succeeded": 3,
  "failed": 2,
  "totalSucceeded": 3,
  "remaining": 2
}
[2025-03-11 12:05:29] [INFO]: 提取内容完成:
{
  "module": "TavilySearchUtil",
  "totalResults": 3,
  "totalFailed": 2,
  "totalResponseTime": 1.94,
  "remainingUrls": 0
}
[2025-03-11 12:09:56] [INFO]: 准备提取内容的 URL:
{
  "0": "https://news.qq.com/rain/a/20210121A0E5OB00",
  "1": "https://finance.sina.com.cn/jjxw/2024-12-21/doc-ineaecqf5389595.shtml",
  "2": "https://zhuanlan.zhihu.com/p/83765184",
  "3": "https://zhuanlan.zhihu.com/p/24386830585",
  "4": "https://www.kwm.com/cn/zh/insights/latest-thinking/annual-observation-of-fraud-cases-from-a-big-data-perspective-compliance.html",
  "module": "TavilySearchUtil"
}
[2025-03-11 12:09:56] [INFO]: 准备提取内容的 URL 数量:
{
  "module": "TavilySearchUtil"
}
[2025-03-11 12:09:59] [INFO]: 批次处理结果:
{
  "module": "TavilySearchUtil",
  "requested": 5,
  "succeeded": 1,
  "failed": 4,
  "totalSucceeded": 1,
  "remaining": 4
}
[2025-03-11 12:09:59] [INFO]: 提取内容完成:
{
  "module": "TavilySearchUtil",
  "totalResults": 1,
  "totalFailed": 4,
  "totalResponseTime": 1.4,
  "remainingUrls": 0
}
[2025-03-11 12:14:56] [INFO]: 准备提取内容的 URL:
{
  "0": "https://news.qq.com/rain/a/20210811A07N4800",
  "1": "https://finance.eastmoney.com/a/202411293254261356.html",
  "2": "https://www.sznews.com/news/content/2024-11/29/content_31365252.htm",
  "3": "https://xueqiu.com/7032569429/315265567",
  "4": "https://news.qq.com/rain/a/20220122A01FHO00",
  "module": "TavilySearchUtil"
}
[2025-03-11 12:14:56] [INFO]: 准备提取内容的 URL 数量:
{
  "module": "TavilySearchUtil"
}
[2025-03-11 12:14:58] [INFO]: 批次处理结果:
{
  "module": "TavilySearchUtil",
  "requested": 5,
  "succeeded": 1,
  "failed": 4,
  "totalSucceeded": 1,
  "remaining": 4
}
[2025-03-11 12:14:58] [INFO]: 提取内容完成:
{
  "module": "TavilySearchUtil",
  "totalResults": 1,
  "totalFailed": 4,
  "totalResponseTime": 1.84,
  "remainingUrls": 0
}
[2025-03-11 12:18:39] [INFO]: 准备提取内容的 URL:
{
  "0": "https://www.thepaper.cn/newsDetail_forward_27029576",
  "1": "https://news.qq.com/rain/a/20250305A05YZA00",
  "2": "https://www.21jingji.com/article/20230510/herald/dcefd22d2239f341f23bb36f4157625f.html",
  "3": "https://www.kwm.com/cn/zh/insights/latest-thinking/a-share-company-shareholders-divorce-and-reduction-of-holdings.html",
  "4": "https://www.thepaper.cn/newsDetail_forward_28178415",
  "module": "TavilySearchUtil"
}
[2025-03-11 12:18:39] [INFO]: 准备提取内容的 URL 数量:
{
  "module": "TavilySearchUtil"
}
[2025-03-11 12:18:44] [INFO]: 批次处理结果:
{
  "module": "TavilySearchUtil",
  "requested": 5,
  "succeeded": 4,
  "failed": 1,
  "totalSucceeded": 4,
  "remaining": 1
}
[2025-03-11 12:18:44] [INFO]: 提取内容完成:
{
  "module": "TavilySearchUtil",
  "totalResults": 4,
  "totalFailed": 1,
  "totalResponseTime": 2.61,
  "remainingUrls": 0
}
[2025-03-11 12:25:15] [INFO]: 准备提取内容的 URL:
{
  "0": "https://baijiahao.baidu.com/s?id=1682581631627840216",
  "1": "https://baijiahao.baidu.com/s?id=1608392477287155120",
  "2": "https://zhuanlan.zhihu.com/p/774604994",
  "3": "https://zhuanlan.zhihu.com/p/683004687",
  "4": "https://m.baidu.com/bh/m/detail/ar_10858696945485865834",
  "module": "TavilySearchUtil"
}
[2025-03-11 12:25:15] [INFO]: 准备提取内容的 URL 数量:
{
  "module": "TavilySearchUtil"
}
[2025-03-11 12:25:18] [INFO]: 批次处理结果:
{
  "module": "TavilySearchUtil",
  "requested": 5,
  "succeeded": 1,
  "failed": 4,
  "totalSucceeded": 1,
  "remaining": 4
}
[2025-03-11 12:25:18] [INFO]: 提取内容完成:
{
  "module": "TavilySearchUtil",
  "totalResults": 1,
  "totalFailed": 4,
  "totalResponseTime": 3.13,
  "remainingUrls": 0
}
[2025-03-11 12:28:54] [INFO]: 准备提取内容的 URL:
{
  "0": "https://www.thepaper.cn/newsDetail_forward_16995881",
  "1": "https://politics.gmw.cn/2022-02/23/content_35537818.htm",
  "2": "http://www.legaldaily.com.cn/commentary/content/2022-02/23/content_8677357.html",
  "3": "https://legal.gmw.cn/2022-02/23/content_35537576.htm",
  "4": "http://www.eeo.com.cn/2022/0913/557499.shtml",
  "module": "TavilySearchUtil"
}
[2025-03-11 12:28:54] [INFO]: 准备提取内容的 URL 数量:
{
  "module": "TavilySearchUtil"
}
[2025-03-11 12:29:00] [INFO]: 批次处理结果:
{
  "module": "TavilySearchUtil",
  "requested": 5,
  "succeeded": 4,
  "failed": 1,
  "totalSucceeded": 4,
  "remaining": 1
}
[2025-03-11 12:29:00] [INFO]: 提取内容完成:
{
  "module": "TavilySearchUtil",
  "totalResults": 4,
  "totalFailed": 1,
  "totalResponseTime": 1.99,
  "remainingUrls": 0
}
