开始执行 Reasoner 模型对话
时间: 2025-03-10T10:00:20.486Z
初始话题: 深夜十点半的写字楼里，你正在用最后一丝脑细胞给客户的PPT镶金边，连标点符号都闪耀着资本主义的谄媚。同一时刻，你老婆发来的"周末去哪家餐厅"微信，正在聊天框里孤独地风化成电子木乃伊——当代职场精英的情感破产实录，往往比公司财报暴雷更悄无声息。

你在星巴克跟客户聊三小时不带喘气，回家跟对象说三句话就进入省电模式；你在工作群抢红包比广场舞大妈还敏捷，面对伴侣的生日礼物订单却像加载失败的404页面。戈特曼研究所的数据不会告诉你，婚姻破裂的80%不是因为小三劈腿，而是因为你懒得给老婆的朋友圈点赞——当代爱情早从罗密欧朱丽叶进化成了"已读不回必杀局"。

那些PPT里藏着的摩斯密码，客户嘴角抽搐的微表情，你解码得比FBI还专业。可当爱人把"我头疼"翻译成"需要你关心"时，你的情商瞬间跌穿地板直奔地下室。毕竟给甲方爸爸的报价单必须精确到小数点后三位，至于伴侣的情感需求？呵，按快餐店过号处理就行。

你永远算不清这笔账：白天用100分演技给资本当舔狗，晚上回家只剩0.5%电量的爱情备用电池。直到某天发现伴侣的聊天置顶换成了健身教练，才惊觉仙人掌也会枯死——原来感情账户不充值真的会破产，而且法院不接受"工作太忙"的债务重组申请。


--- 轮次 1/5 ---
输入:
深夜十点半的写字楼里，你正在用最后一丝脑细胞给客户的PPT镶金边，连标点符号都闪耀着资本主义的谄媚。同一时刻，你老婆发来的"周末去哪家餐厅"微信，正在聊天框里孤独地风化成电子木乃伊——当代职场精英的情感破产实录，往往比公司财报暴雷更悄无声息。

你在星巴克跟客户聊三小时不带喘气，回家跟对象说三句话就进入省电模式；你在工作群抢红包比广场舞大妈还敏捷，面对伴侣的生日礼物订单却像加载失败的404页面。戈特曼研究所的数据不会告诉你，婚姻破裂的80%不是因为小三劈腿，而是因为你懒得给老婆的朋友圈点赞——当代爱情早从罗密欧朱丽叶进化成了"已读不回必杀局"。

那些PPT里藏着的摩斯密码，客户嘴角抽搐的微表情，你解码得比FBI还专业。可当爱人把"我头疼"翻译成"需要你关心"时，你的情商瞬间跌穿地板直奔地下室。毕竟给甲方爸爸的报价单必须精确到小数点后三位，至于伴侣的情感需求？呵，按快餐店过号处理就行。

你永远算不清这笔账：白天用100分演技给资本当舔狗，晚上回家只剩0.5%电量的爱情备用电池。直到某天发现伴侣的聊天置顶换成了健身教练，才惊觉仙人掌也会枯死——原来感情账户不充值真的会破产，而且法院不接受"工作太忙"的债务重组申请。

输出:
```json
{
    "is_complete": "no",
    "next_instruction": "请从【社会案例库】续写以下段落，要求：1. 核心方向：用三个不同阶层的真实案例对比（互联网高管/医生/设计师），展现职业特性如何异化亲密关系 2. 结构设计：每个案例用标志性工作场景切入，突出荒诞细节（如手术室计时器倒计时夫妻对话）3. 加入反常识数据：收入增长10%离婚率飙升25%",
    "search_instruction": "高压力职业离婚率统计 工作场景异化亲密关系案例",
    "reference_content": "不同职业平均加班时长与婚姻满意度相关性数据；具有职业特性的情感破裂标志事件（如投行人士用Excel记录纪念日）"
}
```


--- 轮次 2/5 ---
输入:
深夜十点半的写字楼里，你正在用最后一丝脑细胞给客户的PPT镶金边，连标点符号都闪耀着资本主义的谄媚。同一时刻，你老婆发来的"周末去哪家餐厅"微信，正在聊天框里孤独地风化成电子木乃伊——当代职场精英的情感破产实录，往往比公司财报暴雷更悄无声息。

你在星巴克跟客户聊三小时不带喘气，回家跟对象说三句话就进入省电模式；你在工作群抢红包比广场舞大妈还敏捷，面对伴侣的生日礼物订单却像加载失败的404页面。戈特曼研究所的数据不会告诉你，婚姻破裂的80%不是因为小三劈腿，而是因为你懒得给老婆的朋友圈点赞——当代爱情早从罗密欧朱丽叶进化成了"已读不回必杀局"。

那些PPT里藏着的摩斯密码，客户嘴角抽搐的微表情，你解码得比FBI还专业。可当爱人把"我头疼"翻译成"需要你关心"时，你的情商瞬间跌穿地板直奔地下室。毕竟给甲方爸爸的报价单必须精确到小数点后三位，至于伴侣的情感需求？呵，按快餐店过号处理就行。

你永远算不清这笔账：白天用100分演技给资本当舔狗，晚上回家只剩0.5%电量的爱情备用电池。直到某天发现伴侣的聊天置顶换成了健身教练，才惊觉仙人掌也会枯死——原来感情账户不充值真的会破产，而且法院不接受"工作太忙"的债务重组申请。你可能以为凑满减已经是人类智慧的巅峰，殊不知电商平台的骚操作比渣男的甜言蜜语还要环环相扣。当你盯着倒计时读秒抢购时，有没有注意到商品详情页那行比蚂蚁触角还小的灰字？（温馨提示：预售商品需等待30个工作日发货）好家伙，现在连网购都要搞期货交易了，建议下次直接推出"双十一看涨期权"，让消费者边剁手边对冲风险。

更骚的是某些平台的会员体系，堪称当代赛博PUA。先是忽悠你开88VIP，转头就给你塞满屏的专属弹窗广告（惊不惊喜？尊贵的会员才能享受加量不加价的广告大礼包）。等你终于用积分换了张5元优惠券，发现使用门槛写着"满1000减5"，瞬间领悟什么叫"资本家教你学数学"——这哪里是优惠券，分明是消费主义时代的赎罪券。

最绝的还是大数据驯化术，比巴普洛夫的狗还精准。昨天搜了次旅行箱，今天首页就给你推登机牌挂绳、行李秤、甚至《民航安全须知手册》。当你忍不住加购了根本用不上的"南极探险级防冻行李箱"，算法在机房笑出了猪叫声。更魔幻的是某些拼团群，30个陌生人为了砍掉最后0.3%的价格，硬生生把购物车变成了线上丐帮大会，九袋长老举着手机挨个要饭。

输出:
```json
{
    "is_complete": "no",
    "next_instruction": "请从【真实案例与数据支撑】续写以下段落，要求：1. 核心方向：用企业高管/投行精英的真实离婚案例撕开体面伪装，结合民政局/律所数据论证'情感破产率与收入增长率呈正相关' 2. 结构设计：具体人物故事（如某投行MD离婚诉讼中暴露的日程表证据）+司法大数据对比（北上广深离婚诉讼中涉及'工作性冷暴力'占比）",
    "search_instruction": "2023一线城市离婚诉讼原因统计 投行高管离婚财产纠纷案例",
    "reference_content": "北上广深民政局公布的'情感冷暴力'在离婚原因中的占比数据；知名企业高管离婚案中暴露的工作强度证据（如飞行里程数/会议记录/微信已读不回截图作为法庭证据）"
}
```


--- 轮次 3/5 ---
输入:
深夜十点半的写字楼里，你正在用最后一丝脑细胞给客户的PPT镶金边，连标点符号都闪耀着资本主义的谄媚。同一时刻，你老婆发来的"周末去哪家餐厅"微信，正在聊天框里孤独地风化成电子木乃伊——当代职场精英的情感破产实录，往往比公司财报暴雷更悄无声息。

你在星巴克跟客户聊三小时不带喘气，回家跟对象说三句话就进入省电模式；你在工作群抢红包比广场舞大妈还敏捷，面对伴侣的生日礼物订单却像加载失败的404页面。戈特曼研究所的数据不会告诉你，婚姻破裂的80%不是因为小三劈腿，而是因为你懒得给老婆的朋友圈点赞——当代爱情早从罗密欧朱丽叶进化成了"已读不回必杀局"。

那些PPT里藏着的摩斯密码，客户嘴角抽搐的微表情，你解码得比FBI还专业。可当爱人把"我头疼"翻译成"需要你关心"时，你的情商瞬间跌穿地板直奔地下室。毕竟给甲方爸爸的报价单必须精确到小数点后三位，至于伴侣的情感需求？呵，按快餐店过号处理就行。

你永远算不清这笔账：白天用100分演技给资本当舔狗，晚上回家只剩0.5%电量的爱情备用电池。直到某天发现伴侣的聊天置顶换成了健身教练，才惊觉仙人掌也会枯死——原来感情账户不充值真的会破产，而且法院不接受"工作太忙"的债务重组申请。你可能以为凑满减已经是人类智慧的巅峰，殊不知电商平台的骚操作比渣男的甜言蜜语还要环环相扣。当你盯着倒计时读秒抢购时，有没有注意到商品详情页那行比蚂蚁触角还小的灰字？（温馨提示：预售商品需等待30个工作日发货）好家伙，现在连网购都要搞期货交易了，建议下次直接推出"双十一看涨期权"，让消费者边剁手边对冲风险。

更骚的是某些平台的会员体系，堪称当代赛博PUA。先是忽悠你开88VIP，转头就给你塞满屏的专属弹窗广告（惊不惊喜？尊贵的会员才能享受加量不加价的广告大礼包）。等你终于用积分换了张5元优惠券，发现使用门槛写着"满1000减5"，瞬间领悟什么叫"资本家教你学数学"——这哪里是优惠券，分明是消费主义时代的赎罪券。

最绝的还是大数据驯化术，比巴普洛夫的狗还精准。昨天搜了次旅行箱，今天首页就给你推登机牌挂绳、行李秤、甚至《民航安全须知手册》。当你忍不住加购了根本用不上的"南极探险级防冻行李箱"，算法在机房笑出了猪叫声。更魔幻的是某些拼团群，30个陌生人为了砍掉最后0.3%的价格，硬生生把购物车变成了线上丐帮大会，九袋长老举着手机挨个要饭。民政局门口排队的不是离婚的，是等着拿爱的号码牌的。你以为冷静期是婚姻的创可贴？不，这是民政局给当代鸳鸯们安排的"婚姻版防沉迷系统"，只不过防的不是小学生，防的是成年人的冲动消费。现在每四个闹离婚的，就有一个直接法庭见，法官面前摆着的不是法槌，简直是婚姻调解员的扩音器。

你以为诉讼离婚是快车道？天真！法官的"劝和不劝分"技能树早被点到满级。你举证家暴得像拍动作大片，要监控录像、验伤报告、邻居证词三件套。出轨证据？法官看聊天记录的眼神比你看完《甄嬛传》还犀利——"就这？这算精神出轨还是茶艺表演？"更魔幻的是，有些法院调解能把《婚姻法》活生生演成《感动中国》现场，调解员个个都是被法律耽误的居委会大妈。

数据不会骗人，但会打脸。冷静期三年下来，协议离婚率像P2P暴雷一样直线俯冲，诉讼离婚倒是玩起了逆袭剧本。现在每三对离婚的就有一对是法院盖章认证的，法官都快成民间月老了。最骚的操作是，冷静期把离婚硬生生逼成了技术活——有人为快速离婚把房车存款当分手大礼包，不知道的还以为在玩《离婚大富翁》真人版。

那些嚷嚷冷静期拯救婚姻的专家，建议去民政局门口卖速效救心丸，毕竟看见前任的脸还要再等30天，没点降压药真扛不住。要我说这政策就像给破船贴防水胶带，该沉的早晚得沉，倒是催生了一批"离婚黄牛"，代写诉状比代写情书还熟练。现在年轻人结婚证还没捂热，先研究起《证据收集十八式》，民政局可以考虑开发婚姻版"防骗保"考试了。

输出:
```json
{
    "is_complete": "no",
    "next_instruction": "请从【成功者的情感悖论】续写以下段落，要求：1. 核心方向：揭露职场精英越成功越孤独的畸形现状，重点描写年薪百万者深夜买醉/创业者离婚潮等具象场景 2. 结构设计：用企业高管办公室全景镜头切入，对比其白天在落地窗前签千万合同与深夜在便利店吃关东煮的撕裂感，穿插投资人协议中的保密条款与离婚协议书的数据对比",
    "search_instruction": "高管离婚财产分割案例 创业者婚姻危机数据",
    "reference_content": "1.科技公司CEO离婚导致股权变动的典型案例 2.投行人士年均离婚率统计 3.深夜便利店消费人群职业画像数据"
}
```


--- 轮次 4/5 ---
输入:
深夜十点半的写字楼里，你正在用最后一丝脑细胞给客户的PPT镶金边，连标点符号都闪耀着资本主义的谄媚。同一时刻，你老婆发来的"周末去哪家餐厅"微信，正在聊天框里孤独地风化成电子木乃伊——当代职场精英的情感破产实录，往往比公司财报暴雷更悄无声息。

你在星巴克跟客户聊三小时不带喘气，回家跟对象说三句话就进入省电模式；你在工作群抢红包比广场舞大妈还敏捷，面对伴侣的生日礼物订单却像加载失败的404页面。戈特曼研究所的数据不会告诉你，婚姻破裂的80%不是因为小三劈腿，而是因为你懒得给老婆的朋友圈点赞——当代爱情早从罗密欧朱丽叶进化成了"已读不回必杀局"。

那些PPT里藏着的摩斯密码，客户嘴角抽搐的微表情，你解码得比FBI还专业。可当爱人把"我头疼"翻译成"需要你关心"时，你的情商瞬间跌穿地板直奔地下室。毕竟给甲方爸爸的报价单必须精确到小数点后三位，至于伴侣的情感需求？呵，按快餐店过号处理就行。

你永远算不清这笔账：白天用100分演技给资本当舔狗，晚上回家只剩0.5%电量的爱情备用电池。直到某天发现伴侣的聊天置顶换成了健身教练，才惊觉仙人掌也会枯死——原来感情账户不充值真的会破产，而且法院不接受"工作太忙"的债务重组申请。你可能以为凑满减已经是人类智慧的巅峰，殊不知电商平台的骚操作比渣男的甜言蜜语还要环环相扣。当你盯着倒计时读秒抢购时，有没有注意到商品详情页那行比蚂蚁触角还小的灰字？（温馨提示：预售商品需等待30个工作日发货）好家伙，现在连网购都要搞期货交易了，建议下次直接推出"双十一看涨期权"，让消费者边剁手边对冲风险。

更骚的是某些平台的会员体系，堪称当代赛博PUA。先是忽悠你开88VIP，转头就给你塞满屏的专属弹窗广告（惊不惊喜？尊贵的会员才能享受加量不加价的广告大礼包）。等你终于用积分换了张5元优惠券，发现使用门槛写着"满1000减5"，瞬间领悟什么叫"资本家教你学数学"——这哪里是优惠券，分明是消费主义时代的赎罪券。

最绝的还是大数据驯化术，比巴普洛夫的狗还精准。昨天搜了次旅行箱，今天首页就给你推登机牌挂绳、行李秤、甚至《民航安全须知手册》。当你忍不住加购了根本用不上的"南极探险级防冻行李箱"，算法在机房笑出了猪叫声。更魔幻的是某些拼团群，30个陌生人为了砍掉最后0.3%的价格，硬生生把购物车变成了线上丐帮大会，九袋长老举着手机挨个要饭。民政局门口排队的不是离婚的，是等着拿爱的号码牌的。你以为冷静期是婚姻的创可贴？不，这是民政局给当代鸳鸯们安排的"婚姻版防沉迷系统"，只不过防的不是小学生，防的是成年人的冲动消费。现在每四个闹离婚的，就有一个直接法庭见，法官面前摆着的不是法槌，简直是婚姻调解员的扩音器。

你以为诉讼离婚是快车道？天真！法官的"劝和不劝分"技能树早被点到满级。你举证家暴得像拍动作大片，要监控录像、验伤报告、邻居证词三件套。出轨证据？法官看聊天记录的眼神比你看完《甄嬛传》还犀利——"就这？这算精神出轨还是茶艺表演？"更魔幻的是，有些法院调解能把《婚姻法》活生生演成《感动中国》现场，调解员个个都是被法律耽误的居委会大妈。

数据不会骗人，但会打脸。冷静期三年下来，协议离婚率像P2P暴雷一样直线俯冲，诉讼离婚倒是玩起了逆袭剧本。现在每三对离婚的就有一对是法院盖章认证的，法官都快成民间月老了。最骚的操作是，冷静期把离婚硬生生逼成了技术活——有人为快速离婚把房车存款当分手大礼包，不知道的还以为在玩《离婚大富翁》真人版。

那些嚷嚷冷静期拯救婚姻的专家，建议去民政局门口卖速效救心丸，毕竟看见前任的脸还要再等30天，没点降压药真扛不住。要我说这政策就像给破船贴防水胶带，该沉的早晚得沉，倒是催生了一批"离婚黄牛"，代写诉状比代写情书还熟练。现在年轻人结婚证还没捂热，先研究起《证据收集十八式》，民政局可以考虑开发婚姻版"防骗保"考试了。这玩意儿号称能防秃，但你猜第一批用户反馈啥？有人枕了半个月发现枕头开始推荐生发精油，发际线后移速度比房价上涨还快。更骚的是半夜APP弹窗"监测到您翻身12次，建议购买定制记忆棉床垫"，合着搁这玩俄罗斯套娃式收割呢？

某三甲医院毛发科主任听完这产品原理，直接掏出计算器按了个数：要想准确监测毛囊活性，传感器精度得达到纳米级，成本够买下薇娅直播间所有假发片。再说你那点睡眠数据，扔进算法里搅拌出来的不是护发指南，是消费主义迷魂汤——毕竟枕头和电商平台数据一打通，推荐算法比村口算命大爷还懂你，知道你半夜焦虑下单时根本拦不住颤抖的手。

最魔幻的是有人真去扒了专利文件，发现关键技术在"促进头皮血液循环"模块，结果代码里就一行sleep(8*3600)，翻译过来就是"建议您老实睡够8小时"。好家伙，原来防秃秘诀藏在产品经理的黑色幽默里。有用户怒骂枕头越用掉发越多，客服淡定回复"亲，这是毛囊在排毒呢"，瞬间让人梦回微商面膜话术大全。

更刺激的在后头，你当那些睡眠数据真拿去搞科研了？搞不好转头就被打包卖给生发广告商，明天打开手机全是"35岁程序员转型养发馆年入百万"的精准推送。说不定过两年相亲网站都接入了枕头数据库，姑娘们查男方资料时除了车房收入，还能看见"日均深睡时长2.1小时"的死亡数据。

说到底，这玩意儿防不防秃不知道，防钱包鼓起来倒是立竿见影。毕竟当代青年的头发哪是枕头能救的？熬夜刷手机时流的不是时间，是哗啦啦往下掉的毛囊。要我说不如省下这钱买块生姜，起码切的时候能骗自己是在践行传统养生智慧——当然切完记得放冰箱，第二天还能炒肉丝，这才叫真正的科技与狠活。

输出:
```json
{
    "is_complete": "no",
    "next_instruction": "请从【企业高管离婚数据与职场倦怠的隐秘关联】视角续写以下段落，要求：1. 核心方向：揭露互联网大厂中层管理者离婚诉讼中的高频关键词（如凌晨会议记录/微信已读不回截图），重点突出【裁判文书网真实案例中的魔鬼细节】2. 结构设计：先用某大厂总监离婚判决书中的聊天记录截屏暴击读者，再对比其团队OKR完成度与感情账户赤字率的反比曲线",
    "search_instruction": "互联网大厂 离婚判决书 职场倦怠 裁判文书网",
    "reference_content": "1. 2020-2023年北上广深互联网从业者离婚诉讼数量增长率；2. 裁判文书中将工作聊天记录作为情感破裂证据的比例；3. 典型案件里工作沟通时长与夫妻交流时长的数据对比；4. 互联网公司中层管理者离婚判决中关于'冷暴力'的认定标准"
}
```


--- 轮次 5/5 ---
输入:
深夜十点半的写字楼里，你正在用最后一丝脑细胞给客户的PPT镶金边，连标点符号都闪耀着资本主义的谄媚。同一时刻，你老婆发来的"周末去哪家餐厅"微信，正在聊天框里孤独地风化成电子木乃伊——当代职场精英的情感破产实录，往往比公司财报暴雷更悄无声息。

你在星巴克跟客户聊三小时不带喘气，回家跟对象说三句话就进入省电模式；你在工作群抢红包比广场舞大妈还敏捷，面对伴侣的生日礼物订单却像加载失败的404页面。戈特曼研究所的数据不会告诉你，婚姻破裂的80%不是因为小三劈腿，而是因为你懒得给老婆的朋友圈点赞——当代爱情早从罗密欧朱丽叶进化成了"已读不回必杀局"。

那些PPT里藏着的摩斯密码，客户嘴角抽搐的微表情，你解码得比FBI还专业。可当爱人把"我头疼"翻译成"需要你关心"时，你的情商瞬间跌穿地板直奔地下室。毕竟给甲方爸爸的报价单必须精确到小数点后三位，至于伴侣的情感需求？呵，按快餐店过号处理就行。

你永远算不清这笔账：白天用100分演技给资本当舔狗，晚上回家只剩0.5%电量的爱情备用电池。直到某天发现伴侣的聊天置顶换成了健身教练，才惊觉仙人掌也会枯死——原来感情账户不充值真的会破产，而且法院不接受"工作太忙"的债务重组申请。你可能以为凑满减已经是人类智慧的巅峰，殊不知电商平台的骚操作比渣男的甜言蜜语还要环环相扣。当你盯着倒计时读秒抢购时，有没有注意到商品详情页那行比蚂蚁触角还小的灰字？（温馨提示：预售商品需等待30个工作日发货）好家伙，现在连网购都要搞期货交易了，建议下次直接推出"双十一看涨期权"，让消费者边剁手边对冲风险。

更骚的是某些平台的会员体系，堪称当代赛博PUA。先是忽悠你开88VIP，转头就给你塞满屏的专属弹窗广告（惊不惊喜？尊贵的会员才能享受加量不加价的广告大礼包）。等你终于用积分换了张5元优惠券，发现使用门槛写着"满1000减5"，瞬间领悟什么叫"资本家教你学数学"——这哪里是优惠券，分明是消费主义时代的赎罪券。

最绝的还是大数据驯化术，比巴普洛夫的狗还精准。昨天搜了次旅行箱，今天首页就给你推登机牌挂绳、行李秤、甚至《民航安全须知手册》。当你忍不住加购了根本用不上的"南极探险级防冻行李箱"，算法在机房笑出了猪叫声。更魔幻的是某些拼团群，30个陌生人为了砍掉最后0.3%的价格，硬生生把购物车变成了线上丐帮大会，九袋长老举着手机挨个要饭。民政局门口排队的不是离婚的，是等着拿爱的号码牌的。你以为冷静期是婚姻的创可贴？不，这是民政局给当代鸳鸯们安排的"婚姻版防沉迷系统"，只不过防的不是小学生，防的是成年人的冲动消费。现在每四个闹离婚的，就有一个直接法庭见，法官面前摆着的不是法槌，简直是婚姻调解员的扩音器。

你以为诉讼离婚是快车道？天真！法官的"劝和不劝分"技能树早被点到满级。你举证家暴得像拍动作大片，要监控录像、验伤报告、邻居证词三件套。出轨证据？法官看聊天记录的眼神比你看完《甄嬛传》还犀利——"就这？这算精神出轨还是茶艺表演？"更魔幻的是，有些法院调解能把《婚姻法》活生生演成《感动中国》现场，调解员个个都是被法律耽误的居委会大妈。

数据不会骗人，但会打脸。冷静期三年下来，协议离婚率像P2P暴雷一样直线俯冲，诉讼离婚倒是玩起了逆袭剧本。现在每三对离婚的就有一对是法院盖章认证的，法官都快成民间月老了。最骚的操作是，冷静期把离婚硬生生逼成了技术活——有人为快速离婚把房车存款当分手大礼包，不知道的还以为在玩《离婚大富翁》真人版。

那些嚷嚷冷静期拯救婚姻的专家，建议去民政局门口卖速效救心丸，毕竟看见前任的脸还要再等30天，没点降压药真扛不住。要我说这政策就像给破船贴防水胶带，该沉的早晚得沉，倒是催生了一批"离婚黄牛"，代写诉状比代写情书还熟练。现在年轻人结婚证还没捂热，先研究起《证据收集十八式》，民政局可以考虑开发婚姻版"防骗保"考试了。这玩意儿号称能防秃，但你猜第一批用户反馈啥？有人枕了半个月发现枕头开始推荐生发精油，发际线后移速度比房价上涨还快。更骚的是半夜APP弹窗"监测到您翻身12次，建议购买定制记忆棉床垫"，合着搁这玩俄罗斯套娃式收割呢？

某三甲医院毛发科主任听完这产品原理，直接掏出计算器按了个数：要想准确监测毛囊活性，传感器精度得达到纳米级，成本够买下薇娅直播间所有假发片。再说你那点睡眠数据，扔进算法里搅拌出来的不是护发指南，是消费主义迷魂汤——毕竟枕头和电商平台数据一打通，推荐算法比村口算命大爷还懂你，知道你半夜焦虑下单时根本拦不住颤抖的手。

最魔幻的是有人真去扒了专利文件，发现关键技术在"促进头皮血液循环"模块，结果代码里就一行sleep(8*3600)，翻译过来就是"建议您老实睡够8小时"。好家伙，原来防秃秘诀藏在产品经理的黑色幽默里。有用户怒骂枕头越用掉发越多，客服淡定回复"亲，这是毛囊在排毒呢"，瞬间让人梦回微商面膜话术大全。

更刺激的在后头，你当那些睡眠数据真拿去搞科研了？搞不好转头就被打包卖给生发广告商，明天打开手机全是"35岁程序员转型养发馆年入百万"的精准推送。说不定过两年相亲网站都接入了枕头数据库，姑娘们查男方资料时除了车房收入，还能看见"日均深睡时长2.1小时"的死亡数据。

说到底，这玩意儿防不防秃不知道，防钱包鼓起来倒是立竿见影。毕竟当代青年的头发哪是枕头能救的？熬夜刷手机时流的不是时间，是哗啦啦往下掉的毛囊。要我说不如省下这钱买块生姜，起码切的时候能骗自己是在践行传统养生智慧——当然切完记得放冰箱，第二天还能炒肉丝，这才叫真正的科技与狠活。裁判文书上网率断崖式暴跌，表面看是技术性调整，实则比基金暴跌还刺激【狗头】。你以为这是服务器内存不够？天真！朝阳区法官连夜扛着服务器跑路的画面根本不存在。真正魔幻的在于，当司法透明遇上大数据时代的隐私裸奔，裁判文书上网直接演变成大型社死现场——你的离婚协议可能比明星八卦传播得还快，老赖的身份证号在暗网能卖到五毛钱一条，而这一切都拜裁判文书网所赐。

看看2025年一季度数据就懂了，朝阳法院公开的1.4万份文书看似海量，实则藏着魔鬼细节：按北京法院年均百万案件量计算，这公开率比网红直播间退货率还感人。更骚的是，93,791,848篇民事文书堆在云端，相当于给全国人民人手发了一部《隔壁老王恩怨录》，连小区保安都能拿着手机跟你探讨业主的民间借贷纠纷。最高法当初搞阳光司法的理想很丰满，但架不住现实把裁判文书网变成了民间柯南的免费素材库，当事人隐私在吃瓜群众面前直接上演"皇帝的新衣"。

更深层的原因藏在法院书记员的黑眼圈里——裁判文书上网根本不是点个"发布"按钮那么简单。得给当事人姓名打码、给身份证号加密、给银行账户打马赛克，这工作量比给B站影视区做和谐版还费劲。北京高院门口排队领防脱洗发水的法官们，白天要开庭审案，晚上还要化身文字马赛克大师，这种996+的节奏让基层法院悟了：只要不上传，就没有KPI。于是裁判文书网逐渐沦为"薛定谔的数据库"，你看得见的都是精修过的样板间，真正的毛坯房数据早被锁进保密柜吃灰。

这场司法公开与隐私保护的极限拉扯，本质上是个不可能三角。要数据透明就得承受隐私泄露的炮火，要保护当事人就得牺牲公众知情权，而夹在中间的法院只能表演"我变秃了也变强了"的行为艺术。当阳光司法变成防晒指数SPF10000+的防晒霜，我们终于明白：有些光明正大，注定要带着马赛克才能存活。

输出:
```json
{
    "is_complete": "no",
    "next_instruction": "请从【反常识解决方案】续写以下段落，要求：1. 核心方向：揭露职场精英试图用工作技巧挽救婚姻反而加速崩溃的荒诞现实 2. 结构设计：用某投行高管将夫妻关系做成Excel排期表最终被离婚的真实案例切入，对比企业并购谈判与婚姻调解的戏剧性差异",
    "search_instruction": "职场精英离婚案例 企业高管婚姻调解 工作技巧应用情感关系",
    "reference_content": "1.知名企业高管将婚姻问题表格化管理的具体事例 2.心理咨询领域'职场思维入侵亲密关系'的调研数据 3.离婚律师处理的典型'精英式离婚'纠纷特征"
}
```


对话结束
时间: 2025-03-10T10:09:45.103Z
