[2025-03-10 17:13:30] [INFO]: 准备提取内容的 URL:
{
  "0": "https://zhuanlan.zhihu.com/p/540586488",
  "1": "https://www.thepaper.cn/newsDetail_forward_28908437",
  "2": "https://news.qq.com/rain/a/20230920A07V9000",
  "3": "https://www.doc88.com/p-67016339304771.html",
  "4": "https://baijiahao.baidu.com/s?id=1799173785226272650",
  "module": "TavilySearchUtil"
}
[2025-03-10 17:13:30] [INFO]: 准备提取内容的 URL 数量:
{
  "module": "TavilySearchUtil"
}
[2025-03-10 17:13:34] [INFO]: 批次处理结果:
{
  "module": "TavilySearchUtil",
  "requested": 5,
  "succeeded": 1,
  "failed": 4,
  "totalSucceeded": 1,
  "remaining": 4
}
[2025-03-10 17:13:34] [INFO]: 提取内容完成:
{
  "module": "TavilySearchUtil",
  "totalResults": 1,
  "totalFailed": 4,
  "totalResponseTime": 3.41,
  "remainingUrls": 0
}
[2025-03-10 17:33:33] [INFO]: 准备提取内容的 URL:
{
  "0": "https://zhuanlan.zhihu.com/p/28958991983",
  "1": "https://anxinai.grgchain.net/archives/yu-ailian-ai-shi-wei-lai-huan-shi-shen-yuan-zshi-dai-qing-ren-jie-she-jiao-liang-xian-xin-wu-zhong",
  "2": "https://baijiahao.baidu.com/s?id=1823952775375740100",
  "3": "https://www.x-mol.com/paper/1812733697455624192/t",
  "4": "https://www.lunlunapp.com/newsDetails/eaab161015a2e1c4443d371ebc53e6b8",
  "module": "TavilySearchUtil"
}
[2025-03-10 17:33:33] [INFO]: 准备提取内容的 URL 数量:
{
  "module": "TavilySearchUtil"
}
[2025-03-10 17:33:37] [INFO]: 批次处理结果:
{
  "module": "TavilySearchUtil",
  "requested": 5,
  "succeeded": 0,
  "failed": 5,
  "totalSucceeded": 0,
  "remaining": 5
}
[2025-03-10 17:33:37] [INFO]: 提取内容完成:
{
  "module": "TavilySearchUtil",
  "totalResults": 0,
  "totalFailed": 5,
  "totalResponseTime": 3.38,
  "remainingUrls": 0
}
[2025-03-10 18:02:36] [INFO]: 准备提取内容的 URL:
{
  "0": "http://gongbao.court.gov.cn/Details/a3e86176b272dc94a05d9cb012c2d5.html",
  "1": "https://caoss.org.cn/upload/news/20240318/487626172b5a47acaa068249ecf5f38a.pdf",
  "2": "https://news.qq.com/rain/a/20240904A068YB00",
  "3": "http://gongbao.court.gov.cn/ArticleList.html?serial_no=sftj",
  "4": "https://data.court.gov.cn/pages/research.html",
  "module": "TavilySearchUtil"
}
[2025-03-10 18:02:36] [INFO]: 准备提取内容的 URL 数量:
{
  "module": "TavilySearchUtil"
}
[2025-03-10 18:02:47] [INFO]: 批次处理结果:
{
  "module": "TavilySearchUtil",
  "requested": 5,
  "succeeded": 2,
  "failed": 3,
  "totalSucceeded": 2,
  "remaining": 3
}
[2025-03-10 18:02:47] [INFO]: 提取内容完成:
{
  "module": "TavilySearchUtil",
  "totalResults": 2,
  "totalFailed": 3,
  "totalResponseTime": 10.01,
  "remainingUrls": 0
}
[2025-03-10 18:06:35] [INFO]: 准备提取内容的 URL:
{
  "0": "https://www.bjcourt.gov.cn/cpws/index.htm",
  "1": "https://www.zhihu.com/question/310594983",
  "2": "https://wenshu.court.gov.cn/",
  "3": "https://www.pkulaw.com/case?way=topGuid",
  "4": "https://data.court.gov.cn/pages/research.html",
  "module": "TavilySearchUtil"
}
[2025-03-10 18:06:35] [INFO]: 准备提取内容的 URL 数量:
{
  "module": "TavilySearchUtil"
}
[2025-03-10 18:06:39] [INFO]: 批次处理结果:
{
  "module": "TavilySearchUtil",
  "requested": 5,
  "succeeded": 2,
  "failed": 3,
  "totalSucceeded": 2,
  "remaining": 3
}
[2025-03-10 18:06:39] [INFO]: 提取内容完成:
{
  "module": "TavilySearchUtil",
  "totalResults": 2,
  "totalFailed": 3,
  "totalResponseTime": 3.56,
  "remainingUrls": 0
}
[2025-03-10 18:13:38] [INFO]: 准备提取内容的 URL:
{
  "0": "https://www.chyxx.com/industry/1173066.html",
  "1": "https://seccw.com/document/detail/id/19700.html",
  "2": "https://www.fortunebusinessinsights.com/zh/wearable-technology-market-106000",
  "3": "https://www.huaon.com/channel/trend/956283.html",
  "4": "https://www.36kr.com/p/2254708755132036",
  "module": "TavilySearchUtil"
}
[2025-03-10 18:13:38] [INFO]: 准备提取内容的 URL 数量:
{
  "module": "TavilySearchUtil"
}
[2025-03-10 18:13:41] [INFO]: 批次处理结果:
{
  "module": "TavilySearchUtil",
  "requested": 5,
  "succeeded": 4,
  "failed": 1,
  "totalSucceeded": 4,
  "remaining": 1
}
[2025-03-10 18:13:41] [INFO]: 提取内容完成:
{
  "module": "TavilySearchUtil",
  "totalResults": 4,
  "totalFailed": 1,
  "totalResponseTime": 2.53,
  "remainingUrls": 0
}
[2025-03-10 18:17:32] [INFO]: 准备提取内容的 URL:
{
  "0": "https://www.sohu.com/a/640808711_121117465",
  "1": "https://www.360doc.cn/article/16472024_1117711457.html",
  "2": "https://www.thepaper.cn/newsDetail_forward_24756701",
  "3": "https://m.thepaper.cn/baijiahao_15469862",
  "4": "https://m.thepaper.cn/baijiahao_4858317",
  "module": "TavilySearchUtil"
}
[2025-03-10 18:17:32] [INFO]: 准备提取内容的 URL 数量:
{
  "module": "TavilySearchUtil"
}
[2025-03-10 18:17:37] [INFO]: 批次处理结果:
{
  "module": "TavilySearchUtil",
  "requested": 5,
  "succeeded": 4,
  "failed": 1,
  "totalSucceeded": 4,
  "remaining": 1
}
[2025-03-10 18:17:37] [INFO]: 提取内容完成:
{
  "module": "TavilySearchUtil",
  "totalResults": 4,
  "totalFailed": 1,
  "totalResponseTime": 4.04,
  "remainingUrls": 0
}
