开始执行 Reasoner 模型对话
时间: 2025-03-12T16:38:51.443Z
初始话题: 深夜刷到一条点赞过百万的短视频，情感导师正用跳大神的激情嘶吼："三句话让男人为你花18万！"我盯着屏幕笑出猪叫——当代年轻人谈个恋爱，硬是把量子物理玩成了玄学抽卡。  

你以为在朋友圈转发《男人来自火星》就能星际移民？给对象转发"合格男友十大准则"就能一键重装系统？醒醒吧朋友，你正在亲手把亲密关系写成死循环代码。系统论大师贝特森早在上世纪就扒了人类的底裤：情侣吵架的本质是套娃艺术，你吼得越凶对方的防御值叠得越高，最后必然触发真人版《三体》黑暗森林打击。  

最近Ins上那对网红夫妻的骚操作堪称史诗级打脸教学。当全网都在赌他们第237次互删拉黑时，人家突然开始日更"喂对方吃香菜挑战"。别急着酸，这波逆转用的可不是什么狗血复合套路，而是实打实的控制论核武器——某天丈夫突然停止记录妻子晚归次数，改在冰箱便签写"微波炉给你留了提拉米苏"。3天后魔幻剧情上演：那个曾经深夜蹦迪的女王，竟然开始卡着宵禁时间回家偷吃甜品。看明白了吗？当你把伴侣当KPI考核，收获的只能是钉钉已读不回；但要是切到售后客服模式，对方立马变身尊贵VIP。  

现在划重点：所有教你改变伴侣的鸡汤都是赛博跳大神，真正能改写关系底层代码的密钥，一直都焊死在你的操作台上。毕竟在爱情这个大型联机游戏里，你才是那个最大的系统bug。


--- 轮次 1/5 ---
输入:
深夜刷到一条点赞过百万的短视频，情感导师正用跳大神的激情嘶吼："三句话让男人为你花18万！"我盯着屏幕笑出猪叫——当代年轻人谈个恋爱，硬是把量子物理玩成了玄学抽卡。  

你以为在朋友圈转发《男人来自火星》就能星际移民？给对象转发"合格男友十大准则"就能一键重装系统？醒醒吧朋友，你正在亲手把亲密关系写成死循环代码。系统论大师贝特森早在上世纪就扒了人类的底裤：情侣吵架的本质是套娃艺术，你吼得越凶对方的防御值叠得越高，最后必然触发真人版《三体》黑暗森林打击。  

最近Ins上那对网红夫妻的骚操作堪称史诗级打脸教学。当全网都在赌他们第237次互删拉黑时，人家突然开始日更"喂对方吃香菜挑战"。别急着酸，这波逆转用的可不是什么狗血复合套路，而是实打实的控制论核武器——某天丈夫突然停止记录妻子晚归次数，改在冰箱便签写"微波炉给你留了提拉米苏"。3天后魔幻剧情上演：那个曾经深夜蹦迪的女王，竟然开始卡着宵禁时间回家偷吃甜品。看明白了吗？当你把伴侣当KPI考核，收获的只能是钉钉已读不回；但要是切到售后客服模式，对方立马变身尊贵VIP。  

现在划重点：所有教你改变伴侣的鸡汤都是赛博跳大神，真正能改写关系底层代码的密钥，一直都焊死在你的操作台上。毕竟在爱情这个大型联机游戏里，你才是那个最大的系统bug。

输出:
```json
{
    "is_complete": "no",
    "next_instruction": "请从【真实案例反差对比】续写以下段落，要求：1. 核心方向：用普通人与网红形成镜像对照，突出【行为模式切换带来的蝴蝶效应】2. 结构设计：先抛出反常识结论'最危险的沟通恰恰是过度沟通'，再引入咖啡师情侣通过'戒掉沟通'30天拯救关系的实验，最后用睡前关灯动作的量子纠缠现象收尾",
    "search_instruction": "夫妻关系改善真实案例 非暴力沟通反面案例",
    "reference_content": "需要查找通过停止言语沟通改善关系的真实案例，重点收集行为替代策略的具体动作（如肢体语言替代、物品传递信息等）、关键转折事件、30天前后关系指数对比数据"
}
```


--- 轮次 2/5 ---
输入:
深夜刷到一条点赞过百万的短视频，情感导师正用跳大神的激情嘶吼："三句话让男人为你花18万！"我盯着屏幕笑出猪叫——当代年轻人谈个恋爱，硬是把量子物理玩成了玄学抽卡。  

你以为在朋友圈转发《男人来自火星》就能星际移民？给对象转发"合格男友十大准则"就能一键重装系统？醒醒吧朋友，你正在亲手把亲密关系写成死循环代码。系统论大师贝特森早在上世纪就扒了人类的底裤：情侣吵架的本质是套娃艺术，你吼得越凶对方的防御值叠得越高，最后必然触发真人版《三体》黑暗森林打击。  

最近Ins上那对网红夫妻的骚操作堪称史诗级打脸教学。当全网都在赌他们第237次互删拉黑时，人家突然开始日更"喂对方吃香菜挑战"。别急着酸，这波逆转用的可不是什么狗血复合套路，而是实打实的控制论核武器——某天丈夫突然停止记录妻子晚归次数，改在冰箱便签写"微波炉给你留了提拉米苏"。3天后魔幻剧情上演：那个曾经深夜蹦迪的女王，竟然开始卡着宵禁时间回家偷吃甜品。看明白了吗？当你把伴侣当KPI考核，收获的只能是钉钉已读不回；但要是切到售后客服模式，对方立马变身尊贵VIP。  

现在划重点：所有教你改变伴侣的鸡汤都是赛博跳大神，真正能改写关系底层代码的密钥，一直都焊死在你的操作台上。毕竟在爱情这个大型联机游戏里，你才是那个最大的系统bug。你以为信息轰炸能炸出真爱？心理学研究啪啪打脸：每增加10%的沟通频次，亲密关系崩盘概率提升23%。我隔壁那对咖啡师情侣就是活体教材，俩人曾经日均互发72条语音备忘录，精确到"你冲的拿铁奶泡比我多0.5厘米是不是不爱我了"，直到有天姑娘把浓缩咖啡浇在男友新款球鞋上——别误会，这可是价值八千的限量款，浇的不是咖啡是行为艺术。  

反转来得比星巴克新品更魔幻，他们参加了某心理实验室的"沟通戒毒"计划：30天内禁用所有语言交流，改用便利贴传情。第一天贴的是"再偷吃提拉米苏就分手"，第三天变成"给你冻了半块芝士蛋糕"，到第三周直接进化成"明早六点叫我时请用蓝山香气"。昨天我去买咖啡，撞见男生正往杯底藏小纸条，笔迹龙飞凤舞写着"今晚关灯权归你"。知道他们现在多离谱吗？上个月刚拿下本市咖啡拉花大赛情侣组冠军，获奖作品是两杯拼成爱心的心形拿铁——用奶泡写的配方比例。  

这破事儿让我想起量子物理老师当年的暴论：睡前谁关灯根本不需要谈判，当你们形成量子纠缠，连空气开关都会倒向更想装睡的人。就像我表姐夫妻二十年雷打不动的睡前仪式——丈夫总在妻子翻身瞬间伸手关灯，妻子永远在丈夫打哈欠时按下加湿器。去年他们金婚宴上揭秘真相：根本没有什么心灵感应，纯粹是当年租房隔音太差，谁先说话就要起床哄哭醒的娃。看见没？当沟通欲望降到绝对零度，行为默契反而开始超导。  

现在掏出笔记本记重点：亲密关系本质上是个反常识游戏，沟通越像7-11便利店全年无休，感情越容易提前过保质期。真正的高手都在玩行为暗号对接，毕竟人类本质上是复读机，而爱情最妙的状态，永远是"此时无声胜有声"的节能模式。

输出:
```json
{
    "is_complete": "no",
    "next_instruction": "请从【反直觉实验】视角续写以下段落，要求：1. 核心方向：延续【行为改变引发关系质变】的核心理念，重点突出【极端实验下的戏剧性转折与情感共振】2. 结构设计：引入颠覆性社会实验案例，展现零语言沟通如何创造新型互动范式，穿插具有冲击力的细节描写",
    "search_instruction": "无声沟通夫妻挑战 非语言交流修复关系",
    "reference_content": "1.真实存在的非语言沟通实验具体操作规则 2.实验过程中出现的意外转折事件 3.参与者关系质量变化的可视化数据对比 4.具有传播力的具体行为细节（如用家电噪音传递暗号、靠外卖备注传情等）"
}
```


--- 轮次 3/5 ---
输入:
深夜刷到一条点赞过百万的短视频，情感导师正用跳大神的激情嘶吼："三句话让男人为你花18万！"我盯着屏幕笑出猪叫——当代年轻人谈个恋爱，硬是把量子物理玩成了玄学抽卡。  

你以为在朋友圈转发《男人来自火星》就能星际移民？给对象转发"合格男友十大准则"就能一键重装系统？醒醒吧朋友，你正在亲手把亲密关系写成死循环代码。系统论大师贝特森早在上世纪就扒了人类的底裤：情侣吵架的本质是套娃艺术，你吼得越凶对方的防御值叠得越高，最后必然触发真人版《三体》黑暗森林打击。  

最近Ins上那对网红夫妻的骚操作堪称史诗级打脸教学。当全网都在赌他们第237次互删拉黑时，人家突然开始日更"喂对方吃香菜挑战"。别急着酸，这波逆转用的可不是什么狗血复合套路，而是实打实的控制论核武器——某天丈夫突然停止记录妻子晚归次数，改在冰箱便签写"微波炉给你留了提拉米苏"。3天后魔幻剧情上演：那个曾经深夜蹦迪的女王，竟然开始卡着宵禁时间回家偷吃甜品。看明白了吗？当你把伴侣当KPI考核，收获的只能是钉钉已读不回；但要是切到售后客服模式，对方立马变身尊贵VIP。  

现在划重点：所有教你改变伴侣的鸡汤都是赛博跳大神，真正能改写关系底层代码的密钥，一直都焊死在你的操作台上。毕竟在爱情这个大型联机游戏里，你才是那个最大的系统bug。你以为信息轰炸能炸出真爱？心理学研究啪啪打脸：每增加10%的沟通频次，亲密关系崩盘概率提升23%。我隔壁那对咖啡师情侣就是活体教材，俩人曾经日均互发72条语音备忘录，精确到"你冲的拿铁奶泡比我多0.5厘米是不是不爱我了"，直到有天姑娘把浓缩咖啡浇在男友新款球鞋上——别误会，这可是价值八千的限量款，浇的不是咖啡是行为艺术。  

反转来得比星巴克新品更魔幻，他们参加了某心理实验室的"沟通戒毒"计划：30天内禁用所有语言交流，改用便利贴传情。第一天贴的是"再偷吃提拉米苏就分手"，第三天变成"给你冻了半块芝士蛋糕"，到第三周直接进化成"明早六点叫我时请用蓝山香气"。昨天我去买咖啡，撞见男生正往杯底藏小纸条，笔迹龙飞凤舞写着"今晚关灯权归你"。知道他们现在多离谱吗？上个月刚拿下本市咖啡拉花大赛情侣组冠军，获奖作品是两杯拼成爱心的心形拿铁——用奶泡写的配方比例。  

这破事儿让我想起量子物理老师当年的暴论：睡前谁关灯根本不需要谈判，当你们形成量子纠缠，连空气开关都会倒向更想装睡的人。就像我表姐夫妻二十年雷打不动的睡前仪式——丈夫总在妻子翻身瞬间伸手关灯，妻子永远在丈夫打哈欠时按下加湿器。去年他们金婚宴上揭秘真相：根本没有什么心灵感应，纯粹是当年租房隔音太差，谁先说话就要起床哄哭醒的娃。看见没？当沟通欲望降到绝对零度，行为默契反而开始超导。  

现在掏出笔记本记重点：亲密关系本质上是个反常识游戏，沟通越像7-11便利店全年无休，感情越容易提前过保质期。真正的高手都在玩行为暗号对接，毕竟人类本质上是复读机，而爱情最妙的状态，永远是"此时无声胜有声"的节能模式。去年冬天北京五环外冒出个邪门实验，12对濒临离婚的夫妻被关进全屋智能公寓，规则就一条：谁先开口说话自动触发离婚协议盖章程序。你猜怎么着？第一周智能马桶冲水次数暴涨300%——这帮人硬是把排泄系统玩成了摩尔斯电码发射器。我发小阿强和他老婆就在死亡名单上，两口子曾经日均互怼47次"你妈当初就不该把你生下来"，进实验舱前还互相竖中指。结果第三天监控拍到阿强半夜三点偷摸给老婆泡脚，第五天老婆开始用口红在浴室镜子上画天气预警，到第二十天两人已经能靠调节空调温度玩成语接龙。  

最绝的是撤离日当天，研究员在床底扫出36张外卖单，每张背面都画着歪扭的厨房作战图——阿强这个连电饭煲都不会用的钢铁直男，愣是靠番茄炒蛋的焦糊程度，跟老婆完成了从"生化武器"到"米其林摆盘"的史诗级进化。现在这对活宝在簋街开了家哑剧主题火锅店，顾客进门先领手语菜单，招牌菜叫"量子毛肚"，涮多久全看对面食客眨眼频率。上个月消防突击检查，发现后厨监控里俩老板正用漏勺打太极比划今晚谁洗碗，气得队长边开罚单边嘟囔："你俩搁这演《黑客帝国》呢？"  

这破实验让我想起老家菜市场那对卖豆腐的老夫妻。当年老爷子追老太太时，天天往她豆腐摊上扔烂菜叶，被城管追了八条街才发现，这货纯粹是想让人姑娘追着他骂——听听，上世纪六十年代的PUA祖师爷。现在老两口每天雷打不动上演"豆腐西施与杠精之王"的戏码，一个切豆腐永远多给顾客三钱，一个在后面跳脚骂败家娘们。去年老太太中风失语，老爷子突然解锁神技：光凭摸豆腐温度就知道老婆子想喝几分烫的茶。要我说这才是顶级凡尔赛，人家五十年的打情骂俏早炼成肌肉记忆了。  

所以别信那些情感博主扯什么"深度沟通七步法"，真过日子的谁有空天天搞精神分析？我二舅妈的名言振聋发聩："两口子要是能把对方喝醉后的呕吐物收拾利索，比说一万句我爱你都瓷实。"就像昨晚在便利店撞见的神仙场面：姑娘踮脚往货架塞巧克力，男生默默把购物车推成45度倾斜角——看看，真正的灵魂伴侣都在心照不宣搞人体工程学。  

说到底，亲密关系这玩意就是个大型真人密室逃脱，语言交流纯属干扰项。当全人类都在社交平台表演文字烟花秀，聪明人早把技能点加在了行为摩斯密码上。不信你看小区里那些遛狗的老夫老妻，人家牵狗绳的手法都比小年轻们的情书更有叙事张力——左手松两寸是"今晚想吃炸酱面"，右手抖三下是"该给闺女介绍对象了"。这叫什么？这叫用脚脖子都能谈好的恋爱，可比那些声嘶力竭的琼瑶剧省电多了。

输出:
```json
{
    "is_complete": "no",
    "next_instruction": "请从【商业大佬的婚姻困局】续写以下段落，要求：1. 核心方向：通过顶级企业家的失败案例反向印证行为暗号的力量，重点突出【权力反转的戏剧性】与【沉默博弈的黑色幽默】2. 结构设计：先刻画某科技新贵用管理公司的方式经营婚姻的荒诞细节，再揭露其突然开窍启用非语言管控的惊天逆转",
    "search_instruction": "商业大佬婚姻危机处理案例 非语言沟通商业案例",
    "reference_content": "1.知名企业家婚姻破裂的奇葩导火索 2.跨国企业非言语管理经典策略 3.权力人物在私人关系中角色错位的心理学解释"
}
```


--- 轮次 4/5 ---
输入:
深夜刷到一条点赞过百万的短视频，情感导师正用跳大神的激情嘶吼："三句话让男人为你花18万！"我盯着屏幕笑出猪叫——当代年轻人谈个恋爱，硬是把量子物理玩成了玄学抽卡。  

你以为在朋友圈转发《男人来自火星》就能星际移民？给对象转发"合格男友十大准则"就能一键重装系统？醒醒吧朋友，你正在亲手把亲密关系写成死循环代码。系统论大师贝特森早在上世纪就扒了人类的底裤：情侣吵架的本质是套娃艺术，你吼得越凶对方的防御值叠得越高，最后必然触发真人版《三体》黑暗森林打击。  

最近Ins上那对网红夫妻的骚操作堪称史诗级打脸教学。当全网都在赌他们第237次互删拉黑时，人家突然开始日更"喂对方吃香菜挑战"。别急着酸，这波逆转用的可不是什么狗血复合套路，而是实打实的控制论核武器——某天丈夫突然停止记录妻子晚归次数，改在冰箱便签写"微波炉给你留了提拉米苏"。3天后魔幻剧情上演：那个曾经深夜蹦迪的女王，竟然开始卡着宵禁时间回家偷吃甜品。看明白了吗？当你把伴侣当KPI考核，收获的只能是钉钉已读不回；但要是切到售后客服模式，对方立马变身尊贵VIP。  

现在划重点：所有教你改变伴侣的鸡汤都是赛博跳大神，真正能改写关系底层代码的密钥，一直都焊死在你的操作台上。毕竟在爱情这个大型联机游戏里，你才是那个最大的系统bug。你以为信息轰炸能炸出真爱？心理学研究啪啪打脸：每增加10%的沟通频次，亲密关系崩盘概率提升23%。我隔壁那对咖啡师情侣就是活体教材，俩人曾经日均互发72条语音备忘录，精确到"你冲的拿铁奶泡比我多0.5厘米是不是不爱我了"，直到有天姑娘把浓缩咖啡浇在男友新款球鞋上——别误会，这可是价值八千的限量款，浇的不是咖啡是行为艺术。  

反转来得比星巴克新品更魔幻，他们参加了某心理实验室的"沟通戒毒"计划：30天内禁用所有语言交流，改用便利贴传情。第一天贴的是"再偷吃提拉米苏就分手"，第三天变成"给你冻了半块芝士蛋糕"，到第三周直接进化成"明早六点叫我时请用蓝山香气"。昨天我去买咖啡，撞见男生正往杯底藏小纸条，笔迹龙飞凤舞写着"今晚关灯权归你"。知道他们现在多离谱吗？上个月刚拿下本市咖啡拉花大赛情侣组冠军，获奖作品是两杯拼成爱心的心形拿铁——用奶泡写的配方比例。  

这破事儿让我想起量子物理老师当年的暴论：睡前谁关灯根本不需要谈判，当你们形成量子纠缠，连空气开关都会倒向更想装睡的人。就像我表姐夫妻二十年雷打不动的睡前仪式——丈夫总在妻子翻身瞬间伸手关灯，妻子永远在丈夫打哈欠时按下加湿器。去年他们金婚宴上揭秘真相：根本没有什么心灵感应，纯粹是当年租房隔音太差，谁先说话就要起床哄哭醒的娃。看见没？当沟通欲望降到绝对零度，行为默契反而开始超导。  

现在掏出笔记本记重点：亲密关系本质上是个反常识游戏，沟通越像7-11便利店全年无休，感情越容易提前过保质期。真正的高手都在玩行为暗号对接，毕竟人类本质上是复读机，而爱情最妙的状态，永远是"此时无声胜有声"的节能模式。去年冬天北京五环外冒出个邪门实验，12对濒临离婚的夫妻被关进全屋智能公寓，规则就一条：谁先开口说话自动触发离婚协议盖章程序。你猜怎么着？第一周智能马桶冲水次数暴涨300%——这帮人硬是把排泄系统玩成了摩尔斯电码发射器。我发小阿强和他老婆就在死亡名单上，两口子曾经日均互怼47次"你妈当初就不该把你生下来"，进实验舱前还互相竖中指。结果第三天监控拍到阿强半夜三点偷摸给老婆泡脚，第五天老婆开始用口红在浴室镜子上画天气预警，到第二十天两人已经能靠调节空调温度玩成语接龙。  

最绝的是撤离日当天，研究员在床底扫出36张外卖单，每张背面都画着歪扭的厨房作战图——阿强这个连电饭煲都不会用的钢铁直男，愣是靠番茄炒蛋的焦糊程度，跟老婆完成了从"生化武器"到"米其林摆盘"的史诗级进化。现在这对活宝在簋街开了家哑剧主题火锅店，顾客进门先领手语菜单，招牌菜叫"量子毛肚"，涮多久全看对面食客眨眼频率。上个月消防突击检查，发现后厨监控里俩老板正用漏勺打太极比划今晚谁洗碗，气得队长边开罚单边嘟囔："你俩搁这演《黑客帝国》呢？"  

这破实验让我想起老家菜市场那对卖豆腐的老夫妻。当年老爷子追老太太时，天天往她豆腐摊上扔烂菜叶，被城管追了八条街才发现，这货纯粹是想让人姑娘追着他骂——听听，上世纪六十年代的PUA祖师爷。现在老两口每天雷打不动上演"豆腐西施与杠精之王"的戏码，一个切豆腐永远多给顾客三钱，一个在后面跳脚骂败家娘们。去年老太太中风失语，老爷子突然解锁神技：光凭摸豆腐温度就知道老婆子想喝几分烫的茶。要我说这才是顶级凡尔赛，人家五十年的打情骂俏早炼成肌肉记忆了。  

所以别信那些情感博主扯什么"深度沟通七步法"，真过日子的谁有空天天搞精神分析？我二舅妈的名言振聋发聩："两口子要是能把对方喝醉后的呕吐物收拾利索，比说一万句我爱你都瓷实。"就像昨晚在便利店撞见的神仙场面：姑娘踮脚往货架塞巧克力，男生默默把购物车推成45度倾斜角——看看，真正的灵魂伴侣都在心照不宣搞人体工程学。  

说到底，亲密关系这玩意就是个大型真人密室逃脱，语言交流纯属干扰项。当全人类都在社交平台表演文字烟花秀，聪明人早把技能点加在了行为摩斯密码上。不信你看小区里那些遛狗的老夫老妻，人家牵狗绳的手法都比小年轻们的情书更有叙事张力——左手松两寸是"今晚想吃炸酱面"，右手抖三下是"该给闺女介绍对象了"。这叫什么？这叫用脚脖子都能谈好的恋爱，可比那些声嘶力竭的琼瑶剧省电多了。要说把婚姻当上市公司经营的狠人，还得数我前老板张总。这位纳斯达克新贵去年刚把OKR考核写进婚前协议，要求太太每日提交情绪波动折线图，每周召开三次家庭站立会议，连情人节亲热都得在智能手环上点"开始双人运动"按钮——知道的明白是夫妻情趣，不知道的以为在搞人体实验。最绝的是他斥资百万定制了婚姻管理系统，老婆深夜刷剧超时立即触发卧室断电，回娘家超过48小时自动扣减亲密基金，有次岳母住院没及时报备，他愣是给人微信发了份《探病流程SOP手册》。

转折来得比比特币崩盘更魔幻。上季度财报电话会上张总突然消失，后来被曝在民政局门口蹲了三宿——不是离婚，是偷师调解员给吵架夫妻发号码牌的操作。现在这位硅谷钢铁直男彻底黑化，办公室摆满《哑剧演员的自我修养》，每天下班前给秘书布置神秘任务：往家里寄不带贺卡的红玫瑰，把妻子微博点赞的餐厅加入导航收藏夹，甚至算准生理期在玄关摆好暖宝宝。上周团建喝大了他掏出手机炫耀，相册里全是老婆偷拍他睡姿的照片合集，按时间轴能拼出完整的《霸道总裁打鼾声纹分析报告》。

看明白了吗？当这位控制狂魔停止用Jira跟踪婚姻进度，改玩行为艺术后，戏剧性堪比退市公司股价逆袭。昨天他们公司内网流出段监控视频：从来只穿高定西装的张总，居然趿拉着老婆的粉红兔头拖鞋在茶水间泡枸杞，而那位曾经扬言要私奔的女强人，正躲在角落用口红在财务报表上画爱心。这叫什么？这叫用供应链管理思维搞情感物流，当KPI考核换成非语言签收单，再难搞的VIP客户都给你五星好评。

输出:
```json
{
    "is_complete": "no",
    "next_instruction": "请从【极端文化对比】续写以下段落，要求：1. 核心方向：延续【行为信号改写关系】的核心逻辑，重点突出【原始部落与赛博朋克式婚姻的对照】 2. 结构设计：先抛出亚马逊原始部落的无声婚俗，再对比东京智能婚姻托管所的AI默契训练，最后用外卖骑手夫妻的现代野性智慧收尾",
    "search_instruction": "原始部落婚俗 日本AI婚姻咨询 骑手夫妻生存实录",
    "reference_content": "1.亚马逊流域某部落用编织图案代替语言沟通的婚恋习俗细节 2.日本AI婚姻咨询公司用智能手环监测伴侣生物信号的技术原理 3.中国大城市双外卖骑手夫妻在配送途中形成的特殊交流方式"
}
```


--- 轮次 5/5 ---
输入:
深夜刷到一条点赞过百万的短视频，情感导师正用跳大神的激情嘶吼："三句话让男人为你花18万！"我盯着屏幕笑出猪叫——当代年轻人谈个恋爱，硬是把量子物理玩成了玄学抽卡。  

你以为在朋友圈转发《男人来自火星》就能星际移民？给对象转发"合格男友十大准则"就能一键重装系统？醒醒吧朋友，你正在亲手把亲密关系写成死循环代码。系统论大师贝特森早在上世纪就扒了人类的底裤：情侣吵架的本质是套娃艺术，你吼得越凶对方的防御值叠得越高，最后必然触发真人版《三体》黑暗森林打击。  

最近Ins上那对网红夫妻的骚操作堪称史诗级打脸教学。当全网都在赌他们第237次互删拉黑时，人家突然开始日更"喂对方吃香菜挑战"。别急着酸，这波逆转用的可不是什么狗血复合套路，而是实打实的控制论核武器——某天丈夫突然停止记录妻子晚归次数，改在冰箱便签写"微波炉给你留了提拉米苏"。3天后魔幻剧情上演：那个曾经深夜蹦迪的女王，竟然开始卡着宵禁时间回家偷吃甜品。看明白了吗？当你把伴侣当KPI考核，收获的只能是钉钉已读不回；但要是切到售后客服模式，对方立马变身尊贵VIP。  

现在划重点：所有教你改变伴侣的鸡汤都是赛博跳大神，真正能改写关系底层代码的密钥，一直都焊死在你的操作台上。毕竟在爱情这个大型联机游戏里，你才是那个最大的系统bug。你以为信息轰炸能炸出真爱？心理学研究啪啪打脸：每增加10%的沟通频次，亲密关系崩盘概率提升23%。我隔壁那对咖啡师情侣就是活体教材，俩人曾经日均互发72条语音备忘录，精确到"你冲的拿铁奶泡比我多0.5厘米是不是不爱我了"，直到有天姑娘把浓缩咖啡浇在男友新款球鞋上——别误会，这可是价值八千的限量款，浇的不是咖啡是行为艺术。  

反转来得比星巴克新品更魔幻，他们参加了某心理实验室的"沟通戒毒"计划：30天内禁用所有语言交流，改用便利贴传情。第一天贴的是"再偷吃提拉米苏就分手"，第三天变成"给你冻了半块芝士蛋糕"，到第三周直接进化成"明早六点叫我时请用蓝山香气"。昨天我去买咖啡，撞见男生正往杯底藏小纸条，笔迹龙飞凤舞写着"今晚关灯权归你"。知道他们现在多离谱吗？上个月刚拿下本市咖啡拉花大赛情侣组冠军，获奖作品是两杯拼成爱心的心形拿铁——用奶泡写的配方比例。  

这破事儿让我想起量子物理老师当年的暴论：睡前谁关灯根本不需要谈判，当你们形成量子纠缠，连空气开关都会倒向更想装睡的人。就像我表姐夫妻二十年雷打不动的睡前仪式——丈夫总在妻子翻身瞬间伸手关灯，妻子永远在丈夫打哈欠时按下加湿器。去年他们金婚宴上揭秘真相：根本没有什么心灵感应，纯粹是当年租房隔音太差，谁先说话就要起床哄哭醒的娃。看见没？当沟通欲望降到绝对零度，行为默契反而开始超导。  

现在掏出笔记本记重点：亲密关系本质上是个反常识游戏，沟通越像7-11便利店全年无休，感情越容易提前过保质期。真正的高手都在玩行为暗号对接，毕竟人类本质上是复读机，而爱情最妙的状态，永远是"此时无声胜有声"的节能模式。去年冬天北京五环外冒出个邪门实验，12对濒临离婚的夫妻被关进全屋智能公寓，规则就一条：谁先开口说话自动触发离婚协议盖章程序。你猜怎么着？第一周智能马桶冲水次数暴涨300%——这帮人硬是把排泄系统玩成了摩尔斯电码发射器。我发小阿强和他老婆就在死亡名单上，两口子曾经日均互怼47次"你妈当初就不该把你生下来"，进实验舱前还互相竖中指。结果第三天监控拍到阿强半夜三点偷摸给老婆泡脚，第五天老婆开始用口红在浴室镜子上画天气预警，到第二十天两人已经能靠调节空调温度玩成语接龙。  

最绝的是撤离日当天，研究员在床底扫出36张外卖单，每张背面都画着歪扭的厨房作战图——阿强这个连电饭煲都不会用的钢铁直男，愣是靠番茄炒蛋的焦糊程度，跟老婆完成了从"生化武器"到"米其林摆盘"的史诗级进化。现在这对活宝在簋街开了家哑剧主题火锅店，顾客进门先领手语菜单，招牌菜叫"量子毛肚"，涮多久全看对面食客眨眼频率。上个月消防突击检查，发现后厨监控里俩老板正用漏勺打太极比划今晚谁洗碗，气得队长边开罚单边嘟囔："你俩搁这演《黑客帝国》呢？"  

这破实验让我想起老家菜市场那对卖豆腐的老夫妻。当年老爷子追老太太时，天天往她豆腐摊上扔烂菜叶，被城管追了八条街才发现，这货纯粹是想让人姑娘追着他骂——听听，上世纪六十年代的PUA祖师爷。现在老两口每天雷打不动上演"豆腐西施与杠精之王"的戏码，一个切豆腐永远多给顾客三钱，一个在后面跳脚骂败家娘们。去年老太太中风失语，老爷子突然解锁神技：光凭摸豆腐温度就知道老婆子想喝几分烫的茶。要我说这才是顶级凡尔赛，人家五十年的打情骂俏早炼成肌肉记忆了。  

所以别信那些情感博主扯什么"深度沟通七步法"，真过日子的谁有空天天搞精神分析？我二舅妈的名言振聋发聩："两口子要是能把对方喝醉后的呕吐物收拾利索，比说一万句我爱你都瓷实。"就像昨晚在便利店撞见的神仙场面：姑娘踮脚往货架塞巧克力，男生默默把购物车推成45度倾斜角——看看，真正的灵魂伴侣都在心照不宣搞人体工程学。  

说到底，亲密关系这玩意就是个大型真人密室逃脱，语言交流纯属干扰项。当全人类都在社交平台表演文字烟花秀，聪明人早把技能点加在了行为摩斯密码上。不信你看小区里那些遛狗的老夫老妻，人家牵狗绳的手法都比小年轻们的情书更有叙事张力——左手松两寸是"今晚想吃炸酱面"，右手抖三下是"该给闺女介绍对象了"。这叫什么？这叫用脚脖子都能谈好的恋爱，可比那些声嘶力竭的琼瑶剧省电多了。要说把婚姻当上市公司经营的狠人，还得数我前老板张总。这位纳斯达克新贵去年刚把OKR考核写进婚前协议，要求太太每日提交情绪波动折线图，每周召开三次家庭站立会议，连情人节亲热都得在智能手环上点"开始双人运动"按钮——知道的明白是夫妻情趣，不知道的以为在搞人体实验。最绝的是他斥资百万定制了婚姻管理系统，老婆深夜刷剧超时立即触发卧室断电，回娘家超过48小时自动扣减亲密基金，有次岳母住院没及时报备，他愣是给人微信发了份《探病流程SOP手册》。

转折来得比比特币崩盘更魔幻。上季度财报电话会上张总突然消失，后来被曝在民政局门口蹲了三宿——不是离婚，是偷师调解员给吵架夫妻发号码牌的操作。现在这位硅谷钢铁直男彻底黑化，办公室摆满《哑剧演员的自我修养》，每天下班前给秘书布置神秘任务：往家里寄不带贺卡的红玫瑰，把妻子微博点赞的餐厅加入导航收藏夹，甚至算准生理期在玄关摆好暖宝宝。上周团建喝大了他掏出手机炫耀，相册里全是老婆偷拍他睡姿的照片合集，按时间轴能拼出完整的《霸道总裁打鼾声纹分析报告》。

看明白了吗？当这位控制狂魔停止用Jira跟踪婚姻进度，改玩行为艺术后，戏剧性堪比退市公司股价逆袭。昨天他们公司内网流出段监控视频：从来只穿高定西装的张总，居然趿拉着老婆的粉红兔头拖鞋在茶水间泡枸杞，而那位曾经扬言要私奔的女强人，正躲在角落用口红在财务报表上画爱心。这叫什么？这叫用供应链管理思维搞情感物流，当KPI考核换成非语言签收单，再难搞的VIP客户都给你五星好评。在亚马逊雨林深处，亚诺玛米部落的婚俗能让现代情感专家集体失业——新婚夫妇前三个月禁止语言交流，所有沟通靠羽毛触碰次数和火堆烟雾形状完成。你以为这是原始社会的情感PUA？人类学家追踪发现，这种强制静默期反而催生了全物种最离谱的默契值：丈夫能通过妻子编织棕榈叶的力度判断该不该去打猎，妻子能从丈夫磨箭头的频率预判今晚要不要多煮两人份的汤。要我说这哪是原始部落，分明是赛博朋克时代前的预演，人家用树皮纤维搓的婚姻操作系统，比硅谷那帮穿Allbirds的精英搞的AI算法靠谱多了。

东京涩谷的智能婚姻托管所里，工程师们正把这种原始智慧赛博化。28层的玻璃幕墙后，每对夫妻都戴着能监测137项生理指标的手环，AI根据心跳频率推荐接吻角度，分析汗液成分定制吵架话术。上周去参观时，我亲眼见证魔幻场景：某对夫妇的智能马桶根据排泄物含水量，自动向对方手机发送"今日宜冷战"预警；床头传感器捕捉到翻身幅度超标，立刻启动香薰机喷射"原谅我"气味分子。最绝的是他们的虚拟教练，这玩意能通过分析二十年韩剧数据，在你准备摔门时让智能门锁自动上演《冬季恋歌》经典BGM。朋友山田夫妇就在这系统里重修旧好，如今俩人日均对话不超过五句，但智能家居日志显示，他们靠调节空调温度完成了三次求婚仪式。

但要说把古今婚恋智慧玩出花，还得看北京朝阳区那对外卖骑手夫妻。上次暴雨天点麻辣烫，开门撞见丈夫头盔里塞着三盒不同温度的奶茶——38度是"今天跑单顺利"，45度是"丈母娘又来查岗"，53度直接触发"速来老地方吃烧烤"暗号。人家根本不屑玩什么AI默契训练，保温箱温度调节钮就是情感旋钮，电动车喇叭节奏就是摩尔斯电码，顾客差评的投诉理由都能变成打情骂俏的素材库。上周在便利店撞见老板娘正往丈夫外卖箱贴便签，走近一看差点笑喷——订单备注栏赫然写着"傻狗记得喝藿香正气水，别又中暑摔坏老娘新买的华为Pura70"。

这年头谈恋爱跟玩魂系游戏似的，语言交流纯属陷阱道具。亚马逊部落用火堆烟雾画心形时，东京精英正被智能马桶训练成情感AI的肉鸡，而真正在赛博丛林杀出血路的外卖骑手，早把电动车仪表盘改造成了婚姻驾驶舱。所以别信什么情感导师扯犊子，过日子的真谛就藏在那些说不出门道的野路子操作里——毕竟当人类学会用WIFI信号强度表达思念，用美团订单编号发送密语，谁还需要《男人来自火星》这种过时的星际旅行指南？

输出:
```json
{
    "is_complete": "no",
    "next_instruction": "请从【商业巨头行为实验】续写以下段落，要求：1. 核心方向：延续【用非语言沟通重塑亲密关系】的核心观点，重点突出【权力反转的戏剧性】和【商业思维与情感本能的荒诞碰撞】2. 结构设计：先抛出一个反常识的商界案例，用具体行为数据制造悬念，再揭示其与原始部落智慧的呼应关系",
    "search_instruction": "企业CEO婚姻危机非语言沟通案例",
    "reference_content": "需要查找：1.知名企业家运用商业策略解决婚姻危机的真实事件 2.相关行为干预的具体数据（如沉默期时长、非语言互动频次等）3.商界人士婚姻咨询的特殊需求数据"
}
```


对话结束
时间: 2025-03-12T16:48:44.814Z
