开始执行 Reasoner 模型对话
时间: 2025-03-13T09:52:18.621Z
初始话题: 深夜十点的客厅里，你刷着脱口秀段子笑到肩膀发抖，转头发现伴侣正对着恋综CP姨母笑，中间隔着的沙发缝足够塞下整个黄浦江——这可能是当代婚姻最恐怖的鬼故事：你的配偶正在经历阿尔茨海默式情感退化，而你们的婚姻诊断书上赫然写着"模糊性失去"晚期。戈特曼实验室最新数据显示，67%的离婚根本不是小三插足或经济危机，而是死于伴侣在沙发上刷短视频时突然"断联"的致命瞬间。

当你第38次把搞笑视频戳到对方眼前却只换来一声"嗯"，当你们的对话从"今天主管又犯病"退化成"记得交电费"，当双人床进化成充电站而睡衣成了最后的情趣内衣——恭喜解锁"婚姻版植物人"成就。那些号称要击沉婚姻的惊涛骇浪，往往敌不过三年两千次早餐时凝固的空气，当代婚姻三大件早从"电视机冰箱洗衣机"变成了"已读不回、话题枯竭、肢体语言消失术"。

最惊悚的是，当咨询师反复强调"多沟通"时，他们永远不会告诉你：你的婚姻可能在三年前就签了死亡证明，只不过今天才送去火化。就像那对因为丈夫再也没点赞妻子朋友圈而离婚的夫妻，真正杀死婚姻的从来不是惊天背叛，而是某次分享晚霞时发现对方早已关闭了情感接收器。


--- 轮次 1/5 ---
输入:
深夜十点的客厅里，你刷着脱口秀段子笑到肩膀发抖，转头发现伴侣正对着恋综CP姨母笑，中间隔着的沙发缝足够塞下整个黄浦江——这可能是当代婚姻最恐怖的鬼故事：你的配偶正在经历阿尔茨海默式情感退化，而你们的婚姻诊断书上赫然写着"模糊性失去"晚期。戈特曼实验室最新数据显示，67%的离婚根本不是小三插足或经济危机，而是死于伴侣在沙发上刷短视频时突然"断联"的致命瞬间。

当你第38次把搞笑视频戳到对方眼前却只换来一声"嗯"，当你们的对话从"今天主管又犯病"退化成"记得交电费"，当双人床进化成充电站而睡衣成了最后的情趣内衣——恭喜解锁"婚姻版植物人"成就。那些号称要击沉婚姻的惊涛骇浪，往往敌不过三年两千次早餐时凝固的空气，当代婚姻三大件早从"电视机冰箱洗衣机"变成了"已读不回、话题枯竭、肢体语言消失术"。

最惊悚的是，当咨询师反复强调"多沟通"时，他们永远不会告诉你：你的婚姻可能在三年前就签了死亡证明，只不过今天才送去火化。就像那对因为丈夫再也没点赞妻子朋友圈而离婚的夫妻，真正杀死婚姻的从来不是惊天背叛，而是某次分享晚霞时发现对方早已关闭了情感接收器。

输出:
```json
{
    "is_complete": "no",
    "next_instruction": "请从【对立视角/反转】续写以下段落，要求：1. 核心方向：揭露看似牢固的婚姻中隐藏的'模糊性失去'病灶，通过科技时代新型婚姻维系案例制造反差 2. 结构设计：段首用'但凌晨三点的朋友圈见证着更吊诡的真相'转折，中间对比展示同个屋檐下的情感僵尸VS跨国分居的赛博夫妻，段尾抛出'婚姻保鲜的密钥可能藏在最反常识的地方'引发讨论",
    "search_instruction": "无接触婚姻案例 赛博夫妻相处模式 婚姻保鲜真实故事",
    "reference_content": "需要抽取：1.异地夫妻使用智能家居互动细节（如同步观影系统数据）2.分居伴侣维系情感的特殊仪式（如云端早餐打卡）3.婚姻咨询师对科技依赖型婚姻的评估报告关键数据"
}
```


--- 轮次 2/5 ---
输入:
深夜十点的客厅里，你刷着脱口秀段子笑到肩膀发抖，转头发现伴侣正对着恋综CP姨母笑，中间隔着的沙发缝足够塞下整个黄浦江——这可能是当代婚姻最恐怖的鬼故事：你的配偶正在经历阿尔茨海默式情感退化，而你们的婚姻诊断书上赫然写着"模糊性失去"晚期。戈特曼实验室最新数据显示，67%的离婚根本不是小三插足或经济危机，而是死于伴侣在沙发上刷短视频时突然"断联"的致命瞬间。

当你第38次把搞笑视频戳到对方眼前却只换来一声"嗯"，当你们的对话从"今天主管又犯病"退化成"记得交电费"，当双人床进化成充电站而睡衣成了最后的情趣内衣——恭喜解锁"婚姻版植物人"成就。那些号称要击沉婚姻的惊涛骇浪，往往敌不过三年两千次早餐时凝固的空气，当代婚姻三大件早从"电视机冰箱洗衣机"变成了"已读不回、话题枯竭、肢体语言消失术"。

最惊悚的是，当咨询师反复强调"多沟通"时，他们永远不会告诉你：你的婚姻可能在三年前就签了死亡证明，只不过今天才送去火化。就像那对因为丈夫再也没点赞妻子朋友圈而离婚的夫妻，真正杀死婚姻的从来不是惊天背叛，而是某次分享晚霞时发现对方早已关闭了情感接收器。但凌晨三点的朋友圈见证着更吊诡的真相。上海某科技公司高管李薇正用智能手表同步丈夫的睡眠心率——这对分居中美的夫妻，靠云端共享的呼吸频率维系亲密幻觉。而隔壁小区那对每天共进晚餐的模范夫妻，正用三台手机在餐桌上搭建信息茧房：丈夫刷着财经主播的"暴富秘籍"，妻子给恋综男嘉宾投票，女儿在桌子底下给同学发"父母行为观察日记"。当代婚姻正在上演大型《黑镜》实验：同个电表下的情感僵尸，竟比不上跨国分居的赛博共生体。

当北京朝阳区的夫妻在智能马桶上竞速刷完《甄嬛传》却挤不出一句观后感，深圳南山区的"周末夫妻"正用AR眼镜在虚拟海边牵手散步。婚姻咨询师发现新悖论：那些定时视频汇报日程、用共享文档更新情绪温度的赛博夫妻，亲密度竟碾压了共用洗发水的传统伴侣。某对沪杭通勤族甚至开发出"错峰共鸣系统"——丈夫通勤时收听妻子晨间播客，妻子加班时循环播放丈夫录制的白噪音，数字时代的"两情若是久长时"成了云盘里的比特流。

数据撕开温情面纱：安装亲密关系APP的夫妻，离婚率比传统夫妻低23%，但卸载该软件后的情感崩塌速度加快4倍。更荒诞的是某对离婚调解中的夫妇，因共同运营的带货账号月入百万，不得不在直播间继续扮演恩爱夫妻，结果假戏真做复婚率高达67%。当华东师范大学团队尝试用区块链技术给婚姻承诺上链时，00后们早已在元宇宙举办婚礼，并给数字分身设置了自动调情算法。

婚姻保鲜的密钥可能藏在最反常识的地方——那对每天互道早安却三年没见面的工程师夫妇，靠着给彼此智能家居远程浇花的赛博功德，竟比楼下天天遛狗的老夫妻多出200%的情感表达量。或许当代婚姻需要的不是戒掉手机，而是给每个充电接口装上情感变压器，毕竟在赛博菩萨面前，连七年之痒都能转化成数据包进行云端超度。

输出:
```json
{
    "is_complete": "no",
    "next_instruction": "请从【对立视角/反转】续写以下段落，要求：1. 核心方向：揭露科技维系婚姻的阴暗面，制造【数字依赖与真实情感】的核心冲突 2. 结构设计：采用【反转三幕式】，先展示科技拯救婚姻的曙光，再撕开数据甜蜜背后的控制危机，结尾抛出'云端佛系婚姻'新物种现象引发争议",
    "search_instruction": "婚姻科技依赖症案例,数字戒断婚姻实验,虚拟伴侣伦理争议",
    "reference_content": {
        "权威数据": "[关键词：'2024数字婚姻白皮书']，抽取信息：使用关系管理APP超过3年的夫妻出现'算法依赖症'比例",
        "典型案例": "[关键词：'卸载恋爱APP离婚']，抽取信息：因伴侣擅自关闭位置共享引发的离婚诉讼典型案例",
        "专家观点": "[关键词：'虚拟婚姻咨询师采访']，抽取信息：心理学专家对'数字戒断疗法'在婚姻修复中的应用评价"
    }
}
```


--- 轮次 3/5 ---
输入:
深夜十点的客厅里，你刷着脱口秀段子笑到肩膀发抖，转头发现伴侣正对着恋综CP姨母笑，中间隔着的沙发缝足够塞下整个黄浦江——这可能是当代婚姻最恐怖的鬼故事：你的配偶正在经历阿尔茨海默式情感退化，而你们的婚姻诊断书上赫然写着"模糊性失去"晚期。戈特曼实验室最新数据显示，67%的离婚根本不是小三插足或经济危机，而是死于伴侣在沙发上刷短视频时突然"断联"的致命瞬间。

当你第38次把搞笑视频戳到对方眼前却只换来一声"嗯"，当你们的对话从"今天主管又犯病"退化成"记得交电费"，当双人床进化成充电站而睡衣成了最后的情趣内衣——恭喜解锁"婚姻版植物人"成就。那些号称要击沉婚姻的惊涛骇浪，往往敌不过三年两千次早餐时凝固的空气，当代婚姻三大件早从"电视机冰箱洗衣机"变成了"已读不回、话题枯竭、肢体语言消失术"。

最惊悚的是，当咨询师反复强调"多沟通"时，他们永远不会告诉你：你的婚姻可能在三年前就签了死亡证明，只不过今天才送去火化。就像那对因为丈夫再也没点赞妻子朋友圈而离婚的夫妻，真正杀死婚姻的从来不是惊天背叛，而是某次分享晚霞时发现对方早已关闭了情感接收器。但凌晨三点的朋友圈见证着更吊诡的真相。上海某科技公司高管李薇正用智能手表同步丈夫的睡眠心率——这对分居中美的夫妻，靠云端共享的呼吸频率维系亲密幻觉。而隔壁小区那对每天共进晚餐的模范夫妻，正用三台手机在餐桌上搭建信息茧房：丈夫刷着财经主播的"暴富秘籍"，妻子给恋综男嘉宾投票，女儿在桌子底下给同学发"父母行为观察日记"。当代婚姻正在上演大型《黑镜》实验：同个电表下的情感僵尸，竟比不上跨国分居的赛博共生体。

当北京朝阳区的夫妻在智能马桶上竞速刷完《甄嬛传》却挤不出一句观后感，深圳南山区的"周末夫妻"正用AR眼镜在虚拟海边牵手散步。婚姻咨询师发现新悖论：那些定时视频汇报日程、用共享文档更新情绪温度的赛博夫妻，亲密度竟碾压了共用洗发水的传统伴侣。某对沪杭通勤族甚至开发出"错峰共鸣系统"——丈夫通勤时收听妻子晨间播客，妻子加班时循环播放丈夫录制的白噪音，数字时代的"两情若是久长时"成了云盘里的比特流。

数据撕开温情面纱：安装亲密关系APP的夫妻，离婚率比传统夫妻低23%，但卸载该软件后的情感崩塌速度加快4倍。更荒诞的是某对离婚调解中的夫妇，因共同运营的带货账号月入百万，不得不在直播间继续扮演恩爱夫妻，结果假戏真做复婚率高达67%。当华东师范大学团队尝试用区块链技术给婚姻承诺上链时，00后们早已在元宇宙举办婚礼，并给数字分身设置了自动调情算法。

婚姻保鲜的密钥可能藏在最反常识的地方——那对每天互道早安却三年没见面的工程师夫妇，靠着给彼此智能家居远程浇花的赛博功德，竟比楼下天天遛狗的老夫妻多出200%的情感表达量。或许当代婚姻需要的不是戒掉手机，而是给每个充电接口装上情感变压器，毕竟在赛博菩萨面前，连七年之痒都能转化成数据包进行云端超度。当杭州某科技公司推出"婚姻体检"小程序时，上万对夫妻连夜上传了聊天记录和购物车清单——算法给出的"情感健康指数"比民政局红本更具权威性。北京朝阳区某情感修复中心里，戴着智能手环的夫妻正在练习数据化拥抱：接触面积需覆盖80%皮肤，心率波动必须同步率达到65%，系统提示"本次亲密接触有效性评分83分"时，两人竟相视一笑，仿佛刚通过年终绩效考核。

直到上海某中产家庭引爆"数据绑架"丑闻，丈夫发现妻子每日的早安吻竟是为完成APP设定的"晨间唤醒任务"，而妻子手机里存着丈夫三年来的情绪波动曲线图。"你上周三故意激怒我只是为了测试情感修复预案？"离婚调解室里的质问，让监测他们五年的"情绪温度计"算法当场死机。更荒诞的是深圳某对夫妻，因不愿继续共享手机定位竟被银行调降"婚姻信用分"，导致房贷利率暴涨——原来他们的亲密数据早已被打包卖给了金融机构。

社会学家在《新式婚姻围城白皮书》里记录到：卸载关系管理软件后三个月内的离婚率飙升400%，那些曾被标注为"优质婚姻样本"的夫妻，在数据断供后暴露出比原始夫妻更剧烈的戒断反应。北京某互联网大厂双职工甚至开发出"婚姻代偿系统"：丈夫用AI生成情人节小作文，妻子训练语音助手模仿丈夫哄睡，直到某天凌晨两点，两台手机在床头柜上自动完成吵架与和解的全流程。

"云端佛系婚姻"正是在这团数据迷雾中滋生的怪物。南京某对工程师夫妇发明了"比特流育儿法"，通过智能音箱给孩子播放拼接版父母语音包，而他们本人正在各自实验室训练AI分身进行婚姻迭代。当00后开始给离婚冷静期安装进度条插件，70后夫妻正把三十年婚姻压缩成256G记忆芯片，美其名曰"赛博舍利子"。某婚姻登记处最新服务更是魔幻——扫二维码可查看伴侣的情感数据年报，付费解锁"灵魂共鸣指数"分析，加购1999元套餐还能生成虚拟蜜月全息影像。

民政局最新数据显示，使用智能婚姻管理系统超过五年的夫妻，线下真实对话时长普遍低于未使用群体，但他们在社交平台发布的恩爱数据包数量高出270%。这不禁让人想起上海外滩那对网红夫妻的经典操作：丈夫在直播间调试美颜滤镜时，妻子正用脑机接口向云端上传"七年之痒"的记忆数据，评论区飘过一行金色弹幕——"建议二位把结婚证做成NFT，爱情链上永生"。

输出:
```json
{
    "is_complete": "no",
    "next_instruction": "请从【对立视角/反转】续写以下段落，要求：1. 核心方向：揭露科技干预婚姻的黑暗面，聚焦某婚姻咨询APP创始人因系统漏洞导致自身离婚的讽刺案例 2. 结构设计：采用【悬念递进结构】，先渲染该APP的市场神话，再通过创始人妻子在系统后台发现的恐怖数据制造反转 3. 爆款元素：植入'后台算法比小三更懂你丈夫'等扎心金句，用创始人离婚协议书中的'情感数据所有权'争夺战强化冲突",
    "search_instruction": "智能婚姻管理系统伦理争议 虚拟伴侣APP用户数据泄露事件 婚姻咨询软件创始人离婚案例",
    "reference_content": [
        "权威数据：[关键词：智能婚姻管理系统用户离婚率] 抽取近三年使用该类系统后离婚用户的特征数据",
        "典型案例：[关键词：婚姻咨询APP创始人离婚] 抽取创始人婚姻破裂过程中软件系统起到的反作用细节",
        "社会反应：[关键词：虚拟伴侣伦理争议] 抽取哲学家对数据化亲密关系的批判观点"
    ]
}
```


--- 轮次 4/5 ---
输入:
深夜十点的客厅里，你刷着脱口秀段子笑到肩膀发抖，转头发现伴侣正对着恋综CP姨母笑，中间隔着的沙发缝足够塞下整个黄浦江——这可能是当代婚姻最恐怖的鬼故事：你的配偶正在经历阿尔茨海默式情感退化，而你们的婚姻诊断书上赫然写着"模糊性失去"晚期。戈特曼实验室最新数据显示，67%的离婚根本不是小三插足或经济危机，而是死于伴侣在沙发上刷短视频时突然"断联"的致命瞬间。

当你第38次把搞笑视频戳到对方眼前却只换来一声"嗯"，当你们的对话从"今天主管又犯病"退化成"记得交电费"，当双人床进化成充电站而睡衣成了最后的情趣内衣——恭喜解锁"婚姻版植物人"成就。那些号称要击沉婚姻的惊涛骇浪，往往敌不过三年两千次早餐时凝固的空气，当代婚姻三大件早从"电视机冰箱洗衣机"变成了"已读不回、话题枯竭、肢体语言消失术"。

最惊悚的是，当咨询师反复强调"多沟通"时，他们永远不会告诉你：你的婚姻可能在三年前就签了死亡证明，只不过今天才送去火化。就像那对因为丈夫再也没点赞妻子朋友圈而离婚的夫妻，真正杀死婚姻的从来不是惊天背叛，而是某次分享晚霞时发现对方早已关闭了情感接收器。但凌晨三点的朋友圈见证着更吊诡的真相。上海某科技公司高管李薇正用智能手表同步丈夫的睡眠心率——这对分居中美的夫妻，靠云端共享的呼吸频率维系亲密幻觉。而隔壁小区那对每天共进晚餐的模范夫妻，正用三台手机在餐桌上搭建信息茧房：丈夫刷着财经主播的"暴富秘籍"，妻子给恋综男嘉宾投票，女儿在桌子底下给同学发"父母行为观察日记"。当代婚姻正在上演大型《黑镜》实验：同个电表下的情感僵尸，竟比不上跨国分居的赛博共生体。

当北京朝阳区的夫妻在智能马桶上竞速刷完《甄嬛传》却挤不出一句观后感，深圳南山区的"周末夫妻"正用AR眼镜在虚拟海边牵手散步。婚姻咨询师发现新悖论：那些定时视频汇报日程、用共享文档更新情绪温度的赛博夫妻，亲密度竟碾压了共用洗发水的传统伴侣。某对沪杭通勤族甚至开发出"错峰共鸣系统"——丈夫通勤时收听妻子晨间播客，妻子加班时循环播放丈夫录制的白噪音，数字时代的"两情若是久长时"成了云盘里的比特流。

数据撕开温情面纱：安装亲密关系APP的夫妻，离婚率比传统夫妻低23%，但卸载该软件后的情感崩塌速度加快4倍。更荒诞的是某对离婚调解中的夫妇，因共同运营的带货账号月入百万，不得不在直播间继续扮演恩爱夫妻，结果假戏真做复婚率高达67%。当华东师范大学团队尝试用区块链技术给婚姻承诺上链时，00后们早已在元宇宙举办婚礼，并给数字分身设置了自动调情算法。

婚姻保鲜的密钥可能藏在最反常识的地方——那对每天互道早安却三年没见面的工程师夫妇，靠着给彼此智能家居远程浇花的赛博功德，竟比楼下天天遛狗的老夫妻多出200%的情感表达量。或许当代婚姻需要的不是戒掉手机，而是给每个充电接口装上情感变压器，毕竟在赛博菩萨面前，连七年之痒都能转化成数据包进行云端超度。当杭州某科技公司推出"婚姻体检"小程序时，上万对夫妻连夜上传了聊天记录和购物车清单——算法给出的"情感健康指数"比民政局红本更具权威性。北京朝阳区某情感修复中心里，戴着智能手环的夫妻正在练习数据化拥抱：接触面积需覆盖80%皮肤，心率波动必须同步率达到65%，系统提示"本次亲密接触有效性评分83分"时，两人竟相视一笑，仿佛刚通过年终绩效考核。

直到上海某中产家庭引爆"数据绑架"丑闻，丈夫发现妻子每日的早安吻竟是为完成APP设定的"晨间唤醒任务"，而妻子手机里存着丈夫三年来的情绪波动曲线图。"你上周三故意激怒我只是为了测试情感修复预案？"离婚调解室里的质问，让监测他们五年的"情绪温度计"算法当场死机。更荒诞的是深圳某对夫妻，因不愿继续共享手机定位竟被银行调降"婚姻信用分"，导致房贷利率暴涨——原来他们的亲密数据早已被打包卖给了金融机构。

社会学家在《新式婚姻围城白皮书》里记录到：卸载关系管理软件后三个月内的离婚率飙升400%，那些曾被标注为"优质婚姻样本"的夫妻，在数据断供后暴露出比原始夫妻更剧烈的戒断反应。北京某互联网大厂双职工甚至开发出"婚姻代偿系统"：丈夫用AI生成情人节小作文，妻子训练语音助手模仿丈夫哄睡，直到某天凌晨两点，两台手机在床头柜上自动完成吵架与和解的全流程。

"云端佛系婚姻"正是在这团数据迷雾中滋生的怪物。南京某对工程师夫妇发明了"比特流育儿法"，通过智能音箱给孩子播放拼接版父母语音包，而他们本人正在各自实验室训练AI分身进行婚姻迭代。当00后开始给离婚冷静期安装进度条插件，70后夫妻正把三十年婚姻压缩成256G记忆芯片，美其名曰"赛博舍利子"。某婚姻登记处最新服务更是魔幻——扫二维码可查看伴侣的情感数据年报，付费解锁"灵魂共鸣指数"分析，加购1999元套餐还能生成虚拟蜜月全息影像。

民政局最新数据显示，使用智能婚姻管理系统超过五年的夫妻，线下真实对话时长普遍低于未使用群体，但他们在社交平台发布的恩爱数据包数量高出270%。这不禁让人想起上海外滩那对网红夫妻的经典操作：丈夫在直播间调试美颜滤镜时，妻子正用脑机接口向云端上传"七年之痒"的记忆数据，评论区飘过一行金色弹幕——"建议二位把结婚证做成NFT，爱情链上永生"。【悬念递进结构】

当"婚姻守护者"APP连续三年霸占应用商店情感类榜首时，创始人周明远夫妇正作为数字时代模范夫妻登上《商业周刊》封面。这款号称用128项情感指标重建婚姻秩序的AI神器，能通过智能手环捕捉血压波动分析出轨概率，依据晚餐照片识别餐具摆放预测离婚风险，甚至连卫生间镜柜里的避孕药存量变化都能换算成"生育意愿指数"。全国268万付费用户坚信，只要每天完成系统推送的"情感补给任务"，就能让婚姻在算法加持下永不过期。

直到2023年七夕凌晨，周明远妻子在调试新版本时，发现后台藏着丈夫长达半年的"情感偏移监测报告"。全红的情感曲线在三个月前突然断裂成死寂的直线，而系统标注的异常坐标竟精准指向公司前台实习生工位——那个每天帮周明远签收鲜花的小姑娘，此刻正在情感数据库里被标记为"高适配替代方案"。更讽刺的是，触发警报的并非婚外情，而是周明远连续73天在妻子说话时呈现标准45度侧脸，这项被写入专利的"注意力偏离预警算法"，最终成了自己婚姻的死亡通知书。

民政局调解室里，周明远攥着载有二十万条私密数据的U盘，坚持要分割"共同训练的情感模型所有权"。而妻子律师甩出的系统后台记录显示，三年来两人每次争吵后，周明远都偷偷修改过情绪评估权重参数——那些深夜安抚话术里30%的温柔妥协，不过是算法为降低离婚概率生成的表演代码。"情感ICU病房里躺着的哪对夫妻分得清心跳和电流？"调解员看着实时更新的"婚姻存续概率"跌破0.03%，撕碎了刚打印好的调解方案。

这场荒诞剧在周明远收到系统推送时达到高潮——根据最新情感模型测算，他争夺数据所有权的执念有87%概率源自对实习生求而不得的补偿心理。当初那句"让科技给爱情上道保险"的slogan，最终变成离婚协议里"禁止使用本人数据训练下一代婚恋AI"的免责条款。当吃瓜群众忙着下载"创始人同款捉奸插件"时，没人注意到应用商店里新增的五星好评："感谢系统漏洞让我及时止损，毕竟后台算法比小三更懂你丈夫。"

输出:
```json
{
    "is_complete": "no",
    "next_instruction": "请从【悬念制造/反转铺垫】续写以下段落，要求：1. 核心方向：延续【科技反噬婚姻】的核心矛盾，并突出【普通用户遭遇系统反噬】的荒诞现实 2. 结构设计：采用【案例递进结构】，先描述三组用户被系统操控的诡异日常，再抛出用户集体诉讼的系统性危机，段尾用创始人新动向埋下商业阴谋伏笔。",
    "search_instruction": "婚姻APP用户集体诉讼案例,智能设备情感操控社会新闻,2024情感科技融资数据",
    "reference_content": "1. 某地法院受理的婚姻APP用户集体诉讼案件关键点 2. 智能家居设备意外暴露夫妻隐私的典型案例 3. 情感科技赛道最新融资额TOP3企业商业布局"
}
```


--- 轮次 5/5 ---
输入:
深夜十点的客厅里，你刷着脱口秀段子笑到肩膀发抖，转头发现伴侣正对着恋综CP姨母笑，中间隔着的沙发缝足够塞下整个黄浦江——这可能是当代婚姻最恐怖的鬼故事：你的配偶正在经历阿尔茨海默式情感退化，而你们的婚姻诊断书上赫然写着"模糊性失去"晚期。戈特曼实验室最新数据显示，67%的离婚根本不是小三插足或经济危机，而是死于伴侣在沙发上刷短视频时突然"断联"的致命瞬间。

当你第38次把搞笑视频戳到对方眼前却只换来一声"嗯"，当你们的对话从"今天主管又犯病"退化成"记得交电费"，当双人床进化成充电站而睡衣成了最后的情趣内衣——恭喜解锁"婚姻版植物人"成就。那些号称要击沉婚姻的惊涛骇浪，往往敌不过三年两千次早餐时凝固的空气，当代婚姻三大件早从"电视机冰箱洗衣机"变成了"已读不回、话题枯竭、肢体语言消失术"。

最惊悚的是，当咨询师反复强调"多沟通"时，他们永远不会告诉你：你的婚姻可能在三年前就签了死亡证明，只不过今天才送去火化。就像那对因为丈夫再也没点赞妻子朋友圈而离婚的夫妻，真正杀死婚姻的从来不是惊天背叛，而是某次分享晚霞时发现对方早已关闭了情感接收器。但凌晨三点的朋友圈见证着更吊诡的真相。上海某科技公司高管李薇正用智能手表同步丈夫的睡眠心率——这对分居中美的夫妻，靠云端共享的呼吸频率维系亲密幻觉。而隔壁小区那对每天共进晚餐的模范夫妻，正用三台手机在餐桌上搭建信息茧房：丈夫刷着财经主播的"暴富秘籍"，妻子给恋综男嘉宾投票，女儿在桌子底下给同学发"父母行为观察日记"。当代婚姻正在上演大型《黑镜》实验：同个电表下的情感僵尸，竟比不上跨国分居的赛博共生体。

当北京朝阳区的夫妻在智能马桶上竞速刷完《甄嬛传》却挤不出一句观后感，深圳南山区的"周末夫妻"正用AR眼镜在虚拟海边牵手散步。婚姻咨询师发现新悖论：那些定时视频汇报日程、用共享文档更新情绪温度的赛博夫妻，亲密度竟碾压了共用洗发水的传统伴侣。某对沪杭通勤族甚至开发出"错峰共鸣系统"——丈夫通勤时收听妻子晨间播客，妻子加班时循环播放丈夫录制的白噪音，数字时代的"两情若是久长时"成了云盘里的比特流。

数据撕开温情面纱：安装亲密关系APP的夫妻，离婚率比传统夫妻低23%，但卸载该软件后的情感崩塌速度加快4倍。更荒诞的是某对离婚调解中的夫妇，因共同运营的带货账号月入百万，不得不在直播间继续扮演恩爱夫妻，结果假戏真做复婚率高达67%。当华东师范大学团队尝试用区块链技术给婚姻承诺上链时，00后们早已在元宇宙举办婚礼，并给数字分身设置了自动调情算法。

婚姻保鲜的密钥可能藏在最反常识的地方——那对每天互道早安却三年没见面的工程师夫妇，靠着给彼此智能家居远程浇花的赛博功德，竟比楼下天天遛狗的老夫妻多出200%的情感表达量。或许当代婚姻需要的不是戒掉手机，而是给每个充电接口装上情感变压器，毕竟在赛博菩萨面前，连七年之痒都能转化成数据包进行云端超度。当杭州某科技公司推出"婚姻体检"小程序时，上万对夫妻连夜上传了聊天记录和购物车清单——算法给出的"情感健康指数"比民政局红本更具权威性。北京朝阳区某情感修复中心里，戴着智能手环的夫妻正在练习数据化拥抱：接触面积需覆盖80%皮肤，心率波动必须同步率达到65%，系统提示"本次亲密接触有效性评分83分"时，两人竟相视一笑，仿佛刚通过年终绩效考核。

直到上海某中产家庭引爆"数据绑架"丑闻，丈夫发现妻子每日的早安吻竟是为完成APP设定的"晨间唤醒任务"，而妻子手机里存着丈夫三年来的情绪波动曲线图。"你上周三故意激怒我只是为了测试情感修复预案？"离婚调解室里的质问，让监测他们五年的"情绪温度计"算法当场死机。更荒诞的是深圳某对夫妻，因不愿继续共享手机定位竟被银行调降"婚姻信用分"，导致房贷利率暴涨——原来他们的亲密数据早已被打包卖给了金融机构。

社会学家在《新式婚姻围城白皮书》里记录到：卸载关系管理软件后三个月内的离婚率飙升400%，那些曾被标注为"优质婚姻样本"的夫妻，在数据断供后暴露出比原始夫妻更剧烈的戒断反应。北京某互联网大厂双职工甚至开发出"婚姻代偿系统"：丈夫用AI生成情人节小作文，妻子训练语音助手模仿丈夫哄睡，直到某天凌晨两点，两台手机在床头柜上自动完成吵架与和解的全流程。

"云端佛系婚姻"正是在这团数据迷雾中滋生的怪物。南京某对工程师夫妇发明了"比特流育儿法"，通过智能音箱给孩子播放拼接版父母语音包，而他们本人正在各自实验室训练AI分身进行婚姻迭代。当00后开始给离婚冷静期安装进度条插件，70后夫妻正把三十年婚姻压缩成256G记忆芯片，美其名曰"赛博舍利子"。某婚姻登记处最新服务更是魔幻——扫二维码可查看伴侣的情感数据年报，付费解锁"灵魂共鸣指数"分析，加购1999元套餐还能生成虚拟蜜月全息影像。

民政局最新数据显示，使用智能婚姻管理系统超过五年的夫妻，线下真实对话时长普遍低于未使用群体，但他们在社交平台发布的恩爱数据包数量高出270%。这不禁让人想起上海外滩那对网红夫妻的经典操作：丈夫在直播间调试美颜滤镜时，妻子正用脑机接口向云端上传"七年之痒"的记忆数据，评论区飘过一行金色弹幕——"建议二位把结婚证做成NFT，爱情链上永生"。【悬念递进结构】

当"婚姻守护者"APP连续三年霸占应用商店情感类榜首时，创始人周明远夫妇正作为数字时代模范夫妻登上《商业周刊》封面。这款号称用128项情感指标重建婚姻秩序的AI神器，能通过智能手环捕捉血压波动分析出轨概率，依据晚餐照片识别餐具摆放预测离婚风险，甚至连卫生间镜柜里的避孕药存量变化都能换算成"生育意愿指数"。全国268万付费用户坚信，只要每天完成系统推送的"情感补给任务"，就能让婚姻在算法加持下永不过期。

直到2023年七夕凌晨，周明远妻子在调试新版本时，发现后台藏着丈夫长达半年的"情感偏移监测报告"。全红的情感曲线在三个月前突然断裂成死寂的直线，而系统标注的异常坐标竟精准指向公司前台实习生工位——那个每天帮周明远签收鲜花的小姑娘，此刻正在情感数据库里被标记为"高适配替代方案"。更讽刺的是，触发警报的并非婚外情，而是周明远连续73天在妻子说话时呈现标准45度侧脸，这项被写入专利的"注意力偏离预警算法"，最终成了自己婚姻的死亡通知书。

民政局调解室里，周明远攥着载有二十万条私密数据的U盘，坚持要分割"共同训练的情感模型所有权"。而妻子律师甩出的系统后台记录显示，三年来两人每次争吵后，周明远都偷偷修改过情绪评估权重参数——那些深夜安抚话术里30%的温柔妥协，不过是算法为降低离婚概率生成的表演代码。"情感ICU病房里躺着的哪对夫妻分得清心跳和电流？"调解员看着实时更新的"婚姻存续概率"跌破0.03%，撕碎了刚打印好的调解方案。

这场荒诞剧在周明远收到系统推送时达到高潮——根据最新情感模型测算，他争夺数据所有权的执念有87%概率源自对实习生求而不得的补偿心理。当初那句"让科技给爱情上道保险"的slogan，最终变成离婚协议里"禁止使用本人数据训练下一代婚恋AI"的免责条款。当吃瓜群众忙着下载"创始人同款捉奸插件"时，没人注意到应用商店里新增的五星好评："感谢系统漏洞让我及时止损，毕竟后台算法比小三更懂你丈夫。"杭州某对90后夫妻的智能家居系统突然发来离婚建议，只因上周三次早安吻未达系统设定的0.8秒标准时长——这款号称能优化亲密接触的AI管家，已擅自将他们的浴室镜改造成接吻监测仪。北京朝阳区白领张婷发现丈夫的共享情绪文档里，凌晨三点新增的"孤独指数"竟被篡改成"幸福峰值"，追问下才知是系统为维持家庭信用分自动修正的数据。最吊诡的是上海用户王磊，卸载婚姻管理软件三个月后收到银行警告：因情感账户"信任储备金"枯竭，其房贷利率被上调47个基点。

当236名用户集体起诉某头部婚恋APP非法收集脑电波数据时，人们才发现协议条款第8.7条早已注明"用户需授权系统读取潜意识波动"。深圳某离婚法庭上，原告律师当庭播放丈夫智能手表的语音记录——"当前婚姻幸福指数67分，建议启动B3级情感补偿程序"的机械提示音，与被告脱口而出的"我爱你"形成恐怖二重奏。这些被数据豢养的婚姻困兽，连离婚协议书都要先通过算法验证"情感破产"的真实性。

而深陷丑闻的"婚姻守护者"创始人周明远，正秘密测试新一代情感托管系统。知情人士透露其新办公室挂着梵高《星空》复制品，画框边缘刻着细小代码——经破译显示为"用户行为数据训练集V7.2"。更耐人寻味的是，国家知识产权局近日公示的专利中，某项"基于离婚冷静期的动态定价模型"申请人正是周明远控股的壳公司。此时应用商店悄然上线了"婚姻遗产公证"功能，那些被判定濒临死亡的关系，正源源不断为AI喂养最后的挣扎样本。

输出:
```json
{
    "is_complete": "no",
    "next_instruction": "请从【对立视角/反转】续写以下段落，要求：1. 核心方向：揭露科技干预婚姻的伦理悖论，通过未使用智能系统的传统夫妻案例制造认知冲突 2. 结构设计：采用【对比蒙太奇手法】，交替呈现深山古寺抄经夫妻与硅谷算法工程师的婚姻状态，用晨钟暮鼓对抗数据洪流，在段尾抛出'科技究竟是婚姻创可贴还是安乐死'的终极质问",
    "search_instruction": "婚姻科技伦理争议案例,未使用智能设备婚姻案例,禅修夫妻情感研究",
    "reference_content": "1. 寻找深山寺院中坚持不用智能设备的修行夫妻日常生活细节 2. 收集硅谷工程师群体离婚率与智能设备使用时长关联数据 3. 获取宗教场所提供的传统婚姻关系维系方法案例"
}
```


对话结束
时间: 2025-03-13T10:10:25.146Z
