[2025-03-10 17:03:05] [INFO]: 开始执行 Reasoner 模型对话
{
  "module": "reasoner-dialog",
  "initialTopic": "当代爱情最硬核的防出轨装置，不是查岗定位器，而是你手里这块发光的电子墓碑。心理学家Pauline Boss要是穿越到今天，怕是要把\"模糊性丧失\"理论升级成\"赛博鬼压床\"——活人躺在你枕边玩手机，比冷柜里的尸体更令人窒息。\n\n现在年轻人回家后的标准姿势，堪称当代行为艺术：左手刷着前任的旅行vlog，右手给现任点外卖，电视放着《甄嬛传》当BGM，活脱脱演成了《楚门的世界》番外篇。你的伴侣逐渐退化成客厅家具：\"我和沙发的区别在于，沙发不会半夜三点突然发出鹅叫般的笑声\"。\n\n某位用Instagram谈恋爱的勇士，贡献了本世纪最赛博朋克的分手理由——当对方连续37次已读不回你的猫咪视频，就像收到生日礼物却当场扔进碎纸机。更魔幻的是当事人甚至懒得当面质问，反手就用同款操作报复对方新发的健身照，当代爱情已经进化成谁先眨眼谁输的电子斗鸡大赛。\n\n你的拇指每划过一个短视频，就等于往亲密关系账户里提走一笔信任存款。当手机电量焦虑碾压了情感需求焦虑，当代人终于活成了自己最讨厌的ATM机——对方插卡时永远显示\"系统繁忙\"。最讽刺的是，我们甚至不敢关掉消息通知，生怕错过老板的加班通知，却放任伴侣的眼神逐渐变成手机反光膜上的一片马赛克。"
}
[2025-03-10 17:03:05] [DEBUG]: 会话环境初始化完成
{
  "module": "reasoner-dialog",
  "sessionDir": "public/logs/reasoner_dialogs/session_2025-03-10T09-03-05-308Z",
  "historyFile": "public/logs/reasoner_dialog_history/history_2025-03-10T09-03-05-308Z.jsonl"
}
[2025-03-10 17:03:05] [INFO]: 执行对话轮次 1/5
{
  "module": "reasoner-dialog"
}
[2025-03-10 17:12:41] [INFO]: 执行对话轮次 2/5
{
  "module": "reasoner-dialog"
}
[2025-03-10 17:27:26] [INFO]: 执行对话轮次 3/5
{
  "module": "reasoner-dialog"
}
[2025-03-10 17:32:55] [INFO]: 执行对话轮次 4/5
{
  "module": "reasoner-dialog"
}
[2025-03-10 17:57:35] [INFO]: 执行对话轮次 5/5
{
  "module": "reasoner-dialog"
}
[2025-03-10 17:59:15] [INFO]: 对话执行完成
{
  "module": "reasoner-dialog"
}
[2025-03-10 18:00:20] [INFO]: 开始执行 Reasoner 模型对话
{
  "module": "reasoner-dialog",
  "initialTopic": "深夜十点半的写字楼里，你正在用最后一丝脑细胞给客户的PPT镶金边，连标点符号都闪耀着资本主义的谄媚。同一时刻，你老婆发来的\"周末去哪家餐厅\"微信，正在聊天框里孤独地风化成电子木乃伊——当代职场精英的情感破产实录，往往比公司财报暴雷更悄无声息。\n\n你在星巴克跟客户聊三小时不带喘气，回家跟对象说三句话就进入省电模式；你在工作群抢红包比广场舞大妈还敏捷，面对伴侣的生日礼物订单却像加载失败的404页面。戈特曼研究所的数据不会告诉你，婚姻破裂的80%不是因为小三劈腿，而是因为你懒得给老婆的朋友圈点赞——当代爱情早从罗密欧朱丽叶进化成了\"已读不回必杀局\"。\n\n那些PPT里藏着的摩斯密码，客户嘴角抽搐的微表情，你解码得比FBI还专业。可当爱人把\"我头疼\"翻译成\"需要你关心\"时，你的情商瞬间跌穿地板直奔地下室。毕竟给甲方爸爸的报价单必须精确到小数点后三位，至于伴侣的情感需求？呵，按快餐店过号处理就行。\n\n你永远算不清这笔账：白天用100分演技给资本当舔狗，晚上回家只剩0.5%电量的爱情备用电池。直到某天发现伴侣的聊天置顶换成了健身教练，才惊觉仙人掌也会枯死——原来感情账户不充值真的会破产，而且法院不接受\"工作太忙\"的债务重组申请。"
}
[2025-03-10 18:00:20] [DEBUG]: 会话环境初始化完成
{
  "module": "reasoner-dialog",
  "sessionDir": "public/logs/reasoner_dialogs/session_2025-03-10T10-00-20-486Z",
  "historyFile": "public/logs/reasoner_dialog_history/history_2025-03-10T10-00-20-486Z.jsonl"
}
[2025-03-10 18:00:20] [INFO]: 执行对话轮次 1/5
{
  "module": "reasoner-dialog"
}
[2025-03-10 18:01:48] [INFO]: 执行对话轮次 2/5
{
  "module": "reasoner-dialog"
}
[2025-03-10 18:04:01] [INFO]: 执行对话轮次 3/5
{
  "module": "reasoner-dialog"
}
[2025-03-10 18:05:55] [INFO]: 执行对话轮次 4/5
{
  "module": "reasoner-dialog"
}
[2025-03-10 18:07:56] [INFO]: 执行对话轮次 5/5
{
  "module": "reasoner-dialog"
}
[2025-03-10 18:09:45] [INFO]: 对话执行完成
{
  "module": "reasoner-dialog"
}
[2025-03-10 18:10:43] [INFO]: 开始执行 Reasoner 模型对话
{
  "module": "reasoner-dialog",
  "initialTopic": "当代婚姻的急救包不在民政局调解室，而在小区绿化带。\n\n你可能觉得我在胡扯，毕竟现在连狗都知道拯救感情要靠烛光晚餐和心理咨询。但大数据显示，北上广深离婚窗口排队时长的反比例函数，恰恰对应着周边公园步道的人流量——这年头最硬核的婚姻修复工具，可能是你那双积灰三年的运动鞋。\n\n别急着骂街，先看个魔幻现实：当两口子瘫在沙发上各自刷短视频时，他们的愤怒值每分钟增长15%，但如果此刻有人起身说\"下楼走走\"，吵架成功率立减40%。别问我数据哪来的，你打开手机相册看看上次全家福背景里有没有行道树就懂了。\n\n现代人总以为亲密关系死于七年之痒，实则亡于充电器半径。心理学有个黑色幽默叫\"沙发死亡三角\"——WiFi信号、电源插座、外卖配送范围构成的结界，能把夫妻变成合租室友。而散步这个反人类设计，根本就是最古老的防沉迷系统：强制断网30分钟，让两个移动电源成精的人类不得不进行真人对话。\n\n更损的是，科学研究证明并排行走时人体分泌的催产素，能让互相嫌弃的夫妻产生\"战友幻觉\"。当你们开始用同频步伐碾压小区第三圈，那些在沙发上能引发核战争的\"牙膏到底该从哪头挤\"，突然就变成了可以笑着互骂智障的沙雕话题。\n\n某三甲医院婚姻咨询科大主任跟我说了个地狱笑话：现在来办离婚的，十个有九个手机电量高于70%。但每周肯花三小时散步的夫妻，复婚率比咨询费花十万的还高18%。别觉得离谱，想想你上次和伴侣认真说话是不是在电梯故障的30分钟？\n\n（案例预告：那对靠垃圾箱巡回路线熬过冷静期的夫妻，后来把离婚协议书折成了风筝）\n\n所以下次想掐死对方前，建议先打开微信运动。记住这个魔幻公式：步数增长=敌意衰减，毕竟人类学家早就看透了——能并肩走过五百公里的男女，根本舍不得为五平米房产证上的名字掀桌。\n\n现在知道为什么民政局都开在公园隔壁了吧？（战术停顿）建议先转发给那个瘫在沙发上的死鬼，毕竟要散步，总得先有个人从沙发上爬起来。"
}
[2025-03-10 18:10:43] [DEBUG]: 会话环境初始化完成
{
  "module": "reasoner-dialog",
  "sessionDir": "public/logs/reasoner_dialogs/session_2025-03-10T10-10-43-500Z",
  "historyFile": "public/logs/reasoner_dialog_history/history_2025-03-10T10-10-43-500Z.jsonl"
}
[2025-03-10 18:10:43] [INFO]: 执行对话轮次 1/5
{
  "module": "reasoner-dialog"
}
[2025-03-10 18:12:53] [INFO]: 执行对话轮次 2/5
{
  "module": "reasoner-dialog"
}
[2025-03-10 18:15:06] [INFO]: 执行对话轮次 3/5
{
  "module": "reasoner-dialog"
}
[2025-03-10 18:16:52] [INFO]: 执行对话轮次 4/5
{
  "module": "reasoner-dialog"
}
[2025-03-10 18:19:14] [INFO]: 执行对话轮次 5/5
{
  "module": "reasoner-dialog"
}
[2025-03-10 18:20:44] [INFO]: 对话执行完成
{
  "module": "reasoner-dialog"
}
