开始执行 Reasoner 模型对话
时间: 2025-03-10T10:10:43.517Z
初始话题: 当代婚姻的急救包不在民政局调解室，而在小区绿化带。

你可能觉得我在胡扯，毕竟现在连狗都知道拯救感情要靠烛光晚餐和心理咨询。但大数据显示，北上广深离婚窗口排队时长的反比例函数，恰恰对应着周边公园步道的人流量——这年头最硬核的婚姻修复工具，可能是你那双积灰三年的运动鞋。

别急着骂街，先看个魔幻现实：当两口子瘫在沙发上各自刷短视频时，他们的愤怒值每分钟增长15%，但如果此刻有人起身说"下楼走走"，吵架成功率立减40%。别问我数据哪来的，你打开手机相册看看上次全家福背景里有没有行道树就懂了。

现代人总以为亲密关系死于七年之痒，实则亡于充电器半径。心理学有个黑色幽默叫"沙发死亡三角"——WiFi信号、电源插座、外卖配送范围构成的结界，能把夫妻变成合租室友。而散步这个反人类设计，根本就是最古老的防沉迷系统：强制断网30分钟，让两个移动电源成精的人类不得不进行真人对话。

更损的是，科学研究证明并排行走时人体分泌的催产素，能让互相嫌弃的夫妻产生"战友幻觉"。当你们开始用同频步伐碾压小区第三圈，那些在沙发上能引发核战争的"牙膏到底该从哪头挤"，突然就变成了可以笑着互骂智障的沙雕话题。

某三甲医院婚姻咨询科大主任跟我说了个地狱笑话：现在来办离婚的，十个有九个手机电量高于70%。但每周肯花三小时散步的夫妻，复婚率比咨询费花十万的还高18%。别觉得离谱，想想你上次和伴侣认真说话是不是在电梯故障的30分钟？

（案例预告：那对靠垃圾箱巡回路线熬过冷静期的夫妻，后来把离婚协议书折成了风筝）

所以下次想掐死对方前，建议先打开微信运动。记住这个魔幻公式：步数增长=敌意衰减，毕竟人类学家早就看透了——能并肩走过五百公里的男女，根本舍不得为五平米房产证上的名字掀桌。

现在知道为什么民政局都开在公园隔壁了吧？（战术停顿）建议先转发给那个瘫在沙发上的死鬼，毕竟要散步，总得先有个人从沙发上爬起来。


--- 轮次 1/5 ---
输入:
当代婚姻的急救包不在民政局调解室，而在小区绿化带。

你可能觉得我在胡扯，毕竟现在连狗都知道拯救感情要靠烛光晚餐和心理咨询。但大数据显示，北上广深离婚窗口排队时长的反比例函数，恰恰对应着周边公园步道的人流量——这年头最硬核的婚姻修复工具，可能是你那双积灰三年的运动鞋。

别急着骂街，先看个魔幻现实：当两口子瘫在沙发上各自刷短视频时，他们的愤怒值每分钟增长15%，但如果此刻有人起身说"下楼走走"，吵架成功率立减40%。别问我数据哪来的，你打开手机相册看看上次全家福背景里有没有行道树就懂了。

现代人总以为亲密关系死于七年之痒，实则亡于充电器半径。心理学有个黑色幽默叫"沙发死亡三角"——WiFi信号、电源插座、外卖配送范围构成的结界，能把夫妻变成合租室友。而散步这个反人类设计，根本就是最古老的防沉迷系统：强制断网30分钟，让两个移动电源成精的人类不得不进行真人对话。

更损的是，科学研究证明并排行走时人体分泌的催产素，能让互相嫌弃的夫妻产生"战友幻觉"。当你们开始用同频步伐碾压小区第三圈，那些在沙发上能引发核战争的"牙膏到底该从哪头挤"，突然就变成了可以笑着互骂智障的沙雕话题。

某三甲医院婚姻咨询科大主任跟我说了个地狱笑话：现在来办离婚的，十个有九个手机电量高于70%。但每周肯花三小时散步的夫妻，复婚率比咨询费花十万的还高18%。别觉得离谱，想想你上次和伴侣认真说话是不是在电梯故障的30分钟？

（案例预告：那对靠垃圾箱巡回路线熬过冷静期的夫妻，后来把离婚协议书折成了风筝）

所以下次想掐死对方前，建议先打开微信运动。记住这个魔幻公式：步数增长=敌意衰减，毕竟人类学家早就看透了——能并肩走过五百公里的男女，根本舍不得为五平米房产证上的名字掀桌。

现在知道为什么民政局都开在公园隔壁了吧？（战术停顿）建议先转发给那个瘫在沙发上的死鬼，毕竟要散步，总得先有个人从沙发上爬起来。

输出:
```json
{
    "is_complete": "no",
    "next_instruction": "请从【魔幻现实案例】续写以下段落，要求：1. 核心方向：揭秘预告中靠垃圾箱巡回路线挽救婚姻的夫妻具体故事，重点刻画【将离婚协议折风筝】的荒诞细节与情感转折 2. 结构设计：用凌晨三点倒垃圾引发的散步战争→垃圾种类分类引发的权力博弈→梧桐树下发现对方手机屏保是自己五年前照片的破防时刻",
    "search_instruction": "婚姻危机 散步 真实案例",
    "reference_content": "收集一线城市社区调解员记录的散步挽救婚姻典型案例，重点提取：1.具有场景冲突的散步路线细节 2.离婚冷静期期间的情感转折节点 3.物品符号化改造（如文件变风筝）的心理学解释"
}
```


--- 轮次 2/5 ---
输入:
当代婚姻的急救包不在民政局调解室，而在小区绿化带。

你可能觉得我在胡扯，毕竟现在连狗都知道拯救感情要靠烛光晚餐和心理咨询。但大数据显示，北上广深离婚窗口排队时长的反比例函数，恰恰对应着周边公园步道的人流量——这年头最硬核的婚姻修复工具，可能是你那双积灰三年的运动鞋。

别急着骂街，先看个魔幻现实：当两口子瘫在沙发上各自刷短视频时，他们的愤怒值每分钟增长15%，但如果此刻有人起身说"下楼走走"，吵架成功率立减40%。别问我数据哪来的，你打开手机相册看看上次全家福背景里有没有行道树就懂了。

现代人总以为亲密关系死于七年之痒，实则亡于充电器半径。心理学有个黑色幽默叫"沙发死亡三角"——WiFi信号、电源插座、外卖配送范围构成的结界，能把夫妻变成合租室友。而散步这个反人类设计，根本就是最古老的防沉迷系统：强制断网30分钟，让两个移动电源成精的人类不得不进行真人对话。

更损的是，科学研究证明并排行走时人体分泌的催产素，能让互相嫌弃的夫妻产生"战友幻觉"。当你们开始用同频步伐碾压小区第三圈，那些在沙发上能引发核战争的"牙膏到底该从哪头挤"，突然就变成了可以笑着互骂智障的沙雕话题。

某三甲医院婚姻咨询科大主任跟我说了个地狱笑话：现在来办离婚的，十个有九个手机电量高于70%。但每周肯花三小时散步的夫妻，复婚率比咨询费花十万的还高18%。别觉得离谱，想想你上次和伴侣认真说话是不是在电梯故障的30分钟？

（案例预告：那对靠垃圾箱巡回路线熬过冷静期的夫妻，后来把离婚协议书折成了风筝）

所以下次想掐死对方前，建议先打开微信运动。记住这个魔幻公式：步数增长=敌意衰减，毕竟人类学家早就看透了——能并肩走过五百公里的男女，根本舍不得为五平米房产证上的名字掀桌。

现在知道为什么民政局都开在公园隔壁了吧？（战术停顿）建议先转发给那个瘫在沙发上的死鬼，毕竟要散步，总得先有个人从沙发上爬起来。但你以为这就完了？资本家的骚操作比渣男的甜言蜜语还防不胜防。某些知识付费平台玩起"连续包年优惠"时，那套路深得就像在火锅里涮香菜——明摆着欺负老实人。你颤巍巍找到取消自动续费的入口，得先通过三关验证码、五页挽留弹窗，最后还得接受客服小姐姐声泪俱下的灵魂拷问："是我们课程不够硬核吗？"

更魔幻的是某些健身APP的年度会员，表面打着"每天只要1块钱"的旗号，暗地里早把支付条款埋进用户协议第38条附则，字小得让蚂蚁都患上近视。等第二年突然收到四位数的扣款短信时，你才惊觉自己成了当代大冤种，这感觉堪比发现暧昧对象手机里存着八个备胎。

反杀攻略其实很简单：在支付设置里给所有APP开通"小额免密支付"，就像给渣男系上贞操带。再掏出祖传的Excel，把每个订阅服务标注成"前男友""绿茶闺蜜"分类管理。最硬核的狠人直接祭出虚拟信用卡，用完就注销，让自动续费功能表演原地扑街。

说到底这些套路都在测试现代人的反诈骗阈值，就像在酒吧被搭讪时突然掏出《民法典》。记住，资本家的每个善意微笑背后，都藏着计算器按冒烟的利润公式。下回再看到"限时优惠"四个字，建议直接脑补成"前方有诈"的霓虹灯警示牌。

输出:
```json
{
    "is_complete": "no",
    "next_instruction": "请从【资本围剿视角】续写以下段落，要求：1. 核心方向：揭露知识付费平台/智能穿戴品牌如何将散步经济变成新韭菜田 2. 结构设计：用某智能手环品牌借婚姻焦虑收割用户的案例，突出消费主义对情感修复的异化 3. 语言保持黑色幽默风格，参考原文的'把离婚协议折成风筝'这类魔幻比喻",
    "search_instruction": "2023年智能穿戴设备营销报告 散步经济市场规模",
    "reference_content": "1. 智能手环'伴侣心率同步功能'的实际使用数据 2. 知识付费平台推出的'婚姻拯救散步课程'定价策略 3. 公园周边咖啡店推出的'离婚冷静期双人套餐'营销案例"
}
```


--- 轮次 3/5 ---
输入:
当代婚姻的急救包不在民政局调解室，而在小区绿化带。

你可能觉得我在胡扯，毕竟现在连狗都知道拯救感情要靠烛光晚餐和心理咨询。但大数据显示，北上广深离婚窗口排队时长的反比例函数，恰恰对应着周边公园步道的人流量——这年头最硬核的婚姻修复工具，可能是你那双积灰三年的运动鞋。

别急着骂街，先看个魔幻现实：当两口子瘫在沙发上各自刷短视频时，他们的愤怒值每分钟增长15%，但如果此刻有人起身说"下楼走走"，吵架成功率立减40%。别问我数据哪来的，你打开手机相册看看上次全家福背景里有没有行道树就懂了。

现代人总以为亲密关系死于七年之痒，实则亡于充电器半径。心理学有个黑色幽默叫"沙发死亡三角"——WiFi信号、电源插座、外卖配送范围构成的结界，能把夫妻变成合租室友。而散步这个反人类设计，根本就是最古老的防沉迷系统：强制断网30分钟，让两个移动电源成精的人类不得不进行真人对话。

更损的是，科学研究证明并排行走时人体分泌的催产素，能让互相嫌弃的夫妻产生"战友幻觉"。当你们开始用同频步伐碾压小区第三圈，那些在沙发上能引发核战争的"牙膏到底该从哪头挤"，突然就变成了可以笑着互骂智障的沙雕话题。

某三甲医院婚姻咨询科大主任跟我说了个地狱笑话：现在来办离婚的，十个有九个手机电量高于70%。但每周肯花三小时散步的夫妻，复婚率比咨询费花十万的还高18%。别觉得离谱，想想你上次和伴侣认真说话是不是在电梯故障的30分钟？

（案例预告：那对靠垃圾箱巡回路线熬过冷静期的夫妻，后来把离婚协议书折成了风筝）

所以下次想掐死对方前，建议先打开微信运动。记住这个魔幻公式：步数增长=敌意衰减，毕竟人类学家早就看透了——能并肩走过五百公里的男女，根本舍不得为五平米房产证上的名字掀桌。

现在知道为什么民政局都开在公园隔壁了吧？（战术停顿）建议先转发给那个瘫在沙发上的死鬼，毕竟要散步，总得先有个人从沙发上爬起来。但你以为这就完了？资本家的骚操作比渣男的甜言蜜语还防不胜防。某些知识付费平台玩起"连续包年优惠"时，那套路深得就像在火锅里涮香菜——明摆着欺负老实人。你颤巍巍找到取消自动续费的入口，得先通过三关验证码、五页挽留弹窗，最后还得接受客服小姐姐声泪俱下的灵魂拷问："是我们课程不够硬核吗？"

更魔幻的是某些健身APP的年度会员，表面打着"每天只要1块钱"的旗号，暗地里早把支付条款埋进用户协议第38条附则，字小得让蚂蚁都患上近视。等第二年突然收到四位数的扣款短信时，你才惊觉自己成了当代大冤种，这感觉堪比发现暧昧对象手机里存着八个备胎。

反杀攻略其实很简单：在支付设置里给所有APP开通"小额免密支付"，就像给渣男系上贞操带。再掏出祖传的Excel，把每个订阅服务标注成"前男友""绿茶闺蜜"分类管理。最硬核的狠人直接祭出虚拟信用卡，用完就注销，让自动续费功能表演原地扑街。

说到底这些套路都在测试现代人的反诈骗阈值，就像在酒吧被搭讪时突然掏出《民法典》。记住，资本家的每个善意微笑背后，都藏着计算器按冒烟的利润公式。下回再看到"限时优惠"四个字，建议直接脑补成"前方有诈"的霓虹灯警示牌。你以为手环市场萎缩是输给手表？天真！这年头连韭菜都学会用脚投票了。看数据就像看渣男的聊天记录，表面上2023年手环出货量微增2.2%，实则全靠厂商清库存时祭出"买手环送鸡蛋"的祖传艺能。反观隔壁智能手表赛道，儿童款销量暴涨7.2%，成年人买表根本不是看时间，而是为了在家长群秀出"华为GT4尊享版"的付款截图。

手环沦落成电子时代的快消品，本质上和共享充电宝没区别。用户买回家新鲜三天，接着就开始和瑜伽垫、Kindle组成"中产三件套"在闲鱼集体躺尸。厂商们更骚，玩起俄罗斯套娃式创新——去年给你加个血氧检测，今年塞进震动闹钟，明年准备开发放生功能帮用户戒除电子依赖。要我说这哪是科技公司，分明是电子许愿池里捞硬币的。

价格战更堪称行为艺术，199元能买到带体温监测的电子狗链，299元直接送你太空人表盘。某大厂去年双十一骚操作，满199减200的券发错类目，愣是把智能手环卖成了9.9包邮的电子秤配件。这种魔幻现实背后，是巨头们拿着手环当数据入口，盘算着从健康管理、运动社交这些后市场榨取价值。说白了就是互联网思维夺舍硬件，手环不过是个会发光的电子鱼饵。

最黑色幽默的是，当你在PDD花68元喜提"华强北顶配手环"，可能正戴着全球首款元宇宙概念设备——毕竟这玩意连步数都是AI生成的。

输出:
```json
{
    "is_complete": "no",
    "next_instruction": "请从【魔幻现实案例】续写以下段落，要求：1. 核心方向：展开预告中垃圾箱巡回路线夫妻的具体故事，突出【荒诞细节与真实情感交织】2. 结构设计：先用倒叙手法呈现他们放飞离婚协议风筝的名场面，再揭秘两人如何通过垃圾分类+散步的奇葩组合拳重燃感情",
    "search_instruction": "垃圾分类散步路线 夫妻关系修复案例",
    "reference_content": "需要查找垃圾分类政策与社区散步路线结合的特色案例，重点提取居民在共同完成生活事务时意外改善关系的细节，如特定时间、道具、对话场景等"
}
```


--- 轮次 4/5 ---
输入:
当代婚姻的急救包不在民政局调解室，而在小区绿化带。

你可能觉得我在胡扯，毕竟现在连狗都知道拯救感情要靠烛光晚餐和心理咨询。但大数据显示，北上广深离婚窗口排队时长的反比例函数，恰恰对应着周边公园步道的人流量——这年头最硬核的婚姻修复工具，可能是你那双积灰三年的运动鞋。

别急着骂街，先看个魔幻现实：当两口子瘫在沙发上各自刷短视频时，他们的愤怒值每分钟增长15%，但如果此刻有人起身说"下楼走走"，吵架成功率立减40%。别问我数据哪来的，你打开手机相册看看上次全家福背景里有没有行道树就懂了。

现代人总以为亲密关系死于七年之痒，实则亡于充电器半径。心理学有个黑色幽默叫"沙发死亡三角"——WiFi信号、电源插座、外卖配送范围构成的结界，能把夫妻变成合租室友。而散步这个反人类设计，根本就是最古老的防沉迷系统：强制断网30分钟，让两个移动电源成精的人类不得不进行真人对话。

更损的是，科学研究证明并排行走时人体分泌的催产素，能让互相嫌弃的夫妻产生"战友幻觉"。当你们开始用同频步伐碾压小区第三圈，那些在沙发上能引发核战争的"牙膏到底该从哪头挤"，突然就变成了可以笑着互骂智障的沙雕话题。

某三甲医院婚姻咨询科大主任跟我说了个地狱笑话：现在来办离婚的，十个有九个手机电量高于70%。但每周肯花三小时散步的夫妻，复婚率比咨询费花十万的还高18%。别觉得离谱，想想你上次和伴侣认真说话是不是在电梯故障的30分钟？

（案例预告：那对靠垃圾箱巡回路线熬过冷静期的夫妻，后来把离婚协议书折成了风筝）

所以下次想掐死对方前，建议先打开微信运动。记住这个魔幻公式：步数增长=敌意衰减，毕竟人类学家早就看透了——能并肩走过五百公里的男女，根本舍不得为五平米房产证上的名字掀桌。

现在知道为什么民政局都开在公园隔壁了吧？（战术停顿）建议先转发给那个瘫在沙发上的死鬼，毕竟要散步，总得先有个人从沙发上爬起来。但你以为这就完了？资本家的骚操作比渣男的甜言蜜语还防不胜防。某些知识付费平台玩起"连续包年优惠"时，那套路深得就像在火锅里涮香菜——明摆着欺负老实人。你颤巍巍找到取消自动续费的入口，得先通过三关验证码、五页挽留弹窗，最后还得接受客服小姐姐声泪俱下的灵魂拷问："是我们课程不够硬核吗？"

更魔幻的是某些健身APP的年度会员，表面打着"每天只要1块钱"的旗号，暗地里早把支付条款埋进用户协议第38条附则，字小得让蚂蚁都患上近视。等第二年突然收到四位数的扣款短信时，你才惊觉自己成了当代大冤种，这感觉堪比发现暧昧对象手机里存着八个备胎。

反杀攻略其实很简单：在支付设置里给所有APP开通"小额免密支付"，就像给渣男系上贞操带。再掏出祖传的Excel，把每个订阅服务标注成"前男友""绿茶闺蜜"分类管理。最硬核的狠人直接祭出虚拟信用卡，用完就注销，让自动续费功能表演原地扑街。

说到底这些套路都在测试现代人的反诈骗阈值，就像在酒吧被搭讪时突然掏出《民法典》。记住，资本家的每个善意微笑背后，都藏着计算器按冒烟的利润公式。下回再看到"限时优惠"四个字，建议直接脑补成"前方有诈"的霓虹灯警示牌。你以为手环市场萎缩是输给手表？天真！这年头连韭菜都学会用脚投票了。看数据就像看渣男的聊天记录，表面上2023年手环出货量微增2.2%，实则全靠厂商清库存时祭出"买手环送鸡蛋"的祖传艺能。反观隔壁智能手表赛道，儿童款销量暴涨7.2%，成年人买表根本不是看时间，而是为了在家长群秀出"华为GT4尊享版"的付款截图。

手环沦落成电子时代的快消品，本质上和共享充电宝没区别。用户买回家新鲜三天，接着就开始和瑜伽垫、Kindle组成"中产三件套"在闲鱼集体躺尸。厂商们更骚，玩起俄罗斯套娃式创新——去年给你加个血氧检测，今年塞进震动闹钟，明年准备开发放生功能帮用户戒除电子依赖。要我说这哪是科技公司，分明是电子许愿池里捞硬币的。

价格战更堪称行为艺术，199元能买到带体温监测的电子狗链，299元直接送你太空人表盘。某大厂去年双十一骚操作，满199减200的券发错类目，愣是把智能手环卖成了9.9包邮的电子秤配件。这种魔幻现实背后，是巨头们拿着手环当数据入口，盘算着从健康管理、运动社交这些后市场榨取价值。说白了就是互联网思维夺舍硬件，手环不过是个会发光的电子鱼饵。

最黑色幽默的是，当你在PDD花68元喜提"华强北顶配手环"，可能正戴着全球首款元宇宙概念设备——毕竟这玩意连步数都是AI生成的。这波骚操作堪称教科书级别的窒息操作（此处应有掌声）。你以为人家在第五层，其实瑞幸早就在地下室挖通了地铁线。私域流量玩到飞起，直接把用户圈进企业微信搞"贴身服务"，每天用3.5折券糊你一脸，这哪是咖啡店？分明是当代赛博驯兽师。数据显示瑞幸私域用户复购率暴涨30%，每月省下千万级营销费——省下来的钱够给每个打工人续命365杯厚乳拿铁。

差异化定价更是把祖传大数据玩出包浆，同一杯生椰拿铁，北京国贸白领看到16块，五环外程序员可能只要9.9，这波"价格折叠术"比盗梦空间还魔幻。更绝的是爆品策略，生椰系列一年卖3亿杯，直接把海南椰农送上人生巅峰。现在去便利店买椰树牌椰汁都得看瑞幸脸色，毕竟人家手握全国60%的椰浆订单（此处应@隔壁被反杀的椰树集团）。

反观星巴克还在坚持"第三空间"的祖训，结果被瑞幸用8000家门店怼脸输出。星爸爸可能没想明白，中国社畜要的不是沙发WiFi，而是5分钟拿到救命咖啡的闪电效率。更杀人诛心的是，瑞幸门店平均面积只有星巴克1/3，但单店日销最高突破9000杯——这个数字约等于让星巴克伙伴表演原地托马斯回旋。现在知道为啥星巴克也开始送优惠券了吧？被卷到连美人鱼logo都在掉鳞片。

（摊手）所以别总说中国品牌只会抄袭，这套本土化组合拳打出来，西方巨头都得连夜修改商业教材。从裂变营销到反向定制，从私域围猎到动态割韭菜，瑞幸硬是把咖啡生意做成了互联网产品迭代。下次再有人说中国没有创新，建议直接甩他脸上三张优惠券：一张生椰拿铁券，一张丝绒拿铁券，再加一张酱香拿铁券——毕竟资本主义的糖水，哪有社会主义的咖啡来得提神醒脑？

输出:
```json
{
    "is_complete": "no",
    "next_instruction": "请从【魔幻现实案例】续写以下段落，要求：1. 核心方向：完整呈现预告中'垃圾箱巡回路线挽救婚姻'的荒诞现实，突出【从对峙到和解】的戏剧性转折 2. 结构设计：用垃圾桶分类规则暗喻婚姻矛盾解决路径，结尾埋下'风筝线缠住物业经理假发'的彩蛋",
    "search_instruction": "垃圾分类小区夫妻矛盾 散步调解案例",
    "reference_content": "收集一线城市社区调解典型案例，重点提取以日常生活场景化解情感危机的创新做法，挖掘垃圾分类执行过程中发生的夫妻合作趣闻"
}
```


--- 轮次 5/5 ---
输入:
当代婚姻的急救包不在民政局调解室，而在小区绿化带。

你可能觉得我在胡扯，毕竟现在连狗都知道拯救感情要靠烛光晚餐和心理咨询。但大数据显示，北上广深离婚窗口排队时长的反比例函数，恰恰对应着周边公园步道的人流量——这年头最硬核的婚姻修复工具，可能是你那双积灰三年的运动鞋。

别急着骂街，先看个魔幻现实：当两口子瘫在沙发上各自刷短视频时，他们的愤怒值每分钟增长15%，但如果此刻有人起身说"下楼走走"，吵架成功率立减40%。别问我数据哪来的，你打开手机相册看看上次全家福背景里有没有行道树就懂了。

现代人总以为亲密关系死于七年之痒，实则亡于充电器半径。心理学有个黑色幽默叫"沙发死亡三角"——WiFi信号、电源插座、外卖配送范围构成的结界，能把夫妻变成合租室友。而散步这个反人类设计，根本就是最古老的防沉迷系统：强制断网30分钟，让两个移动电源成精的人类不得不进行真人对话。

更损的是，科学研究证明并排行走时人体分泌的催产素，能让互相嫌弃的夫妻产生"战友幻觉"。当你们开始用同频步伐碾压小区第三圈，那些在沙发上能引发核战争的"牙膏到底该从哪头挤"，突然就变成了可以笑着互骂智障的沙雕话题。

某三甲医院婚姻咨询科大主任跟我说了个地狱笑话：现在来办离婚的，十个有九个手机电量高于70%。但每周肯花三小时散步的夫妻，复婚率比咨询费花十万的还高18%。别觉得离谱，想想你上次和伴侣认真说话是不是在电梯故障的30分钟？

（案例预告：那对靠垃圾箱巡回路线熬过冷静期的夫妻，后来把离婚协议书折成了风筝）

所以下次想掐死对方前，建议先打开微信运动。记住这个魔幻公式：步数增长=敌意衰减，毕竟人类学家早就看透了——能并肩走过五百公里的男女，根本舍不得为五平米房产证上的名字掀桌。

现在知道为什么民政局都开在公园隔壁了吧？（战术停顿）建议先转发给那个瘫在沙发上的死鬼，毕竟要散步，总得先有个人从沙发上爬起来。但你以为这就完了？资本家的骚操作比渣男的甜言蜜语还防不胜防。某些知识付费平台玩起"连续包年优惠"时，那套路深得就像在火锅里涮香菜——明摆着欺负老实人。你颤巍巍找到取消自动续费的入口，得先通过三关验证码、五页挽留弹窗，最后还得接受客服小姐姐声泪俱下的灵魂拷问："是我们课程不够硬核吗？"

更魔幻的是某些健身APP的年度会员，表面打着"每天只要1块钱"的旗号，暗地里早把支付条款埋进用户协议第38条附则，字小得让蚂蚁都患上近视。等第二年突然收到四位数的扣款短信时，你才惊觉自己成了当代大冤种，这感觉堪比发现暧昧对象手机里存着八个备胎。

反杀攻略其实很简单：在支付设置里给所有APP开通"小额免密支付"，就像给渣男系上贞操带。再掏出祖传的Excel，把每个订阅服务标注成"前男友""绿茶闺蜜"分类管理。最硬核的狠人直接祭出虚拟信用卡，用完就注销，让自动续费功能表演原地扑街。

说到底这些套路都在测试现代人的反诈骗阈值，就像在酒吧被搭讪时突然掏出《民法典》。记住，资本家的每个善意微笑背后，都藏着计算器按冒烟的利润公式。下回再看到"限时优惠"四个字，建议直接脑补成"前方有诈"的霓虹灯警示牌。你以为手环市场萎缩是输给手表？天真！这年头连韭菜都学会用脚投票了。看数据就像看渣男的聊天记录，表面上2023年手环出货量微增2.2%，实则全靠厂商清库存时祭出"买手环送鸡蛋"的祖传艺能。反观隔壁智能手表赛道，儿童款销量暴涨7.2%，成年人买表根本不是看时间，而是为了在家长群秀出"华为GT4尊享版"的付款截图。

手环沦落成电子时代的快消品，本质上和共享充电宝没区别。用户买回家新鲜三天，接着就开始和瑜伽垫、Kindle组成"中产三件套"在闲鱼集体躺尸。厂商们更骚，玩起俄罗斯套娃式创新——去年给你加个血氧检测，今年塞进震动闹钟，明年准备开发放生功能帮用户戒除电子依赖。要我说这哪是科技公司，分明是电子许愿池里捞硬币的。

价格战更堪称行为艺术，199元能买到带体温监测的电子狗链，299元直接送你太空人表盘。某大厂去年双十一骚操作，满199减200的券发错类目，愣是把智能手环卖成了9.9包邮的电子秤配件。这种魔幻现实背后，是巨头们拿着手环当数据入口，盘算着从健康管理、运动社交这些后市场榨取价值。说白了就是互联网思维夺舍硬件，手环不过是个会发光的电子鱼饵。

最黑色幽默的是，当你在PDD花68元喜提"华强北顶配手环"，可能正戴着全球首款元宇宙概念设备——毕竟这玩意连步数都是AI生成的。这波骚操作堪称教科书级别的窒息操作（此处应有掌声）。你以为人家在第五层，其实瑞幸早就在地下室挖通了地铁线。私域流量玩到飞起，直接把用户圈进企业微信搞"贴身服务"，每天用3.5折券糊你一脸，这哪是咖啡店？分明是当代赛博驯兽师。数据显示瑞幸私域用户复购率暴涨30%，每月省下千万级营销费——省下来的钱够给每个打工人续命365杯厚乳拿铁。

差异化定价更是把祖传大数据玩出包浆，同一杯生椰拿铁，北京国贸白领看到16块，五环外程序员可能只要9.9，这波"价格折叠术"比盗梦空间还魔幻。更绝的是爆品策略，生椰系列一年卖3亿杯，直接把海南椰农送上人生巅峰。现在去便利店买椰树牌椰汁都得看瑞幸脸色，毕竟人家手握全国60%的椰浆订单（此处应@隔壁被反杀的椰树集团）。

反观星巴克还在坚持"第三空间"的祖训，结果被瑞幸用8000家门店怼脸输出。星爸爸可能没想明白，中国社畜要的不是沙发WiFi，而是5分钟拿到救命咖啡的闪电效率。更杀人诛心的是，瑞幸门店平均面积只有星巴克1/3，但单店日销最高突破9000杯——这个数字约等于让星巴克伙伴表演原地托马斯回旋。现在知道为啥星巴克也开始送优惠券了吧？被卷到连美人鱼logo都在掉鳞片。

（摊手）所以别总说中国品牌只会抄袭，这套本土化组合拳打出来，西方巨头都得连夜修改商业教材。从裂变营销到反向定制，从私域围猎到动态割韭菜，瑞幸硬是把咖啡生意做成了互联网产品迭代。下次再有人说中国没有创新，建议直接甩他脸上三张优惠券：一张生椰拿铁券，一张丝绒拿铁券，再加一张酱香拿铁券——毕竟资本主义的糖水，哪有社会主义的咖啡来得提神醒脑？调解员老张叼着半根玉溪蹲在垃圾桶边上数蚂蚁的时候，绝对想不到自己即将见证魔幻现实主义大戏。隔壁王婶把小龙虾壳扔进干垃圾箱的姿势，比年轻人玩飞盘还优雅三分，转头就跟新搬来的程序员小哥上演全武行——只因为对方说了句"您这虾壳得算湿垃圾"。

这场垃圾分类引发的文艺复兴运动，本质上就是场大型狼人杀现场。居委会大妈化身预言家挨家查水表，外卖小哥被迫进修《垃圾分类从入门到入土》，物业经理每天在业主群发60秒语音矩阵，不知道的还以为在搞什么神秘仪式。最骚的是某科技公司CEO，直接给自家别墅装了人脸识别垃圾桶，结果系统把哈士奇认成他老婆，现在狗子每天叼着快递盒在小区巡回演出。

但真让这场荒诞剧升级成史诗级副本的，还得是18栋那位退休语文老师。老爷子把《垃圾分类管理条例》倒背如流不说，还自创了平仄押韵的"分类三字经"，每天清晨准时在垃圾站开坛讲法。要不是物业拦着，差点就发展出"湿垃圾派"和"可回收宗"两大门派。最绝的是某天夜里，监控拍到俩业主为袋过期奶粉大打出手，一个坚持要按厨余垃圾处理，另一个非说是其他垃圾，最后居然掏出手机连线环保局专家搞起了直播辩论。

这场全民参与的迷惑行为大赏背后，藏着的其实是现代都市人的社交饥渴症。以前邻居见面点头都嫌费电，现在为个奶茶杯归属能唠半小时嗑。某对夫妻靠争论尿不湿分类重燃爱情火花，楼下便利店老板转型代扔垃圾月入过万，连小区广场舞都新编了"分类disco"。你说这是素质问题？要我说这分明是赛博时代的新型社交货币，比朋友圈晒健身照真实多了。

输出:
```json
{
    "is_complete": "no",
    "next_instruction": "请从【魔幻现实案例】续写以下段落，要求：1. 核心方向：具体展开预告中'靠垃圾箱巡回路线熬过冷静期的夫妻'故事，突出散步路径与情感修复的戏剧性关联 2. 结构设计：用三幕剧结构展示（冲突爆发-荒诞解法-意外转折），加入垃圾桶分类细节制造黑色幽默",
    "search_instruction": "离婚冷静期奇葩案例 垃圾分类社交事件",
    "reference_content": "1.北上广离婚冷静期夫妻行为数据异常案例 2.垃圾分类引发的社区社交名场面 3.民政局周边公园动线设计"
}
```


对话结束
时间: 2025-03-10T10:20:44.658Z
