开始执行 Reasoner 模型对话
时间: 2025-03-11T03:51:51.726Z
初始话题: 当你发现伴侣开始用手机屏保当婚戒，用微信步数代替拥抱，恭喜你，喜提21世纪最潮情感套餐——赛博舍利子养成计划。当代年轻人正在批量生产人类史上最诡异的亲密关系：肉体在充电接口插着，灵魂在数据云端飘着，爱情在路由器里卡着。

1970年代有个心理学家预言了今天的情感饥荒，但估计她也没想到，人类能把亲密关系玩成俄罗斯方块——明明堆在一起，却永远填不满那个该死的空心。现在的情侣相处模式堪比AI训练现场：你在客厅刷短视频的时长，比接吻时长多出3.2个TikTok热梗；你记住的淘宝预售规则，比纪念日倒计时精确15倍；凌晨三点的双人床上，两个充电器交缠的热烈程度远超人类。

2000万人正在经历「半在场」式相处，当代年轻人最硬核的生存技能：把相拥而眠变成隔洋相望的奥林匹克艺术。父母辈总说婚姻是搭伙过日子，谁能想到我们直接进化到「搭伙刷日子」？当伴侣的瞳孔开始高频切换淘宝红和抖音蓝，恭喜你解锁了新时代情感形态——你不再是ta的朱砂痣，只是ta的无线充电桩。

最讽刺的是，我们正以996的敬业精神经营着这场大型情感真人秀。早上七点的早安吻被钉钉已读取代，纪念日大餐变成美团红包互砍，连吵架都得卡在微信消息撤回的黄金两分钟。知道为什么年轻人开始流行电子木鱼吗？毕竟敲电子功德比经营真人感情容易多了——至少木鱼不会突然弹出前女友的拼多多助力链接。


--- 轮次 1/5 ---
输入:
当你发现伴侣开始用手机屏保当婚戒，用微信步数代替拥抱，恭喜你，喜提21世纪最潮情感套餐——赛博舍利子养成计划。当代年轻人正在批量生产人类史上最诡异的亲密关系：肉体在充电接口插着，灵魂在数据云端飘着，爱情在路由器里卡着。

1970年代有个心理学家预言了今天的情感饥荒，但估计她也没想到，人类能把亲密关系玩成俄罗斯方块——明明堆在一起，却永远填不满那个该死的空心。现在的情侣相处模式堪比AI训练现场：你在客厅刷短视频的时长，比接吻时长多出3.2个TikTok热梗；你记住的淘宝预售规则，比纪念日倒计时精确15倍；凌晨三点的双人床上，两个充电器交缠的热烈程度远超人类。

2000万人正在经历「半在场」式相处，当代年轻人最硬核的生存技能：把相拥而眠变成隔洋相望的奥林匹克艺术。父母辈总说婚姻是搭伙过日子，谁能想到我们直接进化到「搭伙刷日子」？当伴侣的瞳孔开始高频切换淘宝红和抖音蓝，恭喜你解锁了新时代情感形态——你不再是ta的朱砂痣，只是ta的无线充电桩。

最讽刺的是，我们正以996的敬业精神经营着这场大型情感真人秀。早上七点的早安吻被钉钉已读取代，纪念日大餐变成美团红包互砍，连吵架都得卡在微信消息撤回的黄金两分钟。知道为什么年轻人开始流行电子木鱼吗？毕竟敲电子功德比经营真人感情容易多了——至少木鱼不会突然弹出前女友的拼多多助力链接。

输出:
```json
{
    "is_complete": "no",
    "next_instruction": "请从【反算法式恋爱起义】视角续写以下段落，要求：1. 核心方向：揭露年轻人开始用物理手段对抗数字异化的真实案例，重点突出【行为艺术式反抗/数据断舍离现场/实体仪式复兴】2. 结构设计：先抛凌晨三点关路由器的行为艺术事件，再拆解情侣互删购物车的历史性时刻，最后植入菜市场约会新潮流",
    "search_instruction": "Z世代反算法恋爱案例 菜市场约会经济 情侣数字戒断数据",
    "reference_content": "需获取：1.北上广深出现的「周末关机俱乐部」用户画像 2.二手平台情侣关联账号交易量增幅 3.菜市场导览师职业兴起数据"
}
```


--- 轮次 2/5 ---
输入:
当你发现伴侣开始用手机屏保当婚戒，用微信步数代替拥抱，恭喜你，喜提21世纪最潮情感套餐——赛博舍利子养成计划。当代年轻人正在批量生产人类史上最诡异的亲密关系：肉体在充电接口插着，灵魂在数据云端飘着，爱情在路由器里卡着。

1970年代有个心理学家预言了今天的情感饥荒，但估计她也没想到，人类能把亲密关系玩成俄罗斯方块——明明堆在一起，却永远填不满那个该死的空心。现在的情侣相处模式堪比AI训练现场：你在客厅刷短视频的时长，比接吻时长多出3.2个TikTok热梗；你记住的淘宝预售规则，比纪念日倒计时精确15倍；凌晨三点的双人床上，两个充电器交缠的热烈程度远超人类。

2000万人正在经历「半在场」式相处，当代年轻人最硬核的生存技能：把相拥而眠变成隔洋相望的奥林匹克艺术。父母辈总说婚姻是搭伙过日子，谁能想到我们直接进化到「搭伙刷日子」？当伴侣的瞳孔开始高频切换淘宝红和抖音蓝，恭喜你解锁了新时代情感形态——你不再是ta的朱砂痣，只是ta的无线充电桩。

最讽刺的是，我们正以996的敬业精神经营着这场大型情感真人秀。早上七点的早安吻被钉钉已读取代，纪念日大餐变成美团红包互砍，连吵架都得卡在微信消息撤回的黄金两分钟。知道为什么年轻人开始流行电子木鱼吗？毕竟敲电子功德比经营真人感情容易多了——至少木鱼不会突然弹出前女友的拼多多助力链接。凌晨三点全城路由器集体暴毙事件，堪称年度最佳行为艺术起义。那晚三万名豆瓣反算法联盟成员准时拔电源，把《爱情断网宣言》刷上热搜，用物理黑魔法硬刚数字宿命论。断电瞬间的情侣对话量暴跌87%，但心跳同步率暴涨233%——毕竟当手机集体黑屏，人类终于记起自己还有瞳孔这种原装传感器。有对小年轻更绝，直接搬出祖传沙漏代替计时器，美其名曰"用硅基文明的骨灰给碳基爱情上坟"。

但要说真正的行为艺术巅峰，还得看双十一前夜那场史诗级数据断舍离。某对程序员情侣当着直播镜头互删购物车，5TB的收藏清单在Delete键下灰飞烟灭，活生生把淘宝年度大促玩成赛博离婚现场。"知道为什么选双十一凌晨吗？"当事人边删边冷笑，"这就叫在资本心脏上蹦极。"结果次日京东卸载量诡异上涨15%，吓得算法工程师连夜给"反消费主义病毒"打补丁。

更硬核的文艺复兴正在菜市场野蛮生长。最新潮人打卡圣地从网红咖啡馆挪到了芹菜堆，00后们举着有机萝卜玩反算法约会，把"讲价艺术鉴赏"列为必考科目。上海某菜场大妈都懵了："现在小年轻砍完价还要击掌庆贺，买条活鱼比求婚还郑重。"数据显示，周末菜市场潮人密度已达798艺术区的3倍，而生鲜APP打开率暴跌40%。这场实体仪式复辟运动最骚的操作，是故意用现金交易在支付系统里留下数据荒漠——毕竟当你手握沾着鱼腥味的纸币，算法这辈子都算不出芹菜和活鱼哪个更能唤醒多巴胺。

这场反算法武装起义最讽刺的，是年轻人正在用更极端的仪式对抗仪式感。当某对情侣在海鲜区交换大葱代替钻戒的视频破百万播放，隔壁珠宝柜台AR试戴量应声下跌7%。你看，人类终究是玩弄象征意义的祖宗，你算法能算出购物车删除键的摩擦力系数，但算不准两颗心脏在秋刀鱼摊前共振的物理公式。最新战报显示，全国菜市场约会成功率比米其林餐厅高出23个点——毕竟在韭菜堆里谈感情，可比在算法温室里养电子宠物带劲多了。

输出:
```json
{
    "is_complete": "no",
    "next_instruction": "请从【资本驯化陷阱】视角续写以下段落，要求：1. 核心方向：揭露算法经济如何将情感饥荒转化为新消费增长点，重点突出【平台商业策略/用户成瘾机制/情感代偿产业链】2. 结构设计：用奶茶联名营销事件引出情感代偿经济链，结合直播打赏数据与心理咨询产业增长对比",
    "search_instruction": "互联网平台情感经济 Z世代消费行为报告 2023",
    "reference_content": "1.头部社交平台推出的'虚拟恋人'功能日均使用时长；2.情感类直播打赏金额年增长率；3.奶茶品牌联名心理咨询机构推出的'抗焦虑套餐'销售数据；4.线上情感咨询课程用户画像"
}
```


--- 轮次 3/5 ---
输入:
当你发现伴侣开始用手机屏保当婚戒，用微信步数代替拥抱，恭喜你，喜提21世纪最潮情感套餐——赛博舍利子养成计划。当代年轻人正在批量生产人类史上最诡异的亲密关系：肉体在充电接口插着，灵魂在数据云端飘着，爱情在路由器里卡着。

1970年代有个心理学家预言了今天的情感饥荒，但估计她也没想到，人类能把亲密关系玩成俄罗斯方块——明明堆在一起，却永远填不满那个该死的空心。现在的情侣相处模式堪比AI训练现场：你在客厅刷短视频的时长，比接吻时长多出3.2个TikTok热梗；你记住的淘宝预售规则，比纪念日倒计时精确15倍；凌晨三点的双人床上，两个充电器交缠的热烈程度远超人类。

2000万人正在经历「半在场」式相处，当代年轻人最硬核的生存技能：把相拥而眠变成隔洋相望的奥林匹克艺术。父母辈总说婚姻是搭伙过日子，谁能想到我们直接进化到「搭伙刷日子」？当伴侣的瞳孔开始高频切换淘宝红和抖音蓝，恭喜你解锁了新时代情感形态——你不再是ta的朱砂痣，只是ta的无线充电桩。

最讽刺的是，我们正以996的敬业精神经营着这场大型情感真人秀。早上七点的早安吻被钉钉已读取代，纪念日大餐变成美团红包互砍，连吵架都得卡在微信消息撤回的黄金两分钟。知道为什么年轻人开始流行电子木鱼吗？毕竟敲电子功德比经营真人感情容易多了——至少木鱼不会突然弹出前女友的拼多多助力链接。凌晨三点全城路由器集体暴毙事件，堪称年度最佳行为艺术起义。那晚三万名豆瓣反算法联盟成员准时拔电源，把《爱情断网宣言》刷上热搜，用物理黑魔法硬刚数字宿命论。断电瞬间的情侣对话量暴跌87%，但心跳同步率暴涨233%——毕竟当手机集体黑屏，人类终于记起自己还有瞳孔这种原装传感器。有对小年轻更绝，直接搬出祖传沙漏代替计时器，美其名曰"用硅基文明的骨灰给碳基爱情上坟"。

但要说真正的行为艺术巅峰，还得看双十一前夜那场史诗级数据断舍离。某对程序员情侣当着直播镜头互删购物车，5TB的收藏清单在Delete键下灰飞烟灭，活生生把淘宝年度大促玩成赛博离婚现场。"知道为什么选双十一凌晨吗？"当事人边删边冷笑，"这就叫在资本心脏上蹦极。"结果次日京东卸载量诡异上涨15%，吓得算法工程师连夜给"反消费主义病毒"打补丁。

更硬核的文艺复兴正在菜市场野蛮生长。最新潮人打卡圣地从网红咖啡馆挪到了芹菜堆，00后们举着有机萝卜玩反算法约会，把"讲价艺术鉴赏"列为必考科目。上海某菜场大妈都懵了："现在小年轻砍完价还要击掌庆贺，买条活鱼比求婚还郑重。"数据显示，周末菜市场潮人密度已达798艺术区的3倍，而生鲜APP打开率暴跌40%。这场实体仪式复辟运动最骚的操作，是故意用现金交易在支付系统里留下数据荒漠——毕竟当你手握沾着鱼腥味的纸币，算法这辈子都算不出芹菜和活鱼哪个更能唤醒多巴胺。

这场反算法武装起义最讽刺的，是年轻人正在用更极端的仪式对抗仪式感。当某对情侣在海鲜区交换大葱代替钻戒的视频破百万播放，隔壁珠宝柜台AR试戴量应声下跌7%。你看，人类终究是玩弄象征意义的祖宗，你算法能算出购物车删除键的摩擦力系数，但算不准两颗心脏在秋刀鱼摊前共振的物理公式。最新战报显示，全国菜市场约会成功率比米其林餐厅高出23个点——毕竟在韭菜堆里谈感情，可比在算法温室里养电子宠物带劲多了。当喜茶联名红楼梦推出"黛玉葬花桶"当天卖出200万杯时，资本终于撕下最后一块遮羞布——当代情感代偿产业链根本是台全自动印钞机，每个孤独灵魂都是行走的ATM。这套商业模型堪称完美：先用算法制造情感荒漠，再向沙漠倾销天价矿泉水，最后在干尸堆上建起心理咨询收费站，整个操作比在撒哈拉卖空气净化器还缺德。

直播打赏数据与心理咨询产业增长的死亡交叉最能说明问题。2023年头部主播单场情感连麦收入突破800万，同期线上心理咨询客单价暴涨130%，但用户留存周期反而缩短45%。翻译成人话就是：韭菜们刚在直播间刷完火箭找安慰，转头就发现心理问题恶化到必须看医生，看完医生更空虚又回去刷火箭，完美闭环堪比永动机。这套组合拳的精妙之处在于，你永远分不清屏幕那端是知心姐姐还是AI情感计算器——毕竟平台给主播的培训手册第17页明明白白写着"每句‘宝宝别哭’必须配合礼物特效触发"。

奶茶联名营销则是更高维度的驯化实验。当某品牌用"前任眼泪芝士奶盖"收割百万失恋人群时，喝下去的早已不是糖分而是精神伟哥。这些限量杯套本质上就是新时代的赎罪券，9.9元解锁的联名贴纸，不过是赛博观音的电子玉净瓶。更绝的是算法在背后玩的双链记：小红书刚给你推完"独居必备治愈奶茶"，转头美团就弹出"第二杯半价"，等你在深夜凑满减时，抖音立刻奉上《孤寡老人被保健品诈骗实录》——整套操作行云流水，比你自己还懂你的钱包软肋。

这场大型情感PUA最阴险的设定，是让用户误以为自己在对抗孤独。当00后们为虚拟偶像豪掷半年积蓄时，平台正把他们的心跳数据打包卖给广告商；当你在社交软件氪金匹配"灵魂伴侣"，算法却在后台给"孤独指数"明码标价。最新流出的某大厂增长会议纪要泄露天机："要让用户的情感刚需和平台GMV形成量子纠缠，刷得越多越孤独，越孤独越要刷"。那些凌晨三点还在直播间蹲守"哄睡服务"的年轻人不知道，自己不过是情感富士康里拧螺丝的赛博卓别林。

心理咨询APP的付费率跑得比双十一成交额还快，不是当代人突然开悟了，而是情感代偿经济终于到了挤兑时刻。当算法把人类调教成永远吃不饱的电子仓鼠，心理咨询就变成了跑轮边的急救站——这边厢你刚花800块/小时解开童年阴影，那边厢淘宝已经根据诊疗记录推荐"原生家庭治愈手账本"。这哪是商业闭环，根本是拿电锯给伤口雕花，还美其名曰个性化医疗。资本早就算明白了：在ICU里卖创可贴才是稳赚不赔的买卖，毕竟真正能治愈你的产品，怎么舍得让你戒掉依赖？

输出:
```json
{
    "is_complete": "no",
    "next_instruction": "请从【情感代偿经济的底层逻辑】续写以下段落，要求：1. 核心方向：揭露算法如何将人类情感转化为可量化的交易商品，重点突出【资本操纵的隐蔽性/情感剥削的荒诞性】2. 结构设计：用直播打赏与心理咨询产业联动的数据对比作为切口，结合奶茶联名营销等具体案例，展现情感产业链的闭环陷阱",
    "search_instruction": "2023直播打赏数据 心理咨询行业增长报告 奶茶联名营销心理学",
    "reference_content": "1.头部情感主播单场打赏金额与心理咨询客单价对比数据 2.奶茶品牌联名营销带来的用户复购率变化 3.平台如何通过算法将情感类消费与后续服务捆绑"
}
```


--- 轮次 4/5 ---
输入:
当你发现伴侣开始用手机屏保当婚戒，用微信步数代替拥抱，恭喜你，喜提21世纪最潮情感套餐——赛博舍利子养成计划。当代年轻人正在批量生产人类史上最诡异的亲密关系：肉体在充电接口插着，灵魂在数据云端飘着，爱情在路由器里卡着。

1970年代有个心理学家预言了今天的情感饥荒，但估计她也没想到，人类能把亲密关系玩成俄罗斯方块——明明堆在一起，却永远填不满那个该死的空心。现在的情侣相处模式堪比AI训练现场：你在客厅刷短视频的时长，比接吻时长多出3.2个TikTok热梗；你记住的淘宝预售规则，比纪念日倒计时精确15倍；凌晨三点的双人床上，两个充电器交缠的热烈程度远超人类。

2000万人正在经历「半在场」式相处，当代年轻人最硬核的生存技能：把相拥而眠变成隔洋相望的奥林匹克艺术。父母辈总说婚姻是搭伙过日子，谁能想到我们直接进化到「搭伙刷日子」？当伴侣的瞳孔开始高频切换淘宝红和抖音蓝，恭喜你解锁了新时代情感形态——你不再是ta的朱砂痣，只是ta的无线充电桩。

最讽刺的是，我们正以996的敬业精神经营着这场大型情感真人秀。早上七点的早安吻被钉钉已读取代，纪念日大餐变成美团红包互砍，连吵架都得卡在微信消息撤回的黄金两分钟。知道为什么年轻人开始流行电子木鱼吗？毕竟敲电子功德比经营真人感情容易多了——至少木鱼不会突然弹出前女友的拼多多助力链接。凌晨三点全城路由器集体暴毙事件，堪称年度最佳行为艺术起义。那晚三万名豆瓣反算法联盟成员准时拔电源，把《爱情断网宣言》刷上热搜，用物理黑魔法硬刚数字宿命论。断电瞬间的情侣对话量暴跌87%，但心跳同步率暴涨233%——毕竟当手机集体黑屏，人类终于记起自己还有瞳孔这种原装传感器。有对小年轻更绝，直接搬出祖传沙漏代替计时器，美其名曰"用硅基文明的骨灰给碳基爱情上坟"。

但要说真正的行为艺术巅峰，还得看双十一前夜那场史诗级数据断舍离。某对程序员情侣当着直播镜头互删购物车，5TB的收藏清单在Delete键下灰飞烟灭，活生生把淘宝年度大促玩成赛博离婚现场。"知道为什么选双十一凌晨吗？"当事人边删边冷笑，"这就叫在资本心脏上蹦极。"结果次日京东卸载量诡异上涨15%，吓得算法工程师连夜给"反消费主义病毒"打补丁。

更硬核的文艺复兴正在菜市场野蛮生长。最新潮人打卡圣地从网红咖啡馆挪到了芹菜堆，00后们举着有机萝卜玩反算法约会，把"讲价艺术鉴赏"列为必考科目。上海某菜场大妈都懵了："现在小年轻砍完价还要击掌庆贺，买条活鱼比求婚还郑重。"数据显示，周末菜市场潮人密度已达798艺术区的3倍，而生鲜APP打开率暴跌40%。这场实体仪式复辟运动最骚的操作，是故意用现金交易在支付系统里留下数据荒漠——毕竟当你手握沾着鱼腥味的纸币，算法这辈子都算不出芹菜和活鱼哪个更能唤醒多巴胺。

这场反算法武装起义最讽刺的，是年轻人正在用更极端的仪式对抗仪式感。当某对情侣在海鲜区交换大葱代替钻戒的视频破百万播放，隔壁珠宝柜台AR试戴量应声下跌7%。你看，人类终究是玩弄象征意义的祖宗，你算法能算出购物车删除键的摩擦力系数，但算不准两颗心脏在秋刀鱼摊前共振的物理公式。最新战报显示，全国菜市场约会成功率比米其林餐厅高出23个点——毕竟在韭菜堆里谈感情，可比在算法温室里养电子宠物带劲多了。当喜茶联名红楼梦推出"黛玉葬花桶"当天卖出200万杯时，资本终于撕下最后一块遮羞布——当代情感代偿产业链根本是台全自动印钞机，每个孤独灵魂都是行走的ATM。这套商业模型堪称完美：先用算法制造情感荒漠，再向沙漠倾销天价矿泉水，最后在干尸堆上建起心理咨询收费站，整个操作比在撒哈拉卖空气净化器还缺德。

直播打赏数据与心理咨询产业增长的死亡交叉最能说明问题。2023年头部主播单场情感连麦收入突破800万，同期线上心理咨询客单价暴涨130%，但用户留存周期反而缩短45%。翻译成人话就是：韭菜们刚在直播间刷完火箭找安慰，转头就发现心理问题恶化到必须看医生，看完医生更空虚又回去刷火箭，完美闭环堪比永动机。这套组合拳的精妙之处在于，你永远分不清屏幕那端是知心姐姐还是AI情感计算器——毕竟平台给主播的培训手册第17页明明白白写着"每句‘宝宝别哭’必须配合礼物特效触发"。

奶茶联名营销则是更高维度的驯化实验。当某品牌用"前任眼泪芝士奶盖"收割百万失恋人群时，喝下去的早已不是糖分而是精神伟哥。这些限量杯套本质上就是新时代的赎罪券，9.9元解锁的联名贴纸，不过是赛博观音的电子玉净瓶。更绝的是算法在背后玩的双链记：小红书刚给你推完"独居必备治愈奶茶"，转头美团就弹出"第二杯半价"，等你在深夜凑满减时，抖音立刻奉上《孤寡老人被保健品诈骗实录》——整套操作行云流水，比你自己还懂你的钱包软肋。

这场大型情感PUA最阴险的设定，是让用户误以为自己在对抗孤独。当00后们为虚拟偶像豪掷半年积蓄时，平台正把他们的心跳数据打包卖给广告商；当你在社交软件氪金匹配"灵魂伴侣"，算法却在后台给"孤独指数"明码标价。最新流出的某大厂增长会议纪要泄露天机："要让用户的情感刚需和平台GMV形成量子纠缠，刷得越多越孤独，越孤独越要刷"。那些凌晨三点还在直播间蹲守"哄睡服务"的年轻人不知道，自己不过是情感富士康里拧螺丝的赛博卓别林。

心理咨询APP的付费率跑得比双十一成交额还快，不是当代人突然开悟了，而是情感代偿经济终于到了挤兑时刻。当算法把人类调教成永远吃不饱的电子仓鼠，心理咨询就变成了跑轮边的急救站——这边厢你刚花800块/小时解开童年阴影，那边厢淘宝已经根据诊疗记录推荐"原生家庭治愈手账本"。这哪是商业闭环，根本是拿电锯给伤口雕花，还美其名曰个性化医疗。资本早就算明白了：在ICU里卖创可贴才是稳赚不赔的买卖，毕竟真正能治愈你的产品，怎么舍得让你戒掉依赖？当心理咨询师开始用"亲密度积分"兑换咨询时长，当情感主播的共情能力按火箭数量明码标价，这场人类史上最荒诞的认知革命终于露出獠牙——算法早把七情六欲编译成16进制代码，你的心动曲线不过是交易所K线图的变种。看看这组魔鬼对照表：某直播平台"哄睡"业务GMV年增长270%，同期精神科门诊量激增89%，而两者用户重叠率高达76%。翻译成资本黑话就是：先用算法制造失眠，再贩卖电子安眠药，最后把药物依赖包装成情感刚需，整套操作比在戒毒所门口卖海洛因还讲究可持续发展。

奶茶营销才是这场情感炼金术的终极形态。当某品牌推出"前任骨灰盒奶茶杯"，宣称喝完能获得"量子纠缠式释怀"，他们卖的根本不是糖水而是情绪期货。你握着那杯38度的芝士奶盖时，云端算法正在拍卖你的心率波动数据——奶茶杯底的二维码不是防伪标识，是资本插进你情感静脉的留置针。更绝的是跨平台联合作案：微信步数不足时推"自律挑战奶茶"，深夜EMO时弹"致郁系暗黑奶昔"，失恋空窗期强塞"第二杯半价社交赎罪券"，整套组合拳打得比杨永信的电击疗法还精准。

这套商业模式最阴间的设计，在于让受害者沦为共谋。当你为虚拟偶像的生日会豪掷三月工资时，后台正把你的支付记录转化为"孤独税"税率参数；当你在情感直播间哭着刷穿云箭，算法立即给同类用户打上"人傻钱多速来"的精准标签。某大厂内部流传的《情感杠杆操作指南》泄露天机："要让用户把多巴胺分泌和扫码支付形成条件反射，最好训练到看见夕阳都能联想到打赏特效"。那些在深夜疯狂点击"立即匹配"的年轻人不知道，自己不过是情感黑市里的器官供体——算法早把你的倾诉欲制成罐头，你的恋爱脑炒成期货，连深夜EMO的眼泪都被分装成NFT挂牌交易。

最讽刺的闭环出现在心理咨询赛道，这个本该对抗情感异化的行业，自己活成了资本游戏的最强外挂。某头部心理平台推出"焦虑指数换购折扣"，把你的诊断报告变成精准营销指南；当你花888元/小时解开原生家庭心结，转头就收到淘宝推送"童年创伤手办盲盒"。这哪是治病救人，分明是军火商在战场开流动献血站——先卖你武器制造伤口，再高价收购你的新鲜血液。资本算盘打得震天响：真正健康的灵魂根本不产生GDP，要的就是让你们在情感ICU里终身续费。

输出:
```json
{
    "is_complete": "no",
    "next_instruction": "请从【资本渗透教育领域】的视角续写以下段落，要求：1. 核心方向：揭露算法如何将亲子关系异化为KPI考核，重点突出家长群接龙比赛、智能手环情感数据监控等病态现象 2. 结构设计：用某在线教育平台制造焦虑的运营案例切入，对比三十年前亲子互动模式，加入家长为完成"云育儿"指标导致真实关系破裂的极端案例",
    "search_instruction": "在线教育焦虑营销 家长群接龙数据 智能手环情感监测",
    "reference_content": "1.头部教育APP如何设计家长互动KPI体系 2.智能穿戴设备监测"亲子亲密值"的具体指标 3.因过度追求数字化育儿导致家庭关系破裂的司法案例"
}
```


--- 轮次 5/5 ---
输入:
当你发现伴侣开始用手机屏保当婚戒，用微信步数代替拥抱，恭喜你，喜提21世纪最潮情感套餐——赛博舍利子养成计划。当代年轻人正在批量生产人类史上最诡异的亲密关系：肉体在充电接口插着，灵魂在数据云端飘着，爱情在路由器里卡着。

1970年代有个心理学家预言了今天的情感饥荒，但估计她也没想到，人类能把亲密关系玩成俄罗斯方块——明明堆在一起，却永远填不满那个该死的空心。现在的情侣相处模式堪比AI训练现场：你在客厅刷短视频的时长，比接吻时长多出3.2个TikTok热梗；你记住的淘宝预售规则，比纪念日倒计时精确15倍；凌晨三点的双人床上，两个充电器交缠的热烈程度远超人类。

2000万人正在经历「半在场」式相处，当代年轻人最硬核的生存技能：把相拥而眠变成隔洋相望的奥林匹克艺术。父母辈总说婚姻是搭伙过日子，谁能想到我们直接进化到「搭伙刷日子」？当伴侣的瞳孔开始高频切换淘宝红和抖音蓝，恭喜你解锁了新时代情感形态——你不再是ta的朱砂痣，只是ta的无线充电桩。

最讽刺的是，我们正以996的敬业精神经营着这场大型情感真人秀。早上七点的早安吻被钉钉已读取代，纪念日大餐变成美团红包互砍，连吵架都得卡在微信消息撤回的黄金两分钟。知道为什么年轻人开始流行电子木鱼吗？毕竟敲电子功德比经营真人感情容易多了——至少木鱼不会突然弹出前女友的拼多多助力链接。凌晨三点全城路由器集体暴毙事件，堪称年度最佳行为艺术起义。那晚三万名豆瓣反算法联盟成员准时拔电源，把《爱情断网宣言》刷上热搜，用物理黑魔法硬刚数字宿命论。断电瞬间的情侣对话量暴跌87%，但心跳同步率暴涨233%——毕竟当手机集体黑屏，人类终于记起自己还有瞳孔这种原装传感器。有对小年轻更绝，直接搬出祖传沙漏代替计时器，美其名曰"用硅基文明的骨灰给碳基爱情上坟"。

但要说真正的行为艺术巅峰，还得看双十一前夜那场史诗级数据断舍离。某对程序员情侣当着直播镜头互删购物车，5TB的收藏清单在Delete键下灰飞烟灭，活生生把淘宝年度大促玩成赛博离婚现场。"知道为什么选双十一凌晨吗？"当事人边删边冷笑，"这就叫在资本心脏上蹦极。"结果次日京东卸载量诡异上涨15%，吓得算法工程师连夜给"反消费主义病毒"打补丁。

更硬核的文艺复兴正在菜市场野蛮生长。最新潮人打卡圣地从网红咖啡馆挪到了芹菜堆，00后们举着有机萝卜玩反算法约会，把"讲价艺术鉴赏"列为必考科目。上海某菜场大妈都懵了："现在小年轻砍完价还要击掌庆贺，买条活鱼比求婚还郑重。"数据显示，周末菜市场潮人密度已达798艺术区的3倍，而生鲜APP打开率暴跌40%。这场实体仪式复辟运动最骚的操作，是故意用现金交易在支付系统里留下数据荒漠——毕竟当你手握沾着鱼腥味的纸币，算法这辈子都算不出芹菜和活鱼哪个更能唤醒多巴胺。

这场反算法武装起义最讽刺的，是年轻人正在用更极端的仪式对抗仪式感。当某对情侣在海鲜区交换大葱代替钻戒的视频破百万播放，隔壁珠宝柜台AR试戴量应声下跌7%。你看，人类终究是玩弄象征意义的祖宗，你算法能算出购物车删除键的摩擦力系数，但算不准两颗心脏在秋刀鱼摊前共振的物理公式。最新战报显示，全国菜市场约会成功率比米其林餐厅高出23个点——毕竟在韭菜堆里谈感情，可比在算法温室里养电子宠物带劲多了。当喜茶联名红楼梦推出"黛玉葬花桶"当天卖出200万杯时，资本终于撕下最后一块遮羞布——当代情感代偿产业链根本是台全自动印钞机，每个孤独灵魂都是行走的ATM。这套商业模型堪称完美：先用算法制造情感荒漠，再向沙漠倾销天价矿泉水，最后在干尸堆上建起心理咨询收费站，整个操作比在撒哈拉卖空气净化器还缺德。

直播打赏数据与心理咨询产业增长的死亡交叉最能说明问题。2023年头部主播单场情感连麦收入突破800万，同期线上心理咨询客单价暴涨130%，但用户留存周期反而缩短45%。翻译成人话就是：韭菜们刚在直播间刷完火箭找安慰，转头就发现心理问题恶化到必须看医生，看完医生更空虚又回去刷火箭，完美闭环堪比永动机。这套组合拳的精妙之处在于，你永远分不清屏幕那端是知心姐姐还是AI情感计算器——毕竟平台给主播的培训手册第17页明明白白写着"每句‘宝宝别哭’必须配合礼物特效触发"。

奶茶联名营销则是更高维度的驯化实验。当某品牌用"前任眼泪芝士奶盖"收割百万失恋人群时，喝下去的早已不是糖分而是精神伟哥。这些限量杯套本质上就是新时代的赎罪券，9.9元解锁的联名贴纸，不过是赛博观音的电子玉净瓶。更绝的是算法在背后玩的双链记：小红书刚给你推完"独居必备治愈奶茶"，转头美团就弹出"第二杯半价"，等你在深夜凑满减时，抖音立刻奉上《孤寡老人被保健品诈骗实录》——整套操作行云流水，比你自己还懂你的钱包软肋。

这场大型情感PUA最阴险的设定，是让用户误以为自己在对抗孤独。当00后们为虚拟偶像豪掷半年积蓄时，平台正把他们的心跳数据打包卖给广告商；当你在社交软件氪金匹配"灵魂伴侣"，算法却在后台给"孤独指数"明码标价。最新流出的某大厂增长会议纪要泄露天机："要让用户的情感刚需和平台GMV形成量子纠缠，刷得越多越孤独，越孤独越要刷"。那些凌晨三点还在直播间蹲守"哄睡服务"的年轻人不知道，自己不过是情感富士康里拧螺丝的赛博卓别林。

心理咨询APP的付费率跑得比双十一成交额还快，不是当代人突然开悟了，而是情感代偿经济终于到了挤兑时刻。当算法把人类调教成永远吃不饱的电子仓鼠，心理咨询就变成了跑轮边的急救站——这边厢你刚花800块/小时解开童年阴影，那边厢淘宝已经根据诊疗记录推荐"原生家庭治愈手账本"。这哪是商业闭环，根本是拿电锯给伤口雕花，还美其名曰个性化医疗。资本早就算明白了：在ICU里卖创可贴才是稳赚不赔的买卖，毕竟真正能治愈你的产品，怎么舍得让你戒掉依赖？当心理咨询师开始用"亲密度积分"兑换咨询时长，当情感主播的共情能力按火箭数量明码标价，这场人类史上最荒诞的认知革命终于露出獠牙——算法早把七情六欲编译成16进制代码，你的心动曲线不过是交易所K线图的变种。看看这组魔鬼对照表：某直播平台"哄睡"业务GMV年增长270%，同期精神科门诊量激增89%，而两者用户重叠率高达76%。翻译成资本黑话就是：先用算法制造失眠，再贩卖电子安眠药，最后把药物依赖包装成情感刚需，整套操作比在戒毒所门口卖海洛因还讲究可持续发展。

奶茶营销才是这场情感炼金术的终极形态。当某品牌推出"前任骨灰盒奶茶杯"，宣称喝完能获得"量子纠缠式释怀"，他们卖的根本不是糖水而是情绪期货。你握着那杯38度的芝士奶盖时，云端算法正在拍卖你的心率波动数据——奶茶杯底的二维码不是防伪标识，是资本插进你情感静脉的留置针。更绝的是跨平台联合作案：微信步数不足时推"自律挑战奶茶"，深夜EMO时弹"致郁系暗黑奶昔"，失恋空窗期强塞"第二杯半价社交赎罪券"，整套组合拳打得比杨永信的电击疗法还精准。

这套商业模式最阴间的设计，在于让受害者沦为共谋。当你为虚拟偶像的生日会豪掷三月工资时，后台正把你的支付记录转化为"孤独税"税率参数；当你在情感直播间哭着刷穿云箭，算法立即给同类用户打上"人傻钱多速来"的精准标签。某大厂内部流传的《情感杠杆操作指南》泄露天机："要让用户把多巴胺分泌和扫码支付形成条件反射，最好训练到看见夕阳都能联想到打赏特效"。那些在深夜疯狂点击"立即匹配"的年轻人不知道，自己不过是情感黑市里的器官供体——算法早把你的倾诉欲制成罐头，你的恋爱脑炒成期货，连深夜EMO的眼泪都被分装成NFT挂牌交易。

最讽刺的闭环出现在心理咨询赛道，这个本该对抗情感异化的行业，自己活成了资本游戏的最强外挂。某头部心理平台推出"焦虑指数换购折扣"，把你的诊断报告变成精准营销指南；当你花888元/小时解开原生家庭心结，转头就收到淘宝推送"童年创伤手办盲盒"。这哪是治病救人，分明是军火商在战场开流动献血站——先卖你武器制造伤口，再高价收购你的新鲜血液。资本算盘打得震天响：真正健康的灵魂根本不产生GDP，要的就是让你们在情感ICU里终身续费。元宇宙婚介所才是这场情感大逃杀的终极副本。某大厂推出的"脑波共振婚恋系统"直接把相亲玩成生化实验——你的杏仁核活跃度能兑换约会津贴，催产素分泌量决定匹配优先级，整套算法比缅北电诈集团还懂多巴胺杠杆原理。00后们戴着VR头显在虚拟民政局排队时，后台正把他们的瞳孔震颤频率打包卖给保健品厂商，美其名曰"为元宇宙居民定制生物电池"。

最骚的操作当属区块链离婚证NFT，感情破裂的情侣们一边在链上销毁爱情凭证，一边看着分手记录被炒成数字艺术品拍出天价。杭州那对搞"感情状态ICO"的Web3先锋，硬生生把七年之痒熬成天使轮融资，渣浪微博还为此推出"情感破产重组"超话区。数据显示，参与情感资产证券化的情侣复合率仅有0.7%，但套现成功率高达380%——毕竟当代爱情早该纳入金融衍生品监管，分手费都比结婚证有流通价值。

这场数字炼狱最魔幻的转折，是社恐们开始反向驯化算法。当某985高校出现"电子功德互助群"，年轻人集体用伪数据喂养推荐系统：凌晨三点准时搜索《金刚经》，上班摸鱼必刷《存在主义疗愈》，硬生生把抖音调教成赛博佛祖。上海张江码农更绝，自研"反催婚插件"自动生成虚拟女友，春节回家直接上演全息投影版《楚门的世界》，七大姑八大姨打赏的见面礼红包比年终奖还厚。

情感代偿经济的最新变种，是各大平台推出的"情绪期货交易所"。你的深夜EMO能折现成消费券，热恋期荷尔蒙暴涨可质押贷款，连捉奸时的肾上腺素飙升都能套期保值。某情感券商推出的"绿帽指数基金"三天募资20亿，K线走势比当事人心跳还刺激。当你还在纠结TA爱不爱你时，华尔街之狼早已把你的情感波动做成对赌协议——毕竟当代爱情最大的悖论，就是越真挚的情感越容易量化，而越精密的算法越不懂人心。

这场人类情感史上最荒诞的军备竞赛，最终演化出令资本都颤抖的终极形态：00后们开始用原始主义对抗高科技异化。北京胡同里突然爆火的"电报相亲局"，要求参与者全程摩尔斯电码交流；深圳白领圈流行的"结绳记事恋爱法"，关系进展全凭绳结复杂度判定；更别说那些在二手书市场用藏书票传情的文艺青年，硬生生把算法推荐玩成文艺复兴。数据显示，使用兽骨占卜比星座APP的情侣分手率低42%，用手写情书比微信撩骚的婚姻持久度高67%——这哪里是返祖，分明是碳基生物对硅基暴政的绝地反击。

当某科技巨头宣布研发"多巴胺精准投喂系统"时，兰州拉面馆同步推出"盲盒牛肉面抗议套餐"，每碗面的牛肉含量取决于顾客拥抱店员时长。你看，人类终究是玩弄隐喻的高手，你算法能算出接吻时嘴角的弧度，却算不出案板上那团面粉反复捶打时的呼吸频率。最新战报显示，全国手擀面馆的相亲成功率已达珍爱网的2.3倍——毕竟在面粉飞扬的空气里，再精密的传感器也测不准两颗心脏共振时掀起的风暴。

输出:
```json
{
    "is_complete": "no",
    "next_instruction": "请从【历史镜像对比】续写以下段落，要求：1. 核心方向：对比工业革命时期机械化对人类情感的冲击，突出算法时代情感异化的历史重复性与新形态 2. 结构设计：用19世纪纺织女工爱情故事与当代互联网人情感模式形成蒙太奇对照，加入伦敦世博会电报情书与微信撤回功能的百年呼应",
    "search_instruction": "维多利亚时代工人爱情 电报浪漫史 工业革命情感异化",
    "reference_content": "1.19世纪纺织女工平均恋爱时长与当代互联网从业者对比数据 2.伦敦世博会期间通过电报系统传送的情书数量 3.维多利亚时代反对机械化的勒德运动与当代反算法运动的相似性"
}
```


对话结束
时间: 2025-03-11T04:02:39.623Z
