[2025-03-13 17:16:05] [INFO]: 开始批量审查文章段落
{
  "module": "review-article",
  "paragraphsCount": 5
}
[2025-03-13 17:16:05] [INFO]: 审查段落 1/5
{
  "module": "review-article"
}
[2025-03-13 17:16:05] [INFO]: 开始审查段落
{
  "module": "review-article",
  "paragraphLength": 439
}
[2025-03-13 17:27:48] [INFO]: 段落审查完成
{
  "module": "review-article",
  "paragraphLength": 439,
  "resultLength": 844
}
[2025-03-13 17:27:48] [INFO]: 审查段落 2/5
{
  "module": "review-article"
}
[2025-03-13 17:27:48] [INFO]: 开始审查段落
{
  "module": "review-article",
  "paragraphLength": 492
}
[2025-03-13 17:36:55] [INFO]: 段落审查完成
{
  "module": "review-article",
  "paragraphLength": 492,
  "resultLength": 726
}
[2025-03-13 17:36:55] [INFO]: 审查段落 3/5
{
  "module": "review-article"
}
[2025-03-13 17:36:55] [INFO]: 开始审查段落
{
  "module": "review-article",
  "paragraphLength": 730
}
[2025-03-13 17:44:16] [INFO]: 段落审查完成
{
  "module": "review-article",
  "paragraphLength": 730,
  "resultLength": 989
}
[2025-03-13 17:44:16] [INFO]: 审查段落 4/5
{
  "module": "review-article"
}
[2025-03-13 17:44:16] [INFO]: 开始审查段落
{
  "module": "review-article",
  "paragraphLength": 760
}
[2025-03-13 17:45:58] [INFO]: 段落审查完成
{
  "module": "review-article",
  "paragraphLength": 760,
  "resultLength": 1038
}
[2025-03-13 17:45:58] [INFO]: 审查段落 5/5
{
  "module": "review-article"
}
[2025-03-13 17:45:58] [INFO]: 开始审查段落
{
  "module": "review-article",
  "paragraphLength": 623
}
[2025-03-13 17:51:28] [INFO]: 段落审查完成
{
  "module": "review-article",
  "paragraphLength": 623,
  "resultLength": 906
}
[2025-03-13 17:51:28] [INFO]: 所有段落审查完成
{
  "module": "review-article",
  "paragraphsCount": 5,
  "resultsCount": 5
}
[2025-03-13 18:10:25] [INFO]: 开始批量审查文章段落
{
  "module": "review-article",
  "paragraphsCount": 10
}
[2025-03-13 18:10:25] [INFO]: 审查段落 1/10
{
  "module": "review-article"
}
[2025-03-13 18:10:25] [INFO]: 开始审查段落
{
  "module": "review-article",
  "paragraphLength": 439
}
[2025-03-13 18:12:00] [INFO]: 段落审查完成
{
  "module": "review-article",
  "paragraphLength": 439,
  "resultLength": 1004
}
[2025-03-13 18:12:00] [INFO]: 审查段落 2/10
{
  "module": "review-article"
}
[2025-03-13 18:12:00] [INFO]: 开始审查段落
{
  "module": "review-article",
  "paragraphLength": 492
}
[2025-03-13 18:13:10] [INFO]: 段落审查完成
{
  "module": "review-article",
  "paragraphLength": 492,
  "resultLength": 871
}
[2025-03-13 18:13:10] [INFO]: 审查段落 3/10
{
  "module": "review-article"
}
[2025-03-13 18:13:10] [INFO]: 开始审查段落
{
  "module": "review-article",
  "paragraphLength": 730
}
[2025-03-13 18:14:36] [INFO]: 段落审查完成
{
  "module": "review-article",
  "paragraphLength": 730,
  "resultLength": 937
}
[2025-03-13 18:14:36] [INFO]: 审查段落 4/10
{
  "module": "review-article"
}
[2025-03-13 18:14:36] [INFO]: 开始审查段落
{
  "module": "review-article",
  "paragraphLength": 760
}
[2025-03-13 18:15:55] [INFO]: 段落审查完成
{
  "module": "review-article",
  "paragraphLength": 760,
  "resultLength": 1112
}
[2025-03-13 18:15:55] [INFO]: 审查段落 5/10
{
  "module": "review-article"
}
[2025-03-13 18:15:55] [INFO]: 开始审查段落
{
  "module": "review-article",
  "paragraphLength": 623
}
[2025-03-13 18:17:20] [INFO]: 段落审查完成
{
  "module": "review-article",
  "paragraphLength": 623,
  "resultLength": 687
}
[2025-03-13 18:17:20] [INFO]: 审查段落 6/10
{
  "module": "review-article"
}
[2025-03-13 18:17:20] [INFO]: 开始审查段落
{
  "module": "review-article",
  "paragraphLength": 477
}
[2025-03-13 18:18:39] [INFO]: 段落审查完成
{
  "module": "review-article",
  "paragraphLength": 477,
  "resultLength": 1006
}
[2025-03-13 18:18:39] [INFO]: 审查段落 7/10
{
  "module": "review-article"
}
[2025-03-13 18:18:39] [INFO]: 开始审查段落
{
  "module": "review-article",
  "paragraphLength": 726
}
[2025-03-13 18:20:05] [INFO]: 段落审查完成
{
  "module": "review-article",
  "paragraphLength": 726,
  "resultLength": 1051
}
[2025-03-13 18:20:05] [INFO]: 审查段落 8/10
{
  "module": "review-article"
}
[2025-03-13 18:20:05] [INFO]: 开始审查段落
{
  "module": "review-article",
  "paragraphLength": 936
}
[2025-03-13 18:21:33] [INFO]: 段落审查完成
{
  "module": "review-article",
  "paragraphLength": 936,
  "resultLength": 1393
}
[2025-03-13 18:21:33] [INFO]: 审查段落 9/10
{
  "module": "review-article"
}
[2025-03-13 18:21:33] [INFO]: 开始审查段落
{
  "module": "review-article",
  "paragraphLength": 826
}
[2025-03-13 18:22:54] [INFO]: 段落审查完成
{
  "module": "review-article",
  "paragraphLength": 826,
  "resultLength": 1320
}
[2025-03-13 18:22:54] [INFO]: 审查段落 10/10
{
  "module": "review-article"
}
[2025-03-13 18:22:54] [INFO]: 开始审查段落
{
  "module": "review-article",
  "paragraphLength": 613
}
[2025-03-13 18:24:12] [INFO]: 段落审查完成
{
  "module": "review-article",
  "paragraphLength": 613,
  "resultLength": 1044
}
[2025-03-13 18:24:12] [INFO]: 所有段落审查完成
{
  "module": "review-article",
  "paragraphsCount": 10,
  "resultsCount": 10
}
[2025-03-13 18:41:40] [INFO]: 开始批量审查文章段落
{
  "module": "review-article",
  "paragraphsCount": 15
}
[2025-03-13 18:41:40] [INFO]: 审查段落 1/15
{
  "module": "review-article"
}
[2025-03-13 18:41:40] [INFO]: 开始审查段落
{
  "module": "review-article",
  "paragraphLength": 439
}
[2025-03-13 18:43:01] [INFO]: 段落审查完成
{
  "module": "review-article",
  "paragraphLength": 439,
  "resultLength": 806
}
[2025-03-13 18:43:01] [INFO]: 审查段落 2/15
{
  "module": "review-article"
}
[2025-03-13 18:43:01] [INFO]: 开始审查段落
{
  "module": "review-article",
  "paragraphLength": 492
}
[2025-03-13 18:44:20] [INFO]: 段落审查完成
{
  "module": "review-article",
  "paragraphLength": 492,
  "resultLength": 718
}
[2025-03-13 18:44:20] [INFO]: 审查段落 3/15
{
  "module": "review-article"
}
[2025-03-13 18:44:20] [INFO]: 开始审查段落
{
  "module": "review-article",
  "paragraphLength": 730
}
[2025-03-13 18:46:07] [INFO]: 段落审查完成
{
  "module": "review-article",
  "paragraphLength": 730,
  "resultLength": 789
}
[2025-03-13 18:46:07] [INFO]: 审查段落 4/15
{
  "module": "review-article"
}
[2025-03-13 18:46:07] [INFO]: 开始审查段落
{
  "module": "review-article",
  "paragraphLength": 760
}
[2025-03-13 18:47:39] [INFO]: 段落审查完成
{
  "module": "review-article",
  "paragraphLength": 760,
  "resultLength": 941
}
[2025-03-13 18:47:39] [INFO]: 审查段落 5/15
{
  "module": "review-article"
}
[2025-03-13 18:47:39] [INFO]: 开始审查段落
{
  "module": "review-article",
  "paragraphLength": 623
}
[2025-03-13 18:49:12] [INFO]: 段落审查完成
{
  "module": "review-article",
  "paragraphLength": 623,
  "resultLength": 1042
}
[2025-03-13 18:49:12] [INFO]: 审查段落 6/15
{
  "module": "review-article"
}
[2025-03-13 18:49:12] [INFO]: 开始审查段落
{
  "module": "review-article",
  "paragraphLength": 477
}
[2025-03-13 18:50:20] [INFO]: 段落审查完成
{
  "module": "review-article",
  "paragraphLength": 477,
  "resultLength": 811
}
[2025-03-13 18:50:20] [INFO]: 审查段落 7/15
{
  "module": "review-article"
}
[2025-03-13 18:50:20] [INFO]: 开始审查段落
{
  "module": "review-article",
  "paragraphLength": 726
}
[2025-03-13 18:51:50] [INFO]: 段落审查完成
{
  "module": "review-article",
  "paragraphLength": 726,
  "resultLength": 1086
}
[2025-03-13 18:51:50] [INFO]: 审查段落 8/15
{
  "module": "review-article"
}
[2025-03-13 18:51:50] [INFO]: 开始审查段落
{
  "module": "review-article",
  "paragraphLength": 936
}
[2025-03-13 18:54:13] [INFO]: 段落审查完成
{
  "module": "review-article",
  "paragraphLength": 936,
  "resultLength": 1523
}
[2025-03-13 18:54:13] [INFO]: 审查段落 9/15
{
  "module": "review-article"
}
[2025-03-13 18:54:13] [INFO]: 开始审查段落
{
  "module": "review-article",
  "paragraphLength": 826
}
[2025-03-13 18:55:31] [INFO]: 段落审查完成
{
  "module": "review-article",
  "paragraphLength": 826,
  "resultLength": 921
}
[2025-03-13 18:55:31] [INFO]: 审查段落 10/15
{
  "module": "review-article"
}
[2025-03-13 18:55:31] [INFO]: 开始审查段落
{
  "module": "review-article",
  "paragraphLength": 613
}
[2025-03-13 18:56:46] [INFO]: 段落审查完成
{
  "module": "review-article",
  "paragraphLength": 613,
  "resultLength": 1022
}
[2025-03-13 18:56:46] [INFO]: 审查段落 11/15
{
  "module": "review-article"
}
[2025-03-13 18:56:46] [INFO]: 开始审查段落
{
  "module": "review-article",
  "paragraphLength": 571
}
[2025-03-13 18:58:56] [INFO]: 段落审查完成
{
  "module": "review-article",
  "paragraphLength": 571,
  "resultLength": 771
}
[2025-03-13 18:58:56] [INFO]: 审查段落 12/15
{
  "module": "review-article"
}
[2025-03-13 18:58:56] [INFO]: 开始审查段落
{
  "module": "review-article",
  "paragraphLength": 645
}
[2025-03-13 19:00:14] [INFO]: 段落审查完成
{
  "module": "review-article",
  "paragraphLength": 645,
  "resultLength": 1018
}
[2025-03-13 19:00:14] [INFO]: 审查段落 13/15
{
  "module": "review-article"
}
[2025-03-13 19:00:14] [INFO]: 开始审查段落
{
  "module": "review-article",
  "paragraphLength": 755
}
[2025-03-13 19:01:42] [INFO]: 段落审查完成
{
  "module": "review-article",
  "paragraphLength": 755,
  "resultLength": 1183
}
[2025-03-13 19:01:42] [INFO]: 审查段落 14/15
{
  "module": "review-article"
}
[2025-03-13 19:01:42] [INFO]: 开始审查段落
{
  "module": "review-article",
  "paragraphLength": 855
}
[2025-03-13 19:03:06] [INFO]: 段落审查完成
{
  "module": "review-article",
  "paragraphLength": 855,
  "resultLength": 901
}
[2025-03-13 19:03:06] [INFO]: 审查段落 15/15
{
  "module": "review-article"
}
[2025-03-13 19:03:06] [INFO]: 开始审查段落
{
  "module": "review-article",
  "paragraphLength": 692
}
[2025-03-13 19:04:56] [INFO]: 段落审查完成
{
  "module": "review-article",
  "paragraphLength": 692,
  "resultLength": 846
}
[2025-03-13 19:04:56] [INFO]: 所有段落审查完成
{
  "module": "review-article",
  "paragraphsCount": 15,
  "resultsCount": 15
}
