[2025-03-12 23:43:12] [INFO]: 开始创建文章开头段落
{
  "module": "first-create",
  "theme": "「手机正在杀死亲密关系」：现代人为何在最爱的人面前活成一座孤岛？",
  "sectionsCount": 4
}
[2025-03-12 23:44:00] [INFO]: 文章开头段落创建完成
{
  "module": "first-create",
  "theme": "「手机正在杀死亲密关系」：现代人为何在最爱的人面前活成一座孤岛？",
  "contentLength": 474
}
[2025-03-12 23:57:59] [INFO]: 开始创建文章开头段落
{
  "module": "first-create",
  "theme": "当代亲密关系诊断书：你的爱情正在经历「模糊性死亡」",
  "sectionsCount": 4
}
[2025-03-12 23:58:49] [INFO]: 文章开头段落创建完成
{
  "module": "first-create",
  "theme": "当代亲密关系诊断书：你的爱情正在经历「模糊性死亡」",
  "contentLength": 550
}
[2025-03-13 00:15:31] [INFO]: 开始创建文章开头段落
{
  "module": "first-create",
  "theme": "为什么你越努力工作，爱情死得越快？职场精英的情感破产危机",
  "sectionsCount": 4
}
[2025-03-13 00:16:24] [INFO]: 文章开头段落创建完成
{
  "module": "first-create",
  "theme": "为什么你越努力工作，爱情死得越快？职场精英的情感破产危机",
  "contentLength": 592
}
[2025-03-13 00:27:27] [INFO]: 开始创建文章开头段落
{
  "module": "first-create",
  "theme": "戈特曼实验室颠覆认知：决定婚姻存亡的竟是你忽略的3秒回应",
  "sectionsCount": 4
}
[2025-03-13 00:28:25] [INFO]: 文章开头段落创建完成
{
  "module": "first-create",
  "theme": "戈特曼实验室颠覆认知：决定婚姻存亡的竟是你忽略的3秒回应",
  "contentLength": 410
}
[2025-03-13 00:38:03] [INFO]: 开始创建文章开头段落
{
  "module": "first-create",
  "theme": "关系修复的量子纠缠法则：改变自己就能改写伴侣的底层逻辑",
  "sectionsCount": 4
}
[2025-03-13 00:38:51] [INFO]: 文章开头段落创建完成
{
  "module": "first-create",
  "theme": "关系修复的量子纠缠法则：改变自己就能改写伴侣的底层逻辑",
  "contentLength": 552
}
