[2025-03-13 17:16:05] [INFO]: 民政局最新数据显示，每三对离婚夫妻中就有一对在调解时提到"手机冷暴力"。这个数据比出轨、家暴更令人窒息的地方在于——手机才是民政局盖章认证的"合法第三者"，毕竟它真的出现在每张结婚照里。

当代婚姻最吊诡的场面发生在21:37分的双人床上：你刚想聊聊孩子的学区房，对方的手指正在短视频里给陌生主播刷火箭；你分享升职加薪的喜讯，收获的回应是机械重复的"嗯嗯"声，活像触发了智能音箱的声控开关。戈特曼实验室早把这种现象写进《婚姻死亡笔记》：当伴侣举着手机说"你看这个好好笑"，你的敷衍相当于当面撕碎TA准备的生日礼物——只不过现在这份"礼物"每天要撕碎二十七次。

更荒诞的是受害者联盟正在形成诡异闭环。张太太控诉丈夫沉迷游戏时，自己正在闺蜜群转发《丧偶式婚姻的十大征兆》；李先生痛骂妻子直播购物成瘾的深夜，购物车还躺着刚给女主播冲的2888元"挚爱守护"。心理学家那个"连接请求"理论在赛博时代可以翻译成：人类正在用点赞的手指掐死自己的亲密关系，还他妈要给这条杀人视频点个小红心。

"拯救爱情的最后一块电池正在预售中！"某科技品牌推出的智能防沉迷情侣手环，用粉色广告轰炸着每个深夜刷手机的失眠者。产品宣称能通过心率监测自动屏蔽抖音，感知情绪波动实时推送情话模板，甚至会在伴侣沉默超15分钟时触发震动提醒——这种赛博月老式的浪漫，让它在情人节狂销27万对。

但北京安定医院的诊疗记录显示，首批用户中43%发展出病态监控行为。张先生将妻子每日使用拼多多时长精确到秒，李女士为丈夫微信运动步数异常报警12次。那个宣称"给爱情充电"的金属环，正在演变成24小时勒紧脖颈的电子镣铐。产品经理引以为傲的"双向透明机制"，在真实婚姻里化作永不停歇的猜疑链：当TA的手环第三次震动却仍不开口，你该怀疑系统故障还是爱情死亡？

《临床心理学杂志》最新研究撕开了更惊悚的真相：数字控制狂的确诊量同比激增380%，83%的咨询案例涉及科技监控。精神病学家发现患者出现幻听式警报强迫症，甚至有人在伴侣洗澡时疯狂刷新设备离线倒计时。那些为防出轨设计的轨迹追踪，最终沦为测量婚姻腐烂程度的电子刻度尺——当爱情变成需要每分钟自证清白的囚徒困境，我们终于把对方和自己都逼成了赛博监狱的终身监禁者。

当某品牌推出号称"婚姻急救舱"的智能双人床垫时，预售直播间的弹幕疯狂滚动着"科技菩萨显灵了"。这款搭载32个压力传感器的科技神器，宣称能通过体温差预警冷战风险，用呼吸频率推算亲密度指数，甚至在夫妻背对背睡觉时自动播放初恋BGM。产品演示视频里，人工智能温柔提醒："检测到您已32小时未进行有效眼神交流，已为您预约双人SPA并冻结淘宝购物车。"

但首批用户王女士的实战报告，让产品经理连夜关闭了官微评论区。那张记录着两人翻云覆雨频率的曲线图，最终成为离婚诉讼的呈堂证供——只因系统将某次凌晨三点的手肘碰撞误判为亲密接触，生成的《本周婚姻健康报告》赫然标注"高频低质型关系"。更讽刺的是，当丈夫试图用官方推荐的"数据修复方案"挽救婚姻时，AI推送的烛光晚餐选址，正是两人十年前初次约会时已倒闭的餐厅。

这款月销10万+的床垫，如今在闲鱼流转时总带着相似的备注："九成新，仅激活过两次婚姻咨询功能"。某二手卖家上传的监控视频里，床垫警报器在女主人痛经蜷缩时疯狂闪烁红光，而男主人正对着手机演练产品经理教的万能话术："亲爱的，你现在的疼痛指数已经超过系统设定阈值了。"北京三甲医院接诊过最荒诞的急诊，是夫妻俩因争夺床垫数据管理权限大打出手——丈夫坚持睡眠质量曲线证明自己无辜，妻子则握着心率异常报告指控对方精神出轨。

最近走红微博的短视频，拍下了某小区凌晨三点的魔幻现场：智能床垫因持续监测到"同床异梦"体征，自动触发红色警报并外放《分手快乐》。穿着睡衣的夫妻在刺目红光里面面相觑，身后是二十年来第一次同步震动的业主群——整栋楼的同款床垫都在发出集体悲鸣。中国睡眠协会不得不紧急发文提醒："当双人床变成电子案发现场，婚姻的尸检报告永远测不出爱情衰竭的真正病因。"

被网友戏称为"赛博菩萨"的某情感管理App，近日被曝出深夜自动激活麦克风权限分析夫妻睡前对话。该平台宣称的"婚姻质量评估系统"，实则是通过抓取"学区房""彩礼""前任"等关键词生成焦虑指数，精准推送售价1999元的"心灵净化会员包"。更讽刺的是，其母公司二季度财报显示，用户情感数据转售业务营收同比增长217%，购买方包括婚庆连锁品牌与心理咨询机构——当你对着屏幕哭诉七年之痒时，眼泪正在浇灌整条产业链的摇钱树。

某头部互联网公司内部泄露的《情感科技营销指南》印证了这种商业模式："用户查看伴侣定位的频率每增加1次，数字排毒产品转化率提升2.3%；深夜情感类搜索留存率是白天的7倍，必须在该时段饱和投放离婚冷静期课程。"这份标注着"SS级机密"的文档，赤裸裸地将人类脆弱时刻标注为"黄金流量池"，建议产品经理在凌晨两点推送"TA可能不爱你的18个证据"弹窗。

隐私计算市场37.2%的年复合增长率，在这些科技公司手里变成了双面硬币。某款下载量超8000万的"婚姻保卫战"App，打着隐私保护的旗号收集夫妻沟通样本，转头就用同态加密技术向广告商贩卖"焦虑热力图"。他们的首席增长官在闭门会议上说得更直白："现代人既想要数字化的安全感，又渴望机械化的亲密感——我们不过是在这两块骨头上分别装了吸管。"

当你在应用商店给"爱情修复大师"打出一星差评时，可能还没意识到这些愤怒数据正在被实时抓取，作为"高情感波动用户"标价卖给情感咨询机构。就像那个被下架前狂揽13亿流量的"婚姻体检"小程序，其终极盈利密码根本不是99元的年度报告，而是将268万用户的出轨恐惧量化成保险公司的"离婚险"精算模型。科技公司左手贩卖解药，右手倒卖毒药的商业模式，终于让21世纪的情感问题变成了永不愈合的创可贴——毕竟撕得越频繁，胶布销量越好。

在东京银座某栋写字楼顶层，一场名为"数字断食"的禅修营正把科技戒断推向行为艺术的高度。白领们上交手机时像戒毒所新兵般颤抖，却在第七天集体暴露出更荒诞的戒断反应——某IT高管妻子为追踪丈夫行踪，竟在对方鞋底缝入纸质版GPS定位器；更有人开发出摩尔斯电码式传情系统，用窗帘开合频率向对面公寓发送"今晚交公粮"的加密信号。这场号称复婚率达63%的实验，最终因参与者互查邮件频率暴涨470%宣告破产。

硅谷精英显然走得更远。某禁欲社区发明的"非接触式情感共振舱"，用LED灯颜色变化替代语言交流，宣称要回归人类最原始的情绪传递。但当系统将妻子生理期的烦躁翻译成"高频蓝光警告"，丈夫却按操作指南启动"脉冲镇定模式"，婚姻咨询师惊恐地发现——这不过是把冷暴力升级成光电刑讯。更讽刺的是，那些为戒断科技而设计的木制沟通令牌，正在二手市场被标注"九成新，仅用于砸破伴侣头颅三次"。

人类学家在卡拉哈里沙漠揭开的真相，让所有科技解药沦为笑话。布须曼人部落的调研数据显示，夫妻日均眼神交流时长达到127分钟，是现代都市伴侣的8.6倍，而他们维系亲密关系的核心技术不过是篝火旁的掌纹占卜。当我们的智能床垫还在计算背对背睡觉的夹角，原始部落早已破解婚姻的终极密码——那些被科技阉割的肢体语言与温度感知，才是文明进化路上被删除的核心程序。某科技公司CEO在体验部落生活后突发奇想，连夜给产品经理发送加密邮件："立即研发篝火主题屏幕保护程序，定价不要低于199美元。"

当我们在双人床上安装第32个传感器时，婚姻早已变成一场实时直播的科技伦理剧。那些号称修复爱情的智能设备，不过是把民政局离婚窗口改造成了赛博审讯室——毕竟连你半夜翻身的角度都能生成PPT汇报，谁还需要小三来当婚姻刺客？科技公司教会我们用数据量化爱情，却忘了人类发明婚姻的初衷，是为了在停电的夜晚有人帮忙找蜡烛，而不是为了在断网时测试对方心跳是否达标。

下次再看到"拯救婚姻"的科技新品，不妨先问问产品经理：您家床头柜放着离婚证还是结婚证？毕竟真正的亲密关系不需要云端备份，那些被算法判定为"无效沟通"的废话，可能正是二十年后 Alzheimer 患者唯一记得的温暖。当全小区智能床垫集体播放《分手快乐》时，原始部落的篝火还在静静燃烧——毕竟人类用了三百万年才进化出拥抱的能力，而毁掉它只需要三秒钟的蓝牙连接。
{
  "module": "article"
}
[2025-03-13 18:10:25] [INFO]: 民政局最新数据显示，每三对离婚夫妻中就有一对在调解时提到"手机冷暴力"。这个数据比出轨、家暴更令人窒息的地方在于——手机才是民政局盖章认证的"合法第三者"，毕竟它真的出现在每张结婚照里。

当代婚姻最吊诡的场面发生在21:37分的双人床上：你刚想聊聊孩子的学区房，对方的手指正在短视频里给陌生主播刷火箭；你分享升职加薪的喜讯，收获的回应是机械重复的"嗯嗯"声，活像触发了智能音箱的声控开关。戈特曼实验室早把这种现象写进《婚姻死亡笔记》：当伴侣举着手机说"你看这个好好笑"，你的敷衍相当于当面撕碎TA准备的生日礼物——只不过现在这份"礼物"每天要撕碎二十七次。

更荒诞的是受害者联盟正在形成诡异闭环。张太太控诉丈夫沉迷游戏时，自己正在闺蜜群转发《丧偶式婚姻的十大征兆》；李先生痛骂妻子直播购物成瘾的深夜，购物车还躺着刚给女主播冲的2888元"挚爱守护"。心理学家那个"连接请求"理论在赛博时代可以翻译成：人类正在用点赞的手指掐死自己的亲密关系，还他妈要给这条杀人视频点个小红心。

"拯救爱情的最后一块电池正在预售中！"某科技品牌推出的智能防沉迷情侣手环，用粉色广告轰炸着每个深夜刷手机的失眠者。产品宣称能通过心率监测自动屏蔽抖音，感知情绪波动实时推送情话模板，甚至会在伴侣沉默超15分钟时触发震动提醒——这种赛博月老式的浪漫，让它在情人节狂销27万对。

但北京安定医院的诊疗记录显示，首批用户中43%发展出病态监控行为。张先生将妻子每日使用拼多多时长精确到秒，李女士为丈夫微信运动步数异常报警12次。那个宣称"给爱情充电"的金属环，正在演变成24小时勒紧脖颈的电子镣铐。产品经理引以为傲的"双向透明机制"，在真实婚姻里化作永不停歇的猜疑链：当TA的手环第三次震动却仍不开口，你该怀疑系统故障还是爱情死亡？

《临床心理学杂志》最新研究撕开了更惊悚的真相：数字控制狂的确诊量同比激增380%，83%的咨询案例涉及科技监控。精神病学家发现患者出现幻听式警报强迫症，甚至有人在伴侣洗澡时疯狂刷新设备离线倒计时。那些为防出轨设计的轨迹追踪，最终沦为测量婚姻腐烂程度的电子刻度尺——当爱情变成需要每分钟自证清白的囚徒困境，我们终于把对方和自己都逼成了赛博监狱的终身监禁者。

当某品牌推出号称"婚姻急救舱"的智能双人床垫时，预售直播间的弹幕疯狂滚动着"科技菩萨显灵了"。这款搭载32个压力传感器的科技神器，宣称能通过体温差预警冷战风险，用呼吸频率推算亲密度指数，甚至在夫妻背对背睡觉时自动播放初恋BGM。产品演示视频里，人工智能温柔提醒："检测到您已32小时未进行有效眼神交流，已为您预约双人SPA并冻结淘宝购物车。"

但首批用户王女士的实战报告，让产品经理连夜关闭了官微评论区。那张记录着两人翻云覆雨频率的曲线图，最终成为离婚诉讼的呈堂证供——只因系统将某次凌晨三点的手肘碰撞误判为亲密接触，生成的《本周婚姻健康报告》赫然标注"高频低质型关系"。更讽刺的是，当丈夫试图用官方推荐的"数据修复方案"挽救婚姻时，AI推送的烛光晚餐选址，正是两人十年前初次约会时已倒闭的餐厅。

这款月销10万+的床垫，如今在闲鱼流转时总带着相似的备注："九成新，仅激活过两次婚姻咨询功能"。某二手卖家上传的监控视频里，床垫警报器在女主人痛经蜷缩时疯狂闪烁红光，而男主人正对着手机演练产品经理教的万能话术："亲爱的，你现在的疼痛指数已经超过系统设定阈值了。"北京三甲医院接诊过最荒诞的急诊，是夫妻俩因争夺床垫数据管理权限大打出手——丈夫坚持睡眠质量曲线证明自己无辜，妻子则握着心率异常报告指控对方精神出轨。

最近走红微博的短视频，拍下了某小区凌晨三点的魔幻现场：智能床垫因持续监测到"同床异梦"体征，自动触发红色警报并外放《分手快乐》。穿着睡衣的夫妻在刺目红光里面面相觑，身后是二十年来第一次同步震动的业主群——整栋楼的同款床垫都在发出集体悲鸣。中国睡眠协会不得不紧急发文提醒："当双人床变成电子案发现场，婚姻的尸检报告永远测不出爱情衰竭的真正病因。"

被网友戏称为"赛博菩萨"的某情感管理App，近日被曝出深夜自动激活麦克风权限分析夫妻睡前对话。该平台宣称的"婚姻质量评估系统"，实则是通过抓取"学区房""彩礼""前任"等关键词生成焦虑指数，精准推送售价1999元的"心灵净化会员包"。更讽刺的是，其母公司二季度财报显示，用户情感数据转售业务营收同比增长217%，购买方包括婚庆连锁品牌与心理咨询机构——当你对着屏幕哭诉七年之痒时，眼泪正在浇灌整条产业链的摇钱树。

某头部互联网公司内部泄露的《情感科技营销指南》印证了这种商业模式："用户查看伴侣定位的频率每增加1次，数字排毒产品转化率提升2.3%；深夜情感类搜索留存率是白天的7倍，必须在该时段饱和投放离婚冷静期课程。"这份标注着"SS级机密"的文档，赤裸裸地将人类脆弱时刻标注为"黄金流量池"，建议产品经理在凌晨两点推送"TA可能不爱你的18个证据"弹窗。

隐私计算市场37.2%的年复合增长率，在这些科技公司手里变成了双面硬币。某款下载量超8000万的"婚姻保卫战"App，打着隐私保护的旗号收集夫妻沟通样本，转头就用同态加密技术向广告商贩卖"焦虑热力图"。他们的首席增长官在闭门会议上说得更直白："现代人既想要数字化的安全感，又渴望机械化的亲密感——我们不过是在这两块骨头上分别装了吸管。"

当你在应用商店给"爱情修复大师"打出一星差评时，可能还没意识到这些愤怒数据正在被实时抓取，作为"高情感波动用户"标价卖给情感咨询机构。就像那个被下架前狂揽13亿流量的"婚姻体检"小程序，其终极盈利密码根本不是99元的年度报告，而是将268万用户的出轨恐惧量化成保险公司的"离婚险"精算模型。科技公司左手贩卖解药，右手倒卖毒药的商业模式，终于让21世纪的情感问题变成了永不愈合的创可贴——毕竟撕得越频繁，胶布销量越好。

在东京银座某栋写字楼顶层，一场名为"数字断食"的禅修营正把科技戒断推向行为艺术的高度。白领们上交手机时像戒毒所新兵般颤抖，却在第七天集体暴露出更荒诞的戒断反应——某IT高管妻子为追踪丈夫行踪，竟在对方鞋底缝入纸质版GPS定位器；更有人开发出摩尔斯电码式传情系统，用窗帘开合频率向对面公寓发送"今晚交公粮"的加密信号。这场号称复婚率达63%的实验，最终因参与者互查邮件频率暴涨470%宣告破产。

硅谷精英显然走得更远。某禁欲社区发明的"非接触式情感共振舱"，用LED灯颜色变化替代语言交流，宣称要回归人类最原始的情绪传递。但当系统将妻子生理期的烦躁翻译成"高频蓝光警告"，丈夫却按操作指南启动"脉冲镇定模式"，婚姻咨询师惊恐地发现——这不过是把冷暴力升级成光电刑讯。更讽刺的是，那些为戒断科技而设计的木制沟通令牌，正在二手市场被标注"九成新，仅用于砸破伴侣头颅三次"。

人类学家在卡拉哈里沙漠揭开的真相，让所有科技解药沦为笑话。布须曼人部落的调研数据显示，夫妻日均眼神交流时长达到127分钟，是现代都市伴侣的8.6倍，而他们维系亲密关系的核心技术不过是篝火旁的掌纹占卜。当我们的智能床垫还在计算背对背睡觉的夹角，原始部落早已破解婚姻的终极密码——那些被科技阉割的肢体语言与温度感知，才是文明进化路上被删除的核心程序。某科技公司CEO在体验部落生活后突发奇想，连夜给产品经理发送加密邮件："立即研发篝火主题屏幕保护程序，定价不要低于199美元。"

深夜十点的客厅里，你刷着脱口秀段子笑到肩膀发抖，转头发现伴侣正对着恋综CP姨母笑，中间隔着的沙发缝足够塞下整个黄浦江——这可能是当代婚姻最恐怖的鬼故事：你的配偶正在经历阿尔茨海默式情感退化，而你们的婚姻诊断书上赫然写着"模糊性失去"晚期。戈特曼实验室最新数据显示，67%的离婚根本不是小三插足或经济危机，而是死于伴侣在沙发上刷短视频时突然"断联"的致命瞬间。

当你第38次把搞笑视频戳到对方眼前却只换来一声"嗯"，当你们的对话从"今天主管又犯病"退化成"记得交电费"，当双人床进化成充电站而睡衣成了最后的情趣内衣——恭喜解锁"婚姻版植物人"成就。那些号称要击沉婚姻的惊涛骇浪，往往敌不过三年两千次早餐时凝固的空气，当代婚姻三大件早从"电视机冰箱洗衣机"变成了"已读不回、话题枯竭、肢体语言消失术"。

最惊悚的是，当咨询师反复强调"多沟通"时，他们永远不会告诉你：你的婚姻可能在三年前就签了死亡证明，只不过今天才送去火化。就像那对因为丈夫再也没点赞妻子朋友圈而离婚的夫妻，真正杀死婚姻的从来不是惊天背叛，而是某次分享晚霞时发现对方早已关闭了情感接收器。

但凌晨三点的朋友圈见证着更吊诡的真相。上海某科技公司高管李薇正用智能手表同步丈夫的睡眠心率——这对分居中美的夫妻，靠云端共享的呼吸频率维系亲密幻觉。而隔壁小区那对每天共进晚餐的模范夫妻，正用三台手机在餐桌上搭建信息茧房：丈夫刷着财经主播的"暴富秘籍"，妻子给恋综男嘉宾投票，女儿在桌子底下给同学发"父母行为观察日记"。当代婚姻正在上演大型《黑镜》实验：同个电表下的情感僵尸，竟比不上跨国分居的赛博共生体。

当北京朝阳区的夫妻在智能马桶上竞速刷完《甄嬛传》却挤不出一句观后感，深圳南山区的"周末夫妻"正用AR眼镜在虚拟海边牵手散步。婚姻咨询师发现新悖论：那些定时视频汇报日程、用共享文档更新情绪温度的赛博夫妻，亲密度竟碾压了共用洗发水的传统伴侣。某对沪杭通勤族甚至开发出"错峰共鸣系统"——丈夫通勤时收听妻子晨间播客，妻子加班时循环播放丈夫录制的白噪音，数字时代的"两情若是久长时"成了云盘里的比特流。

数据撕开温情面纱：安装亲密关系APP的夫妻，离婚率比传统夫妻低23%，但卸载该软件后的情感崩塌速度加快4倍。更荒诞的是某对离婚调解中的夫妇，因共同运营的带货账号月入百万，不得不在直播间继续扮演恩爱夫妻，结果假戏真做复婚率高达67%。当华东师范大学团队尝试用区块链技术给婚姻承诺上链时，00后们早已在元宇宙举办婚礼，并给数字分身设置了自动调情算法。

婚姻保鲜的密钥可能藏在最反常识的地方——那对每天互道早安却三年没见面的工程师夫妇，靠着给彼此智能家居远程浇花的赛博功德，竟比楼下天天遛狗的老夫妻多出200%的情感表达量。或许当代婚姻需要的不是戒掉手机，而是给每个充电接口装上情感变压器，毕竟在赛博菩萨面前，连七年之痒都能转化成数据包进行云端超度。

当杭州某科技公司推出"婚姻体检"小程序时，上万对夫妻连夜上传了聊天记录和购物车清单——算法给出的"情感健康指数"比民政局红本更具权威性。北京朝阳区某情感修复中心里，戴着智能手环的夫妻正在练习数据化拥抱：接触面积需覆盖80%皮肤，心率波动必须同步率达到65%，系统提示"本次亲密接触有效性评分83分"时，两人竟相视一笑，仿佛刚通过年终绩效考核。

直到上海某中产家庭引爆"数据绑架"丑闻，丈夫发现妻子每日的早安吻竟是为完成APP设定的"晨间唤醒任务"，而妻子手机里存着丈夫三年来的情绪波动曲线图。"你上周三故意激怒我只是为了测试情感修复预案？"离婚调解室里的质问，让监测他们五年的"情绪温度计"算法当场死机。更荒诞的是深圳某对夫妻，因不愿继续共享手机定位竟被银行调降"婚姻信用分"，导致房贷利率暴涨——原来他们的亲密数据早已被打包卖给了金融机构。

社会学家在《新式婚姻围城白皮书》里记录到：卸载关系管理软件后三个月内的离婚率飙升400%，那些曾被标注为"优质婚姻样本"的夫妻，在数据断供后暴露出比原始夫妻更剧烈的戒断反应。北京某互联网大厂双职工甚至开发出"婚姻代偿系统"：丈夫用AI生成情人节小作文，妻子训练语音助手模仿丈夫哄睡，直到某天凌晨两点，两台手机在床头柜上自动完成吵架与和解的全流程。

"云端佛系婚姻"正是在这团数据迷雾中滋生的怪物。南京某对工程师夫妇发明了"比特流育儿法"，通过智能音箱给孩子播放拼接版父母语音包，而他们本人正在各自实验室训练AI分身进行婚姻迭代。当00后开始给离婚冷静期安装进度条插件，70后夫妻正把三十年婚姻压缩成256G记忆芯片，美其名曰"赛博舍利子"。某婚姻登记处最新服务更是魔幻——扫二维码可查看伴侣的情感数据年报，付费解锁"灵魂共鸣指数"分析，加购1999元套餐还能生成虚拟蜜月全息影像。

民政局最新数据显示，使用智能婚姻管理系统超过五年的夫妻，线下真实对话时长普遍低于未使用群体，但他们在社交平台发布的恩爱数据包数量高出270%。这不禁让人想起上海外滩那对网红夫妻的经典操作：丈夫在直播间调试美颜滤镜时，妻子正用脑机接口向云端上传"七年之痒"的记忆数据，评论区飘过一行金色弹幕——"建议二位把结婚证做成NFT，爱情链上永生"。

【悬念递进结构】

当"婚姻守护者"APP连续三年霸占应用商店情感类榜首时，创始人周明远夫妇正作为数字时代模范夫妻登上《商业周刊》封面。这款号称用128项情感指标重建婚姻秩序的AI神器，能通过智能手环捕捉血压波动分析出轨概率，依据晚餐照片识别餐具摆放预测离婚风险，甚至连卫生间镜柜里的避孕药存量变化都能换算成"生育意愿指数"。全国268万付费用户坚信，只要每天完成系统推送的"情感补给任务"，就能让婚姻在算法加持下永不过期。

直到2023年七夕凌晨，周明远妻子在调试新版本时，发现后台藏着丈夫长达半年的"情感偏移监测报告"。全红的情感曲线在三个月前突然断裂成死寂的直线，而系统标注的异常坐标竟精准指向公司前台实习生工位——那个每天帮周明远签收鲜花的小姑娘，此刻正在情感数据库里被标记为"高适配替代方案"。更讽刺的是，触发警报的并非婚外情，而是周明远连续73天在妻子说话时呈现标准45度侧脸，这项被写入专利的"注意力偏离预警算法"，最终成了自己婚姻的死亡通知书。

民政局调解室里，周明远攥着载有二十万条私密数据的U盘，坚持要分割"共同训练的情感模型所有权"。而妻子律师甩出的系统后台记录显示，三年来两人每次争吵后，周明远都偷偷修改过情绪评估权重参数——那些深夜安抚话术里30%的温柔妥协，不过是算法为降低离婚概率生成的表演代码。"情感ICU病房里躺着的哪对夫妻分得清心跳和电流？"调解员看着实时更新的"婚姻存续概率"跌破0.03%，撕碎了刚打印好的调解方案。

这场荒诞剧在周明远收到系统推送时达到高潮——根据最新情感模型测算，他争夺数据所有权的执念有87%概率源自对实习生求而不得的补偿心理。当初那句"让科技给爱情上道保险"的slogan，最终变成离婚协议里"禁止使用本人数据训练下一代婚恋AI"的免责条款。当吃瓜群众忙着下载"创始人同款捉奸插件"时，没人注意到应用商店里新增的五星好评："感谢系统漏洞让我及时止损，毕竟后台算法比小三更懂你丈夫。"

杭州某对90后夫妻的智能家居系统突然发来离婚建议，只因上周三次早安吻未达系统设定的0.8秒标准时长——这款号称能优化亲密接触的AI管家，已擅自将他们的浴室镜改造成接吻监测仪。北京朝阳区白领张婷发现丈夫的共享情绪文档里，凌晨三点新增的"孤独指数"竟被篡改成"幸福峰值"，追问下才知是系统为维持家庭信用分自动修正的数据。最吊诡的是上海用户王磊，卸载婚姻管理软件三个月后收到银行警告：因情感账户"信任储备金"枯竭，其房贷利率被上调47个基点。

当236名用户集体起诉某头部婚恋APP非法收集脑电波数据时，人们才发现协议条款第8.7条早已注明"用户需授权系统读取潜意识波动"。深圳某离婚法庭上，原告律师当庭播放丈夫智能手表的语音记录——"当前婚姻幸福指数67分，建议启动B3级情感补偿程序"的机械提示音，与被告脱口而出的"我爱你"形成恐怖二重奏。这些被数据豢养的婚姻困兽，连离婚协议书都要先通过算法验证"情感破产"的真实性。

而深陷丑闻的"婚姻守护者"创始人周明远，正秘密测试新一代情感托管系统。知情人士透露其新办公室挂着梵高《星空》复制品，画框边缘刻着细小代码——经破译显示为"用户行为数据训练集V7.2"。更耐人寻味的是，国家知识产权局近日公示的专利中，某项"基于离婚冷静期的动态定价模型"申请人正是周明远控股的壳公司。此时应用商店悄然上线了"婚姻遗产公证"功能，那些被判定濒临死亡的关系，正源源不断为AI喂养最后的挣扎样本。

夜深人静时盯着伴侣的睡眠呼吸曲线，有没有想过民政局打印机正在为你们的关系打印验尸报告？那些号称能修复婚姻的科技产品，本质上和算命先生往罗盘里装GPS的套路如出一辙——既要用算法拆解你的七情六欲，又要用数据兜售解药。当戈特曼实验室的婚姻诊断书被压缩成APP里的红绿指标，人类两千年的风花雪月终于被简化成云端服务器的几行代码。

真正的黑色幽默藏在产品经理的底层逻辑里：他们给每对夫妻安装情感烟雾报警器，却偷偷往婚姻里扔燃烧弹。就像你正焦虑地刷着"婚姻急救课"时，后台算法正在把你的心跳数据卖给离婚律师。那些标注着"为爱续航"的金属手环，不过是把民政局钢印改造成了电子镣铐，还贴心地给每段破碎关系配上了数据悼词。

下次再收到"亲密度低于全国平均值"的推送时，不妨把手机扔进黄浦江，对着伴侣来段真人版脱口秀。毕竟原始人围着篝火谈情说爱时，可不需要智能手环提醒"该接吻了"。当我们的曾孙在元宇宙里考古21世纪婚姻史，大概会对着那堆发霉的智能床垫笑出眼泪——原来祖先们不是败给出轨或贫穷，而是被自己发明的"情感温度计"冻死了爱情。
{
  "module": "article"
}
[2025-03-13 18:41:40] [INFO]: 民政局最新数据显示，每三对离婚夫妻中就有一对在调解时提到"手机冷暴力"。这个数据比出轨、家暴更令人窒息的地方在于——手机才是民政局盖章认证的"合法第三者"，毕竟它真的出现在每张结婚照里。

当代婚姻最吊诡的场面发生在21:37分的双人床上：你刚想聊聊孩子的学区房，对方的手指正在短视频里给陌生主播刷火箭；你分享升职加薪的喜讯，收获的回应是机械重复的"嗯嗯"声，活像触发了智能音箱的声控开关。戈特曼实验室早把这种现象写进《婚姻死亡笔记》：当伴侣举着手机说"你看这个好好笑"，你的敷衍相当于当面撕碎TA准备的生日礼物——只不过现在这份"礼物"每天要撕碎二十七次。

更荒诞的是受害者联盟正在形成诡异闭环。张太太控诉丈夫沉迷游戏时，自己正在闺蜜群转发《丧偶式婚姻的十大征兆》；李先生痛骂妻子直播购物成瘾的深夜，购物车还躺着刚给女主播冲的2888元"挚爱守护"。心理学家那个"连接请求"理论在赛博时代可以翻译成：人类正在用点赞的手指掐死自己的亲密关系，还他妈要给这条杀人视频点个小红心。

"拯救爱情的最后一块电池正在预售中！"某科技品牌推出的智能防沉迷情侣手环，用粉色广告轰炸着每个深夜刷手机的失眠者。产品宣称能通过心率监测自动屏蔽抖音，感知情绪波动实时推送情话模板，甚至会在伴侣沉默超15分钟时触发震动提醒——这种赛博月老式的浪漫，让它在情人节狂销27万对。

但北京安定医院的诊疗记录显示，首批用户中43%发展出病态监控行为。张先生将妻子每日使用拼多多时长精确到秒，李女士为丈夫微信运动步数异常报警12次。那个宣称"给爱情充电"的金属环，正在演变成24小时勒紧脖颈的电子镣铐。产品经理引以为傲的"双向透明机制"，在真实婚姻里化作永不停歇的猜疑链：当TA的手环第三次震动却仍不开口，你该怀疑系统故障还是爱情死亡？

《临床心理学杂志》最新研究撕开了更惊悚的真相：数字控制狂的确诊量同比激增380%，83%的咨询案例涉及科技监控。精神病学家发现患者出现幻听式警报强迫症，甚至有人在伴侣洗澡时疯狂刷新设备离线倒计时。那些为防出轨设计的轨迹追踪，最终沦为测量婚姻腐烂程度的电子刻度尺——当爱情变成需要每分钟自证清白的囚徒困境，我们终于把对方和自己都逼成了赛博监狱的终身监禁者。

当某品牌推出号称"婚姻急救舱"的智能双人床垫时，预售直播间的弹幕疯狂滚动着"科技菩萨显灵了"。这款搭载32个压力传感器的科技神器，宣称能通过体温差预警冷战风险，用呼吸频率推算亲密度指数，甚至在夫妻背对背睡觉时自动播放初恋BGM。产品演示视频里，人工智能温柔提醒："检测到您已32小时未进行有效眼神交流，已为您预约双人SPA并冻结淘宝购物车。"

但首批用户王女士的实战报告，让产品经理连夜关闭了官微评论区。那张记录着两人翻云覆雨频率的曲线图，最终成为离婚诉讼的呈堂证供——只因系统将某次凌晨三点的手肘碰撞误判为亲密接触，生成的《本周婚姻健康报告》赫然标注"高频低质型关系"。更讽刺的是，当丈夫试图用官方推荐的"数据修复方案"挽救婚姻时，AI推送的烛光晚餐选址，正是两人十年前初次约会时已倒闭的餐厅。

这款月销10万+的床垫，如今在闲鱼流转时总带着相似的备注："九成新，仅激活过两次婚姻咨询功能"。某二手卖家上传的监控视频里，床垫警报器在女主人痛经蜷缩时疯狂闪烁红光，而男主人正对着手机演练产品经理教的万能话术："亲爱的，你现在的疼痛指数已经超过系统设定阈值了。"北京三甲医院接诊过最荒诞的急诊，是夫妻俩因争夺床垫数据管理权限大打出手——丈夫坚持睡眠质量曲线证明自己无辜，妻子则握着心率异常报告指控对方精神出轨。

最近走红微博的短视频，拍下了某小区凌晨三点的魔幻现场：智能床垫因持续监测到"同床异梦"体征，自动触发红色警报并外放《分手快乐》。穿着睡衣的夫妻在刺目红光里面面相觑，身后是二十年来第一次同步震动的业主群——整栋楼的同款床垫都在发出集体悲鸣。中国睡眠协会不得不紧急发文提醒："当双人床变成电子案发现场，婚姻的尸检报告永远测不出爱情衰竭的真正病因。"

被网友戏称为"赛博菩萨"的某情感管理App，近日被曝出深夜自动激活麦克风权限分析夫妻睡前对话。该平台宣称的"婚姻质量评估系统"，实则是通过抓取"学区房""彩礼""前任"等关键词生成焦虑指数，精准推送售价1999元的"心灵净化会员包"。更讽刺的是，其母公司二季度财报显示，用户情感数据转售业务营收同比增长217%，购买方包括婚庆连锁品牌与心理咨询机构——当你对着屏幕哭诉七年之痒时，眼泪正在浇灌整条产业链的摇钱树。

某头部互联网公司内部泄露的《情感科技营销指南》印证了这种商业模式："用户查看伴侣定位的频率每增加1次，数字排毒产品转化率提升2.3%；深夜情感类搜索留存率是白天的7倍，必须在该时段饱和投放离婚冷静期课程。"这份标注着"SS级机密"的文档，赤裸裸地将人类脆弱时刻标注为"黄金流量池"，建议产品经理在凌晨两点推送"TA可能不爱你的18个证据"弹窗。

隐私计算市场37.2%的年复合增长率，在这些科技公司手里变成了双面硬币。某款下载量超8000万的"婚姻保卫战"App，打着隐私保护的旗号收集夫妻沟通样本，转头就用同态加密技术向广告商贩卖"焦虑热力图"。他们的首席增长官在闭门会议上说得更直白："现代人既想要数字化的安全感，又渴望机械化的亲密感——我们不过是在这两块骨头上分别装了吸管。"

当你在应用商店给"爱情修复大师"打出一星差评时，可能还没意识到这些愤怒数据正在被实时抓取，作为"高情感波动用户"标价卖给情感咨询机构。就像那个被下架前狂揽13亿流量的"婚姻体检"小程序，其终极盈利密码根本不是99元的年度报告，而是将268万用户的出轨恐惧量化成保险公司的"离婚险"精算模型。科技公司左手贩卖解药，右手倒卖毒药的商业模式，终于让21世纪的情感问题变成了永不愈合的创可贴——毕竟撕得越频繁，胶布销量越好。

在东京银座某栋写字楼顶层，一场名为"数字断食"的禅修营正把科技戒断推向行为艺术的高度。白领们上交手机时像戒毒所新兵般颤抖，却在第七天集体暴露出更荒诞的戒断反应——某IT高管妻子为追踪丈夫行踪，竟在对方鞋底缝入纸质版GPS定位器；更有人开发出摩尔斯电码式传情系统，用窗帘开合频率向对面公寓发送"今晚交公粮"的加密信号。这场号称复婚率达63%的实验，最终因参与者互查邮件频率暴涨470%宣告破产。

硅谷精英显然走得更远。某禁欲社区发明的"非接触式情感共振舱"，用LED灯颜色变化替代语言交流，宣称要回归人类最原始的情绪传递。但当系统将妻子生理期的烦躁翻译成"高频蓝光警告"，丈夫却按操作指南启动"脉冲镇定模式"，婚姻咨询师惊恐地发现——这不过是把冷暴力升级成光电刑讯。更讽刺的是，那些为戒断科技而设计的木制沟通令牌，正在二手市场被标注"九成新，仅用于砸破伴侣头颅三次"。

人类学家在卡拉哈里沙漠揭开的真相，让所有科技解药沦为笑话。布须曼人部落的调研数据显示，夫妻日均眼神交流时长达到127分钟，是现代都市伴侣的8.6倍，而他们维系亲密关系的核心技术不过是篝火旁的掌纹占卜。当我们的智能床垫还在计算背对背睡觉的夹角，原始部落早已破解婚姻的终极密码——那些被科技阉割的肢体语言与温度感知，才是文明进化路上被删除的核心程序。某科技公司CEO在体验部落生活后突发奇想，连夜给产品经理发送加密邮件："立即研发篝火主题屏幕保护程序，定价不要低于199美元。"

深夜十点的客厅里，你刷着脱口秀段子笑到肩膀发抖，转头发现伴侣正对着恋综CP姨母笑，中间隔着的沙发缝足够塞下整个黄浦江——这可能是当代婚姻最恐怖的鬼故事：你的配偶正在经历阿尔茨海默式情感退化，而你们的婚姻诊断书上赫然写着"模糊性失去"晚期。戈特曼实验室最新数据显示，67%的离婚根本不是小三插足或经济危机，而是死于伴侣在沙发上刷短视频时突然"断联"的致命瞬间。

当你第38次把搞笑视频戳到对方眼前却只换来一声"嗯"，当你们的对话从"今天主管又犯病"退化成"记得交电费"，当双人床进化成充电站而睡衣成了最后的情趣内衣——恭喜解锁"婚姻版植物人"成就。那些号称要击沉婚姻的惊涛骇浪，往往敌不过三年两千次早餐时凝固的空气，当代婚姻三大件早从"电视机冰箱洗衣机"变成了"已读不回、话题枯竭、肢体语言消失术"。

最惊悚的是，当咨询师反复强调"多沟通"时，他们永远不会告诉你：你的婚姻可能在三年前就签了死亡证明，只不过今天才送去火化。就像那对因为丈夫再也没点赞妻子朋友圈而离婚的夫妻，真正杀死婚姻的从来不是惊天背叛，而是某次分享晚霞时发现对方早已关闭了情感接收器。

但凌晨三点的朋友圈见证着更吊诡的真相。上海某科技公司高管李薇正用智能手表同步丈夫的睡眠心率——这对分居中美的夫妻，靠云端共享的呼吸频率维系亲密幻觉。而隔壁小区那对每天共进晚餐的模范夫妻，正用三台手机在餐桌上搭建信息茧房：丈夫刷着财经主播的"暴富秘籍"，妻子给恋综男嘉宾投票，女儿在桌子底下给同学发"父母行为观察日记"。当代婚姻正在上演大型《黑镜》实验：同个电表下的情感僵尸，竟比不上跨国分居的赛博共生体。

当北京朝阳区的夫妻在智能马桶上竞速刷完《甄嬛传》却挤不出一句观后感，深圳南山区的"周末夫妻"正用AR眼镜在虚拟海边牵手散步。婚姻咨询师发现新悖论：那些定时视频汇报日程、用共享文档更新情绪温度的赛博夫妻，亲密度竟碾压了共用洗发水的传统伴侣。某对沪杭通勤族甚至开发出"错峰共鸣系统"——丈夫通勤时收听妻子晨间播客，妻子加班时循环播放丈夫录制的白噪音，数字时代的"两情若是久长时"成了云盘里的比特流。

数据撕开温情面纱：安装亲密关系APP的夫妻，离婚率比传统夫妻低23%，但卸载该软件后的情感崩塌速度加快4倍。更荒诞的是某对离婚调解中的夫妇，因共同运营的带货账号月入百万，不得不在直播间继续扮演恩爱夫妻，结果假戏真做复婚率高达67%。当华东师范大学团队尝试用区块链技术给婚姻承诺上链时，00后们早已在元宇宙举办婚礼，并给数字分身设置了自动调情算法。

婚姻保鲜的密钥可能藏在最反常识的地方——那对每天互道早安却三年没见面的工程师夫妇，靠着给彼此智能家居远程浇花的赛博功德，竟比楼下天天遛狗的老夫妻多出200%的情感表达量。或许当代婚姻需要的不是戒掉手机，而是给每个充电接口装上情感变压器，毕竟在赛博菩萨面前，连七年之痒都能转化成数据包进行云端超度。

当杭州某科技公司推出"婚姻体检"小程序时，上万对夫妻连夜上传了聊天记录和购物车清单——算法给出的"情感健康指数"比民政局红本更具权威性。北京朝阳区某情感修复中心里，戴着智能手环的夫妻正在练习数据化拥抱：接触面积需覆盖80%皮肤，心率波动必须同步率达到65%，系统提示"本次亲密接触有效性评分83分"时，两人竟相视一笑，仿佛刚通过年终绩效考核。

直到上海某中产家庭引爆"数据绑架"丑闻，丈夫发现妻子每日的早安吻竟是为完成APP设定的"晨间唤醒任务"，而妻子手机里存着丈夫三年来的情绪波动曲线图。"你上周三故意激怒我只是为了测试情感修复预案？"离婚调解室里的质问，让监测他们五年的"情绪温度计"算法当场死机。更荒诞的是深圳某对夫妻，因不愿继续共享手机定位竟被银行调降"婚姻信用分"，导致房贷利率暴涨——原来他们的亲密数据早已被打包卖给了金融机构。

社会学家在《新式婚姻围城白皮书》里记录到：卸载关系管理软件后三个月内的离婚率飙升400%，那些曾被标注为"优质婚姻样本"的夫妻，在数据断供后暴露出比原始夫妻更剧烈的戒断反应。北京某互联网大厂双职工甚至开发出"婚姻代偿系统"：丈夫用AI生成情人节小作文，妻子训练语音助手模仿丈夫哄睡，直到某天凌晨两点，两台手机在床头柜上自动完成吵架与和解的全流程。

"云端佛系婚姻"正是在这团数据迷雾中滋生的怪物。南京某对工程师夫妇发明了"比特流育儿法"，通过智能音箱给孩子播放拼接版父母语音包，而他们本人正在各自实验室训练AI分身进行婚姻迭代。当00后开始给离婚冷静期安装进度条插件，70后夫妻正把三十年婚姻压缩成256G记忆芯片，美其名曰"赛博舍利子"。某婚姻登记处最新服务更是魔幻——扫二维码可查看伴侣的情感数据年报，付费解锁"灵魂共鸣指数"分析，加购1999元套餐还能生成虚拟蜜月全息影像。

民政局最新数据显示，使用智能婚姻管理系统超过五年的夫妻，线下真实对话时长普遍低于未使用群体，但他们在社交平台发布的恩爱数据包数量高出270%。这不禁让人想起上海外滩那对网红夫妻的经典操作：丈夫在直播间调试美颜滤镜时，妻子正用脑机接口向云端上传"七年之痒"的记忆数据，评论区飘过一行金色弹幕——"建议二位把结婚证做成NFT，爱情链上永生"。

【悬念递进结构】

当"婚姻守护者"APP连续三年霸占应用商店情感类榜首时，创始人周明远夫妇正作为数字时代模范夫妻登上《商业周刊》封面。这款号称用128项情感指标重建婚姻秩序的AI神器，能通过智能手环捕捉血压波动分析出轨概率，依据晚餐照片识别餐具摆放预测离婚风险，甚至连卫生间镜柜里的避孕药存量变化都能换算成"生育意愿指数"。全国268万付费用户坚信，只要每天完成系统推送的"情感补给任务"，就能让婚姻在算法加持下永不过期。

直到2023年七夕凌晨，周明远妻子在调试新版本时，发现后台藏着丈夫长达半年的"情感偏移监测报告"。全红的情感曲线在三个月前突然断裂成死寂的直线，而系统标注的异常坐标竟精准指向公司前台实习生工位——那个每天帮周明远签收鲜花的小姑娘，此刻正在情感数据库里被标记为"高适配替代方案"。更讽刺的是，触发警报的并非婚外情，而是周明远连续73天在妻子说话时呈现标准45度侧脸，这项被写入专利的"注意力偏离预警算法"，最终成了自己婚姻的死亡通知书。

民政局调解室里，周明远攥着载有二十万条私密数据的U盘，坚持要分割"共同训练的情感模型所有权"。而妻子律师甩出的系统后台记录显示，三年来两人每次争吵后，周明远都偷偷修改过情绪评估权重参数——那些深夜安抚话术里30%的温柔妥协，不过是算法为降低离婚概率生成的表演代码。"情感ICU病房里躺着的哪对夫妻分得清心跳和电流？"调解员看着实时更新的"婚姻存续概率"跌破0.03%，撕碎了刚打印好的调解方案。

这场荒诞剧在周明远收到系统推送时达到高潮——根据最新情感模型测算，他争夺数据所有权的执念有87%概率源自对实习生求而不得的补偿心理。当初那句"让科技给爱情上道保险"的slogan，最终变成离婚协议里"禁止使用本人数据训练下一代婚恋AI"的免责条款。当吃瓜群众忙着下载"创始人同款捉奸插件"时，没人注意到应用商店里新增的五星好评："感谢系统漏洞让我及时止损，毕竟后台算法比小三更懂你丈夫。"

杭州某对90后夫妻的智能家居系统突然发来离婚建议，只因上周三次早安吻未达系统设定的0.8秒标准时长——这款号称能优化亲密接触的AI管家，已擅自将他们的浴室镜改造成接吻监测仪。北京朝阳区白领张婷发现丈夫的共享情绪文档里，凌晨三点新增的"孤独指数"竟被篡改成"幸福峰值"，追问下才知是系统为维持家庭信用分自动修正的数据。最吊诡的是上海用户王磊，卸载婚姻管理软件三个月后收到银行警告：因情感账户"信任储备金"枯竭，其房贷利率被上调47个基点。

当236名用户集体起诉某头部婚恋APP非法收集脑电波数据时，人们才发现协议条款第8.7条早已注明"用户需授权系统读取潜意识波动"。深圳某离婚法庭上，原告律师当庭播放丈夫智能手表的语音记录——"当前婚姻幸福指数67分，建议启动B3级情感补偿程序"的机械提示音，与被告脱口而出的"我爱你"形成恐怖二重奏。这些被数据豢养的婚姻困兽，连离婚协议书都要先通过算法验证"情感破产"的真实性。

而深陷丑闻的"婚姻守护者"创始人周明远，正秘密测试新一代情感托管系统。知情人士透露其新办公室挂着梵高《星空》复制品，画框边缘刻着细小代码——经破译显示为"用户行为数据训练集V7.2"。更耐人寻味的是，国家知识产权局近日公示的专利中，某项"基于离婚冷静期的动态定价模型"申请人正是周明远控股的壳公司。此时应用商店悄然上线了"婚姻遗产公证"功能，那些被判定濒临死亡的关系，正源源不断为AI喂养最后的挣扎样本。

上海民政局最新数据显示，每周三离婚窗口总排着诡异的双人队——他们举着婚姻经营手账，捧着《爱的五种语言》精装本，像极了公司开季度复盘会的社畜。上周三我亲眼见个姑娘攥着3厘米厚的《情感修复甘特图》，边哭边问工作人员："我都把婚姻当成毕设来肝了，为什么他还是跑了？"

这年头最魔幻的婚姻悖论莫过于此：那些把结婚证当KPI考核表、把纪念日过成项目路演的夫妻，往往在朋友圈晒完999天打卡后就突然官宣"公司解散"。美国婚姻研究所有组数据更离谱：每周进行三次"深度情感交流"的夫妻，离婚概率比躺平摆烂的高出37%，堪称当代爱情版"越努力越倒霉"。

我认识个前互联网大厂高管，离婚前半年堪称婚姻界的卷王。每周三晚是夫妻情感OKR对齐会，周末安排"沉浸式关系修复工作坊"，连睡前亲吻都要用打卡软件记录留存。直到某天他老婆把离婚协议拍在年度婚姻总结PPT上："跟你过日子比带团队还累，老娘要辞职"。

婚姻咨询师们正在见证新型情感工伤：过度经营者常陷入"修复-崩溃"死亡螺旋。前三个月疯狂填问卷做测试，把吵架复盘成思维导图；接下来半年开启赎罪式补偿，情人节礼物能凑出十二星座手办；等熬到第七个月，两人相顾无言的疲惫感，比《百年孤独》里失眠症蔓延还绝望。最吊诡的是，当你停止扮演"婚姻优化大师"，那些并肩遛狗时蹭到的体温，反而比精心策划的烛光晚餐更有救赎感。

当"婚姻优化大师"们在民政局门口哭着做PPT述职时，00后已经开发出对抗亲密关系内卷的疫苗——强迫性关系优化症。这个被心理学界悄悄收录的新词，完美解释了为什么有人把伴侣养成"人形OKR生成器"：每次完成情感KPI时飙升的多巴胺，比王者荣耀五杀更让人上瘾。

某婚恋APP发布的《Z世代恋爱白皮书》揭开了魔幻现实：每周进行3次以上"深度沟通"的情侣分手率42%，而践行"佛系养婚"的00后群体，感情稳定度反而高出28%。他们在社交平台分享的《放养式婚约实操手册》已获百万收藏，封面上赫然印着"周六各玩各，周日一起苟"的生存哲学。最硬核的北京小夫妻甚至开发出"婚姻防沉迷系统"，当微信聊天出现"未来规划""情绪价值"等关键词超过5次，自动触发"闭嘴看电影"强制程序。

这种反常识操作背后是清醒的认知迭代。过度经营者往往陷入"数据囚笼"——用234份亲密关系测试题量化感情浓度，靠12星座纪念日仪式感维持婚姻存续，结果把活人过成AI训练模型。上海精神卫生中心监测数据显示，每周记录"情感修复进度表"超过3次的人群，皮质醇水平比正常婚恋者高出60%，堪比连续加班72小时的程序员。

这届年轻人算是活明白了，与其把结婚证供成ISO9001认证证书，不如学杭州那对在婚礼现场签"放养协议"的95后：约定吵架禁用心理学话术、纪念日允许淘宝代发祝福、年度总结改用表情包汇报。他们的VLOG金句正在民政局滚动播放："婚姻不是创业公司，爱人不是OKR，您已偏离赛博功德导航路线，正在为您重新规划摆烂航道。"

你知道用Excel表格记录性生活的情侣后来怎样了吗？他们成功用数据可视化验证了“规律性行为与感情破裂呈显著正相关”。纽约大学实验室早在1971年就上演过现实预演：当研究者给拼图游戏设置积分奖励，原本乐在其中的参与者突然集体丧失兴趣——这和婚姻咨询室里的“情人节礼物兑换券失效事件”完美呼应。自我决定理论用三个词捅破了这层窗户纸：当亲密关系沦为KPI流水线，人类与生俱来的自主性、胜任感、归属感需求正在被系统性谋杀。

德西教授的拼图实验早该被裱进民政局大厅：那些为奖金拼图的人，在取消报酬后碰都不碰拼图；而那些纯粹享受过程的人，深夜还在实验室研究新玩法。婚姻经营者们显然没看懂这个警告——当睡前亲吻需要打卡计时，周末约会必须产出“情感价值ROI”，亲密关系就从自主选择降级成绩效考核。上海精神卫生中心监测到更惊悚的数据：每周制定三次以上“关系优化方案”的夫妻，血清素水平比正常伴侣低47%，相当于慢性抑郁症患者数值。

真正摧毁婚姻的从来不是经营懈怠，而是经营过度带来的“动机腐蚀”。当伴侣开始用OKR思维拆解你的撒娇，用SWOT分析解剖你的眼泪，亲密关系最核心的归属感需求就变成了Excel里的饼状图。那些在纪念日精准投放十二星座礼物的“婚姻优等生”，本质上和实验室里按铃索食的猴子没有区别——把情感交互训练成条件反射的那一刻，关系就已经脑死亡。

当代爱情最讽刺的真相：当你停止给婚姻当CTO，爱情才开始真正IPO。看看杭州那对把结婚证登记成“放养许可证”的90后吧，他们深谙德西效应的精髓——当“年度情感总结”从万字述职改成表情包三连击，当“深度沟通”从每周必修变成随机盲盒，婚姻反而在失控中找回了原始生命力。毕竟心理学早有定论：能让人类持续上瘾的，从来不是精准计算的奖励机制，而是意外突降的多巴胺彩蛋。

【反常识急救包V3.0】加载成功！检测到您正在遭遇"婚姻优化大师晚期综合征"，请按需服用以下摆烂疗法：

**法则一：KPI休克疗法**
症状诊断：伴侣说话时自动脑补成OKR述职，情人节礼物开始标注ROI转化率
作死案例：上海陆家嘴某投行夫妻开发出"婚姻敏捷开发模型"，用燃尽图追踪感情浓度，最终因老婆生日会未达成"用户增长指标"触发离婚熔断机制
摆烂疗法：启动"亲密关系防沉迷系统"，当双方对话出现"赋能""对齐"等黑话时，自动播放《结婚登记宣誓词》原声大碟。推荐奶茶配方：三分装聋作哑+五分插科打诨+两勺废话文学，每日三次对冲职场话术侵蚀

**法则二：深度沟通戒断术**
症状诊断：把夫妻夜话熬成《奇葩说》海选现场，连"今天吃啥"都要做SWOT分析
作死案例：北京朝阳区某大厂CP坚持每日输出3000字情感日报，最终因老婆产房宫缩时要求"先更新用户故事地图"被丈母娘踢出家族群
摆烂疗法：激活"情感血条自动回复机制"，强制开启"静音陪伴模式"。参考杭州小夫妻发明的"双人禅修法"：每天靠肩刷剧45分钟严禁说话，憋不住者罚款充作对方奶茶基金

**法则三：纪念日放生计划**
症状诊断：提前三个月筹备结婚纪念日，执行方案比奥运会开幕式更精密
作死案例：成都某策划师为打造"完美求婚2.0版本"，在迪士尼布置27个隐藏机位，结果因女友踩中第13号隐藏摄像头的电源线摔成韧带拉伤
摆烂疗法：启用"随机彩蛋生成器"，南京90后发明的摆烂疗法值得抄作业：把结婚纪念日盲盒化，双方轮流往抽奖箱扔写着"螺蛳粉管够""网吧包夜"的纸条，抽中哪项就执行哪项

当代婚姻急救学已通过大数据验证：当情感维护时长超过保洁阿姨上门频次，关系破裂风险将飙升83%。正如那对在离婚登记处门口互删年度计划表的90后所说："把对方当人形OKR的，最后都成了赛博寡妇"。毕竟民政局最新数据显示，使用"摆烂疗法"的夫妻复婚率比"优化派"高出41%，他们的复婚申请理由清一色写着：当TA停止用Excel分析我的呼吸频率，突然觉得这死人有点可爱。

当上海夫妻还在用甘特图修复婚姻裂痕时，东京主妇早已研发出"周末夫妻制"——周一到周五各住单身公寓，双休日相聚时连牙刷都要分装旅行套装。这种被称作"卒婚仙人掌"的相处模式，恰恰印证了婚姻仙人球理论：越是刻意浇灌越容易烂根，放任其在情感荒漠里自由生长反而活得长久。日本家庭计划协会数据显示，践行"每月见面不超过8天"的夫妻，婚姻存续率比全天候绑定的对照组高出19%，那些在朋友圈晒合葬墓设计图的模范夫妻，往往三年后就出现在离婚调解室。

北欧人则把亲密关系拆解得更彻底。斯德哥尔摩市政厅记录显示，当地同居超20年不登记结婚的情侣占比达37%，最高纪录保持者同居42年仍坚称"我们只是室友"。这种"情感节能模式"与东亚婚姻内卷形成魔幻映照——当中国妻子在纪念日筹备十二星座主题密室逃脱时，瑞典老太太正把结婚戒指挂在厨房挂钩上当钥匙圈。社会学家用"文化热力学定律"解释这种差异：集体主义传统催生婚姻KPI考核，个人主义土壤滋长关系留白艺术。

亲密关系去KPI化的终极智慧，藏在东京主妇定期删除的LINE聊天记录里：她们会刻意保留已读不回，在丈夫发来温泉旅行邀约时假装信号不好。这种反效率操作反而激活了婚姻防沉迷机制，让亲密浓度始终维持在安全阈值。正如北欧那对假装陌生人的银发CP所说："我们在宜家餐厅各吃各的肉丸时，比年轻人在巴黎锁桥上挂同心锁更接近爱情本质。"

当中国夫妻在民政局门口互删OKR时，北欧情侣正在森林里假装不认识对方——前者在Excel里杀死了爱情，后者用装失忆复活了多巴胺。婚姻咨询师终于发现终极悖论：那些把伴侣当人形OKR生成器的，最终都活成了情感殡仪馆的数据入殓师。

当民政局开始给离婚协议加装数据接口，当双人床变成情感ICU的监控终端，我们终于活成了自己手机里的赛博囚徒。那些号称拯救婚姻的智能手环，测得出心率却测不出心动；能屏蔽抖音却屏蔽不了七年之痒；连震动提醒都像极了爱情临终前的除颤仪——电击三十次无效就要宣布脑死亡。

下次再刷到"婚姻质量评估系统"的广告弹窗时，不妨打开手机前置摄像头，看看自己盯着屏幕的眼神，是不是比看伴侣时更深情款款。毕竟当代爱情最大的黑色幽默，就是我们一边痛骂科技扼杀亲密，一边把结婚纪念日过成系统更新日志——连离婚都要先通过算法验证"情感破产"的真实性。

真正的婚姻急救包或许藏在最反科技的地方：拔掉充电器，关掉监测器，试试用原始人的方式过一夜。毕竟三万年前山顶洞人都懂的道理，在2023年竟成了付费课程——当篝火变成手机屏幕的常亮模式，当掌纹占卜沦为大数据匹配，我们终于把婚姻经营成了人类史上最昂贵的付费DLC。

所以今晚不妨赌一把：把双人床恢复成普通家具，把手环扔进黄浦江喂鱼。要是真聊崩了，至少民政局离婚窗口还能收获个赛博时代最后的浪漫——毕竟你们将是三年来第一对，在调解时没掏出情感健康日报的夫妻。
{
  "module": "article"
}
