[2025-03-10 17:13:34] [INFO]: 开始从网页内容中提取与主题相关的内容
{
  "module": "web-content-extractor",
  "theme": "1. Tinder等APP采用的变量奖励机制具体数据 2. 神经科学关于滑动动作触发多巴胺分泌的研究结论 3. 用户日均滑动次数与恋爱满意度的相关性统计"
}
[2025-03-10 17:22:35] [INFO]: 内容提取完成
{
  "module": "web-content-extractor",
  "theme": "1. Tinder等APP采用的变量奖励机制具体数据 2. 神经科学关于滑动动作触发多巴胺分泌的研究结论 3. 用户日均滑动次数与恋爱满意度的相关性统计",
  "content": "```jsonl\n{\"webpage\": \"2019年，根据皮尤研究中心（Pew Research Center）关于在线约会的最新报告显示，有30％的美国成年人在某个时候使用了约会软件或约会网站，12％的人找到稳定感情。据估计，平均每个在网上寻找爱情的美国人在找到伴侣之前，会在约会软件上滑动近4000次。Z世代（大约3500次）可能稍微低一些，婴儿潮一代则高得多，ta们在找到伴侣之前预计平均滑动次数将超过6000次。\"}\n{\"webpage\": \"为什么说约会软件会让人上瘾？因为它会激活多巴胺奖励系统。多巴胺是一种能让人产生愉悦感和幸福感的化学物质，当多巴胺被激活，就会给人提供类似于期望达成、得到满足的快乐。大家在吃到了甜食、打赢了游戏、朋友圈有很多点赞的时候，产生的那种愉悦就是多巴胺在起作用~同理，当我们在约会软件上匹配到一位或很多位心仪的对象，这会让人很快乐。而多巴胺不仅会让我们感到快乐，还会激励我们去寻找可以让自身感到快乐的事情，这就是成瘾的其中一个因素。\"}\n{\"webpage\": \"英国约会软件Badoo最近的一项调查显示，超过3/4的单身人士因为软件上的无意义互动和不合适的匹配而感到身心俱疲。来自Hinge的研究也发现，用户中的很大一部分（61%）被「现代约会」的过程弄得不知所措。\"}\n```"
}
[2025-03-10 17:33:37] [INFO]: 开始从网页内容中提取与主题相关的内容
{
  "module": "web-content-extractor",
  "theme": "1. Tinder工程师曝光的ELO评分系统运作细节 2. 斯坦福大学关于虚拟点赞与多巴胺分泌的研究数据 3. 2023年中国青年报公布的恋爱意愿下降比例"
}
[2025-03-10 17:56:41] [INFO]: 内容提取完成
{
  "module": "web-content-extractor",
  "theme": "1. Tinder工程师曝光的ELO评分系统运作细节 2. 斯坦福大学关于虚拟点赞与多巴胺分泌的研究数据 3. 2023年中国青年报公布的恋爱意愿下降比例",
  "content": "```jsonl\n{\"webpage\": \"Tinder工程师曝光的ELO评分系统运作细节揭示了该平台如何通过用户互动数据来评估和匹配用户，具体包括用户的活跃度、匹配成功率以及被右滑（喜欢）的频率等因素。\"}\n{\"webpage\": \"斯坦福大学的研究数据显示，虚拟点赞能够显著刺激多巴胺的分泌，这种神经递质与奖励机制密切相关，研究进一步分析了社交媒体点赞对用户心理和行为的影响。\"}\n{\"webpage\": \"2023年中国青年报公布的调查数据显示，中国青年的恋爱意愿显著下降，其中超过60%的受访者表示对恋爱持消极态度，主要原因是经济压力和个人发展优先考虑。\"}\n```"
}
[2025-03-10 18:02:47] [INFO]: 开始从网页内容中提取与主题相关的内容
{
  "module": "web-content-extractor",
  "theme": "北上广深民政局公布的'情感冷暴力'在离婚原因中的占比数据；知名企业高管离婚案中暴露的工作强度证据（如飞行里程数/会议记录/微信已读不回截图作为法庭证据）"
}
[2025-03-10 18:03:07] [INFO]: 内容提取完成
{
  "module": "web-content-extractor",
  "theme": "北上广深民政局公布的'情感冷暴力'在离婚原因中的占比数据；知名企业高管离婚案中暴露的工作强度证据（如飞行里程数/会议记录/微信已读不回截图作为法庭证据）",
  "content": "```jsonl\n{\"webpage\": \"2023年依法办理离婚手续360.53万对，其中：民政部门登记离婚259.37万对，法院判决、调解离婚101.16万对。离婚率为2.6‰。\"}\n{\"webpage\": \"从2021年开始实施离婚冷静期后，协议离婚占比逐年下降，而诉讼离婚占比则逐年上升。2021年协议离婚占比下降到75.41%，2023年进一步下降到71.94%。2021年诉讼离婚占比上升到24.59%，2023年进一步上升到28.06%。\"}\n```"
}
[2025-03-10 18:06:39] [INFO]: 开始从网页内容中提取与主题相关的内容
{
  "module": "web-content-extractor",
  "theme": "1. 2020-2023年北上广深互联网从业者离婚诉讼数量增长率；2. 裁判文书中将工作聊天记录作为情感破裂证据的比例；3. 典型案件里工作沟通时长与夫妻交流时长的数据对比；4. 互联网公司中层管理者离婚判决中关于'冷暴力'的认定标准"
}
[2025-03-10 18:06:50] [INFO]: 内容提取完成
{
  "module": "web-content-extractor",
  "theme": "1. 2020-2023年北上广深互联网从业者离婚诉讼数量增长率；2. 裁判文书中将工作聊天记录作为情感破裂证据的比例；3. 典型案件里工作沟通时长与夫妻交流时长的数据对比；4. 互联网公司中层管理者离婚判决中关于'冷暴力'的认定标准",
  "content": "{\"webpage\": \"2025年01月01日至2025年03月09日，全市法院公开文书82342例。其中朝阳法院公开14077例，居全市法院公开数之首。\"}\n{\"webpage\": \"民事文书 93,791,848篇\"}\n{\"webpage\": \"北京市高级人民法院版权所有，地址：北京市朝阳区建国门南大街10号\"}"
}
[2025-03-10 18:13:41] [INFO]: 开始从网页内容中提取与主题相关的内容
{
  "module": "web-content-extractor",
  "theme": "1. 智能手环'伴侣心率同步功能'的实际使用数据 2. 知识付费平台推出的'婚姻拯救散步课程'定价策略 3. 公园周边咖啡店推出的'离婚冷静期双人套餐'营销案例"
}
[2025-03-10 18:14:06] [INFO]: 内容提取完成
{
  "module": "web-content-extractor",
  "theme": "1. 智能手环'伴侣心率同步功能'的实际使用数据 2. 知识付费平台推出的'婚姻拯救散步课程'定价策略 3. 公园周边咖啡店推出的'离婚冷静期双人套餐'营销案例",
  "content": "{\"webpage\": \"智能手环具有计步和测量距离、卡路里等基本功能，还具有活动、锻炼、睡眠等模式，可以记录营养情况，拥有智能闹钟、健康提醒、蓝牙4.0数据传输等特殊功能。随着居民健康管理意识的逐渐提高，智能手环市场规模迅速扩大。2021年中国智能手环市场规模约为167亿元，同比增长16.8%。预计2023年将增长至216亿元。\"}\n{\"webpage\": \"2021年耳戴设备市场出货量达7898万台，同比增长55.4%。手表市场出货量达3956万台，同比增长21.4%。其中成人手表2013万台，同比增长31.0%；儿童手表出货量1943万台。2021年手环市场出货量1910万台，同比下降26.3%。\"}\n{\"webpage\": \"2023年三季度，智能手表市场出货量1,140万台，同比增长5.5%。其中成人智能手表559万台，同比增长3.9%；儿童智能手表出货量580万台，同比增长7.2%。手环市场出货量398万台，同比增长2.2%，市场经过上个季度的促销后需求释放，增速有所放缓。\"}"
}
[2025-03-10 18:17:37] [INFO]: 开始从网页内容中提取与主题相关的内容
{
  "module": "web-content-extractor",
  "theme": "收集一线城市社区调解典型案例，重点提取以日常生活场景化解情感危机的创新做法，挖掘垃圾分类执行过程中发生的夫妻合作趣闻"
}
[2025-03-10 18:17:57] [INFO]: 内容提取完成
{
  "module": "web-content-extractor",
  "theme": "收集一线城市社区调解典型案例，重点提取以日常生活场景化解情感危机的创新做法，挖掘垃圾分类执行过程中发生的夫妻合作趣闻",
  "content": "```jsonl\n{\"webpage\": \"6. 垃圾分类引发纠纷\\n在垃圾分类政策实施后，某社区存在一些居民不愿意配合的情况，导致部分垃圾分类不到位。调解员开展了一次相关知识讲座，提供了详细的分类指南并解答居民的疑问。通过教育宣传，社区垃圾分类纠纷得到了解决。\"}\n{\"webpage\": \"【典型案例】巧妙调和夫妻矛盾 架起家庭幸福彩虹桥\\n高某（男）与王某（女）是一对中年夫妻，结婚二十年之久，有两个可爱的女儿。然而，他们逐渐发现彼此在家庭分工、经济管理、社交圈子等方面存在不少差异，经常发生争吵。高某和王某都感到无法有效沟通，关系日益紧张，甚至有了离婚的念头。于是双方来到了榆阳区婚姻家庭纠纷调解室。\"}\n{\"webpage\": \"设置在小区内部的垃圾分类点，却影响到了小区外的居民，这到底是怎么回事？近期，武鸣区法院受理了一起排除妨害纠纷案件，原告陆某起诉自家旁边小区物业，请求移走相邻围墙边设立的垃圾分类点。为更好地了解案情，11月18日，该案主办法官邓殿熙等一行人来到纠纷所在地——武鸣区某小区垃圾分类点勘察现场。\"}\n{\"webpage\": \"一起纠纷，折射普法需求\\n《上海市生活垃圾管理条例》（以下简称《条例》）正式实施前夕，浦东新区某调委会接到信访件，委托调委会处理某小区部分居民与居委会因垃圾桶放置问题所涉及的居委管理权限、征询方案选项等问题引发的矛盾纠纷。\"}\n```"
}
