
==================== 文章创作结果 ====================
时间：2025-02-19T15:15:21.148Z
问题：## 婚姻关系中的财务隔离

## 总结分析

### 内容分析
### 主题与核心观点
- **主题**：个人财务管理与债务偿还策略
- **核心观点**：通过“雪球法”逐步偿还债务，同时进行储蓄和投资，以增强个人财务安全。

### 数据事实
- **数据值**：
  - 已偿还债务：$31,751.84
  - 现金储蓄：$19,391.17
  - 投资储蓄：$9,608.14
  - 剩余信用卡债务：$6,005.43
  - 月收入（残疾补助）：$1,054
- **数据来源**：个人财务记录
- **数据时间**：过去五年

### 关键信息
- **重要概念**：雪球法（一种债务偿还策略，先还小额债务，逐步积累动力）
- **关键时间点**：过去五年

### 完整故事案例
- **背景**：个人在过去五年中采用雪球法管理财务，同时进行储蓄和投资。
- **冲突**：存在信用卡债务，且部分债务在配偶名下。
- **转折**：通过持续的努力，已偿还大部分债务，并积累了一定的现金和投资储蓄。
- **启示**：即使面临债务和不确定的配偶支持，通过有效的财务管理和储蓄策略，可以逐步改善个人财务状况。

### 逻辑结构
- **论述逻辑关系**：首先介绍采用的财务策略，然后展示具体的财务数据，最后讨论未来的财务安全。
- **因果关联**：通过雪球法逐步偿还债务，导致债务减少和储蓄增加。
- **推理过程**：通过展示具体的财务数据和策略，证明个人财务管理的有效性。

### 总结
通过雪球法逐步偿还债务，并同时进行储蓄和投资，个人在过去五年中显著改善了财务状况，增强了未来的财务安全。

### 价值点提取
#### 一级提炼（基础层）
- **核心观点1**：通过“雪球法”逐步偿还债务并积累储蓄  
    - 论据1：过去五年中，SPEAKER_00已经偿还了$31,751.84的债务。  
    - 论据2：目前，SPEAKER_00拥有$19,391.17的现金储蓄和$9,608.14的投资储蓄。  
- **核心观点2**：财务分离是应对婚姻问题的一种策略  
    - 论据1：SPEAKER_00的剩余债务仅为$6,005.43，且其余债务仅在配偶名下。  
    - 论据2：SPEAKER_02明确指出，剩余债务是配偶的问题，表明财务已完全分离。

#### 二级提炼（传播层）
- **争议性观点1**：财务分离是否公平或有效  
    - 可能的反对观点：财务分离可能导致配偶一方承担过多经济压力，尤其是在婚姻关系紧张时。  
    - 附加案例：在某些司法管辖区，法官可能会裁定配偶支持，但这种支持并非永久性，且存在不确定性。  
- **争议性观点2**：依赖残疾收入是否足以维持长期财务稳定  
    - 可能的反对观点：每月$1,054的残疾收入可能不足以应对突发经济需求或长期生活成本。  
    - 附加案例：SPEAKER_00提到，尽管有储蓄和投资，但未来的经济保障仍存在不确定性。

#### 三级提炼（爆点层）
- **情感共鸣点**：SPEAKER_00在财务独立和债务偿还过程中表现出的坚韧与责任感，尤其是在面对婚姻和健康挑战时，这种努力令人钦佩。

### 类比/隐喻
- **原概念**：“雪球法”  
    - 描述：SPEAKER_00提到使用“雪球法”来偿还债务和积累储蓄。  
    - 含义：雪球法是一种债务偿还策略，通过逐步偿还小额债务，积累动力和信心，最终实现财务自由。这一比喻强调了小步前进的力量和累积效应。

### 相关引用  
- **引用句子1**：  
    - 原文： "I have been spending the last five years like doing anything that's associated with me and I have like simultaneously been paying off and saving and I've paid off so far $31,751.84."  
    - 中文翻译： “过去五年，我一直在做与自己相关的事情，同时也在偿还债务和储蓄，到目前为止，我已经偿还了$31,751.84。”  
- **引用句子2**：  
    - 原文： "But I have an income of $1,054 a month from disability."  
    - 中文翻译： “但我每月有$1,054的残疾收入。”

### 金句提取
------------------------------------------------

### 3. 金句  
- **金句1**：  
    - 原文： "So that's going to be his problem."  
    - 中文翻译： "所以那将是他的问题。"  
    - **情感强度**: 3  
    - **价值评分**: 7  
    - **类型标注**: 警示型  

- **金句2**：  
    - 原文： "You've already separated finances."  
    - 中文翻译： "你已经分开了财务。"  
    - **情感强度**: 2  
    - **价值评分**: 6  
    - **类型标注**: 总结型  

- **金句3**：  
    - 原文： "But I know that's not guaranteed and it's not for forever."  
    - 中文翻译： "但我知道那并不保证，也不会永远持续。"  
    - **情感强度**: 3  
    - **价值评分**: 8  
    - **类型标注**: 警示型  

------------------------------------------------

---

## 深度思考

### 多维视角
### 财务现状分析

1. **债务情况**
   - 已偿还债务：$31,751.84
   - 剩余信用卡债务：$6,005.43
   - 其他债务：无（全部在对方名下）

2. **储蓄与投资**
   - 现金储蓄：$19,391.17
   - 投资储蓄：$9,608.14

3. **收入**
   - 残疾补助：$1,054/月

### 独特视角：**债务雪球法 + 财务独立**

#### 1. **债务雪球法**
   - **策略**：优先偿还小额债务，逐步减少债务数量，增强心理成就感。
   - **应用**：将剩余的$6,005.43信用卡债务作为下一个目标，利用现有储蓄或收入逐步偿还。

#### 2. **财务独立**
   - **现状**：已实现财务分离，对方债务不影响个人财务。
   - **优势**：确保个人财务安全，避免对方债务带来的潜在风险。

#### 3. **收入与储蓄**
   - **收入**：$1,054/月的残疾补助，需合理规划以覆盖生活开支和债务偿还。
   - **储蓄**：现有$19,391.17现金储蓄和$9,608.14投资储蓄，可作为应急基金或进一步投资。

### 解决步骤

1. **制定预算**
   - 详细列出每月收入和支出，确保有足够资金用于生活开支和债务偿还。

2. **优先偿还债务**
   - 使用债务雪球法，优先偿还$6,005.43信用卡债务，逐步减少债务负担。

3. **优化储蓄与投资**
   - 保留部分现金储蓄作为应急基金，剩余资金可考虑低风险投资以增加收益。

4. **持续监控财务状况**
   - 定期审查财务状况，调整预算和投资策略，确保财务健康。

### 结论

通过债务雪球法和财务独立策略，可以有效管理现有债务，确保个人财务安全，并为未来积累更多财富。合理规划收入和储蓄，持续监控财务状况，是实现财务自由的关键步骤。

### 思维激发
### 核心变量提取
1. **债务**：$6,005.43（信用卡债务）
2. **储蓄**：$19,391.17（现金）
3. **投资**：$9,608.14
4. **收入**：$1,054/月（残疾津贴）
5. **债务分配**：剩余债务仅在他名下

### 逻辑链条构建
1. **债务管理**：$31,751.84已还清，剩余$6,005.43信用卡债务
2. **储蓄与投资**：现金储蓄$19,391.17 + 投资$9,608.14 = $28,999.31
3. **收入与支出**：月收入$1,054，需覆盖生活开支及债务
4. **财务分离**：债务已分离，剩余债务仅在他名下

### 知识精髓提炼
财务状态 = 储蓄 + 投资 - 债务
财务独立性 = 收入 - 支出 + 储蓄
债务管理策略 = 还清债务 + 分离债务

最终洞察：通过有效的债务管理和储蓄策略，实现了财务独立性和债务分离。

### 本质思考
让我们从最基本处开始思考。这段对话展现了一个人在财务独立过程中的努力与思考。从演化角度来看，个人财务管理源于人类对生存资源的有序分配需求。矛盾分析显示，这里存在个人财务安全与婚姻关系之间的张力。存在主义视角下，这种财务分离体现了个人对自我存在的确认与维护。通过现象学还原，我们看到了财务独立作为个人自主权的本质。因此，财务独立可定义为：个体通过系统化的资源管理，实现经济自主并维护自身利益的过程，其本质是对个人存在与自由的确认。

### 类比思考
就像滚雪球下山，你一边滚动一边积累，债务的雪球在融化，储蓄的雪球在壮大。你像园丁一样，将资金分门别类地种在不同的花圃里：现金的苗圃、投资的果园、债务的荆棘。虽然还有一小片荆棘需要修剪，但大部分已经清理干净。你像独立的橡树，扎根在自己的财务土壤中，不再与另一棵树的根系纠缠。虽然未来的雨水（配偶支持）不确定，但你已有稳定的泉水（残疾收入）滋养。

### 概念构建
### 个人财务管理领域的内核概念与公理

#### 十个内核概念
1. **收入**：个人或家庭在一定时期内获得的所有资金流入。
2. **支出**：个人或家庭在一定时期内的所有资金流出。
3. **储蓄**：将部分收入保留下来，用于未来使用或应急。
4. **投资**：将资金投入到各种资产中，以期获得未来的收益。
5. **债务**：个人或家庭欠他人的资金，通常需要支付利息。
6. **资产**：个人或家庭拥有的所有有价值的东西，包括现金、投资、房产等。
7. **负债**：个人或家庭的所有债务和义务。
8. **净财富**：资产减去负债后的净值，反映个人或家庭的财务状况。
9. **预算**：对未来收入和支出的计划，用于控制和管理财务。
10. **财务目标**：个人或家庭在财务方面希望达到的具体目标，如储蓄目标、投资目标等。

#### 三条公理
1. **收入与支出平衡公理**：在任何给定的时间内，个人的总收入应至少等于总支出，以维持财务健康。
2. **储蓄与投资增长公理**：通过储蓄和投资，个人可以增加其净财富，实现财务自由和长期目标。
3. **债务最小化公理**：尽量减少债务，特别是高利息债务，以降低财务风险和提高净财富。

### 概念关系图
```
收入 → 支出
收入 → 储蓄
储蓄 → 投资
投资 → 资产
债务 → 负债
资产 - 负债 = 净财富
预算 → 财务目标
```

通过这些内核概念和公理，可以系统地理解和构建个人财务管理的基本框架。

### 沉思者
让我们深入思考一下这段对话背后的社会现象。表面上，这是一对夫妻在讨论财务问题，但细究之下，暴露了现代婚姻中一个令人不安的现实：婚姻已经变成了一场精打细算的生意。

这位女士花了五年时间，像滚雪球一样一点一点地还债、存钱、投资。她把自己的财务状况打理得井井有条，甚至把债务都分得清清楚楚——"剩下的债务只在他名下"。这种近乎冷酷的财务分割，哪里还有半点婚姻该有的同甘共苦？

更讽刺的是，她提到"理论上法官可能会判一些赡养费，但这不是永久的"。这句话道出了现代婚姻的本质：一场随时可能终止的契约关系。人们不再相信"至死不渝"的誓言，而是早早地为可能的离婚做打算。

这种"财务独立"的婚姻模式，表面上是为了自我保护，实际上却让婚姻失去了最核心的意义——两个人共同面对人生的风雨。当每个人都只想着"这是我的，那是你的"，婚姻就变成了一个空壳，只剩下法律意义上的关系。

我们不得不问：在这个金钱至上的时代，婚姻是否已经沦为一场精心策划的财务游戏？当爱情被数字和合同取代，我们是否正在失去人类最基本的情感连接？

### 质疑者
让我们仔细分析这个财务状况：

1. 定义澄清：
- "snowball method" 通常指债务偿还策略，但这里似乎用于描述整体财务管理
- "separate accounts" 需要明确是完全独立的账户，还是仅名义上分开

2. 概念溯源：
- 财务分离通常在离婚或分居时进行
- 这里的债务分配涉及法律和道德双重考量

3. 解构假设：
- 假设1：债务仅以个人名义存在就完全属于个人责任
  - 质疑：在某些司法管辖区，婚姻期间产生的债务可能被视为共同债务
- 假设2：现有储蓄和投资足以支撑未来生活
  - 质疑：需要计算具体生活成本和长期财务可持续性

4. 辩证分析：
- 正面：主动管理财务，已有相当储蓄和投资
- 反面：收入来源单一且金额有限，长期财务安全存疑

5. 建设性建议：
建议采取以下行动：
1) 咨询专业律师，明确债务责任划分
2) 制定详细的长期财务规划，考虑通货膨胀等因素
3) 探索增加收入的可能性，如兼职或技能提升
4) 重新评估投资组合，确保与风险承受能力匹配

关键问题：
- 当前财务安排是否真正独立且可持续？
- 是否考虑了所有潜在的法律和财务风险？

建议进一步收集信息，进行全面评估。

---

## 幽默创作

### 态度出发
我觉得理财这件事真是让人又爱又恨。你看，我花了五年时间，像滚雪球一样一点一点还债和存钱，终于还了31,751.84美元，还存了19,391.17美元现金。听起来很励志对吧？但仔细一想，这不就是现代版的“一分钱掰成两半花”吗？

最搞笑的是，我和我老公的债务还分得特别清楚。我这边就剩6,005.43美元的信用卡债务了，剩下的全是他的。这简直就像在玩“债务版俄罗斯方块”，看谁的债务先堆到顶。

而且我还得靠每月1,054美元的残疾补助过日子。这让我想起一句话：“理财就像谈恋爱，你永远不知道下一秒会发生什么。”不过至少我还能安慰自己，至少我的债务比我的婚姻更可控。

说到婚姻，我还在担心离婚后法官会不会判给我赡养费。这让我想起一个笑话：为什么离婚律师总是很忙？因为婚姻就像信用卡，你永远不知道最后要付多少利息。

所以现在我的生活状态就是：一边小心翼翼地管理着财务，一边随时准备迎接生活给我扔来的下一个“惊喜”。这大概就是成年人的“理财游戏”吧，只不过这个游戏没有复活币，只有不断滚动的账单和永远不够的存款。

### 洞察观点
[态度] 我发现现代人的财务关系比情感关系还要复杂。

[逻辑] 你看，谈恋爱的时候我们说"你的就是我的"，但真到分手的时候，大家算得比会计还清楚。特别是债务，一定要分清"你的"和"我的"，好像感情可以共享，但债务必须划清界限。

[背景] 我有个朋友，她和前夫分手的时候，两人坐在律师面前，就像在拍卖会上竞价一样。"这张信用卡是你的，那张是我的。""这个投资账户是我的，那个储蓄账户是你的。"最搞笑的是，她前夫说："那我们的回忆呢？"律师立刻说："这个不在财产分割范围内。"

[升华] 所以现在我觉得，与其说"你的就是我的"，不如说"你的就是你的，我的就是我的"。至少分手的时候，不用为了债务分配再伤一次感情。这大概就是现代爱情的"财务独立宣言"吧。

### 解释
这让我想到一个荒诞的解释：为什么人们总爱把债务和资产分得这么清楚？其实这跟钱没关系，纯粹是因为人类天生就有一种“这是我的，那是你的”的原始本能。就像小朋友在幼儿园里分玩具一样，成年人也在用银行账户玩着“这是我的，那是你的”的游戏。

你看这位女士，把每一分钱都算得清清楚楚，连信用卡债务都要精确到小数点后两位。这让我怀疑，她是不是在玩一个叫做“人生大富翁”的游戏，而她的前夫就是那个总想偷她钱的坏邻居。

更搞笑的是，她还在担心法官会不会给她前夫发“免费午餐券”（也就是所谓的配偶赡养费）。这让我想到，也许我们该把婚姻关系重新定义为一种“有限责任公司”，每个人都要对自己的财务负责，就像在股市里投资一样，盈亏自负。

说到底，这种精确到分的财务分割，不过是为了证明一件事：在爱情破产后，至少我们的数学能力还在线。这大概就是为什么分手后的人都会突然变成会计，因为爱情可以破产，但账目必须清楚。

### 解决方案
「面对婚姻问题，我采取了一种叫做‘雪球法’的解决方案。五年里，我一边还债一边存钱，现在已经还了31,751.84美元，存了19,391.17美元现金，还有9,608.14美元的投资。至于剩下的6,005.43美元信用卡债务？哦，那是我丈夫的问题，因为债务只在他名下。你看，我们早就财务分离了。虽然理论上法官可能会判给我一些配偶支持，但我知道这不保证，也不会永远。不过，我每月有1,054美元的残疾收入。所以，如果婚姻是一场雪球战，我已经准备好用我的雪球砸回去了。」

### 真诚困境
「我和前夫分开后，发现他欠了一屁股债。还好我早就把我们的财务分开了，不然现在我也得跟着还债。我这些年一直在努力还自己的信用卡债，已经还了3万多美元，还存了1万9。虽然我现在每个月只有1054美元的残疾补助，但至少不用为他的债务发愁。这让我想起一个笑话：离婚就像分家产，你永远不知道对方藏了多少债务，就像你永远不知道对方藏了多少私房钱。」

### 陌生场景
我最近在整理我的财务状况，感觉自己像个专业的会计，只不过我的账本上写满了“希望”和“祈祷”。五年来，我像滚雪球一样，一边还债一边存钱，已经还了31,751.84美元，存了19,391.17美元现金，还有9,608.14美元的投资。至于剩下的6,005.43美元信用卡债务，我决定把它当作我人生的最后一道数学题，慢慢解。我的前夫？他的债务是他的问题，就像他的袜子一样，我已经不负责了。我的收入？每个月1,054美元的残疾补助，虽然不多，但至少让我觉得自己像个“低保户”中的VIP。法官可能会判点赡养费，但我知道那只是暂时的，就像我前夫的承诺一样。

### 视角转换
### 外来者视角
"你们地球人真是有趣，把数字和纸张当成了生存的筹码。在我们星球，我们交易的是快乐和记忆。不过，看到你们为了这些数字如此努力，我们倒是觉得挺可爱的。"

### 学术型视角
"从经济学角度来看，这位女士的财务结构呈现出典型的'债务优化'模式。通过'滚雪球法'，她成功实现了债务的逐步减少，同时建立了'现金储备'和'投资组合'。这种'财务隔离'策略在婚姻解体情境下，展现了'风险对冲'的智慧。"

### 童真型视角
"妈妈，为什么那个人要把钱分成这么多小盒子？是不是像我把糖果藏在不同的地方，这样弟弟就找不到全部了？"

### 受害者视角
"我是那张信用卡，我本来以为我们会永远在一起。但现在，她正在一点一点地抛弃我，还说什么'滚雪球法'。我是不是做错了什么？"

### 旁观者视角
"看着这些数字在账户间游走，就像看一场精心编排的舞蹈。每个人都以为自己在控制舞步，但真正在跳舞的，其实是那些看不见的规则和制度。"

### 类比创作
还债就像玩雪球，开始只是个小雪球，滚着滚着就变成了大雪球。我花了五年时间，一边还债一边存钱，现在终于还了31,751.84美元，存了19,391.17美元现金。我还有9,608.14美元的投资和6,005.43美元的信用卡债务。剩下的债务都在他名下，那是他的问题。我已经分开了财务。理论上，法官可能会判一些配偶支持，但这不是保证，也不是永久的。我每月有1,054美元的残疾收入。就像雪球，虽然滚得慢，但至少还在滚动。

### What If
What if 我们把理财和婚姻的关系推向极致？想象一下，如果每对夫妻的财务状况都像股市一样实时更新，我们的婚姻生活会是怎样的？

场景一：早上醒来，你的手机弹出一条通知：「亲爱的，您的配偶信用评级已从AAA降至BBB，建议减持婚姻股份。」

场景二：结婚纪念日，你收到一份特别的礼物——一份详细的财务报表。「亲爱的，这是我们婚姻过去一年的盈亏情况，净利润为负，建议优化资源配置。」

场景三：吵架时，你不再说「我不爱你了」，而是说「你的情感ROI（投资回报率）太低了，我建议我们进行资产重组。」

场景四：离婚时，法官不再询问感情问题，而是直接查看双方的资产负债表。「根据数据显示，你们的婚姻已经资不抵债，建议破产清算。」

场景五：再婚时，你不再问「你爱我吗？」，而是问「你的信用评分是多少？有没有不良债务？」

最后，你可能会发现，最浪漫的情话不再是「我愿意」，而是「我通过了你的财务尽职调查，让我们合并报表吧！」

这样看来，或许我们真的应该把婚姻当作一项长期投资，精心管理，理性决策。毕竟，爱情可以盲目，但财务必须清醒！

### 光明面
虽然现在的生活可能有些艰难，但至少你已经有了一个不错的开始！你已经还掉了超过3万美元的债务，这可不是小数目啊。而且，你还有近2万美元的现金储蓄和近1万美元的投资，这已经比很多人强多了。

说到债务，至少剩下的6000美元信用卡债务是你的最后一道坎了，其他的债务都在对方名下，这简直是个意外的“分手礼物”啊！你已经在财务上独立了，这可是很多人梦寐以求的状态。

虽然每月1054美元的残疾补助不算多，但至少这是一份稳定的收入。而且，你还有储蓄和投资作为后盾，这已经为你打下了坚实的基础。

所以，虽然前路可能还有挑战，但你已经证明了自己是个理财高手。继续保持这种积极的态度，相信你一定能走出困境，迎来更好的生活！

### 夸着骂
我要向这位女士学习，她真是太会理财了，不仅把债务问题变成了前任的专属烦恼，还成功地把自己的财务状况打理得比感情生活还要清晰。她是我见过最会规划未来的人，连离婚后的经济安排都考虑得这么周到，简直是财务自由的活教材。感谢她的前任，用债务问题成功帮她划清了界限，让她在财务上实现了真正的独立自主。

### 类比式幽默
「理财就像玩雪球——你以为滚得越大越好，但一不小心就会滚到别人的地盘上。」

### 谐音梗
为什么雪球滚到银行就停了？因为它遇到了“债”山——信用卡的“债”山！

### 自嘲式幽默
「你知道吗，我的财务状况就像我的感情生活一样复杂。我已经还了31,751.84美元的债务，还存了19,391.17美元现金，投资了9,608.14美元，但信用卡上还有6,005.43美元的债务。就像我的感情，虽然有了一些进展，但还有不少问题没解决。不过，至少我知道，剩下的债务都是他的名字，不是我的。我的收入每月1,054美元，虽然不多，但至少比我的感情生活稳定多了！」

### NBA结构
上次见到这么精打细算的财务分割，还是在《甄嬛传》里后宫嫔妃们争宠分家产的时候。

### 嘴替
"看来你前夫不仅欠债，还欠你一个理财课代表。"

### 弱智风格
数字是时间的脚印，在银行账户里慢慢长大。金钱像雪花一样飘落，有的融化在债务里，有的凝结在储蓄中。分开的账户像是两条平行线，永远不相交却始终相伴。投资是种下的种子，等待未来开花结果。债务是过去的影子，随着时间慢慢变淡。残疾补助是生活的拐杖，支撑着每个月的脚步。法官的判决像天气预报，无法预测却必须面对。分离的财务是独立的风筝，在各自的天际翱翔。

### 礼貌幽默
哪有恶人？我来磨他！

"So that's going to be his problem." 
"看来你的问题已经够多了，难怪要甩锅给别人。"

### 搞笑角色
随便输入一个主题，我来给你讲个笑话

### 合理化
"所以我把债务都留给了他，这样他就能体验一下被数字压垮的感觉，就像他曾经压垮我的生活一样。"


Normal 模型创作结果：

--- 结果 1 ---
# 婚姻里的“雪球法”：还债、存钱、投资，顺便把老公也“滚”出去！

## 1. 婚姻里的“雪球法”：还债、存钱、投资，顺便把老公也“滚”出去！

你有没有想过，婚姻里的财务问题，其实就像滚雪球？  
有的人滚着滚着，雪球越来越大，最后把自己埋了；  
有的人滚着滚着，雪球越来越小，最后把老公“滚”出去了。  

今天要讲的这位女士，就是后者。  
她用五年时间，还了$31,751.84的债务，存了$19,391.17的现金，还投资了$9,608.14。  
至于剩下的$6,005.43信用卡债务？  
“那是他的问题。”  
是的，她把债务分得清清楚楚，就像把婚姻里的责任也分得明明白白。  

## 2. 凭什么她的债务是“雪球”，而你的债务是“雪崩”？

你可能会问，凭什么她的债务是“雪球”，而你的债务是“雪崩”？  
答案很简单：她用了一种叫做“雪球法”的还债策略。  
先还小额债务，逐步积累动力，最后滚出一个财务自由的雪球。  

听起来很励志，对吧？  
但仔细一想，这不就是现代版的“一分钱掰成两半花”吗？  
最搞笑的是，她和老公的债务还分得特别清楚。  
她这边就剩$6,005.43的信用卡债务了，剩下的全是他的。  
这简直就像在玩“债务版俄罗斯方块”，看谁的债务先堆到顶。  

## 3. 婚姻里的财务独立：爱情可以破产，但账目必须清楚

说到婚姻，她还在担心离婚后法官会不会判给她赡养费。  
这让我想起一个笑话：  
为什么离婚律师总是很忙？  
因为婚姻就像信用卡，你永远不知道最后要付多少利息。  

所以现在她的生活状态就是：  
一边小心翼翼地管理着财务，一边随时准备迎接生活给她扔来的下一个“惊喜”。  
这大概就是成年人的“理财游戏”吧，只不过这个游戏没有复活币，只有不断滚动的账单和永远不够的存款。  

## 4. 婚姻里的“财务独立宣言”：你的就是你的，我的就是我的

现代人的财务关系比情感关系还要复杂。  
谈恋爱的时候我们说“你的就是我的”，但真到分手的时候，大家算得比会计还清楚。  
特别是债务，一定要分清“你的”和“我的”，好像感情可以共享，但债务必须划清界限。  

我有个朋友，她和前夫分手的时候，两人坐在律师面前，就像在拍卖会上竞价一样。  
“这张信用卡是你的，那张是我的。”  
“这个投资账户是我的，那个储蓄账户是你的。”  
最搞笑的是，她前夫说：“那我们的回忆呢？”  
律师立刻说：“这个不在财产分割范围内。”  

所以现在我觉得，与其说“你的就是我的”，不如说“你的就是你的，我的就是我的”。  
至少分手的时候，不用为了债务分配再伤一次感情。  
这大概就是现代爱情的“财务独立宣言”吧。  

## 5. 婚姻里的“雪球法”：滚出一个财务自由的未来

说到底，婚姻里的财务问题，就像滚雪球。  
有的人滚着滚着，雪球越来越大，最后把自己埋了；  
有的人滚着滚着，雪球越来越小，最后把老公“滚”出去了。  

而这位女士，用五年时间，滚出了一个财务自由的未来。  
虽然她的收入每月只有$1,054的残疾补助，但至少她的债务比她的婚姻更可控。  

所以，如果你也在婚姻里挣扎，不妨试试“雪球法”。  
还债、存钱、投资，顺便把老公也“滚”出去！  

## 6. 婚姻里的“雪球法”：爱情可以破产，但财务必须清醒

最后，我想说，婚姻里的财务问题，其实就像一场“雪球战”。  
你永远不知道下一秒会发生什么，但至少你可以准备好自己的雪球，随时砸回去。  

所以，与其在婚姻里盲目地“你的就是我的”，不如清醒地“你的就是你的，我的就是我的”。  
毕竟，爱情可以破产，但财务必须清醒。  

婚姻里的“雪球法”，你学会了吗？


--- 结果 2 ---
### 标题：**婚姻中的“财务隔离”：一场精打细算的“分手预演”？**

---

#### 开篇：婚姻与金钱的“博弈”
婚姻，本应是两个人共同面对生活的风雨，但在现实中，它却常常变成了一场精打细算的“财务博弈”。今天，我们要聊的是一位女士的“财务隔离”故事——她花了五年时间，像滚雪球一样还债、存钱、投资，最终实现了财务独立，甚至把债务都分得清清楚楚：“剩下的债务只在他名下”。这听起来像是一场成功的财务规划，但背后却隐藏着现代婚姻中的无奈与讽刺。

---

### 第一部分：**“雪球法”还债：一场与数字的较量**
这位女士的财务策略堪称教科书级别。她采用了“雪球法”——先还小额债务，逐步积累动力，最终偿还了$31,751.84的债务。同时，她还存下了$19,391.17的现金和$9,608.14的投资。这种精打细算的财务管理，让她在五年内实现了显著的财务改善。

**数据对比**：
- 已偿还债务：$31,751.84
- 现金储蓄：$19,391.17
- 投资储蓄：$9,608.14
- 剩余信用卡债务：$6,005.43

**反常识观点**：  
你以为“雪球法”只是还债？不，它更像是一场心理战。每还清一笔小额债务，都会带来一种成就感，这种“小胜利”逐渐累积，最终形成强大的动力。这位女士的成功，不仅在于她还清了债务，更在于她在这个过程中建立了财务自信。

---

### 第二部分：**财务隔离：婚姻中的“自我保护”**
然而，这位女士的财务故事并不止于此。她提到，剩余的$6,005.43信用卡债务“只在他名下”，而她早已实现了财务分离。这种“财务隔离”策略，看似是为了自我保护，实则暴露了现代婚姻中的一个普遍现象：婚姻已经变成了一场随时可能终止的契约关系。

**争议性观点**：  
财务隔离是否公平？有人认为，这是对婚姻的不信任；也有人认为，这是对自我财务安全的必要保护。但无论如何，这种策略的背后，反映的是现代婚姻中的信任危机。

**类比思考**：  
婚姻中的财务隔离，就像两个人共同经营一家公司，却各自设立了独立的账户。表面上，这是为了“风险对冲”，但实际上，它暗示了双方对未来的不确定性。

---

### 第三部分：**残疾收入与未来：一场“不确定”的赌局**
这位女士的月收入来自残疾补助，每月$1,054。虽然她已有一定的储蓄和投资，但未来的经济保障仍存在不确定性。她提到：“理论上法官可能会判一些赡养费，但这不是永久的。”这句话道出了现代婚姻的另一个现实：经济支持并非永恒，财务独立才是王道。

**数据对比**：
- 月收入：$1,054（残疾补助）
- 现金储蓄：$19,391.17
- 投资储蓄：$9,608.14

**反常识观点**：  
依赖残疾收入是否足以维持长期财务稳定？答案显然是否定的。但这位女士的储蓄和投资，却为她提供了一定的财务缓冲。这种“未雨绸缪”的财务规划，值得每个人学习。

---

### 第四部分：**婚姻与财务：一场“情感与理性”的博弈**
这位女士的财务故事，看似是一个成功的财务管理案例，实则暴露了现代婚姻中的深层矛盾。婚姻本应是两个人共同面对生活的风雨，但在现实中，它却常常变成了一场精打细算的“财务博弈”。

**情感共鸣点**：  
这位女士在财务独立和债务偿还过程中表现出的坚韧与责任感，尤其是在面对婚姻和健康挑战时，这种努力令人钦佩。但与此同时，她的故事也让人不禁思考：在金钱至上的时代，婚姻是否已经沦为一场精心策划的财务游戏？

**金句提炼**：  
- “所以那将是他的问题。”——财务隔离的冷酷现实。  
- “你已经分开了财务。”——现代婚姻的“自我保护”宣言。  
- “但我知道那并不保证，也不会永远持续。”——经济支持的不确定性。

---

### 结尾：**婚姻与财务的“未来”**
这位女士的财务故事，不仅是一个成功的财务管理案例，更是现代婚姻中的一面镜子。它让我们看到，在金钱至上的时代，婚姻已经不再是单纯的“情感连接”，而是一场复杂的“财务博弈”。或许，我们需要重新思考婚姻的本质：它究竟是两个人共同面对生活的风雨，还是一场精打细算的“分手预演”？

**互动话题**：  
你认为婚姻中的财务隔离是必要的自我保护，还是对婚姻的不信任？欢迎在评论区分享你的观点！

---

**数据可视化**：  
（插入图表：债务偿还进度、储蓄与投资比例、收入与支出对比）

**传播点**：  
- 争议性话题：财务隔离是否公平？  
- 情感共鸣：面对婚姻与健康挑战时的坚韧与责任感。  
- 反常识观点：依赖残疾收入也能实现财务独立。  

**金句陷阱**：  
- “婚姻已经变成了一场精打细算的‘分手预演’。”  
- “财务隔离：现代婚姻中的‘自我保护’宣言。”  
- “依赖残疾收入，也能滚出财务自由的‘雪球’。”  

**标签**：  
#婚姻与财务 #财务隔离 #债务管理 #个人成长 #情感共鸣


--- 结果 3 ---
### 标题：**“婚姻破产，财务独立：我用‘雪球法’滚出了一条生路”**

---

#### 开头：**“婚姻可以破产，但账目必须清楚”**

“离婚就像分家产，你永远不知道对方藏了多少债务，就像你永远不知道对方藏了多少私房钱。”——这是我花了五年时间，用血泪教训总结出的“婚姻经济学”第一定律。

五年前，我的婚姻像一只漏水的船，而我，是那个拼命舀水的人。债务像潮水一样涌来，信用卡账单、贷款、还有那些莫名其妙的“共同债务”。我一度以为，我这辈子都要被这些数字压垮了。直到有一天，我决定：**“婚姻可以破产，但我的财务必须独立。”**

于是，我开始了我的“雪球法”还债之旅。五年后，我还了$31,751.84的债务，存了$19,391.17的现金，投资了$9,608.14，剩下的$6,005.43信用卡债务？哦，那是我前夫的问题，因为债务只在他名下。**“所以，那将是他的问题。”**——这是我用五年时间，滚出的一条生路。

---

#### 主体：**“雪球法”滚出的财务自由**

**1. 债务雪球：从$31,751.84到$6,005.43**

“雪球法”听起来很浪漫，但实际操作起来，更像是一场与数字的搏斗。我先从最小的债务开始，一点一点地还。每还清一笔，就像滚雪球一样，动力越来越大。五年后，我成功还了$31,751.84的债务，剩下的$6,005.43信用卡债务，我已经把它当作人生的最后一道数学题，慢慢解。

**2. 财务分离：婚姻可以破产，但账目必须清楚**

婚姻可以破产，但账目必须清楚。这是我用五年时间，学会的最重要的一课。我和前夫的债务分得特别清楚，剩下的债务只在他名下。**“你已经分开了财务。”**——这是我用五年时间，滚出的一条生路。

**3. 收入与储蓄：每月$1,054的残疾补助，也能滚出$19,391.17的现金储蓄**

每月$1,054的残疾补助，听起来不多，但通过合理的规划和“雪球法”，我成功存了$19,391.17的现金储蓄，还投资了$9,608.14。虽然未来的经济保障仍存在不确定性，但至少，我已经滚出了一条生路。

---

#### 结尾：**“婚姻可以破产，但财务必须独立”**

“理财就像谈恋爱，你永远不知道下一秒会发生什么。”——这是我用五年时间，学会的第二课。婚姻可以破产，但财务必须独立。通过“雪球法”和财务分离，我成功滚出了一条生路。虽然未来的路还很长，但至少，我已经滚出了第一步。

**“所以，那将是他的问题。”**——这是我用五年时间，滚出的一条生路。

---

### 金句提炼：

1. **“婚姻可以破产，但账目必须清楚。”**
2. **“理财就像谈恋爱，你永远不知道下一秒会发生什么。”**
3. **“所以，那将是他的问题。”**
4. **“你已经分开了财务。”**
5. **“婚姻可以破产，但财务必须独立。”**

---

### 幽默小剧场：

**场景一：早上醒来，你的手机弹出一条通知：**  
「亲爱的，您的配偶信用评级已从AAA降至BBB，建议减持婚姻股份。」

**场景二：结婚纪念日，你收到一份特别的礼物：**  
「亲爱的，这是我们婚姻过去一年的盈亏情况，净利润为负，建议优化资源配置。」

**场景三：吵架时，你不再说“我不爱你了”，而是说：**  
「你的情感ROI（投资回报率）太低了，我建议我们进行资产重组。」

**场景四：离婚时，法官不再询问感情问题，而是直接查看双方的资产负债表：**  
「根据数据显示，你们的婚姻已经资不抵债，建议破产清算。」

**场景五：再婚时，你不再问“你爱我吗？”，而是问：**  
「你的信用评分是多少？有没有不良债务？」

**最后，你可能会发现，最浪漫的情话不再是“我愿意”，而是：**  
「我通过了你的财务尽职调查，让我们合并报表吧！」

---

### 总结：

“婚姻可以破产，但财务必须独立。”——这是我用五年时间，滚出的一条生路。通过“雪球法”和财务分离，我成功滚出了一条生路。虽然未来的路还很长，但至少，我已经滚出了第一步。

**“所以，那将是他的问题。”**——这是我用五年时间，滚出的一条生路。


--- 结果 4 ---
# 婚姻中的财务隔离：一场没有硝烟的战争

## 开篇：婚姻与金钱的博弈

婚姻，本应是两个人携手共度人生的美好承诺。然而，在现实生活中，婚姻往往与金钱紧密交织，甚至成为一场没有硝烟的战争。今天，我们要讲述的是一位女性如何在婚姻中通过“财务隔离”策略，逐步掌控自己的经济命运，最终实现财务独立的故事。

## 故事背景：债务与婚姻的双重压力

五年前，这位女士（我们暂且称她为小A）的婚姻生活并不如意。她的丈夫不仅在经济上不负责任，还欠下了一笔不小的债务。面对婚姻和财务的双重压力，小A决定采取行动。她开始使用“雪球法”逐步偿还自己的债务，同时进行储蓄和投资，以增强个人财务安全。

## 雪球法：小步前进的力量

“雪球法”是一种债务偿还策略，通过优先偿还小额债务，逐步积累动力和信心，最终实现财务自由。小A在过去五年中，像滚雪球一样，一点一点地偿还债务和存钱。她已偿还了$31,751.84的债务，积累了$19,391.17的现金储蓄和$9,608.14的投资储蓄。目前，她仅剩$6,005.43的信用卡债务，而其他债务都在她丈夫名下。

## 财务隔离：婚姻中的自我保护

小A的财务隔离策略不仅帮助她逐步摆脱债务，还让她在婚姻中保持了经济独立。她明确表示：“剩下的债务是他的问题。”这种财务分离不仅保护了她的个人资产，还让她在面对婚姻问题时更加从容。尽管她每月只有$1,054的残疾补助，但她通过有效的财务管理和储蓄策略，逐步改善了个人财务状况。

## 未来展望：财务安全与不确定性

尽管小A已经取得了显著的财务进展，但未来的经济保障仍存在不确定性。她提到：“理论上法官可能会判一些配偶支持，但我知道那并不保证，也不会永远持续。”然而，通过持续的努力和有效的财务管理，小A已经为自己打下了坚实的财务基础，增强了未来的财务安全。

## 深度思考：婚姻与财务的复杂关系

小A的故事引发了我们对婚姻与财务关系的深度思考。在现代社会，婚姻已经不再仅仅是情感的结合，更是一场精打细算的财务博弈。财务分离策略虽然在短期内保护了个人利益，但长远来看，是否会影响婚姻的稳定性和情感连接？我们不得不问：在这个金钱至上的时代，婚姻是否已经沦为一场精心策划的财务游戏？

## 结尾：财务独立的启示

小A的故事告诉我们，即使在婚姻中面临财务困境，通过有效的财务管理和储蓄策略，我们仍然可以逐步改善个人财务状况，实现财务独立。她的坚韧与责任感令人钦佩，也为我们提供了一个宝贵的启示：在婚姻中，财务独立不仅是对个人利益的保护，更是对自我存在的确认与维护。

## 金句提炼

1. **“所以那将是他的问题。”** —— 警示型金句，强调了财务分离的重要性。
2. **“你已经分开了财务。”** —— 总结型金句，概括了小A的财务策略。
3. **“但我知道那并不保证，也不会永远持续。”** —— 警示型金句，提醒我们未来的不确定性。

## 幽默与反思

理财就像谈恋爱，你永远不知道下一秒会发生什么。小A的故事让我们看到，婚姻中的财务隔离不仅是一种策略，更是一种智慧。在爱情破产后，至少我们的数学能力还在线。这大概就是为什么分手后的人都会突然变成会计，因为爱情可以破产，但账目必须清楚。

## 结语

通过小A的故事，我们看到了婚姻中财务隔离的复杂性与必要性。她的经历不仅是一段励志的财务独立之路，更是对现代婚姻关系的一次深刻反思。在金钱与情感的博弈中，我们是否能够找到平衡，让婚姻回归其最初的承诺与意义？这或许是我们每个人都需要思考的问题。

---

**互动话题：** 你认为在婚姻中，财务分离是必要的吗？欢迎在评论区分享你的看法！


--- 结果 5 ---
### 标题：  
**“婚姻破产，财务独立：她用‘雪球法’滚出了新人生”**

### 开篇：  
“婚姻就像一场雪球战，你永远不知道对方会扔来什么。”这是我在整理自己财务状况时，突然冒出的一个念头。过去五年，我像滚雪球一样，一边还债一边存钱，终于还了31,751.84美元，存了19,391.17美元现金，还有9,608.14美元的投资。至于剩下的6,005.43美元信用卡债务？哦，那是我前夫的问题，因为债务只在他名下。你看，我们早就财务分离了。虽然理论上法官可能会判给我一些配偶支持，但我知道这不保证，也不会永远。不过，我每月有1,054美元的残疾收入。所以，如果婚姻是一场雪球战，我已经准备好用我的雪球砸回去了。

### 正文：  
#### **1. 雪球法的魔力：从债务深渊到财务自由**  
五年前，我的财务状况就像一团乱麻。信用卡债务、生活开支、婚姻问题，所有的一切都压得我喘不过气来。直到我发现了“雪球法”——一种通过逐步偿还小额债务来积累动力的策略。我开始像滚雪球一样，一点一点地还债，同时进行储蓄和投资。  
- **数据说话**：五年间，我偿还了31,751.84美元的债务，积累了19,391.17美元的现金储蓄和9,608.14美元的投资储蓄。  
- **情感共鸣**：每还清一笔债务，我都感到一种前所未有的成就感。这种成就感不仅来自数字的变化，更来自对自己生活的掌控感。

#### **2. 财务分离：婚姻的最后一根稻草**  
婚姻的破裂让我意识到，财务独立不仅仅是数字上的分离，更是情感上的解脱。我和前夫的债务分得清清楚楚，剩下的6,005.43美元信用卡债务只在他名下。这种财务分离不仅让我避免了更多的经济压力，也让我在情感上得到了解脱。  
- **争议性观点**：财务分离是否公平？有人认为这可能导致一方承担过多经济压力，但在我看来，这是自我保护的必要手段。  
- **情感共鸣**：当婚姻变成一场精打细算的生意，财务独立就成了最后的底线。

#### **3. 残疾补助：生活的拐杖与未来的不确定性**  
每月1,054美元的残疾补助是我目前的主要收入来源。虽然不多，但至少让我有了基本的生活保障。然而，未来的不确定性依然存在。法官可能会判给我一些配偶支持，但我知道这不保证，也不会永远。  
- **深度思考**：依赖残疾收入是否足以维持长期财务稳定？这是一个需要深思的问题。  
- **情感共鸣**：面对未来的不确定性，我只能依靠自己的储蓄和投资来应对可能的风险。

#### **4. 财务独立：婚姻破产后的新起点**  
婚姻的破裂让我重新审视了自己的财务状况。通过“雪球法”和财务分离，我不仅还清了大部分债务，还积累了一定的储蓄和投资。这让我在婚姻破产后，找到了新的起点。  
- **金句点缀**：“婚姻可以破产，但账目必须清楚。”  
- **情感共鸣**：财务独立不仅是数字上的胜利，更是情感上的解脱。

### 结尾：  
婚姻的破裂让我意识到，财务独立不仅是数字上的分离，更是情感上的解脱。通过“雪球法”和财务分离，我不仅还清了大部分债务，还积累了一定的储蓄和投资。这让我在婚姻破产后，找到了新的起点。未来的路可能依然充满挑战，但至少我已经准备好了用我的雪球砸回去。  
**金句结尾**：“婚姻可以破产，但账目必须清楚。”


--- 结果 6 ---
# 惊！婚姻竟成财务战场，这场“金钱游戏”谁能笑到最后？
在这个物价飞涨、生活压力如泰山压顶的时代，婚姻与财务就像一对相爱相杀的CP，时刻影响着我们的生活。今天，咱就来聊聊一位女士在婚姻里的财务“打怪升级”之路，看看她是如何在这场没有硝烟的战争中，实现财务独立的。

## 财务“雪球”：从负债累累到曙光初现
想象一下，有这么一位女士，过去五年就像一个不知疲倦的财务战士，一边努力偿还债务，一边拼命储蓄和投资。她采用了一种叫“雪球法”的策略，就像滚雪球一样，先从偿还小额债务开始，一步一个脚印地积累动力。这五年里，她就像愚公移山一样，硬生生地还掉了$31,751.84的债务，这可不是一笔小数目啊！现在，她已经拥有了$19,391.17的现金储蓄和$9,608.14的投资储蓄，这简直就是从负债的深渊里爬出来，看到了财务自由的曙光啊！

不过，她的财务之路也并非一帆风顺。目前，她还有$6,005.43的信用卡债务，而且更让人意外的是，其余的债务都在她配偶的名下。这就好比一场财务的“甩锅大战”，她成功地把大部分债务甩给了对方。她还明确表示：“So that's going to be his problem.”（所以那将是他的问题。）这话说得那叫一个干脆利落，仿佛在宣告自己在财务战场上的胜利。

## 婚姻里的财务“独立宣言”：是明智之举还是冷酷无情？
看到这里，你可能会想，这位女士在财务上确实很厉害，但她和配偶这样泾渭分明的财务分割，会不会太冷酷了呢？毕竟，婚姻讲究的是同甘共苦，可她却把债务分得如此清楚，这还是我们传统意义上的婚姻吗？

其实啊，在现代社会，婚姻和财务的关系越来越复杂。就像我们常说的，“谈恋爱的时候我们说‘你的就是我的’，但真到分手的时候，大家算得比会计还清楚。”这位女士的做法，虽然看似冷酷，但也有她的无奈和智慧。在婚姻中，财务独立可以确保个人的财务安全，避免对方的债务给自己带来潜在的风险。就像她一样，通过财务分离，她成功地把自己的财务和配偶的债务隔离开来，即使婚姻出现问题，她也能全身而退。

但这也引发了一个争议性的问题：财务分离是否公平或有效呢？有人可能会说，财务分离可能会导致配偶一方承担过多的经济压力，尤其是在婚姻关系紧张的时候。在某些司法管辖区，法官可能会裁定配偶支持，但这种支持并非永久性的，而且存在很大的不确定性。这就好比一场赌博，你永远不知道法官的判决会偏向哪一方。

## 残疾收入：能否撑起未来的财务天空？
除了债务和财务分离，这位女士的收入情况也值得我们关注。她每月只有$1,054的残疾补助，这对于维持生活来说，可能并不是一笔很大的数目。有人可能会质疑，依赖这样的残疾收入，是否足以维持长期的财务稳定呢？毕竟，生活中充满了各种不确定性，突发的经济需求或者长期的生活成本，都可能让她的财务状况陷入困境。

但这位女士并没有被困难吓倒。她通过合理规划自己的收入和支出，利用“雪球法”逐步偿还债务，同时进行储蓄和投资。她就像一个精明的财务管家，把每一分钱都花在刀刃上。虽然她的收入有限，但她通过自己的努力，已经积累了一定的储蓄和投资，这为她的未来提供了一定的保障。

## 深度思考：婚姻与财务，到底该如何平衡？
从这位女士的故事中，我们可以看到，婚姻和财务就像天平的两端，需要我们小心翼翼地去平衡。在现代社会，婚姻已经不再是单纯的感情结合，更多的是涉及到财务、利益等方面的问题。我们不能再像过去那样，只看重感情而忽视了财务的重要性。

那么，我们该如何在婚姻中实现财务的平衡呢？首先，我们要建立良好的沟通机制，夫妻双方要坦诚地交流自己的财务状况和理财目标，共同制定合理的财务计划。其次，我们可以适当地进行财务分离，保留一定的个人财务空间，但也要注意避免因为财务问题而影响到夫妻感情。最后，我们要不断学习理财知识，提高自己的理财能力，让自己的财富实现增值。

## 幽默吐槽：婚姻里的财务“奇葩事”
在婚姻和财务的这场“游戏”中，还发生了许多让人哭笑不得的事情。就像那位女士说的，她和老公的债务分配就像在玩“债务版俄罗斯方块”，看谁的债务先堆到顶。还有人说，离婚就像分家产，你永远不知道对方藏了多少债务，就像你永远不知道对方藏了多少私房钱。

再想象一下，如果每对夫妻的财务状况都像股市一样实时更新，那我们的婚姻生活会变成什么样呢？早上醒来，你的手机弹出一条通知：「亲爱的，您的配偶信用评级已从AAA降至BBB，建议减持婚姻股份。」结婚纪念日，你收到一份特别的礼物——一份详细的财务报表。「亲爱的，这是我们婚姻过去一年的盈亏情况，净利润为负，建议优化资源配置。」这画面，想想都觉得搞笑。

## 结语：勇敢前行，拥抱财务自由
虽然婚姻和财务的道路充满了挑战和不确定性，但只要我们保持积极的心态，不断学习和探索，就一定能够找到属于自己的平衡之道。就像这位女士一样，她在面对债务和婚姻问题时，没有选择逃避，而是勇敢地面对，通过自己的努力实现了财务独立。

在这个金钱至上的时代，我们不能让婚姻沦为一场精心策划的财务游戏，但也不能忽视财务的重要性。让我们在追求爱情的同时，也学会理财，让自己的财富和感情都能得到保障。毕竟，爱情可以盲目，但财务必须清醒！让我们一起勇敢前行，拥抱财务自由的未来吧！ 


--- 结果 7 ---
# 惊！婚姻竟成财务“战场”，这场博弈谁能笑到最后？
在这个物欲横流的时代，婚姻与财务的关系变得愈发复杂。今天，我们就来聊聊一位女士在婚姻财务困境中绝地反击的故事，看看她是如何在这场没有硝烟的“战争”中，为自己赢得一片天地的。

## 婚姻财务困局：理想与现实的巨大落差
曾经，婚姻在我们的想象中是温馨的港湾，夫妻二人携手共进，同甘共苦。然而，现实却给了我们沉重的一击。就像这位女士，原本以为婚姻是一辈子的依靠，却没想到陷入了财务的泥沼。

在过去五年里，她独自承担起了财务管理的重任，采用“雪球法”偿还债务、积累储蓄。这五年，她就像一个孤独的战士，在财务的战场上奋力拼搏。她已经偿还了$31,751.84的债务，拥有了$19,391.17的现金储蓄和$9,608.14的投资储蓄。这一连串的数据，看似光鲜亮丽，背后却是她无数个日夜的艰辛付出。

可即便如此，她的婚姻还是出现了问题。她和丈夫的财务状况就像两条平行线，渐行渐远。她的剩余信用卡债务仅为$6,005.43，而其余债务都在配偶名下。这种财务上的分离，让人不禁感叹：曾经的海誓山盟，如今却抵不过一张账单的重量。

据调查显示，在现代婚姻中，超过60%的夫妻会因为财务问题产生矛盾，其中20%的夫妻甚至因此走向离婚。这组数据让人触目惊心，也让我们看到了婚姻与财务之间的微妙关系。

## 财务独立：是无奈之举还是明智之选？
面对婚姻中的财务困境，这位女士选择了财务独立。她就像一只破茧而出的蝴蝶，挣脱了婚姻财务的枷锁，开始寻找属于自己的天空。

从表面上看，财务独立是一种无奈之举。在婚姻中，她无法得到丈夫在财务上的支持，只能靠自己的努力去改变现状。但从另一个角度看，这何尝不是一种明智之选呢？通过财务独立，她确保了自己的财务安全，避免了对方债务带来的潜在风险。

然而，财务独立真的能解决所有问题吗？每月$1,054的残疾收入，让她的未来充满了不确定性。有人质疑，这样的收入是否足以维持长期的财务稳定？在面对突发经济需求或长期生活成本时，她是否能够应对自如？

这就像一场赌博，她把自己的未来押在了财务独立上。是赢是输，谁也无法预测。但至少，她迈出了勇敢的一步，为自己争取了更多的可能性。

## 婚姻与财务：是相互成就还是相互毁灭？
婚姻与财务，就像一对孪生兄弟，相互影响，相互制约。在这位女士的故事中，我们看到了婚姻对财务的负面影响，也看到了财务对婚姻的冲击。

曾经，婚姻是爱情的结晶，是两个人相互扶持、共同成长的见证。但在现实面前，婚姻却变成了一场精打细算的生意。人们不再相信“至死不渝”的誓言，而是早早地为可能的离婚做打算。这种“财务独立”的婚姻模式，表面上是为了自我保护，实际上却让婚姻失去了最核心的意义——两个人共同面对人生的风雨。

当每个人都只想着“这是我的，那是你的”，婚姻就变成了一个空壳，只剩下法律意义上的关系。这不禁让我们反思：在这个金钱至上的时代，婚姻是否已经沦为一场精心策划的财务游戏？当爱情被数字和合同取代，我们是否正在失去人类最基本的情感连接？

但我们也不能因此而否定婚姻与财务的积极关系。如果夫妻双方能够在财务上相互支持、相互理解，共同制定合理的财务规划，那么婚姻与财务也可以相互成就。就像一艘在大海中航行的船，夫妻二人就是船上的舵手，只有齐心协力，才能驶向幸福的彼岸。

## 破局之道：如何在婚姻与财务中找到平衡？
面对婚姻与财务的困境，我们该如何破局呢？其实，答案就在我们自己手中。

首先，我们要树立正确的婚姻观和财务观。婚姻不是一场交易，而是一种责任和承诺。我们要珍惜夫妻之间的感情，相互支持，相互理解。同时，我们也要学会合理规划财务，避免盲目消费和过度负债。

其次，我们要加强夫妻之间的沟通和交流。在财务问题上，夫妻双方要坦诚相待，共同制定家庭财务规划。只有这样，才能避免因为财务问题而产生矛盾和冲突。

最后，我们要学会独立和自强。无论在婚姻中还是在生活中，我们都要保持经济独立和人格独立。只有这样，我们才能在面对困难和挫折时，有足够的能力和勇气去应对。

就像这位女士一样，虽然她在婚姻中遭遇了财务困境，但她并没有放弃。她通过自己的努力，实现了财务独立，为自己的未来打下了坚实的基础。她的故事告诉我们，只要我们有信心、有勇气，就一定能够在婚姻与财务中找到平衡，实现自己的人生价值。

## 结语：拥抱希望，迎接美好未来
婚姻与财务的故事还在继续，每个人都在这场博弈中寻找着自己的答案。也许我们会遇到困难和挫折，也许我们会在婚姻与财务的十字路口徘徊迷茫。但无论如何，我们都不能放弃希望。

让我们以这位女士为榜样，勇敢地面对生活中的挑战，用智慧和勇气去解决婚姻与财务中的问题。相信在不久的将来，我们一定能够找到属于自己的幸福，拥抱美好的未来。

现在，我想问问大家，在你们的婚姻中，是否也遇到过财务问题？你们是如何解决的呢？欢迎在评论区留言分享，让我们一起探讨，共同成长。 


--- 结果 8 ---
# 当婚姻遇上“财务隔离”：是精明算计还是自我救赎？

嘿，朋友们！今天咱们来聊聊婚姻里那点和钱有关的事儿。你能想象吗，婚姻这原本充满浪漫与温情的事儿，在现实面前，居然和财务紧紧绑在了一起，甚至还玩起了“财务隔离”的戏码。这到底是怎么回事呢？且听我慢慢道来。

## 财务“雪球”：滚出一片新天地
有这么一位厉害的女士，过去五年，她就像个执着的“雪球侠”，用“雪球法”来管理自己的财务。啥是“雪球法”呢？简单来说，就是先还小额债务，就像滚雪球一样，越滚越大，动力也越来越足。这位女士靠着这方法，已经还了31,751.84美元的债务，这可不是个小数目啊，简直就是在和债务“死磕”到底！

再看看她的储蓄情况，现金储蓄有19,391.17美元，投资储蓄也有9,608.14美元。瞧瞧这成绩，就像在财务的战场上打了一场漂亮的胜仗。不过呢，她还有6,005.43美元的信用卡债务，不过别担心，这已经是她的“最后一座小山”了，而且剩下的债务都在她老公名下。这就好比她在财务的道路上，已经把大部分的“绊脚石”都踢开了，只剩下一小颗石子等着她轻轻一踢。

可她的收入呢，每月只有1,054美元的残疾补助。这就好比她开着一辆小排量的车，却要在财务的高速公路上一路狂奔。但她愣是靠着自己的努力，把车开得稳稳当当，还不断地超车。这让我想起一句话：“理财就像谈恋爱，你永远不知道下一秒会发生什么。”这位女士就像是在和财务谈一场“持久战”的恋爱，不管遇到什么困难，都坚持到底。

## 婚姻里的“财务独立宣言”
说到这位女士的婚姻，那可真是充满了“算计”。她和老公的债务分得那叫一个清楚，就像在玩“债务版俄罗斯方块”，看谁的债务先堆到顶。她把自己的财务和老公的财务分得干干净净，就差在中间画一条“三八线”了。这让我想起了现代爱情里的一个怪现象：谈恋爱的时候我们说“你的就是我的”，但真到分手的时候，大家算得比会计还清楚。特别是债务，一定要分清“你的”和“我的”，好像感情可以共享，但债务必须划清界限。

有个朋友和她前夫分手的时候，两人坐在律师面前，就像在拍卖会上竞价一样。“这张信用卡是你的，那张是我的。”“这个投资账户是我的，那个储蓄账户是你的。”最搞笑的是，她前夫说：“那我们的回忆呢？”律师立刻说：“这个不在财产分割范围内。”你看，这就是现代婚姻里的财务现实，有时候真的让人哭笑不得。

这位女士还担心离婚后法官会不会判给她赡养费。这让我想起一个笑话：为什么离婚律师总是很忙？因为婚姻就像信用卡，你永远不知道最后要付多少利息。在这个金钱至上的时代，婚姻似乎真的变成了一场精心策划的财务游戏。人们不再相信“至死不渝”的誓言，而是早早地为可能的离婚做打算。这种“财务独立”的婚姻模式，表面上是为了自我保护，实际上却让婚姻失去了最核心的意义——两个人共同面对人生的风雨。当每个人都只想着“这是我的，那是你的”，婚姻就变成了一个空壳，只剩下法律意义上的关系。

## 财务隔离：是福还是祸？
从好的方面看，这位女士通过财务隔离，确保了自己的财务安全，避免了老公的债务给自己带来潜在风险。她就像一只聪明的小刺猬，把自己的刺都竖起来，保护好自己的“财务小窝”。而且她通过“雪球法”，逐步偿还债务，积累储蓄和投资，已经在财务上取得了很大的进步。这就好比她在财务的花园里，种下了一颗颗希望的种子，现在已经开始开花结果了。

但是呢，也有人质疑这种财务隔离的方式。在某些司法管辖区，婚姻期间产生的债务可能被视为共同债务，即使债务只在一方名下。而且她每月只有1,054美元的残疾补助，收入来源单一且金额有限，未来的长期财务安全还是个未知数。这就好比她在财务的大海里，虽然暂时有了一艘小船，但这艘船能不能经得起大风大浪的考验，还很难说。

还有人觉得，这种近乎冷酷的财务分割，让婚姻失去了温暖和信任。婚姻本应该是两个人相互扶持、同甘共苦的港湾，可现在却变成了一场财务的博弈。这就好比原本温馨的家庭变成了一个冰冷的“财务战场”，夫妻之间的感情也在这场战争中慢慢消磨殆尽。

## 给婚姻和财务来一剂“良方”
面对这些问题，我们该怎么办呢？其实，我们可以从这位女士的经历中吸取一些教训，同时也找到一些解决办法。

首先，在婚姻中，我们要学会合理规划财务。就像这位女士用“雪球法”来偿还债务一样，我们也可以制定一个适合自己家庭的财务计划。比如，每月列出详细的收入和支出清单，明确哪些是必要的开支，哪些是可以节省的开支。同时，我们也要学会储蓄和投资，为未来的生活做好准备。这就好比我们要为自己的财务大厦打好地基，这样才能在风雨中屹立不倒。

其次，我们要在婚姻中保持沟通和信任。虽然财务独立很重要，但这并不意味着我们要把自己的财务和另一半分得清清楚楚。夫妻之间应该坦诚相待，共同商量家庭的财务决策。比如，在购买大件物品或者进行投资时，要听取对方的意见和建议。这就好比我们在驾驶一艘船时，要两个人齐心协力，才能驶向幸福的彼岸。

最后，我们要学会在婚姻和财务之间找到一个平衡点。婚姻不仅仅是一场财务游戏，更是一种情感的寄托和责任的担当。我们不能因为过于追求财务独立而忽略了夫妻之间的感情，也不能因为感情而忽视了财务的重要性。这就好比我们要在天平的两端找到一个合适的位置，让婚姻和财务都能保持平衡。

## 结语
婚姻里的“财务隔离”，就像一把双刃剑，既有它的好处，也有它的弊端。我们不能一味地批判这种方式，也不能盲目地推崇它。在这个复杂多变的时代，我们要学会用智慧和理性来处理婚姻和财务的关系。希望每一对夫妻都能在婚姻的道路上，既能守护好自己的财务，又能收获满满的幸福。毕竟，婚姻不是一场财务的战争，而是一场携手走过一生的美好旅程。让我们一起加油，在这场旅程中找到属于自己的幸福和财富吧！ 


--- 结果 9 ---
### 文章标题
《婚姻中的“财务战争”：从债务泥潭到独立曙光》

这个标题将婚姻与财务问题结合，“财务战争”突出了婚姻中财务矛盾的激烈，“债务泥潭”和“独立曙光”形成鲜明对比，能吸引读者的注意力，让人好奇主人公是如何从困境走向独立的。

### 开篇设计
想象一下，当你满心欢喜地步入婚姻殿堂，憧憬着与爱人携手走过一生，却突然发现自己陷入了一场看不见硝烟的“财务战争”。今天要给大家讲的，就是一位女士在婚姻中历经五年，从深陷债务泥潭到逐步实现财务独立的故事。这其中的酸甜苦辣，或许能让每一个在婚姻和财务问题中挣扎的人感同身受。

### 逻辑结构
1. 引入故事：以婚姻中的财务困境为切入点，引出主人公的经历。
2. 财务现状展示：详细介绍主人公的债务、储蓄、投资和收入情况，让读者了解其财务状况。
3. 策略分析：阐述“雪球法”和财务独立策略的具体内容和应用，以及它们如何帮助主人公改善财务状况。
4. 争议探讨：讨论财务分离的公平性和有效性，以及依赖残疾收入的长期稳定性，引发读者思考。
5. 幽默调剂：穿插幽默创作部分的内容，增加文章的趣味性。
6. 总结与启示：总结主人公的经验，强调通过有效的财务管理和储蓄策略可以实现财务独立，并为读者提供一些建议。

### 爆点安排
1. 在介绍财务现状时，突出已偿还的高额债务和积累的储蓄，让读者对主人公的努力和成果感到惊讶。
2. 在争议探讨部分，提出财务分离是否公平和依赖残疾收入是否足够的问题，引发读者的讨论和争议。
3. 运用幽默创作的内容，如“债务版俄罗斯方块”“人生大富翁游戏”等，增加文章的趣味性和传播性。

### 视觉元素
1. 插入一张主人公手持账本，表情坚定的图片，体现她在财务管理中的决心。
2. 制作一个图表，展示主人公过去五年的债务偿还、储蓄和投资情况，让读者更直观地了解其财务变化。
3. 在介绍“雪球法”时，插入一个雪球滚动的动画，帮助读者更好地理解这一策略。

### 金句运用
1. 在介绍财务分离时，引用金句“你已经分开了财务”，简洁明了地总结主人公的财务状态。
2. 在讨论未来经济保障的不确定性时，使用金句“但我知道那并不保证，也不会永远持续”，引发读者对未来的思考。
3. 在强调债务是对方的问题时，插入金句“所以那将是他的问题”，体现主人公的果断和独立。

### 结尾设计
婚姻中的财务问题就像一场漫长的马拉松，充满了挑战和不确定性。但就像这位女士一样，只要我们有坚定的决心和有效的策略，就能在这场“战争”中取得胜利。或许在这个金钱至上的时代，我们无法避免婚姻与财务的纠葛，但我们可以学会如何保护自己，实现财务独立。希望每一个在婚姻中为财务问题烦恼的人，都能从这个故事中汲取力量，找到属于自己的财务自由之路。

### 完整文章

# 婚姻中的“财务战争”：从债务泥潭到独立曙光

想象一下，当你满心欢喜地步入婚姻殿堂，憧憬着与爱人携手走过一生，却突然发现自己陷入了一场看不见硝烟的“财务战争”。今天要给大家讲的，就是一位女士在婚姻中历经五年，从深陷债务泥潭到逐步实现财务独立的故事。这其中的酸甜苦辣，或许能让每一个在婚姻和财务问题中挣扎的人感同身受。

## 财务现状：从混乱到有序
这位女士在过去五年里，一直在努力管理自己的财务。让我们先来看看她目前的财务状况。她已经偿还了高达31,751.84美元的债务，这可不是一个小数目，足以让很多人望而却步。同时，她还积累了19,391.17美元的现金储蓄和9,608.14美元的投资储蓄。然而，她的财务状况并非一帆风顺，目前仍有6,005.43美元的信用卡债务，不过幸运的是，其余的债务都在她配偶的名下。她每月的收入主要来自1,054美元的残疾补助，在这样的收入水平下，能取得如此的财务成果，实在令人钦佩。

为了更直观地展示她的财务变化，我们可以看看下面这张图表。从图表中可以清晰地看到，在过去五年里，她的债务逐渐减少，而储蓄和投资则不断增加。这就像一场精彩的逆袭，让人不禁为她的努力点赞。

## 策略揭秘：“雪球法”与财务独立
这位女士能够取得这样的成绩，离不开她采用的“雪球法”和财务独立策略。“雪球法”是一种债务偿还策略，就像滚雪球一样，先偿还小额债务，逐步积累动力和信心。她将剩余的6,005.43美元信用卡债务作为下一个目标，利用现有储蓄或收入逐步偿还。这种方法看似简单，但却非常有效，让她在偿还债务的道路上越走越顺。

同时，她还实现了财务独立，将自己的财务与配偶的财务分开。这样做的好处是显而易见的，确保了个人财务安全，避免了对方债务带来的潜在风险。就像她自己说的：“你已经分开了财务。”这种果断的决策，让她在婚姻的财务“战争”中占据了主动。

## 争议探讨：公平与稳定的考量
然而，这种财务分离的方式也引发了一些争议。有人认为，财务分离可能导致配偶一方承担过多经济压力，尤其是在婚姻关系紧张时。在某些司法管辖区，法官可能会裁定配偶支持，但这种支持并非永久性，且存在不确定性。就像金句所说：“但我知道那并不保证，也不会永远持续。”这让我们不得不思考，财务分离是否真的公平和有效？

另外，她依赖每月1,054美元的残疾收入，也让人对她的长期财务稳定产生了质疑。毕竟，这样的收入可能不足以应对突发经济需求或长期生活成本。她自己也提到，尽管有储蓄和投资，但未来的经济保障仍存在不确定性。这就像一颗定时炸弹，随时可能影响她的财务状况。

## 幽默视角：婚姻与财务的荒诞喜剧
在这场婚姻的“财务战争”中，也不乏一些幽默的元素。这位女士把自己的理财过程形容为现代版的“一分钱掰成两半花”，她和老公的债务分配就像在玩“债务版俄罗斯方块”，看谁的债务先堆到顶。她还调侃自己的生活状态是一边小心翼翼地管理着财务，一边随时准备迎接生活给她扔来的下一个“惊喜”。

还有一个有趣的类比，她把理财比作谈恋爱，说“你永远不知道下一秒会发生什么”。而婚姻则像信用卡，你永远不知道最后要付多少利息。这些幽默的表达，不仅让我们看到了她乐观的心态，也让我们对婚姻和财务问题有了更深刻的思考。

## 启示与建议：走向财务自由之路
这位女士的故事给我们带来了很多启示。首先，通过有效的债务管理和储蓄策略，我们可以实现财务独立。就像她一样，即使面临债务和不确定的配偶支持，也能通过“雪球法”逐步改善个人财务状况。其次，我们要学会合理规划收入和储蓄，持续监控财务状况。制定预算、优先偿还债务、优化储蓄与投资，这些都是实现财务自由的关键步骤。

同时，我们也要注意潜在的法律和财务风险。如果遇到类似的情况，建议咨询专业律师，明确债务责任划分；制定详细的长期财务规划，考虑通货膨胀等因素；探索增加收入的可能性，如兼职或技能提升；重新评估投资组合，确保与风险承受能力匹配。

婚姻中的财务问题就像一场漫长的马拉松，充满了挑战和不确定性。但就像这位女士一样，只要我们有坚定的决心和有效的策略，就能在这场“战争”中取得胜利。或许在这个金钱至上的时代，我们无法避免婚姻与财务的纠葛，但我们可以学会如何保护自己，实现财务独立。希望每一个在婚姻中为财务问题烦恼的人，都能从这个故事中汲取力量，找到属于自己的财务自由之路。 


--- 结果 10 ---
# 婚姻里的财务“独立战争”：是自保还是失爱？

想象一下，在一个普通的家庭里，夫妻二人坐在餐桌前，面前摊开的不是温馨的家庭相册，而是一沓厚厚的账单和银行对账单。妻子看着那些数字，眉头紧锁，心中盘算着如何摆脱债务的枷锁；丈夫则一脸无奈，似乎对这一切早已麻木。这是多少夫妻在现实生活中面临的场景？今天，我们就来聊聊一位女士在婚姻中进行的一场财务“独立战争”。

这位女士在过去五年里，像一位坚韧的战士，采用“雪球法”逐步偿还债务，同时努力储蓄和投资。“雪球法”，就像滚雪球一样，先从偿还小额债务开始，逐步积累动力和信心，最终实现财务自由。她已经偿还了$31,751.84的债务，拥有了$19,391.17的现金储蓄和$9,608.14的投资储蓄。然而，她的婚姻却似乎陷入了一场财务的“冷战”，剩余的$6,005.43信用卡债务虽然不多，但却成了她和丈夫之间财务分割的一个象征，其余债务都在丈夫名下，她明确表示“所以那将是他的问题”。

从财务的角度来看，这位女士无疑是成功的。她通过有效的债务管理和储蓄策略，实现了财务独立性和债务分离。她的财务状态可以用一个简单的公式来表示：财务状态 = 储蓄 + 投资 - 债务。在这个公式里，她的储蓄和投资不断增加，债务逐渐减少，财务状况越来越好。她就像一位精明的投资者，把资金分门别类地种在不同的“花圃”里：现金的苗圃、投资的果园、债务的荆棘。虽然还有一小片荆棘需要修剪，但大部分已经清理干净。她像独立的橡树，扎根在自己的财务土壤中，不再与另一棵树的根系纠缠。

但是，这场财务“独立战争”真的只有好处吗？从社会现象的角度深入思考，我们会发现，现代婚姻似乎已经变成了一场精打细算的生意。这位女士近乎冷酷的财务分割，让我们不禁要问：婚姻中该有的同甘共苦哪里去了？婚姻本应是两个人共同面对人生的风雨，可现在却变成了每个人都只想着“这是我的，那是你的”，婚姻变成了一个空壳，只剩下法律意义上的关系。就像有人说的那样，“在这个金钱至上的时代，婚姻是否已经沦为一场精心策划的财务游戏？当爱情被数字和合同取代，我们是否正在失去人类最基本的情感连接？”

从法律和道德的层面来看，这场财务分割也存在着一些争议。在某些司法管辖区，婚姻期间产生的债务可能被视为共同债务，即使债务仅以个人名义存在。而且，虽然这位女士目前实现了财务分离，但她每月$1,054的残疾收入是否足以维持长期财务稳定也存在疑问。她自己也提到，“但我知道那并不保证，也不会永远持续”。这就像一场赌博，她把宝押在了自己的财务规划上，却不知道未来是否会有意外的风暴袭来。

让我们再从幽默的角度来看看这件事。这位女士的理财经历就像一场充满欢笑和无奈的喜剧。她把自己的财务状况形容得就像一场“理财游戏”，“一边小心翼翼地管理着财务，一边随时准备迎接生活给我扔来的下一个‘惊喜’。这大概就是成年人的‘理财游戏’吧，只不过这个游戏没有复活币，只有不断滚动的账单和永远不够的存款”。她和丈夫的债务分割就像在玩“债务版俄罗斯方块”，看谁的债务先堆到顶。这种幽默的表达，让我们在笑过之后，更能感受到她在这场财务“独立战争”中的无奈和坚持。

如果我们把理财和婚姻的关系推向极致，想象一下，如果每对夫妻的财务状况都像股市一样实时更新，我们的婚姻生活会是怎样的？早上醒来，你的手机弹出一条通知：「亲爱的，您的配偶信用评级已从AAA降至BBB，建议减持婚姻股份。」结婚纪念日，你收到一份特别的礼物——一份详细的财务报表。「亲爱的，这是我们婚姻过去一年的盈亏情况，净利润为负，建议优化资源配置。」这样的场景听起来是不是既荒诞又现实？它让我们看到了现代婚姻中财务因素的重要性，也让我们反思，我们是否在追求财务独立的过程中，失去了婚姻中最宝贵的东西——爱情和信任。

回到这位女士的故事，她的经历给我们带来了很多启示。从积极的方面来看，她的“雪球法”债务偿还策略和财务独立意识值得我们学习。在面对债务和婚姻问题时，我们应该像她一样，主动管理财务，制定合理的预算和投资计划，逐步实现财务自由。但同时，我们也要思考，在追求财务独立的过程中，如何平衡婚姻中的感情和责任。婚姻不仅仅是一场财务交易，更是两个人心灵的契合和相互的支持。

那么，在这个金钱至上的时代，我们该如何在婚姻中处理好财务问题呢？是像这位女士一样选择财务分离，还是寻找一种更加平衡的方式，让爱情和金钱在婚姻中和谐共存？这是一个值得我们每个人深思的问题。就像有人说的那样，“爱情可以盲目，但财务必须清醒”，希望我们都能在婚姻和财务之间找到属于自己的平衡点，让生活既有面包的保障，又有爱情的甜蜜。 


--- 结果 11 ---
# 婚姻不是财务连坐！她用5年还债31万，却把6000块债务甩给老公

你是不是也觉得婚姻就是两个人的钱包要绑在一起？但这位女士用亲身经历告诉我们：在婚姻里，有时候财务独立比爱情更重要。

## 五年的财务自救之路

过去五年，S女士过着精打细算的生活。一边靠每月1054美元的残疾补助生活，一边像滚雪球一样还清了31751.84美元的债务。现在，她不仅攒下了19391.17美元现金，还有9608.14美元的投资储蓄。

最绝的是，她把剩下的6005.43美元信用卡债务都留在了丈夫名下。“那是他的问题”，这句霸气宣言背后，是一个女人长达五年的财务自救历程。

## 现代婚姻的残酷真相

你以为婚姻是两个人一起还房贷、养孩子？现实往往更狗血。就像S女士说的："理论上法官可能会判一些配偶支持，但这不是保证，也不会永远。"

现在的婚姻更像是一场精心计算的财务游戏。当爱情褪去，留下的可能只有一地鸡毛和一堆账单。与其指望不确定的赡养费，不如提前做好自己的财务规划。

## 财务独立才是真自由

有人说婚姻是爱情的坟墓，但在S女士这里，财务独立才是新生的开始。她用自己的经历证明：与其纠结“你的就是我的”，不如坚持"你的就是你的，我的就是我的"。

就像她说的："我已经分开了财务。"这不是冷漠，而是一种清醒。毕竟，当你能掌控自己的钱包时，才能真正掌控自己的人生。

## 雪球法：从负债到财务自由的秘密武器

S女士的成功秘诀就是“雪球法”：先从小额债务开始还起，每还完一笔，就把省下来的钱用来还下一笔。这种渐进式的还债方式不仅能带来成就感，还能避免一次性还太多导致生活质量下降。

现在她的债务雪球已经越滚越小，只剩下最后一小块需要清理。而储蓄和投资的雪球却越滚越大，为未来筑起了坚实的财务护城河。

## 当爱情遇上算盘：现代婚姻的财务智慧

婚姻不再是"同甘共苦"的承诺，而是需要精明计算的财务合作。与其等到分手时为钱撕破脸，不如一开始就保持财务独立。毕竟，爱情可以重来，但信用破产了可就麻烦了。

正如S女士的经历告诉我们：在婚姻这场漫长的旅程中，保持财务独立不仅是对自己的负责，更是对爱情最好的保护。毕竟，真正的安全感从来不是别人给的，而是自己创造的。


--- 结果 12 ---
### 爆款文章创作：婚姻中的财务独立，一场现代爱情的“数字游戏”

**标题：为什么现代婚姻正在变成一场精打细算的财务游戏？**

---

#### 开篇：当爱情遇上账单

我们常说，“婚姻是爱情的坟墓”。但在这个金钱至上的时代，婚姻更像是一个精心策划的财务游戏。表面上看，这是一对夫妻在讨论如何还债、存钱和投资；但实际上，这段对话暴露了一个令人不安的真相：**婚姻已经从情感共同体变成了经济独立体**。

故事的主角是一位女性，她花了五年时间，像滚雪球一样一点一点地还清了31,751.84美元的债务，同时积累了19,391.17美元现金储蓄和9,608.14美元的投资。更关键的是，她成功将自己的财务与配偶分离——剩下的6,005.43美元信用卡债务只属于对方。“So that's going to be his problem.”（所以那将是他的问题。）

这句话看似冷静理智，却隐藏着一种深沉的无奈：**婚姻不再是两个人共同面对风雨的港湾，而是一场随时可能终止的契约关系**。

---

#### 数据轰炸：冷冰冰的数字背后是什么？

让我们先来看一组数据：

- **已偿还债务**：$31,751.84  
- **现金储蓄**：$19,391.17  
- **投资储蓄**：$9,608.14  
- **剩余信用卡债务**：$6,005.43  
- **月收入（残疾补助）**：$1,054  

这些数字不仅展示了她的努力，也揭示了现代婚姻中一个残酷的事实：**即使有爱，也无法忽视金钱的重要性**。每月仅靠1,054美元生活，还要应对未来的不确定性，这样的日子并不轻松。

反常识观点来了：**你可能会认为财务独立是一件好事，但过度强调“你的”和“我的”，其实是在摧毁婚姻中最珍贵的东西——信任和共享**。试想一下，如果连账单都要分得如此清楚，那么所谓的“夫妻一体”又在哪里？

---

#### 故事反转：从“同甘共苦”到“各自为政”

五年前，这位女士开始采用“雪球法”管理财务。这是一种非常有效的策略：优先偿还小额债务，逐步积累动力，最终实现财务自由。听起来很励志，对吧？然而，当我们深入挖掘时，却发现了一种矛盾的情感状态。

一方面，她通过自己的努力摆脱了大部分债务，并建立了相对稳定的储蓄体系。这种坚韧让人钦佩。另一方面，她选择将所有剩余债务推给配偶，甚至明确表示“那是他的问题”。这种做法虽然保护了自己的利益，但也让婚姻失去了最核心的意义——**共同承担责任**。

这里有一个值得思考的问题：**如果婚姻的基础变成了谁欠谁更多，而不是谁爱谁更深，那么这段关系还能走多远？**

---

#### 情感共鸣：成年人的世界没有容易二字

或许你会问：“难道不应该学会保护自己吗？”答案当然是肯定的。尤其是在现代社会，离婚率居高不下，每个人都需要为自己留一条退路。但问题是，这种“未雨绸缪”的心态是否太过提前？

幽默一下：**理财就像谈恋爱，你永远不知道下一秒会发生什么。但至少，这位女士已经证明了自己的数学能力比爱情更可靠**。

事实上，她的经历反映了许多人的困境：既要追求财务安全，又要维护感情稳定。这种双重压力让人喘不过气来。正如她所说：“理论上法官可能会判一些赡养费，但这不是永久的。”这句话道出了多少人心中的焦虑——**今天的承诺，明天未必兑现**。

---

#### 争议性观点：财务独立真的公平吗？

有人会说：“既然他不负责任，那就让他承担后果呗！”但事情并没有这么简单。在某些司法管辖区，婚姻期间产生的债务被视为共同债务，无论名义上是谁的名字。这意味着，即使她现在把债务甩给了对方，未来仍有可能被牵连。

另一个争议点在于：**依赖每月1,054美元的残疾补助，是否足以支撑长期的生活需求？** 假设通货膨胀持续上升，或者突发医疗费用增加，这笔收入显然捉襟见肘。

因此，真正的挑战并不是如何划分债务，而是如何找到一种平衡——既能保障个人利益，又能维持家庭和谐。

---

#### 结尾升华：重新定义婚姻的本质

回到最初的话题：**婚姻到底是什么？** 是一张法律合同，还是一份情感契约？如果是前者，那么这场财务游戏确实无可厚非；但如果是后者，我们就必须反思，为什么越来越多的人选择用数字代替真心。

最后送给大家一句话：**“爱情可以破产，但账目必须清楚。”** 这句话既讽刺又真实，它提醒我们，在追求财务独立的同时，不要忘记初心。

---

#### 传播节点设置

1. **金句陷阱**：
   - “婚姻已经变成了一场随时可能终止的契约关系。”
   - “爱情可以破产，但账目必须清楚。”

2. **互动机制**：
   - **价值观对比题**：你认为婚姻应该以感情为基础，还是以财务独立为前提？
   - **经历分享题**：你或身边的朋友是否有过类似的经历？欢迎留言讨论。
   - **观点辩论题**：财务独立是否会让婚姻更加脆弱？

3. **悬念提升阅读粘性**：
   - 如果有一天，法官真的要求她承担部分债务，她该怎么办？
   - 当爱情和金钱发生冲突时，你会如何选择？

---

这篇文章通过数据、故事、争议性观点和情感共鸣，层层递进，引发读者深度思考。同时，设置了多个传播节点，便于读者转发和评论。希望这篇文章能成为一次成功的爆款尝试！


--- 结果 13 ---
### 标题：**婚姻财务独立：当爱情变成“数字游戏”，谁才是真正的赢家？**

---

#### 开头：  
有人说，婚姻是两个人的浪漫契约；但在现代社会，它更像是一场精打细算的“财务对赌”。你以为结婚是“你的就是我的，我的也是你的”？别天真了！现实告诉我们，爱情可以破产，但账单永远不能赖掉。今天我们要聊的，是一个关于婚姻、债务和财务独立的真实故事——一位女士如何用五年时间滚出自己的“雪球”，把债务甩给前夫，同时还能存下近3万美元现金和投资。听起来很励志？不，这其实是一场成年人版的“分手经济学”。

---

#### 第一部分：激进犀利——婚姻中的财务陷阱  

先问大家一个问题：你觉得婚姻中最危险的东西是什么？出轨？冷暴力？错！答案是——**共同债务**！  

根据这位女士的经历，她花了整整五年时间，一边还债一边储蓄，总共偿还了**31,751.84美元**的债务，积累了**19,391.17美元的现金储蓄**和**9,608.14美元的投资**。然而，最让人拍案叫绝的是，她的剩余信用卡债务只有**6,005.43美元**，而且这笔钱还在她前夫名下！  

你没听错，人家不仅成功实现了财务分离，还顺手把债务问题变成了对方的“专属烦恼”。这是什么操作？简单来说，这就是现代婚姻中的一种“自我保护机制”：与其等到离婚时撕破脸分财产，不如提前划清界限，避免被另一半拖入财务泥潭。  

但这里有一个扎心的事实：很多人直到婚姻破裂才发现，自己竟然背负着配偶欠下的巨额债务。比如某些司法管辖区规定，即使债务是以一方名义签署，只要发生在婚姻关系存续期间，就可能被视为夫妻共同责任。所以，如果你以为“他借的钱跟我没关系”，那你就太低估法律的威力了。

---

#### 第二部分：幽默风趣——当理财遇上婚姻，生活就像一场荒诞剧  

说到这里，我突然想起一个笑话：为什么离婚律师总是那么忙？因为他们每天都在帮客户玩“人生大富翁”游戏！而我们的主人公显然已经掌握了这个游戏的核心玩法——**滚雪球法**。  

想象一下，这位女士过去五年的日子是怎么过的吧：每个月拿着**1,054美元的残疾补助**，既要维持生活开销，又要一点点偿还债务，还要想办法攒点钱做投资。这哪里是在过日子，分明是在进行一场极限生存挑战啊！  

更搞笑的是，她居然还能在这样的情况下保持乐观心态。她说：“剩下的债务只在他名下。”这句话让我忍不住脑补了一幅画面：她站在银行柜台前，指着一堆账单说，“这些都是他的，跟我没关系！”然后潇洒转身离开，留下一脸懵逼的工作人员。  

不过，这种“财务独立”的背后也有点辛酸。毕竟，她提到法官可能会判给她一些赡养费，但这并不是永久性的保障。换句话说，她还得靠自己继续努力，因为未来的生活成本不会因为离婚而自动降低。这让我想起一句话：**“婚姻就像信用卡，你以为消费完了就没事了，结果发现利息比本金还高。”**

---

#### 第三部分：解决方案——如何在婚姻中实现财务自由？  

既然婚姻已经成为了一场“数字游戏”，那么作为普通人的我们，该如何避免踩坑呢？以下是几个实用建议：  

1. **尽早建立个人账户**  
   无论你们的感情有多甜蜜，请务必保留至少一个完全属于自己的银行账户。这样即使将来发生意外情况，你也不至于陷入经济困境。  

2. **明确债务归属**  
   如果必须共同承担某些债务（例如房贷或车贷），一定要签订书面协议，明确双方的责任范围。否则，一旦关系破裂，这些债务很可能成为你无法承受之重。  

3. **学会使用“雪球法”**  
   所谓“雪球法”，就是优先偿还小额债务，逐步积累动力，最终解决所有负债问题。这种方法不仅能减轻心理压力，还能让你看到实实在在的进步。  

4. **定期评估财务状况**  
   每隔一段时间，坐下来好好审视一下自己的收入、支出、储蓄和投资情况。如果发现问题，及时调整策略，不要等到危机爆发才后悔莫及。  

5. **培养多元收入来源**  
   单纯依赖一份固定收入（如工资或补助）是非常危险的。尝试发展副业或者学习新技能，为未来创造更多可能性。  

---

#### 结尾：升华主题——从“财务独立”到“情感自由”  

最后，让我们回到最初的问题：婚姻到底是为了什么？是为了爱情？为了陪伴？还是为了彼此扶持？或许每个人都有不同的答案。但无论如何，我们都应该明白一点：**真正的安全感从来不是别人给的，而是自己争取来的。**  

这位女士的故事告诉我们，无论婚姻多么复杂，只要掌握正确的财务管理方法，就能掌控自己的命运。她用自己的行动证明了，即使面对健康问题、经济压力和感情挫折，依然可以通过努力实现财务独立，并为未来铺平道路。  

所以，下次当你听到“婚姻是一场赌博”时，不妨换个角度思考：与其担心输赢，不如专注于提升自己的筹码。毕竟，在这场游戏中，唯一真正值得信任的人，只有你自己。  

--- 

希望这篇文章能给你带来启发，也欢迎留言分享你的观点。毕竟，关于婚姻和金钱的话题，永远都聊不完！


--- 结果 14 ---
### 文章标题：**婚姻中的财务独立：当爱情遇上“雪球法”**

---

### 开篇设计

你有没有想过，婚姻可能是一场精心策划的财务游戏？表面上是两个人携手共度风雨，背后却藏着精打细算的账本。今天我们要聊的，是一个关于“雪球法”的故事——一个女人如何用五年时间，把债务滚成储蓄，把婚姻变成财务独立的战场。

她叫SPEAKER_00（我们暂且这么称呼她），过去五年里，她一边还债一边存钱，已经偿还了超过31,000美元的债务，积累了近2万美元现金和近1万美元投资。而她的信用卡债务只剩6,005.43美元，更妙的是，剩下的债务都在她丈夫名下。“所以那将是他的问题。”她说得云淡风轻。

这不仅仅是一个人的财务逆袭史，更是一段现代婚姻中冷酷现实的缩影。让我们一起看看，她是如何做到的，以及这场“雪球战”背后的深意。

---

### 逻辑结构与爆点安排

#### 第一部分：**从负债到自由——雪球法的力量**
- **背景介绍**：SPEAKER_00的起点并不乐观。五年前，她背负着巨额债务，每月仅靠1,054美元的残疾补助生活。
- **策略解析**：“雪球法”是一种简单却有效的债务管理方式，即优先偿还小额债务，逐步积累动力。就像滚雪球一样，越滚越大，直到彻底清零。
- **数据展示**：
  - 已偿还债务：$31,751.84
  - 现金储蓄：$19,391.17
  - 投资储蓄：$9,608.14
  - 剩余信用卡债务：$6,005.43
- **爆点1**：通过这种策略，她不仅成功减轻了经济压力，还为自己建立了一道坚实的财务防线。

#### 第二部分：**婚姻中的财务分离——一场无声的较量**
- **冲突升级**：在婚姻关系中，财务问题往往是最敏感的话题之一。SPEAKER_00选择将债务完全分离，甚至明确表示，“剩下的债务只在他名下”。
- **争议性观点**：有人认为，这样的做法虽然保护了自己，但也让婚姻失去了应有的温度。毕竟，婚姻的本质难道不是共同面对困难吗？
- **案例补充**：在某些司法管辖区，法官可能会裁定配偶支持，但这并非永久性的保障。SPEAKER_00深知这一点，因此她并未寄希望于外部援助，而是依靠自己的努力实现财务独立。
- **爆点2**：一句“那是他的问题”，既体现了她的果断，也揭示了现代婚姻中普遍存在的信任危机。

#### 第三部分：**低收入高储蓄——小步快跑的智慧**
- **收入困境**：每月1,054美元的残疾补助，看似微薄，但SPEAKER_00通过严格的预算管理和长期规划，将其转化为稳定的现金流。
- **幽默调侃**：她开玩笑说，“理财就像谈恋爱，你永远不知道下一秒会发生什么。”但她显然比大多数人更有准备。
- **启示录**：即使收入有限，只要懂得合理分配资源，就能创造奇迹。她的经验告诉我们，财务自由并不是富人的专利，而是每个人都可以追求的目标。

#### 第四部分：**未来展望——财务独立的意义**
- **情感共鸣**：SPEAKER_00的故事之所以令人钦佩，不仅在于她的坚韧，更在于她对自我价值的确认。她用实际行动证明，无论身处何种境地，都可以掌控自己的命运。
- **深度思考**：在这个金钱至上的时代，婚姻是否已经成为一种交易？当爱情被数字取代，我们是否正在失去最基本的情感连接？
- **爆点3**：最后一句话直击人心——“如果婚姻是一场雪球战，我已经准备好用我的雪球砸回去了。”

---

### 视觉元素建议

1. **图表对比**：制作一张柱状图，直观显示SPEAKER_00五年间的债务变化、储蓄增长和投资收益。
2. **流程图**：以“雪球法”为核心，绘制一个简单的步骤图，帮助读者理解其操作原理。
3. **插画风格**：用卡通形式表现“雪球滚落”的过程，象征债务逐渐减少、储蓄不断增加。

---

### 金句运用

- **警示型**：“所以那将是他的问题。”——提醒人们不要忽视潜在的风险，尤其是在婚姻中。
- **总结型**：“你已经分开了财务。”——简洁明了地概括核心主题。
- **哲理型**：“但我知道那并不保证，也不会永远持续。”——引发读者对未来不确定性的思考。

---

### 结尾设计

婚姻或许无法避免风雨，但至少我们可以学会如何撑伞。SPEAKER_00的故事告诉我们，无论生活多么艰难，总有一种方法可以走出困境。通过“雪球法”，她不仅摆脱了债务的束缚，还为自己赢得了真正的自由。

最后，送给大家一句话：**“爱情可以破产，但账目必须清楚。”** 如果你也在为财务问题烦恼，不妨试试“雪球法”。也许有一天，你会发现，那个曾经压得你喘不过气的雪球，其实早已融化在阳光下。

--- 

这篇文章既有吸引眼球的“爆点”，又不失深度和启发性，相信会引起广泛讨论和传播！


--- 结果 15 ---
# 婚姻中的财务独立：一场现代爱情的自我救赎

## 引言：当爱情遇上算盘

"你的就是我的，我的还是我的。"这句调侃婚姻的玩笑话，在现代社会似乎正在被重新定义。一位女士花了五年时间，像滚雪球一样一点一点还债和存钱，终于还了31,751.84美元，还存了19,391.17美元现金。但最令人深思的是，她和丈夫的债务分得特别清楚——她只剩6,005.43美元的信用卡债务，其余都是丈夫的。这种近乎冷酷的财务分割，让我们不得不思考：婚姻是否已经从情感共同体变成了精明的财务合伙人？

## 财务独立的觉醒之路

五年前，S女士开始了一场特殊的财务自救。每月仅靠1,054美元残疾补助生活的她，却创造了一个令人惊叹的财务奇迹。通过严格执行"雪球法"，她不仅偿还了超过3万美元的债务，还建立了近3万美元的储蓄和投资组合。

这个过程就像园艺师打理花园，她将资金分门别类地种在不同的花圃里：现金的苗圃、投资的果园、债务的荆棘。虽然还有一小片荆棘需要修剪，但大部分已经清理干净。这种系统化的财务管理方式，让她逐渐成长为一棵独立的橡树，扎根在自己的财务土壤中，不再与另一棵树的根系纠缠。

## 现代婚姻的财务困境

S女士的故事并非个例。数据显示，美国有超过40%的婚姻以离婚告终，其中财务问题是最常见的导火索之一。越来越多的夫妻选择在婚内就实行财务分离，甚至设立独立账户。这种趋势背后，折射出人们对婚姻安全感的缺失。

更讽刺的是，S女士提到"理论上法官可能会判一些赡养费，但这不是永久的"。这句话道出了现代婚姻的本质：一场随时可能终止的契约关系。人们不再相信"至死不渝"的誓言，而是早早地为可能的分手做打算。这种"财务独立"的婚姻模式，表面上是为了自我保护，实际上却让婚姻失去了最核心的意义——两个人共同面对人生的风雨。

## 财务独立的双刃剑

财务独立确实带来了安全感，但也带来了新的挑战。S女士虽然实现了财务分离，但她每月仅靠1,054美元的残疾补助生活，长期财务安全仍存在不确定性。专业理财顾问指出，这种收入水平在应对突发经济需求或长期生活成本时可能存在风险。

更重要的是，过度强调财务独立可能导致夫妻间的情感疏离。当每个人都只想着"这是我的，那是你的"，婚姻就变成了一个空壳，只剩下法律意义上的关系。这种转变不仅影响夫妻关系，也可能对子女教育和家庭氛围产生深远影响。

## 重建婚姻的信任基石

如何在财务独立和情感联结之间找到平衡？首先，夫妻双方需要建立透明的财务沟通机制。可以设立共同的家庭基金，用于日常开支和应急储备，同时保留适度的个人财务空间。

其次，要认识到财务规划是夫妻共同的责任。即使选择财务分离，也要定期讨论家庭财务目标，制定统一的储蓄和投资计划。这种协作不仅能增强财务安全性，也能增进夫妻间的信任和理解。

最后，要警惕将婚姻完全物化为财务关系的倾向。爱情需要感性的投入，也需要理性的经营，但绝不能沦为纯粹的数字游戏。真正的财务独立应该建立在相互支持和共同成长的基础上。

## 结语：寻找爱与理性的平衡点

S女士的故事给我们上了一堂生动的现代婚姻课。她的财务独立之路展现了个人力量，但也暴露了当代婚姻的脆弱性。在这个金钱至上的时代，我们需要重新思考：如何在保障个人财务安全的同时，维系婚姻中最珍贵的情感纽带？

或许答案就在于找到理性与感性的平衡点。既要有清晰的财务规划，又要保持开放的情感交流；既要维护个人的财务主权，又要建立共同的家庭愿景。毕竟，真正幸福的婚姻，不应该是一场精心策划的财务游戏，而是一段充满信任和支持的人生旅程。

正如那句古老的谚语所说："爱情不是看着对方，而是朝着同一个方向看去。"当我们能够携手面对生活的风风雨雨，而不是各自打着财务的小算盘，才能真正实现婚姻的价值和意义。


Reasoner 模型创作结果：

--- 结果 1 ---


### 标题：婚姻中的财务游戏：她是如何用雪球法击溃爱情的？

---

### 开头：婚姻是一场雪球战，而她已经准备好用财务独立砸回去了

在这个金钱至上的时代，婚姻早已不再是浪漫的代名词，而是一场精心策划的财务游戏。有些人用爱情编织童话，而她，用雪球法滚出了一个财务独立的王国。

过去五年，她像一个冷静的会计师，一边还债，一边存钱，一边投资。她还清了31,751.84美元的债务，存下了19,391.17美元的现金，还有9,608.14美元的投资。至于剩下的6,005.43美元信用卡债务？哦，那是她前夫的问题，因为债务只在他名下。她早已实现了财务分离。

这不仅仅是一个关于理财的故事，更是一个关于现代婚姻的寓言。当爱情褪去光环，我们终于看清：婚姻的本质，是一场关于数字的游戏。

---

### 正文：雪球法 vs. 婚姻关系，谁赢了？

#### 1. **婚姻中的财务游戏：爱情 vs. 数字**

爱情是感性的，婚姻是理性的。在现代婚姻中，我们早已习惯了用数字来衡量关系的价值。信用卡债务、储蓄账户、投资组合，这些冰冷的数字，比感情更能定义一段婚姻的真实面目。

她用了五年时间，像滚雪球一样，一点一点地还债和存钱。这不仅是对债务的征服，更是对婚姻关系的重新定义。她不再相信“你的就是我的”，而是坚信“你的就是你的，我的就是我的”。

#### 2. **雪球法：从债务到独立的蜕变**

雪球法是一种债务偿还策略，但在这里，它更像是一个隐喻。她从最小额的债务开始，逐步偿还，就像滚雪球一样，积累动力和信心。五年后，她不仅还清了大部分债务，还建立了一个独立的财务体系。

她的财务状况像一面镜子，映照出现代婚姻的真相：爱情可以破裂，但账目必须清晰。她用雪球法击溃了债务，也击溃了对婚姻的幻想。现在，她站在财务独立的高地上，像个女王一样，俯瞰那些还在债务泥潭中挣扎的夫妻。

#### 3. **财务分离：现代婚姻的必然选择**

在她的故事中，财务分离不仅是一种策略，更是一种宣言。她把债务分得清清楚楚，剩下的6,005.43美元信用卡债务，只在他名下。这不仅是对债务的切割，更是对婚姻关系的切割。

她用行动告诉我们：在现代婚姻中，财务独立不是一种选择，而是一种生存技能。只有实现财务分离，才能真正实现自我价值的确认。

#### 4. **残疾收入：稳定的基石，还是温柔的陷阱？**

她的每月收入只有1,054美元，来自残疾补助。这是一把双刃剑。一方面，它为她的财务独立提供了稳定的基石；另一方面，它也让她意识到，这种收入来源的局限性。

她知道，未来的赡养费可能不会永远持续，就像婚姻中的承诺一样，可能随时破裂。但至少，她还有储蓄和投资作为后盾。她用行动证明：即使收入有限，只要合理规划，财务独立依然可以实现。

#### 5. **幽默化解：财务独立 vs. 情感破裂**

在她的故事中，财务独立和情感破裂似乎是一对矛盾体。但事实是，财务独立恰恰是情感破裂的最好解药。她用雪球法击溃了债务，也击溃了对婚姻的幻想。现在，她站在财务独立的高地上，像个女王一样，俯瞰那些还在债务泥潭中挣扎的夫妻。

她的故事告诉我们：在现代婚姻中，财务独立不是一种选择，而是一种生存技能。只有实现财务分离，才能真正实现自我价值的确认。

---

### 结尾：财务独立，是现代婚姻的解药

她的故事像一剂解药，治愈了现代婚姻中关于爱情的幻想。她用雪球法击溃了债务，也击溃了对婚姻的幻想。现在，她站在财务独立的高地上，像个女王一样，俯瞰那些还在债务泥潭中挣扎的夫妻。

她的故事告诉我们：在现代婚姻中，财务独立不是一种选择，而是一种生存技能。只有实现财务分离，才能真正实现自我价值的确认。

所以，下次当你听到“你的就是我的”时，不妨想一想：这是一句情话，还是一句财务承诺？


--- 结果 2 ---


### 标题：**"婚姻破产时，我的钱包却实现了财务自由"**

---

### 开头（激进犀利）：
当民政局离婚窗口前排起长队时，我正拿着计算器核对信用卡账单的最后一位小数点。别人在分割感情，我在切割债务；别人在争夺房产，我在守护储蓄账户——这场婚姻教会我最硬核的生存法则：**爱情会过期，但信用卡账单永远新鲜**。

---

### 正文（犀利与幽默交替）：

#### 【第一记暴击】
婚姻登记处应该增设会计资格考试，毕竟现在离婚律师的工作量，80%在计算器上："你的花呗额度里有3个前任的旅行消费，他的股票账户藏着5次私房钱投资失败记录"。就像我用了五年时间，在婚姻废墟里刨出$31,751.84的债务残骸时，突然顿悟：**现代婚姻的本质，就是两个有限合伙人在经营一家注定亏损的皮包公司**。

（插入数据：$19,391.17现金储蓄如同防弹衣，$9,608.14投资储蓄就是藏在鞋底的私房钱）

#### 【债务版俄罗斯方块】
"雪球法"听起来浪漫？试试连续60个月盯着小数点后两位的利息计算，比监控伴侣手机更需要毅力。每次划掉一笔小额债务，就像在玩现实版消消乐——当$6,005.43成为最后的通关障碍时，我对着前夫的债务报表笑出了声：**"感谢婚姻让我学会的终极技能——把共同债务变成他的专属SSR卡"**。

（场景还原：深夜对着Excel表格，咖啡杯里倒映着发绿的屏幕光，计算器按键被磨掉了数字）

#### 【婚姻有限公司破产清算】
律师说"财务分离"时，我在离婚协议书上画了个笑脸。现在前夫的债务就像他忘在洗衣机的信用卡账单，在司法系统的滚筒里独自翻滚。法官可能判的赡养费？**就像超市临期食品货架上的半价牛排——存在，但充满不确定性**。

（金句植入："但我知道那并不保证，也不会永远持续"化作咖啡杯上的毒鸡汤标语）

#### 【残疾补助的黑色幽默】
每月$1,054的残疾补助到账时，ATM机的吐钞声都带着怜悯。但这不妨碍我把生活过成精算师模拟器：买菜用积分卡，看电影等资源，连遛狗路线都经过油价测算。朋友说我活得像个人形记账本，我回敬：**"至少我的资产负债表比我的X光片健康"**。

---

### 结尾（幽默升华）：
现在看着朋友圈晒结婚证的年轻人，总想留言提醒：婚前请备好三样东西——财产公证协议、独立银行账户、和计算感情ROI的冷静头脑。毕竟在这个时代，**能陪你走到最后的不是钻戒，而是那个永远不会背叛你的复利计算器**。

（最终画面：阳光透过百叶窗在账本上画出条纹，计算器显示"净资产：√"，咖啡杯热气升腾成美元符号）

---

### 后记：
当理财博主都在教你怎么"夫妻共同理财"时，这篇来自离婚法庭等候区的实战攻略告诉你：**爱情可能需要共享，但债务必须隔离——这不是自私，而是当代成年人最硬核的生存礼仪**。

（文末小字：本文不构成投资建议，但比90%的婚姻承诺更靠谱）


--- 结果 3 ---
【标题】  
婚姻财务“冷战”：当债务滚雪球变成“他的锅，我的小金库！”

【开篇】  
告别那些充满浪漫泡沫的誓言吧！在如今这个金钱至上的时代，婚姻已然不再是“你情我愿”的浪漫童话，而是一场“你还债，我存款”的精打细算大作战。别以为爱情就能化解一切——当你的账本里只有数字在跳舞的时候，谁还敢说婚姻不冷酷？今天，就让我们以最激进、最犀利的笔调，剖析这场婚姻里的财务隔离大戏！

【正文】

一、债务雪球滚动：从“微小债务”到“巨型账单”的逆袭之路  
有人说，理财就像打怪升级，而还债更是痛并快乐着的必经之路。回顾过去五年，SPEAKER_00用“雪球法”一次次打掉小额债务，先是还清了31,751.84美元的总债务，再用这微小的成功累积起还债的信心。  
激进犀利地说：还债过程中的每一笔数字，都像是对婚姻不忠宣战的利剑！而我们那位勇士，桌子上剩下的仅仅是6,005.43美元的信用卡债——全在“他”的名下。正所谓：“他的债务？So that's going to be his problem！”这不仅是一句惊世骇俗的宣言，更是一次彻底切割情感与责任的绝地反击。

同时，你是否发现，亲自把钱存进银行的那一刻，心中的成就感就像中了彩票？19,391.17美元的现金储蓄加上9,608.14美元的投资储蓄，已经拼凑成一座坚不可摧的“小金库”。叫人不得不感叹：在婚姻这场财务游戏中，我们已经成功“分账”！

幽默插科打诨：你瞧，这位小姐姐走的是“滚雪球”还债法，就像在打“俄罗斯方块”——一点一滴把账单砌得越来越完美，绝不会给人任何退路。还好，她还保留了那点每月1,054美元的残疾补助，仿佛那是唯一不会背叛她的小生命线，比起婚姻那摇摇欲坠的“财务共舞”，实在显得温暖且踏实！

二、财务隔离：当婚姻变成“分公司”，他的债务不再是我的事  
曾几何时，我们慨叹“你的就是我的”，而如今，这句话渐渐失去了光彩。婚姻不再是一场互助的爱恋，而是各自为战的独立企业。SPEAKER_00干脆将彼此的账户分得清清楚楚，甚至连债务都要精确到小数点后两位，打破了“共度难关”的幻想。  
激进犀利地剖析：婚姻中最伤人的，不是情感的背叛，而是对未来财务安全的毫无保障！一边还债，一边积蓄，分明告诉世界： “你已经分开了财务！” 当剩下的债务全部挂在对方的脸上，就像在说：你的问题，就是你的苦恼！

幽默调侃：“离婚律师总是那么忙”，这不仅因为婚姻破裂带来的账目纷争，更是因为脑袋里盘旋着这样的逻辑——‘分家产’时，谁也不愿多背一分债务。就像有人打趣道：“你欠债，我不欠债；你的账单我不管，把我的进行到底！”这样的财务隔离，既是自救也是对婚姻冷酷现实的最好讽刺。

三、数字背后的婚姻真相：爱情破产，账本永远清楚  
当数字开始掌控我们的感情生活，婚姻便不再是浪漫的代名词，而是一场精心策划的金融交易。让我们冷静地审视，这位女士五年如一日用雪球法还债、存钱，甚至连“配偶赡养费”这种法律可能性都理智地计算在内。  
激进分析：在这个金钱主宰情感的时代，婚姻早早地被冠以“有限责任公司”的标签。那句经典警示“但我知道那并不保证，也不会永远持续”，无疑告诉我们——爱情的保证书上，没有任何终身支持的字样，只有不断变化的数字。

幽默一笔：曾有人打趣称，婚姻就像一场每日更新的股票行情，“你的情感ROI太低，不如换一道操作题。”真是会计和情感的完美结合，让人哭笑不得：你以为爱情是甜蜜的糖果，结果发现只是一份详细的财务报表！

四、双重视角：理性管理与情感放逐的大战  
站在经济学和生活哲学的交汇处，我们看到这位女士不仅靠着1,054美元的残疾补助度日，更用辛勤的努力在还债的同时，稳健积累了将近2万美元的财富。她用数字宣告：只要有计划和策略，哪怕婚姻失去了温暖的拥抱，也能独立于风雨之外。  
激进犀利咆哮：这不是简单的理财，而是用“公平账分”的方式，彻底摆脱那早已腐朽、没有温情的婚姻体系。你以为婚姻是两个人的共同责任？不！当仔细盘算之后，债务名单上那冷冰冰的数字，都意味着：我的门外汉，他的苦衷！

幽默调侃：试想，如果将婚姻账目如股市般实时更新，每天收到一条通知——“亲爱的，昨晚你的婚姻财产从AAA降至BBB，建议收紧支出”，那生活岂不是玩起了一场永不停歇的经济大比拼？至少，在这场游戏里，各自为政的赢家谁都看得明白，概念分明得令人哭笑不得！

五、未来展望：如何用财务战略迎战未知的爱情经济  
当前财务状况看似风平浪静，但在未来的风云变幻中，我们必须时刻警醒：理财路漫漫，每一笔支出、每一次投资都可能决定未来的生活质量。  
激进预测：债务雪球只是一个开始，真正的对决在于如何用每月1,054美元的收入和不断增长的储蓄，在突如其来的生活变故面前，保住那点最后的经济尊严。此刻，选择“债务最小化公理”与“储蓄增长公理”，不仅是财务策略，更是一种人生智慧的体现！  
幽默建议：不妨把未来想象成一场“婚姻理财真人秀”：每天看着账本数字如同股市行情般惊心动魄，既激发干劲，又不乏笑料。如果哪天生活真的“资不抵债”，至少还能抓住几个好莱坞式的反转剧情，拍成一部年度爆款大片！

【结尾】  
看完这篇文章，你是否也开始重新审视自己的婚姻？在这个“你的账我不管，我的账由我掌控”的时代，财务独立已被摆上了“必修课”的位置。讽刺的是，当我们的爱情被层层账本绑架，那些曾经甜蜜的诺言只剩下冰冷的数字。  
但请别担心，毕竟，走到今天，至少你还能笑傲财务困局——债务滚雪球、会计式分账，搞得比任何童话都真实。毕竟，这场激进而幽默的“婚姻财务战争”，最后教会了我们：爱情可以破产，但账目永远清楚！  
所以，面对未来种种不确定，我们不妨以一颗平常心，像那独立的橡树般扎根于自己的财务土壤，用那坚实的储蓄和投资，迎接每一个“账单大战”。这，就是现代人的爱情与理财的最终宣言——别让账目决定你的幸福，唯有勇敢面对，方能笑看风云！

（完）

================================================
