[2025-03-10 15:11:21] [INFO]: 开始执行 Reasoner 模型对话
{
  "module": "reasoner-dialog",
  "initialTopic": "当代亲密关系消亡实录：当伴侣变成\"会呼吸的沙发\"  \n\n你正躺在沙发上刷短视频，左手划拉着双十一购物车，右腿压着刚拆封的薯片袋，余光瞥见旁边那位生物——没错，就是那位和你共享房产证、WiFi密码以及外卖会员的\"人类沙发\"。  \n\n当代爱情最惊悚的鬼故事莫过于此：明明呼吸着同一立方米的空气，两人的灵魂却在各自的手机屏幕里蹦迪。心理学教授保罗妮·博斯说的\"模糊性丧失\"根本不用查文献，看看你对象对着Instagram消息已读不回时死鱼般的表情就知道了——人家把\"分享欲\"当连接投标，你把已读功能当钉钉打卡，当代亲密关系的崩塌速度比拼多多砍价失败还快。  \n\n戈特曼说维系关系靠的是\"分享文章\"这种微小互动，但现实是当你把搞笑视频甩进对话框的瞬间，对方已进入\"物理在场心理掉线\"的禅定模式。手机多任务处理系统早就超负荷运转，情感带宽被短视频、工作群和直播间瓜分得比月饼券还碎，最后留给活人的只剩\"嗯哦好\"三字真言，活脱脱把伴侣处成了全屋智能家居里最鸡肋的声控装置。  \n\n更荒诞的是，你俩还能精准保持呼吸同步——在刷到同一个带货主播时。  \n\n（现在知道为什么民政局叫停离婚冷静期了吧？毕竟需要冷静的不是离婚，是如何把沙发变回活人）"
}
[2025-03-10 15:11:21] [DEBUG]: 会话环境初始化完成
{
  "module": "reasoner-dialog",
  "sessionDir": "public/logs/reasoner_dialogs/session_2025-03-10T07-11-21-948Z",
  "historyFile": "public/logs/reasoner_dialog_history/history_2025-03-10T07-11-21-948Z.jsonl"
}
[2025-03-10 15:11:21] [INFO]: 执行对话轮次 1/5
{
  "module": "reasoner-dialog"
}
[2025-03-10 15:22:01] [ERROR]: 执行 Creator 回合失败
{
  "module": "reasoner-dialog",
  "error": {
    "message": "API 响应缺少 choices 数组",
    "stack": "Error: API 响应缺少 choices 数组\n    at ReasonerDialogService.executeCreatorTurn (webpack-internal:///(rsc)/./src/services/workflow/node/reasonerDialogService.ts:288:23)\n    at async ReasonerDialogService.executeDialog (webpack-internal:///(rsc)/./src/services/workflow/node/reasonerDialogService.ts:100:37)\n    at async WorkflowService.analyzeContentFromFile (webpack-internal:///(rsc)/./src/services/workflow/workflow.ts:72:35)\n    at async WorkflowService.executeWorkflow (webpack-internal:///(rsc)/./src/services/workflow/workflow.ts:120:33)\n    at async POST (webpack-internal:///(rsc)/./src/app/api/workflow/analyze-file/route.ts:78:25)\n    at async /Users/loloru/vscodeProjects/transNode/trans/node_modules/next/dist/compiled/next-server/app-route.runtime.dev.js:6:63809\n    at async eU.execute (/Users/loloru/vscodeProjects/transNode/trans/node_modules/next/dist/compiled/next-server/app-route.runtime.dev.js:6:53964)\n    at async eU.handle (/Users/loloru/vscodeProjects/transNode/trans/node_modules/next/dist/compiled/next-server/app-route.runtime.dev.js:6:65062)\n    at async doRender (/Users/loloru/vscodeProjects/transNode/trans/node_modules/next/dist/server/base-server.js:1333:42)\n    at async cacheEntry.responseCache.get.routeKind (/Users/loloru/vscodeProjects/transNode/trans/node_modules/next/dist/server/base-server.js:1555:28)\n    at async DevServer.renderToResponseWithComponentsImpl (/Users/loloru/vscodeProjects/transNode/trans/node_modules/next/dist/server/base-server.js:1463:28)\n    at async DevServer.renderPageComponent (/Users/loloru/vscodeProjects/transNode/trans/node_modules/next/dist/server/base-server.js:1856:24)\n    at async DevServer.renderToResponseImpl (/Users/loloru/vscodeProjects/transNode/trans/node_modules/next/dist/server/base-server.js:1894:32)\n    at async DevServer.pipeImpl (/Users/loloru/vscodeProjects/transNode/trans/node_modules/next/dist/server/base-server.js:911:25)\n    at async NextNodeServer.handleCatchallRenderRequest (/Users/loloru/vscodeProjects/transNode/trans/node_modules/next/dist/server/next-server.js:271:17)\n    at async DevServer.handleRequestImpl (/Users/loloru/vscodeProjects/transNode/trans/node_modules/next/dist/server/base-server.js:807:17)\n    at async /Users/loloru/vscodeProjects/transNode/trans/node_modules/next/dist/server/dev/next-dev-server.js:331:20\n    at async Span.traceAsyncFn (/Users/loloru/vscodeProjects/transNode/trans/node_modules/next/dist/trace/trace.js:151:20)\n    at async DevServer.handleRequest (/Users/loloru/vscodeProjects/transNode/trans/node_modules/next/dist/server/dev/next-dev-server.js:328:24)\n    at async invokeRender (/Users/loloru/vscodeProjects/transNode/trans/node_modules/next/dist/server/lib/router-server.js:163:21)\n    at async handleRequest (/Users/loloru/vscodeProjects/transNode/trans/node_modules/next/dist/server/lib/router-server.js:342:24)\n    at async requestHandlerImpl (/Users/loloru/vscodeProjects/transNode/trans/node_modules/next/dist/server/lib/router-server.js:366:13)\n    at async Server.requestListener (/Users/loloru/vscodeProjects/transNode/trans/node_modules/next/dist/server/lib/start-server.js:140:13)"
  },
  "round": 1
}
