开始执行 Reasoner 模型对话
时间: 2025-02-26T16:56:39.762Z
初始话题: 人工智能的未来发展趋势


--- 轮次 1/5 ---
模型1 输入:
人工智能的未来发展趋势

模型1 输出:
[模型响应失败: 400 Invalid max_tokens value, the valid range of max_tokens is [1, 8192]]

模型2 输入:
[模型响应失败: 400 Invalid max_tokens value, the valid range of max_tokens is [1, 8192]]

模型2 输出:
[模型响应失败: 400 Invalid max_tokens value, the valid range of max_tokens is [1, 8192]]


--- 轮次 2/5 ---
模型1 输入:
[模型响应失败: 400 Invalid max_tokens value, the valid range of max_tokens is [1, 8192]]

模型1 输出:
[模型响应失败: 400 Invalid max_tokens value, the valid range of max_tokens is [1, 8192]]

模型2 输入:
[模型响应失败: 400 Invalid max_tokens value, the valid range of max_tokens is [1, 8192]]

模型2 输出:
[模型响应失败: 400 Invalid max_tokens value, the valid range of max_tokens is [1, 8192]]


--- 轮次 3/5 ---
模型1 输入:
[模型响应失败: 400 Invalid max_tokens value, the valid range of max_tokens is [1, 8192]]

模型1 输出:
[模型响应失败: 400 Invalid max_tokens value, the valid range of max_tokens is [1, 8192]]

模型2 输入:
[模型响应失败: 400 Invalid max_tokens value, the valid range of max_tokens is [1, 8192]]

模型2 输出:
[模型响应失败: 400 Invalid max_tokens value, the valid range of max_tokens is [1, 8192]]


--- 轮次 4/5 ---
模型1 输入:
[模型响应失败: 400 Invalid max_tokens value, the valid range of max_tokens is [1, 8192]]

模型1 输出:
[模型响应失败: 400 Invalid max_tokens value, the valid range of max_tokens is [1, 8192]]

模型2 输入:
[模型响应失败: 400 Invalid max_tokens value, the valid range of max_tokens is [1, 8192]]

模型2 输出:
[模型响应失败: 400 Invalid max_tokens value, the valid range of max_tokens is [1, 8192]]


--- 轮次 5/5 ---
模型1 输入:
[模型响应失败: 400 Invalid max_tokens value, the valid range of max_tokens is [1, 8192]]

模型1 输出:
[模型响应失败: 400 Invalid max_tokens value, the valid range of max_tokens is [1, 8192]]


对话结束
时间: 2025-02-26T16:56:40.603Z
