[2025-03-10 17:59:15] [INFO]: 当代爱情最硬核的防出轨装置，不是查岗定位器，而是你手里这块发光的电子墓碑。心理学家Pauline Boss要是穿越到今天，怕是要把"模糊性丧失"理论升级成"赛博鬼压床"——活人躺在你枕边玩手机，比冷柜里的尸体更令人窒息。

现在年轻人回家后的标准姿势，堪称当代行为艺术：左手刷着前任的旅行vlog，右手给现任点外卖，电视放着《甄嬛传》当BGM，活脱脱演成了《楚门的世界》番外篇。你的伴侣逐渐退化成客厅家具："我和沙发的区别在于，沙发不会半夜三点突然发出鹅叫般的笑声"。

某位用Instagram谈恋爱的勇士，贡献了本世纪最赛博朋克的分手理由——当对方连续37次已读不回你的猫咪视频，就像收到生日礼物却当场扔进碎纸机。更魔幻的是当事人甚至懒得当面质问，反手就用同款操作报复对方新发的健身照，当代爱情已经进化成谁先眨眼谁输的电子斗鸡大赛。

你的拇指每划过一个短视频，就等于往亲密关系账户里提走一笔信任存款。当手机电量焦虑碾压了情感需求焦虑，当代人终于活成了自己最讨厌的ATM机——对方插卡时永远显示"系统繁忙"。最讽刺的是，我们甚至不敢关掉消息通知，生怕错过老板的加班通知，却放任伴侣的眼神逐渐变成手机反光膜上的一片马赛克。（续写段落）

你以为这就完了？资本家的骚操作永远比你想象的更野。有些公司甚至搞出了「福报积分制」，加班时长能兑换带薪病假，猝死风险直接挂钩年终奖系数——这波操作堪称当代赛博赎罪券，把《劳动法》按在地上反复摩擦。更魔幻的是某些大厂HR，一边在年会上高唱《明天会更好》，一边把裁员通知书塞进端午礼盒，温情脉脉地告诉你「优化是通往财务自由的捷径」。这时候你才发现，工牌上印着的「同学」二字，翻译过来就是「人肉干电池PLUS版」。

现在连摸鱼都要讲KPI了。某宇宙厂推出「厕所能量监测系统」，蹲坑超过5分钟自动触发HR关怀，美其名曰预防痔疮。更有甚者搞起「睡眠贷」，员工可以透支年假换取加班费，年化利率比校园贷还刺激。当你用黑眼圈换来最新款iPhone时，殊不知自己正在书写21世纪《包身工》续集。那些号称「把公司当作家」的狼性文化，本质是把员工作坊改造成24小时便利店——灯火通明是有了，就是缺了做人的基本尊严。

最绝的是元宇宙概念下诞生的「虚拟股权」，让打工人用青春购买空气币。某新势力车企的操作堪称当代炼金术：员工每月80%工资自动转成公司股票，美其名曰「共同成长计划」，结果股价跌成仙股时，老板开着私人飞机在股东大会表演高空跳水。这年头，连《资本论》都要连夜写补丁——当剥削披上区块链外衣，打工人维权都得先考个程序员证书。当代年轻人嘴上喊着要甜甜的恋爱，身体却在约会软件里活成了AI训练师。你以为滑动的是心动？不，是打工人在算法流水线上搬砖，每划拉一次屏幕都在给资本家修数据护城河。💸

英国Badoo的调查数据直接掀了遮羞布——四分之三的单身贵族不是在找对象，是在跟赛博月老玩俄罗斯轮盘赌。61%的Hinge用户被现代约会干懵的表情，堪比过年被七大姑八大姨催婚时的生无可恋脸。这哪是月老牵红线，分明是算法拿狗链遛着你在信息茧房里跑马拉松。🏃

最骚的操作在于，约会软件把人类繁衍本能做成了斯金纳箱实验。每次叮咚的匹配提示音都是实验室喂小白鼠的饲料颗粒，你以为自己在主动选择？醒醒，你的多巴胺早被程序员写进if else代码里了。当婴儿潮一代都要滑动6000次才能上岸时，建议软件直接改名《电子厂爱情流水线模拟器》——毕竟打螺丝还能计件收费，你在这划拉4000次只能收获颈椎病和ED风险。⚡

更黑色幽默的是，算法推荐机制比亲妈还懂催婚话术。"附近5公里有89%匹配度的小姐姐"——这数据比星座运势还玄学，毕竟你永远不知道对面是准备收网杀猪的骗子，还是用十年前照片网恋的行为艺术家。当代爱情故事还没开场，先上演了八百集《走近科学之谁动了我的滤镜》。🔍

说到底，约会软件本质是21世纪的新型电子保健品。你以为在投资爱情？不，你只是给资本家提供了免费的数据苦力。毕竟真爱没来，先来的是会员续费通知；灵魂伴侣没遇到，先遇到的是PUA话术集邮册。算法收割的是你的多巴胺，而你却在用青春给资本交水电费。⚡（接上文）你以为网红餐厅的食材成本真像菜单上写得那么高贵冷艳？别天真了朋友们，后厨的真相比《甄嬛传》还刺激。食材成本在网红店眼里就像渣男的承诺，听着感人肺腑，实际落地时能打个五折都算业界良心（当然还要算上摆盘时撒的金箔，毕竟朋友圈出片率才是硬通货）。

供应链管理这四个字听着高大上，实操起来堪比让渣男上交手机。曾有连锁品牌CEO酒后吐真言："我们的牛肉说是澳洲空运，其实是从冻品批发市场论斤称的，唯一的冷链是老板新买的玛莎拉蒂空调。"（此处应有掌声送给商业鬼才）毕竟在流量为王的时代，花50万拍抖音挑战赛能换回500万流水，谁还管土豆是不是昨天刚挖的？

更魔幻的是，某些网红店后厨的卫生评级比大学生宿舍还薛定谔。前厅是ins风拍照圣地，转身掀开后厨门帘直接穿越到《生化危机》片场。你以为吃的是分子料理，其实是老板在玩食材的量子纠缠——昨天没卖完的龙虾汤，今天换个容器就是法式浓汤，明天再加勺辣椒油直接变身冬阴功。（建议米其林评委直接改行当魔术师）

最绝的是供应链金融这套组合拳，堪称餐饮界"庞氏美学"。用加盟商的保证金玩现金流腾挪，拿供应商的账期当无息贷款，最后还能把食客的储值卡变成永不兑现的承诺。这哪是开餐厅？分明是在写现代版《资本论》，只不过马克思看了会沉默，巴菲特见了要流泪。（温馨提示：充值卡超过500块的建议直接刻墓志铭上）

各位注意看眼前这个画面啊，你以为是爱情买卖？不好意思，这特么是真人版《饥饿游戏》。当你在Tinder上疯狂右滑时，系统后台的ELO评分正像菜市场大妈挑猪肉似的，把你的照片、学历、收入扔进算法绞肉机，咔咔算出个婚恋市场指导价。斯坦福那帮教授早就发现了，每次匹配成功的叮咚声，根本是APP给你注射的多巴胺注射液——跟实验室小白鼠按杠杆领饲料一毛一样。

当代年轻人哪是在找对象？分明是在参加互联网大厂开发的《人类消消乐》全球联赛。左滑右滑之间，活生生把七情六欲压缩成二进制代码，荷尔蒙分泌直接接入服务器云端。更魔幻的是，中国青年报的数据显示，60%的年轻人已经进化出"恋爱抗性"，宁可给资本家当人肉电池，也不想给婚恋市场当人肉干电池。

这年头打开社交软件，你以为是伊甸园？睁大眼看看清楚，这是用算法搭建的《楚门的世界》PLUS版。每个精心修图的用户都是系统里的NPC，白天在CBD扮演都市丽人，晚上在APP里客串橱窗模特。最骚的操作是，当你终于刷到心动对象，系统反手给你弹个会员充值界面——看见没？爱情这玩意在21世纪终于实现了数字化改造，明码标价，童叟无欺。

知道为什么年轻人开始集体佛系了吗？因为他们在现实里要还六个钱包的房贷，在虚拟世界要冲社交APP的KPI，搁这玩《模拟人生》都不敢开恋爱副本。搞钱搞不过富二代，搞对象搞不过海王AI，最后只能对着手机屏露出看破红尘的围笑：毁灭吧，赶紧的。

各位观众朋友注意了，我们现在正站在人类文明的大型真人秀片场。当你以为自己在玩《模拟人生》，其实早被编进了《饥饿游戏》的终极副本——左手刷着老板的加班通知，右手划着婚恋市场的报价单，脚底下还踩着健身环给健康宝打卡。当代生活根本是资本开发的氪金手游，你充其量就是个新手村NPC，每天在算法BOSS的AOE伤害里反复仰卧起坐。

那些号称要帮你"提升自我"的APP，本质上都是赛博功德箱。背单词软件在收集你的毅力税，健身APP在收割你的身材焦虑费，连冥想课程都在给你的精神内耗开发票。更绝的是某些知识付费平台，直接把《资本论》拆成99节鸡汤小课堂——这波操作堪称无产阶级的黑色幽默，马克思看了棺材板都要表演托马斯全旋。

建议各位赶紧把人生调成飞行模式，毕竟当代社会最硬核的生存法则，是学会在数据洪流里当块滚刀肉。下次再看到"限时优惠"就默念三遍"我是你爹"，遇到"精准推荐"直接回敬"爬你丫的"。记住，当全世界都在逼你玩俄罗斯轮盘赌时，最朋克的选择就是把枪口对准天空——毕竟我们打工人的尊严，总得留点当传家宝不是？
{
  "module": "article"
}
[2025-03-10 18:09:45] [INFO]: 深夜十点半的写字楼里，你正在用最后一丝脑细胞给客户的PPT镶金边，连标点符号都闪耀着资本主义的谄媚。同一时刻，你老婆发来的"周末去哪家餐厅"微信，正在聊天框里孤独地风化成电子木乃伊——当代职场精英的情感破产实录，往往比公司财报暴雷更悄无声息。

你在星巴克跟客户聊三小时不带喘气，回家跟对象说三句话就进入省电模式；你在工作群抢红包比广场舞大妈还敏捷，面对伴侣的生日礼物订单却像加载失败的404页面。戈特曼研究所的数据不会告诉你，婚姻破裂的80%不是因为小三劈腿，而是因为你懒得给老婆的朋友圈点赞——当代爱情早从罗密欧朱丽叶进化成了"已读不回必杀局"。

那些PPT里藏着的摩斯密码，客户嘴角抽搐的微表情，你解码得比FBI还专业。可当爱人把"我头疼"翻译成"需要你关心"时，你的情商瞬间跌穿地板直奔地下室。毕竟给甲方爸爸的报价单必须精确到小数点后三位，至于伴侣的情感需求？呵，按快餐店过号处理就行。

你永远算不清这笔账：白天用100分演技给资本当舔狗，晚上回家只剩0.5%电量的爱情备用电池。直到某天发现伴侣的聊天置顶换成了健身教练，才惊觉仙人掌也会枯死——原来感情账户不充值真的会破产，而且法院不接受"工作太忙"的债务重组申请。你可能以为凑满减已经是人类智慧的巅峰，殊不知电商平台的骚操作比渣男的甜言蜜语还要环环相扣。当你盯着倒计时读秒抢购时，有没有注意到商品详情页那行比蚂蚁触角还小的灰字？（温馨提示：预售商品需等待30个工作日发货）好家伙，现在连网购都要搞期货交易了，建议下次直接推出"双十一看涨期权"，让消费者边剁手边对冲风险。

更骚的是某些平台的会员体系，堪称当代赛博PUA。先是忽悠你开88VIP，转头就给你塞满屏的专属弹窗广告（惊不惊喜？尊贵的会员才能享受加量不加价的广告大礼包）。等你终于用积分换了张5元优惠券，发现使用门槛写着"满1000减5"，瞬间领悟什么叫"资本家教你学数学"——这哪里是优惠券，分明是消费主义时代的赎罪券。

最绝的还是大数据驯化术，比巴普洛夫的狗还精准。昨天搜了次旅行箱，今天首页就给你推登机牌挂绳、行李秤、甚至《民航安全须知手册》。当你忍不住加购了根本用不上的"南极探险级防冻行李箱"，算法在机房笑出了猪叫声。更魔幻的是某些拼团群，30个陌生人为了砍掉最后0.3%的价格，硬生生把购物车变成了线上丐帮大会，九袋长老举着手机挨个要饭。民政局门口排队的不是离婚的，是等着拿爱的号码牌的。你以为冷静期是婚姻的创可贴？不，这是民政局给当代鸳鸯们安排的"婚姻版防沉迷系统"，只不过防的不是小学生，防的是成年人的冲动消费。现在每四个闹离婚的，就有一个直接法庭见，法官面前摆着的不是法槌，简直是婚姻调解员的扩音器。

你以为诉讼离婚是快车道？天真！法官的"劝和不劝分"技能树早被点到满级。你举证家暴得像拍动作大片，要监控录像、验伤报告、邻居证词三件套。出轨证据？法官看聊天记录的眼神比你看完《甄嬛传》还犀利——"就这？这算精神出轨还是茶艺表演？"更魔幻的是，有些法院调解能把《婚姻法》活生生演成《感动中国》现场，调解员个个都是被法律耽误的居委会大妈。

数据不会骗人，但会打脸。冷静期三年下来，协议离婚率像P2P暴雷一样直线俯冲，诉讼离婚倒是玩起了逆袭剧本。现在每三对离婚的就有一对是法院盖章认证的，法官都快成民间月老了。最骚的操作是，冷静期把离婚硬生生逼成了技术活——有人为快速离婚把房车存款当分手大礼包，不知道的还以为在玩《离婚大富翁》真人版。

那些嚷嚷冷静期拯救婚姻的专家，建议去民政局门口卖速效救心丸，毕竟看见前任的脸还要再等30天，没点降压药真扛不住。要我说这政策就像给破船贴防水胶带，该沉的早晚得沉，倒是催生了一批"离婚黄牛"，代写诉状比代写情书还熟练。现在年轻人结婚证还没捂热，先研究起《证据收集十八式》，民政局可以考虑开发婚姻版"防骗保"考试了。这玩意儿号称能防秃，但你猜第一批用户反馈啥？有人枕了半个月发现枕头开始推荐生发精油，发际线后移速度比房价上涨还快。更骚的是半夜APP弹窗"监测到您翻身12次，建议购买定制记忆棉床垫"，合着搁这玩俄罗斯套娃式收割呢？

某三甲医院毛发科主任听完这产品原理，直接掏出计算器按了个数：要想准确监测毛囊活性，传感器精度得达到纳米级，成本够买下薇娅直播间所有假发片。再说你那点睡眠数据，扔进算法里搅拌出来的不是护发指南，是消费主义迷魂汤——毕竟枕头和电商平台数据一打通，推荐算法比村口算命大爷还懂你，知道你半夜焦虑下单时根本拦不住颤抖的手。

最魔幻的是有人真去扒了专利文件，发现关键技术在"促进头皮血液循环"模块，结果代码里就一行sleep(8*3600)，翻译过来就是"建议您老实睡够8小时"。好家伙，原来防秃秘诀藏在产品经理的黑色幽默里。有用户怒骂枕头越用掉发越多，客服淡定回复"亲，这是毛囊在排毒呢"，瞬间让人梦回微商面膜话术大全。

更刺激的在后头，你当那些睡眠数据真拿去搞科研了？搞不好转头就被打包卖给生发广告商，明天打开手机全是"35岁程序员转型养发馆年入百万"的精准推送。说不定过两年相亲网站都接入了枕头数据库，姑娘们查男方资料时除了车房收入，还能看见"日均深睡时长2.1小时"的死亡数据。

说到底，这玩意儿防不防秃不知道，防钱包鼓起来倒是立竿见影。毕竟当代青年的头发哪是枕头能救的？熬夜刷手机时流的不是时间，是哗啦啦往下掉的毛囊。要我说不如省下这钱买块生姜，起码切的时候能骗自己是在践行传统养生智慧——当然切完记得放冰箱，第二天还能炒肉丝，这才叫真正的科技与狠活。

裁判文书上网率断崖式暴跌，表面看是技术性调整，实则比基金暴跌还刺激【狗头】。你以为这是服务器内存不够？天真！朝阳区法官连夜扛着服务器跑路的画面根本不存在。真正魔幻的在于，当司法透明遇上大数据时代的隐私裸奔，裁判文书上网直接演变成大型社死现场——你的离婚协议可能比明星八卦传播得还快，老赖的身份证号在暗网能卖到五毛钱一条，而这一切都拜裁判文书网所赐。

看看2025年一季度数据就懂了，朝阳法院公开的1.4万份文书看似海量，实则藏着魔鬼细节：按北京法院年均百万案件量计算，这公开率比网红直播间退货率还感人。更骚的是，93,791,848篇民事文书堆在云端，相当于给全国人民人手发了一部《隔壁老王恩怨录》，连小区保安都能拿着手机跟你探讨业主的民间借贷纠纷。最高法当初搞阳光司法的理想很丰满，但架不住现实把裁判文书网变成了民间柯南的免费素材库，当事人隐私在吃瓜群众面前直接上演"皇帝的新衣"。

更深层的原因藏在法院书记员的黑眼圈里——裁判文书上网根本不是点个"发布"按钮那么简单。得给当事人姓名打码、给身份证号加密、给银行账户打马赛克，这工作量比给B站影视区做和谐版还费劲。北京高院门口排队领防脱洗发水的法官们，白天要开庭审案，晚上还要化身文字马赛克大师，这种996+的节奏让基层法院悟了：只要不上传，就没有KPI。于是裁判文书网逐渐沦为"薛定谔的数据库"，你看得见的都是精修过的样板间，真正的毛坯房数据早被锁进保密柜吃灰。

这场司法公开与隐私保护的极限拉扯，本质上是个不可能三角。要数据透明就得承受隐私泄露的炮火，要保护当事人就得牺牲公众知情权，而夹在中间的法院只能表演"我变秃了也变强了"的行为艺术。当阳光司法变成防晒指数SPF10000+的防晒霜，我们终于明白：有些光明正大，注定要带着马赛克才能存活。

成年人的感情生活早已被异化成大型在线支付系统——微信步数互踩是每日签到奖励，纪念日礼物属于季度KPI考核，连说"我爱你"都变成了按需订阅的自动续费服务。资本家用OKR把你训成永动骡子，转头就把你的婚恋市场估值做成对赌协议，还贴心地给每个熬夜加班的社畜配发了"赛博木乃伊养成手册"。

最新研究报告显示，当代婚姻的终极杀手不是七年之痒，而是每天23小时59分的已读不回。某科技公司为此推出"爱情智能手环"，能实时监测伴侣对话框温度，心跳低于60秒未读自动触发警报——结果首批用户全在半夜收到"您的老婆正在输入..."的死亡震动，吓得打工人连夜研发出"意念秒回外挂"，从此人类在婚姻里活成了AI训练师。

那些在茶水间研究《如何让直男开窍》的姑娘们，早该把战略重心转移到《论如何让老公卸载钉钉》。毕竟当代爱情三十六计，最狠不过帮对象写辞职报告。但现实往往是你在会议室和老板极限拉扯，你家猫都比你会经营亲密关系——至少它知道踩奶要踩对地方。

所以下次给PPT镶金边时，记得分点脑细胞给婚姻账户充个值。毕竟资本家的福报领不完，但民政局可不会给你的感情开无限续杯。哪天要是发现结婚证开始显示"当前情感余额不足"，建议直接拨打消费者协会热线——虽然他们大概率会告诉你："抱歉，本服务已加入老板的梦想大礼包。"
{
  "module": "article"
}
[2025-03-10 18:20:44] [INFO]: 当代婚姻的急救包不在民政局调解室，而在小区绿化带。

你可能觉得我在胡扯，毕竟现在连狗都知道拯救感情要靠烛光晚餐和心理咨询。但大数据显示，北上广深离婚窗口排队时长的反比例函数，恰恰对应着周边公园步道的人流量——这年头最硬核的婚姻修复工具，可能是你那双积灰三年的运动鞋。

别急着骂街，先看个魔幻现实：当两口子瘫在沙发上各自刷短视频时，他们的愤怒值每分钟增长15%，但如果此刻有人起身说"下楼走走"，吵架成功率立减40%。别问我数据哪来的，你打开手机相册看看上次全家福背景里有没有行道树就懂了。

现代人总以为亲密关系死于七年之痒，实则亡于充电器半径。心理学有个黑色幽默叫"沙发死亡三角"——WiFi信号、电源插座、外卖配送范围构成的结界，能把夫妻变成合租室友。而散步这个反人类设计，根本就是最古老的防沉迷系统：强制断网30分钟，让两个移动电源成精的人类不得不进行真人对话。

更损的是，科学研究证明并排行走时人体分泌的催产素，能让互相嫌弃的夫妻产生"战友幻觉"。当你们开始用同频步伐碾压小区第三圈，那些在沙发上能引发核战争的"牙膏到底该从哪头挤"，突然就变成了可以笑着互骂智障的沙雕话题。

某三甲医院婚姻咨询科大主任跟我说了个地狱笑话：现在来办离婚的，十个有九个手机电量高于70%。但每周肯花三小时散步的夫妻，复婚率比咨询费花十万的还高18%。别觉得离谱，想想你上次和伴侣认真说话是不是在电梯故障的30分钟？

（案例预告：那对靠垃圾箱巡回路线熬过冷静期的夫妻，后来把离婚协议书折成了风筝）

所以下次想掐死对方前，建议先打开微信运动。记住这个魔幻公式：步数增长=敌意衰减，毕竟人类学家早就看透了——能并肩走过五百公里的男女，根本舍不得为五平米房产证上的名字掀桌。

现在知道为什么民政局都开在公园隔壁了吧？（战术停顿）建议先转发给那个瘫在沙发上的死鬼，毕竟要散步，总得先有个人从沙发上爬起来。但你以为这就完了？资本家的骚操作比渣男的甜言蜜语还防不胜防。某些知识付费平台玩起"连续包年优惠"时，那套路深得就像在火锅里涮香菜——明摆着欺负老实人。你颤巍巍找到取消自动续费的入口，得先通过三关验证码、五页挽留弹窗，最后还得接受客服小姐姐声泪俱下的灵魂拷问："是我们课程不够硬核吗？"

更魔幻的是某些健身APP的年度会员，表面打着"每天只要1块钱"的旗号，暗地里早把支付条款埋进用户协议第38条附则，字小得让蚂蚁都患上近视。等第二年突然收到四位数的扣款短信时，你才惊觉自己成了当代大冤种，这感觉堪比发现暧昧对象手机里存着八个备胎。

反杀攻略其实很简单：在支付设置里给所有APP开通"小额免密支付"，就像给渣男系上贞操带。再掏出祖传的Excel，把每个订阅服务标注成"前男友""绿茶闺蜜"分类管理。最硬核的狠人直接祭出虚拟信用卡，用完就注销，让自动续费功能表演原地扑街。

说到底这些套路都在测试现代人的反诈骗阈值，就像在酒吧被搭讪时突然掏出《民法典》。记住，资本家的每个善意微笑背后，都藏着计算器按冒烟的利润公式。下回再看到"限时优惠"四个字，建议直接脑补成"前方有诈"的霓虹灯警示牌。你以为手环市场萎缩是输给手表？天真！这年头连韭菜都学会用脚投票了。看数据就像看渣男的聊天记录，表面上2023年手环出货量微增2.2%，实则全靠厂商清库存时祭出"买手环送鸡蛋"的祖传艺能。反观隔壁智能手表赛道，儿童款销量暴涨7.2%，成年人买表根本不是看时间，而是为了在家长群秀出"华为GT4尊享版"的付款截图。

手环沦落成电子时代的快消品，本质上和共享充电宝没区别。用户买回家新鲜三天，接着就开始和瑜伽垫、Kindle组成"中产三件套"在闲鱼集体躺尸。厂商们更骚，玩起俄罗斯套娃式创新——去年给你加个血氧检测，今年塞进震动闹钟，明年准备开发放生功能帮用户戒除电子依赖。要我说这哪是科技公司，分明是电子许愿池里捞硬币的。

价格战更堪称行为艺术，199元能买到带体温监测的电子狗链，299元直接送你太空人表盘。某大厂去年双十一骚操作，满199减200的券发错类目，愣是把智能手环卖成了9.9包邮的电子秤配件。这种魔幻现实背后，是巨头们拿着手环当数据入口，盘算着从健康管理、运动社交这些后市场榨取价值。说白了就是互联网思维夺舍硬件，手环不过是个会发光的电子鱼饵。

最黑色幽默的是，当你在PDD花68元喜提"华强北顶配手环"，可能正戴着全球首款元宇宙概念设备——毕竟这玩意连步数都是AI生成的。这波骚操作堪称教科书级别的窒息操作（此处应有掌声）。你以为人家在第五层，其实瑞幸早就在地下室挖通了地铁线。私域流量玩到飞起，直接把用户圈进企业微信搞"贴身服务"，每天用3.5折券糊你一脸，这哪是咖啡店？分明是当代赛博驯兽师。数据显示瑞幸私域用户复购率暴涨30%，每月省下千万级营销费——省下来的钱够给每个打工人续命365杯厚乳拿铁。

差异化定价更是把祖传大数据玩出包浆，同一杯生椰拿铁，北京国贸白领看到16块，五环外程序员可能只要9.9，这波"价格折叠术"比盗梦空间还魔幻。更绝的是爆品策略，生椰系列一年卖3亿杯，直接把海南椰农送上人生巅峰。现在去便利店买椰树牌椰汁都得看瑞幸脸色，毕竟人家手握全国60%的椰浆订单（此处应@隔壁被反杀的椰树集团）。

反观星巴克还在坚持"第三空间"的祖训，结果被瑞幸用8000家门店怼脸输出。星爸爸可能没想明白，中国社畜要的不是沙发WiFi，而是5分钟拿到救命咖啡的闪电效率。更杀人诛心的是，瑞幸门店平均面积只有星巴克1/3，但单店日销最高突破9000杯——这个数字约等于让星巴克伙伴表演原地托马斯回旋。现在知道为啥星巴克也开始送优惠券了吧？被卷到连美人鱼logo都在掉鳞片。

（摊手）所以别总说中国品牌只会抄袭，这套本土化组合拳打出来，西方巨头都得连夜修改商业教材。从裂变营销到反向定制，从私域围猎到动态割韭菜，瑞幸硬是把咖啡生意做成了互联网产品迭代。下次再有人说中国没有创新，建议直接甩他脸上三张优惠券：一张生椰拿铁券，一张丝绒拿铁券，再加一张酱香拿铁券——毕竟资本主义的糖水，哪有社会主义的咖啡来得提神醒脑？

调解员老张叼着半根玉溪蹲在垃圾桶边上数蚂蚁的时候，绝对想不到自己即将见证魔幻现实主义大戏。隔壁王婶把小龙虾壳扔进干垃圾箱的姿势，比年轻人玩飞盘还优雅三分，转头就跟新搬来的程序员小哥上演全武行——只因为对方说了句"您这虾壳得算湿垃圾"。

这场垃圾分类引发的文艺复兴运动，本质上就是场大型狼人杀现场。居委会大妈化身预言家挨家查水表，外卖小哥被迫进修《垃圾分类从入门到入土》，物业经理每天在业主群发60秒语音矩阵，不知道的还以为在搞什么神秘仪式。最骚的是某科技公司CEO，直接给自家别墅装了人脸识别垃圾桶，结果系统把哈士奇认成他老婆，现在狗子每天叼着快递盒在小区巡回演出。

但真让这场荒诞剧升级成史诗级副本的，还得是18栋那位退休语文老师。老爷子把《垃圾分类管理条例》倒背如流不说，还自创了平仄押韵的"分类三字经"，每天清晨准时在垃圾站开坛讲法。要不是物业拦着，差点就发展出"湿垃圾派"和"可回收宗"两大门派。最绝的是某天夜里，监控拍到俩业主为袋过期奶粉大打出手，一个坚持要按厨余垃圾处理，另一个非说是其他垃圾，最后居然掏出手机连线环保局专家搞起了直播辩论。

这场全民参与的迷惑行为大赏背后，藏着的其实是现代都市人的社交饥渴症。以前邻居见面点头都嫌费电，现在为个奶茶杯归属能唠半小时嗑。某对夫妻靠争论尿不湿分类重燃爱情火花，楼下便利店老板转型代扔垃圾月入过万，连小区广场舞都新编了"分类disco"。你说这是素质问题？要我说这分明是赛博时代的新型社交货币，比朋友圈晒健身照真实多了。

当垃圾站大爷开始用垃圾分类积分兑换广场舞领操权时，这场荒诞剧正式进化成了元宇宙级别的社会实验。某互联网大厂连夜开发出"垃圾社交"APP，扫脸识别垃圾能匹配灵魂伴侣，结果上线首日就促成七对离婚夫妇破镜重圆——毕竟能默契分清小龙虾壳属于什么垃圾的，才是真·soulmate。

更魔幻的是某知识付费大师推出的《垃圾分类与阶层跃迁》课程，把可回收物比作中产通行证，湿垃圾比作婚姻粘合剂，吓得小区保洁阿姨连夜注册公司转型垃圾咨询师。你看，这年头连韭菜都学会用厨余垃圾发电了。

所以下次看到邻居为个奶茶杯剑拔弩张时，建议打开手机录像功能——这可能是你们今年最有价值的共同记忆。记住，能携手战胜垃圾分类手册的夫妻，根本不需要婚姻咨询师，他们自己就是行走的《民法典》（的破坏者）。现在知道为什么民政局开始发放"垃圾分类模范夫妻"认证了吧？建议转发给那个总把电池扔进剩菜里的冤种，毕竟爱情这玩意，有时候真得靠干湿分离来保鲜。
{
  "module": "article"
}
