[2025-03-12 23:44:00] [INFO]: 开始执行 Reasoner 模型对话
{
  "module": "reasoner-dialog",
  "initialTopic": "你正躺在双人床上和伴侣上演21世纪最荒诞的黑色喜剧——两人间隔30厘米，中间横亘着四块发光墓碑。当TA第7次把Instagram动态怼到你眼前，你终于意识到当代爱情早被「已读」标记判了死刑，连点赞都成了需要打卡的绩效指标。\n\n亲密关系咨询师戈特曼要是活在今天，八成会开发「当代爱情测谎仪」——当伴侣分享的沙雕视频在你指尖停留不足1.2秒，警报器就该当场炸响。毕竟在这个「已读不回是21世纪最伟大的酷刑」的年代，我们宁可把甲方爸爸的彩虹屁复制粘贴八百遍，也不愿给枕边人发个黄豆笑脸。\n\n某位勇士的伴侣已经捅破了这层窗户纸：「你给客户发方案比给我发晚安多了三个emoji！」职场PUA好歹给加班费，亲密关系里的「情感KPI」却让人24小时on call。更魔幻的是，当戈特曼实验室发现「散步疗法」能抢救婚姻时，我们早被手机训练成连马桶上都保持滑屏3.8次/分钟的永动永动机。\n\n此刻全球有2300万部手机正在床头柜上震动，屏幕亮起的瞬间，无数张脸被蓝光照成孤岛。我们熟练地在对话框表演秒回绝技，却忘了人类最原始的连接请求不过是一句：「要不要出去走走？」"
}
[2025-03-12 23:44:00] [DEBUG]: 会话环境初始化完成
{
  "module": "reasoner-dialog",
  "sessionDir": "public\\logs\\reasoner_dialogs\\session_2025-03-12T15-44-00-894Z",
  "historyFile": "public\\logs\\reasoner_dialog_history\\history_2025-03-12T15-44-00-894Z.jsonl"
}
[2025-03-12 23:44:00] [INFO]: 执行对话轮次 1/5
{
  "module": "reasoner-dialog"
}
[2025-03-12 23:45:33] [INFO]: 执行对话轮次 2/5
{
  "module": "reasoner-dialog"
}
[2025-03-12 23:49:33] [INFO]: 执行对话轮次 3/5
{
  "module": "reasoner-dialog"
}
[2025-03-12 23:51:42] [INFO]: 执行对话轮次 4/5
{
  "module": "reasoner-dialog"
}
[2025-03-12 23:54:32] [INFO]: 执行对话轮次 5/5
{
  "module": "reasoner-dialog"
}
[2025-03-12 23:57:59] [INFO]: 对话执行完成
{
  "module": "reasoner-dialog"
}
[2025-03-12 23:58:49] [INFO]: 开始执行 Reasoner 模型对话
{
  "module": "reasoner-dialog",
  "initialTopic": "当代爱情正在经历一场集体诈尸。  \n\n你以为是左手摸右手的七年之痒？错，现在年轻人连手都懒得牵，直接进入电子木乃伊阶段——每天躺在沙发上各刷各的抖音，连呼吸节奏都卡不上对方的短视频BGM。心理学管这叫「模糊性失去」，翻译成中文就是：你对象的人体工学椅都比你有存在感。  \n\n我认识个姑娘，和男友同居三年，最近发现两人微信聊天记录里最长的对话，是拼多多砍价链接和美团外卖红包。上周末她痛经到打滚，抬头看见男友正对着《原神》里的雷电将军喊老婆，那一刻她突然顿悟：原来自己才是这段关系的第三者，插足了人类和智能家居的旷世绝恋。  \n\n当代亲密关系早就进化成了仙人掌式生存模式——不需要浇水也能活，表面长满防御性尖刺，内里储存着三年前的热恋记忆当备用水分。最骚的操作在于，大家还能面不改色地对外宣称：「我们好着呢，就像海尔冰箱广告里那对模范夫妻」。  \n\n但别急着给爱情判死刑，科学家早看穿了你们这点小把戏。知道为什么中年夫妻散步能散出第二春吗？那不是夕阳红浪漫，是人体工学级别的系统重启——当你们不再面对面表演假笑式沟通，而是肩并肩用2.5km/h的速度逃离智能家居监控范围，大脑才会重新把对方从「家具分类」调回「人类列表」。  \n\n（此时文章突然黑屏跳出弹窗：检测到您的感情账户余额不足，是否立即充值？）"
}
[2025-03-12 23:58:49] [DEBUG]: 会话环境初始化完成
{
  "module": "reasoner-dialog",
  "sessionDir": "public\\logs\\reasoner_dialogs\\session_2025-03-12T15-58-49-469Z",
  "historyFile": "public\\logs\\reasoner_dialog_history\\history_2025-03-12T15-58-49-469Z.jsonl"
}
[2025-03-12 23:58:49] [INFO]: 执行对话轮次 1/5
{
  "module": "reasoner-dialog"
}
[2025-03-13 00:04:07] [INFO]: 执行对话轮次 2/5
{
  "module": "reasoner-dialog"
}
[2025-03-13 00:07:55] [INFO]: 执行对话轮次 3/5
{
  "module": "reasoner-dialog"
}
[2025-03-13 00:10:18] [INFO]: 执行对话轮次 4/5
{
  "module": "reasoner-dialog"
}
[2025-03-13 00:13:53] [INFO]: 执行对话轮次 5/5
{
  "module": "reasoner-dialog"
}
[2025-03-13 00:15:31] [INFO]: 对话执行完成
{
  "module": "reasoner-dialog"
}
[2025-03-13 00:16:24] [INFO]: 开始执行 Reasoner 模型对话
{
  "module": "reasoner-dialog",
  "initialTopic": "凌晨两点，你刚用Excel算出老板的PPT比你老婆的眼泪优先级更高时，手机突然震了。不是甲方改需求，是恋爱五年的女友发来分手通知——这比钉钉打卡还准时。恭喜你，成功用加班时长兑换了\"赛博寡妇\"体验卡一张。\n\n当代职场精英的爱情死法堪称行为艺术：白天在会议室用OKR拆解战略，晚上用\"多喝热水\"拆解伴侣的焦虑；给客户的方案能迭代18版，给对象的生日礼物还在用前年团建的星巴克券。当你把KPI刻进DNA时，爱情早就被你的职业素养PUA成了外包项目。\n\n有个创业者朋友堪称人形印钞机，却在离婚协议书上签出了IPO的气势——毕竟他给事业投的是天使轮，给婚姻充的只是拼多多月卡。某次他半夜回家，发现玄关的拖鞋摆成了\"滚\"字行为艺术，才惊觉自己把\"客户第一\"的价值观贯彻得多么彻底：老板的微信秒回，爱人的消息轮回；给投资人画饼用3D建模，给老婆庆生用PPT动画。\n\n更魔幻的是职场反馈机制正在批量制造情感帕金森患者：你在会议室里点头的肌肉记忆，已经取代了拥抱时的心跳频率；用OKR拆解需求的手速，早就超过了抚摸恋人发梢的条件反射。当你的情感带宽被钉钉消息挤占到只剩3%时，连分手炮都得提前在Outlook上预约档期。\n\n知道最荒诞的是什么吗？你越是在职场里扮演情绪稳定的成年人，爱情越会在你\"已读不回\"的沉默中变异成丧尸围城。毕竟当你把灵魂典当给KPI时，婚姻就只剩下一具会刷亲密付的行尸走肉了。"
}
[2025-03-13 00:16:24] [DEBUG]: 会话环境初始化完成
{
  "module": "reasoner-dialog",
  "sessionDir": "public\\logs\\reasoner_dialogs\\session_2025-03-12T16-16-24-285Z",
  "historyFile": "public\\logs\\reasoner_dialog_history\\history_2025-03-12T16-16-24-285Z.jsonl"
}
[2025-03-13 00:16:24] [INFO]: 执行对话轮次 1/5
{
  "module": "reasoner-dialog"
}
[2025-03-13 00:18:08] [INFO]: 执行对话轮次 2/5
{
  "module": "reasoner-dialog"
}
[2025-03-13 00:21:56] [INFO]: 执行对话轮次 3/5
{
  "module": "reasoner-dialog"
}
[2025-03-13 00:23:33] [INFO]: 执行对话轮次 4/5
{
  "module": "reasoner-dialog"
}
[2025-03-13 00:26:55] [INFO]: 执行对话轮次 5/5
{
  "module": "reasoner-dialog"
}
[2025-03-13 00:27:27] [INFO]: 对话执行完成
{
  "module": "reasoner-dialog"
}
[2025-03-13 00:28:25] [INFO]: 开始执行 Reasoner 模型对话
{
  "module": "reasoner-dialog",
  "initialTopic": "你正蹲在马桶上刷短视频傻乐时，伴侣突然把手机怼到你面前：\"快看这篇讲北极狐迁徙的文章！\"此刻你瞳孔地震——抬头敷衍3秒还是继续低头15秒，可能直接改写下半辈子离婚协议书编号。  \n\n戈特曼实验室最新数据让我膝盖粉碎：那些在晾袜子时翻白眼、刷剧时嗯嗯啊啊的夫妻，离婚率比遭遇小三的还高18.7%。当代婚姻早就不流行捉奸在床的狗血戏码，真正的杀手藏在早餐递盐没接住的三指温差里。  \n\n上个月我差点用价值23800的纪念日套餐给自己挖坟，就因为在老婆展示第37张Ins滤镜美食时，眼神失焦多持续了1.8秒。后来实验室散步疗法救了我狗命——当你在30分钟内精准捕获对方17次\"快看那只流浪猫\"的暗号，比买包更能激活后脑勺多巴胺矿井。  \n\n现在掏出你对象昨天发的自拍，算算点赞延迟时长。超过2.9秒？准备好迎接杏仁核的死亡笔记吧。毕竟这年头民政局排队的人，四成输给微信消息\"意念已回\"的当代巫术，真正被房贷压垮的还没被绿的多。"
}
[2025-03-13 00:28:25] [DEBUG]: 会话环境初始化完成
{
  "module": "reasoner-dialog",
  "sessionDir": "public\\logs\\reasoner_dialogs\\session_2025-03-12T16-28-25-849Z",
  "historyFile": "public\\logs\\reasoner_dialog_history\\history_2025-03-12T16-28-25-849Z.jsonl"
}
[2025-03-13 00:28:25] [INFO]: 执行对话轮次 1/5
{
  "module": "reasoner-dialog"
}
[2025-03-13 00:30:02] [INFO]: 执行对话轮次 2/5
{
  "module": "reasoner-dialog"
}
[2025-03-13 00:32:11] [INFO]: 执行对话轮次 3/5
{
  "module": "reasoner-dialog"
}
[2025-03-13 00:33:56] [INFO]: 执行对话轮次 4/5
{
  "module": "reasoner-dialog"
}
[2025-03-13 00:37:39] [INFO]: 执行对话轮次 5/5
{
  "module": "reasoner-dialog"
}
[2025-03-13 00:38:03] [INFO]: 对话执行完成
{
  "module": "reasoner-dialog"
}
[2025-03-13 00:38:51] [INFO]: 开始执行 Reasoner 模型对话
{
  "module": "reasoner-dialog",
  "initialTopic": "深夜刷到一条点赞过百万的短视频，情感导师正用跳大神的激情嘶吼：\"三句话让男人为你花18万！\"我盯着屏幕笑出猪叫——当代年轻人谈个恋爱，硬是把量子物理玩成了玄学抽卡。  \n\n你以为在朋友圈转发《男人来自火星》就能星际移民？给对象转发\"合格男友十大准则\"就能一键重装系统？醒醒吧朋友，你正在亲手把亲密关系写成死循环代码。系统论大师贝特森早在上世纪就扒了人类的底裤：情侣吵架的本质是套娃艺术，你吼得越凶对方的防御值叠得越高，最后必然触发真人版《三体》黑暗森林打击。  \n\n最近Ins上那对网红夫妻的骚操作堪称史诗级打脸教学。当全网都在赌他们第237次互删拉黑时，人家突然开始日更\"喂对方吃香菜挑战\"。别急着酸，这波逆转用的可不是什么狗血复合套路，而是实打实的控制论核武器——某天丈夫突然停止记录妻子晚归次数，改在冰箱便签写\"微波炉给你留了提拉米苏\"。3天后魔幻剧情上演：那个曾经深夜蹦迪的女王，竟然开始卡着宵禁时间回家偷吃甜品。看明白了吗？当你把伴侣当KPI考核，收获的只能是钉钉已读不回；但要是切到售后客服模式，对方立马变身尊贵VIP。  \n\n现在划重点：所有教你改变伴侣的鸡汤都是赛博跳大神，真正能改写关系底层代码的密钥，一直都焊死在你的操作台上。毕竟在爱情这个大型联机游戏里，你才是那个最大的系统bug。"
}
[2025-03-13 00:38:51] [DEBUG]: 会话环境初始化完成
{
  "module": "reasoner-dialog",
  "sessionDir": "public\\logs\\reasoner_dialogs\\session_2025-03-12T16-38-51-442Z",
  "historyFile": "public\\logs\\reasoner_dialog_history\\history_2025-03-12T16-38-51-442Z.jsonl"
}
[2025-03-13 00:38:51] [INFO]: 执行对话轮次 1/5
{
  "module": "reasoner-dialog"
}
[2025-03-13 00:40:21] [INFO]: 执行对话轮次 2/5
{
  "module": "reasoner-dialog"
}
[2025-03-13 00:43:56] [INFO]: 执行对话轮次 3/5
{
  "module": "reasoner-dialog"
}
[2025-03-13 00:45:33] [INFO]: 执行对话轮次 4/5
{
  "module": "reasoner-dialog"
}
[2025-03-13 00:47:23] [INFO]: 执行对话轮次 5/5
{
  "module": "reasoner-dialog"
}
[2025-03-13 00:48:44] [INFO]: 对话执行完成
{
  "module": "reasoner-dialog"
}
