开始执行 Reasoner 模型对话
时间: 2025-03-12T16:16:24.286Z
初始话题: 凌晨两点，你刚用Excel算出老板的PPT比你老婆的眼泪优先级更高时，手机突然震了。不是甲方改需求，是恋爱五年的女友发来分手通知——这比钉钉打卡还准时。恭喜你，成功用加班时长兑换了"赛博寡妇"体验卡一张。

当代职场精英的爱情死法堪称行为艺术：白天在会议室用OKR拆解战略，晚上用"多喝热水"拆解伴侣的焦虑；给客户的方案能迭代18版，给对象的生日礼物还在用前年团建的星巴克券。当你把KPI刻进DNA时，爱情早就被你的职业素养PUA成了外包项目。

有个创业者朋友堪称人形印钞机，却在离婚协议书上签出了IPO的气势——毕竟他给事业投的是天使轮，给婚姻充的只是拼多多月卡。某次他半夜回家，发现玄关的拖鞋摆成了"滚"字行为艺术，才惊觉自己把"客户第一"的价值观贯彻得多么彻底：老板的微信秒回，爱人的消息轮回；给投资人画饼用3D建模，给老婆庆生用PPT动画。

更魔幻的是职场反馈机制正在批量制造情感帕金森患者：你在会议室里点头的肌肉记忆，已经取代了拥抱时的心跳频率；用OKR拆解需求的手速，早就超过了抚摸恋人发梢的条件反射。当你的情感带宽被钉钉消息挤占到只剩3%时，连分手炮都得提前在Outlook上预约档期。

知道最荒诞的是什么吗？你越是在职场里扮演情绪稳定的成年人，爱情越会在你"已读不回"的沉默中变异成丧尸围城。毕竟当你把灵魂典当给KPI时，婚姻就只剩下一具会刷亲密付的行尸走肉了。


--- 轮次 1/5 ---
输入:
凌晨两点，你刚用Excel算出老板的PPT比你老婆的眼泪优先级更高时，手机突然震了。不是甲方改需求，是恋爱五年的女友发来分手通知——这比钉钉打卡还准时。恭喜你，成功用加班时长兑换了"赛博寡妇"体验卡一张。

当代职场精英的爱情死法堪称行为艺术：白天在会议室用OKR拆解战略，晚上用"多喝热水"拆解伴侣的焦虑；给客户的方案能迭代18版，给对象的生日礼物还在用前年团建的星巴克券。当你把KPI刻进DNA时，爱情早就被你的职业素养PUA成了外包项目。

有个创业者朋友堪称人形印钞机，却在离婚协议书上签出了IPO的气势——毕竟他给事业投的是天使轮，给婚姻充的只是拼多多月卡。某次他半夜回家，发现玄关的拖鞋摆成了"滚"字行为艺术，才惊觉自己把"客户第一"的价值观贯彻得多么彻底：老板的微信秒回，爱人的消息轮回；给投资人画饼用3D建模，给老婆庆生用PPT动画。

更魔幻的是职场反馈机制正在批量制造情感帕金森患者：你在会议室里点头的肌肉记忆，已经取代了拥抱时的心跳频率；用OKR拆解需求的手速，早就超过了抚摸恋人发梢的条件反射。当你的情感带宽被钉钉消息挤占到只剩3%时，连分手炮都得提前在Outlook上预约档期。

知道最荒诞的是什么吗？你越是在职场里扮演情绪稳定的成年人，爱情越会在你"已读不回"的沉默中变异成丧尸围城。毕竟当你把灵魂典当给KPI时，婚姻就只剩下一具会刷亲密付的行尸走肉了。

输出:
```json
{
    "is_complete": "no",
    "next_instruction": "请从【企业制度反噬视角】续写以下段落，要求：1. 核心方向：揭露企业狼性文化如何通过【隐形情感税】压榨员工关系价值，重点用【头部互联网公司奇葩制度案例+社会学实验数据】制造认知冲击 2. 结构设计：先抛某大厂"离婚冷静期奖金"政策引爆荒诞感，再用凌晨视频会议拆散情侣的监控数据形成暴击",
    "search_instruction": "互联网公司奇葩管理制度 员工离婚率数据 职场监控软件使用情况",
    "reference_content": "1.收集头部科技公司涉及员工婚恋的特殊政策条款 2.查找可公开获取的职场监控软件对员工私人时间侵占数据 3.社会学研究中关于高强度工作对亲密关系破坏力的量化研究结果"
}
```


--- 轮次 2/5 ---
输入:
凌晨两点，你刚用Excel算出老板的PPT比你老婆的眼泪优先级更高时，手机突然震了。不是甲方改需求，是恋爱五年的女友发来分手通知——这比钉钉打卡还准时。恭喜你，成功用加班时长兑换了"赛博寡妇"体验卡一张。

当代职场精英的爱情死法堪称行为艺术：白天在会议室用OKR拆解战略，晚上用"多喝热水"拆解伴侣的焦虑；给客户的方案能迭代18版，给对象的生日礼物还在用前年团建的星巴克券。当你把KPI刻进DNA时，爱情早就被你的职业素养PUA成了外包项目。

有个创业者朋友堪称人形印钞机，却在离婚协议书上签出了IPO的气势——毕竟他给事业投的是天使轮，给婚姻充的只是拼多多月卡。某次他半夜回家，发现玄关的拖鞋摆成了"滚"字行为艺术，才惊觉自己把"客户第一"的价值观贯彻得多么彻底：老板的微信秒回，爱人的消息轮回；给投资人画饼用3D建模，给老婆庆生用PPT动画。

更魔幻的是职场反馈机制正在批量制造情感帕金森患者：你在会议室里点头的肌肉记忆，已经取代了拥抱时的心跳频率；用OKR拆解需求的手速，早就超过了抚摸恋人发梢的条件反射。当你的情感带宽被钉钉消息挤占到只剩3%时，连分手炮都得提前在Outlook上预约档期。

知道最荒诞的是什么吗？你越是在职场里扮演情绪稳定的成年人，爱情越会在你"已读不回"的沉默中变异成丧尸围城。毕竟当你把灵魂典当给KPI时，婚姻就只剩下一具会刷亲密付的行尸走肉了。凌晨两点四十七分，你正用公司发的智能手表监测分手后的心率曲线，突然发现这玩意比恋爱脑更懂什么叫情绪价值——它甚至贴心地推送了附近24小时心理咨询热线。当代社畜的爱情临终关怀服务，比楼下711的热狗套餐还要唾手可得。去年我司程序员老张堪称行为艺术大师，连续三个月用加班费给女友买SK-II续命，最后纪念日当天被困在机房抢修，灵机一动用Python写了首藏头诗自动发送。结果诗里"永"字的Unicode编码溢出，生生把浪漫搞成了赛博凶案现场。

更绝的是某些公司的人力资源部，已经把情感危机纳入了EAP福利套餐。上个月隔壁组小王收到分手短信时，HRBP第一时间发来《情绪管理能力提升训练营》报名链接，附赠三张"心灵按摩券"——可以在公司合作的冥想APP里兑换虚拟禅师开光服务。这年头连失恋都能算0.5个继续教育学时，难怪有人调侃现代人应该去考个《国家级爱情急救员资格证》，毕竟当你的分手现场比OKR复盘会还讲究方法论时，民政局迟早要开通ISO9001认证通道。

有个做用户增长的朋友给我算过笔账：当代都市白领的恋爱沉没成本已经超过P2P暴雷。约会软件年费598，医美会员充值2万8，情感咨询课时费500/小时，最后换来的可能只是体检报告上飙升的皮质醇指标。就像那些在直播间抢茅台的中年人，表面上是在为爱情付费，实际上是在给孤独感交数字赎金。最讽刺的是某些婚恋平台的算法，比老板的饼还擅长制造幻觉——它让你以为划到的每个对象都是定制款，实际上全是拼多多的限时秒杀。

但真正让我后背发凉的，是某大厂最新推出的"职场亲密关系指数"。这个用4096个维度拆解员工情感状态的AI系统，能根据钉钉步数推测约会频率，通过加班餐报销记录反推家庭矛盾，甚至用会议录像的面部微表情评估离婚风险。行政部王姐上周收到系统预警，说她老公的星巴克消费频次与她的加班时长呈现0.92的正相关，建议立即兑换"婚姻保卫战"专项调休假。你看，当公司开始用AB测试你的婚姻质量时，连民政局大妈都要失业转行去当数据分析师。

输出:
```json
{
    "is_complete": "no",
    "next_instruction": "请从【职场文化系统性剥削】视角续写以下段落，要求：1. 核心方向：揭露996制度如何通过算法化管控制造情感真空，重点突出【平台经济数据监控/加班文化异化现象/企业福利伪关怀】2. 结构设计：先用外卖骑手情感破产案例切入，再拆解大厂OKR系统如何量化亲密关系，最后用深夜急诊室离婚律师见闻收尾",
    "search_instruction": "外卖骑手离婚率数据 互联网大厂OKR情感量化案例 深夜离婚律师咨询高峰时段",
    "reference_content": "1.外卖平台智能派单系统对家庭关系的影响研究 2.某大厂将员工家属联系频率纳入绩效的争议事件 3.律师事务所统计的22:00-02:00离婚咨询占比数据"
}
```


--- 轮次 3/5 ---
输入:
凌晨两点，你刚用Excel算出老板的PPT比你老婆的眼泪优先级更高时，手机突然震了。不是甲方改需求，是恋爱五年的女友发来分手通知——这比钉钉打卡还准时。恭喜你，成功用加班时长兑换了"赛博寡妇"体验卡一张。

当代职场精英的爱情死法堪称行为艺术：白天在会议室用OKR拆解战略，晚上用"多喝热水"拆解伴侣的焦虑；给客户的方案能迭代18版，给对象的生日礼物还在用前年团建的星巴克券。当你把KPI刻进DNA时，爱情早就被你的职业素养PUA成了外包项目。

有个创业者朋友堪称人形印钞机，却在离婚协议书上签出了IPO的气势——毕竟他给事业投的是天使轮，给婚姻充的只是拼多多月卡。某次他半夜回家，发现玄关的拖鞋摆成了"滚"字行为艺术，才惊觉自己把"客户第一"的价值观贯彻得多么彻底：老板的微信秒回，爱人的消息轮回；给投资人画饼用3D建模，给老婆庆生用PPT动画。

更魔幻的是职场反馈机制正在批量制造情感帕金森患者：你在会议室里点头的肌肉记忆，已经取代了拥抱时的心跳频率；用OKR拆解需求的手速，早就超过了抚摸恋人发梢的条件反射。当你的情感带宽被钉钉消息挤占到只剩3%时，连分手炮都得提前在Outlook上预约档期。

知道最荒诞的是什么吗？你越是在职场里扮演情绪稳定的成年人，爱情越会在你"已读不回"的沉默中变异成丧尸围城。毕竟当你把灵魂典当给KPI时，婚姻就只剩下一具会刷亲密付的行尸走肉了。凌晨两点四十七分，你正用公司发的智能手表监测分手后的心率曲线，突然发现这玩意比恋爱脑更懂什么叫情绪价值——它甚至贴心地推送了附近24小时心理咨询热线。当代社畜的爱情临终关怀服务，比楼下711的热狗套餐还要唾手可得。去年我司程序员老张堪称行为艺术大师，连续三个月用加班费给女友买SK-II续命，最后纪念日当天被困在机房抢修，灵机一动用Python写了首藏头诗自动发送。结果诗里"永"字的Unicode编码溢出，生生把浪漫搞成了赛博凶案现场。

更绝的是某些公司的人力资源部，已经把情感危机纳入了EAP福利套餐。上个月隔壁组小王收到分手短信时，HRBP第一时间发来《情绪管理能力提升训练营》报名链接，附赠三张"心灵按摩券"——可以在公司合作的冥想APP里兑换虚拟禅师开光服务。这年头连失恋都能算0.5个继续教育学时，难怪有人调侃现代人应该去考个《国家级爱情急救员资格证》，毕竟当你的分手现场比OKR复盘会还讲究方法论时，民政局迟早要开通ISO9001认证通道。

有个做用户增长的朋友给我算过笔账：当代都市白领的恋爱沉没成本已经超过P2P暴雷。约会软件年费598，医美会员充值2万8，情感咨询课时费500/小时，最后换来的可能只是体检报告上飙升的皮质醇指标。就像那些在直播间抢茅台的中年人，表面上是在为爱情付费，实际上是在给孤独感交数字赎金。最讽刺的是某些婚恋平台的算法，比老板的饼还擅长制造幻觉——它让你以为划到的每个对象都是定制款，实际上全是拼多多的限时秒杀。

但真正让我后背发凉的，是某大厂最新推出的"职场亲密关系指数"。这个用4096个维度拆解员工情感状态的AI系统，能根据钉钉步数推测约会频率，通过加班餐报销记录反推家庭矛盾，甚至用会议录像的面部微表情评估离婚风险。行政部王姐上周收到系统预警，说她老公的星巴克消费频次与她的加班时长呈现0.92的正相关，建议立即兑换"婚姻保卫战"专项调休假。你看，当公司开始用AB测试你的婚姻质量时，连民政局大妈都要失业转行去当数据分析师。凌晨三点十七分，西二旗某三甲医院急诊室，离婚律师老吴正用保温杯接第五杯美式咖啡。墙角蜷着个穿冲锋衣的码农，左手挂着点滴，右手还在改BUG，笔记本散热口压着刚签完字的离婚协议书。这场景比任何社会学论文都直白——当算法把人类驯化成永不宕机的服务器，婚姻就成了最先被卸载的冗余程序。

看看那些外卖平台的情感剥削经济学：骑手老周去年跑了28762单，GPS轨迹连起来能绕赤道哭三圈。系统奖励他"超时率低于0.3%"的王者勋章时，他老婆正把离婚起诉状拍在蜂鸟配送站站长桌上。你猜平台怎么抚慰这位"单王"？给他推送了《家庭关系优化算法指南》，建议每天说7句情话、每月完成2.34次深度沟通——精确到用送餐热力图规划约会路线。这哪是婚恋指导，分明是用大数据给爱情办追悼会。

某些大厂的OKR系统更是把亲密关系拆解成代码：某鹅厂总监的季度目标赫然写着"提升夫妻情感黏性至LTV3.0标准"。为此他不得不给性生活打绩效分，用OKR拆解纪念日惊喜，连哄老婆的土味情话都要过A/B测试。结果年终述职时，他PPT里的婚姻留存率曲线比DAU还漂亮，只是真实生活里那份离婚冷静期通知书，比用户增长曲线来得更陡峭。

更魔性的是某些企业福利，堪称当代赛博大悲咒。某电商巨头的"家庭日"活动，表面是请家属参观园区，实则是给全员佩戴智能手环监测情绪波动。当程序员小李妻子看见丈夫工位上"老婆我爱你"的电子屏保时，行政总监正盯着后台数据冷笑——这行代码每次能激发0.7%的加班效能提升。你看，资本连你的愧疚感都能做成生产资料。

急诊室突然响起警报，那个码农的心电图和婚姻同时亮起红灯。老吴翻着案卷直摇头，这月第七个客户都是因为凌晨三点没回微信被起诉冷暴力。现在知道为什么离婚律师都要备除颤仪了吧？当你把人生过成待办清单，爱情迟早变成需要心肺复苏的僵尸进程。这时护士站广播突然响起："请情感ICU三床患者家属注意，您预约的婚姻挽回咨询师已到达冥想室。"

输出:
```json
{
    "is_complete": "no",
    "next_instruction": "请从【企业自救实验】视角续写以下段落，要求：1. 核心方向：揭露某些公司试图用工作制度创新破解爱情困局的反讽现实，重点突出【弹性工作制陷阱/数据监测反噬/伪人性化福利】2. 结构设计：先抛出某大厂试行'恋爱KPI'引发集体离职潮的荒诞案例，再对比北欧某国真实有效的四天工作制改革数据，最后用茶水间监控拍到员工边视频恋爱边写周报的黑色幽默收尾",
    "search_instruction": "企业弹性工作制度案例 四天工作制离婚率数据 员工监控系统伦理争议",
    "reference_content": "微软日本四天工作制实验结果、冰岛缩短工时对家庭关系影响的具体数据、国内某大厂智能监控系统侵权诉讼案例细节"
}
```


--- 轮次 4/5 ---
输入:
凌晨两点，你刚用Excel算出老板的PPT比你老婆的眼泪优先级更高时，手机突然震了。不是甲方改需求，是恋爱五年的女友发来分手通知——这比钉钉打卡还准时。恭喜你，成功用加班时长兑换了"赛博寡妇"体验卡一张。

当代职场精英的爱情死法堪称行为艺术：白天在会议室用OKR拆解战略，晚上用"多喝热水"拆解伴侣的焦虑；给客户的方案能迭代18版，给对象的生日礼物还在用前年团建的星巴克券。当你把KPI刻进DNA时，爱情早就被你的职业素养PUA成了外包项目。

有个创业者朋友堪称人形印钞机，却在离婚协议书上签出了IPO的气势——毕竟他给事业投的是天使轮，给婚姻充的只是拼多多月卡。某次他半夜回家，发现玄关的拖鞋摆成了"滚"字行为艺术，才惊觉自己把"客户第一"的价值观贯彻得多么彻底：老板的微信秒回，爱人的消息轮回；给投资人画饼用3D建模，给老婆庆生用PPT动画。

更魔幻的是职场反馈机制正在批量制造情感帕金森患者：你在会议室里点头的肌肉记忆，已经取代了拥抱时的心跳频率；用OKR拆解需求的手速，早就超过了抚摸恋人发梢的条件反射。当你的情感带宽被钉钉消息挤占到只剩3%时，连分手炮都得提前在Outlook上预约档期。

知道最荒诞的是什么吗？你越是在职场里扮演情绪稳定的成年人，爱情越会在你"已读不回"的沉默中变异成丧尸围城。毕竟当你把灵魂典当给KPI时，婚姻就只剩下一具会刷亲密付的行尸走肉了。凌晨两点四十七分，你正用公司发的智能手表监测分手后的心率曲线，突然发现这玩意比恋爱脑更懂什么叫情绪价值——它甚至贴心地推送了附近24小时心理咨询热线。当代社畜的爱情临终关怀服务，比楼下711的热狗套餐还要唾手可得。去年我司程序员老张堪称行为艺术大师，连续三个月用加班费给女友买SK-II续命，最后纪念日当天被困在机房抢修，灵机一动用Python写了首藏头诗自动发送。结果诗里"永"字的Unicode编码溢出，生生把浪漫搞成了赛博凶案现场。

更绝的是某些公司的人力资源部，已经把情感危机纳入了EAP福利套餐。上个月隔壁组小王收到分手短信时，HRBP第一时间发来《情绪管理能力提升训练营》报名链接，附赠三张"心灵按摩券"——可以在公司合作的冥想APP里兑换虚拟禅师开光服务。这年头连失恋都能算0.5个继续教育学时，难怪有人调侃现代人应该去考个《国家级爱情急救员资格证》，毕竟当你的分手现场比OKR复盘会还讲究方法论时，民政局迟早要开通ISO9001认证通道。

有个做用户增长的朋友给我算过笔账：当代都市白领的恋爱沉没成本已经超过P2P暴雷。约会软件年费598，医美会员充值2万8，情感咨询课时费500/小时，最后换来的可能只是体检报告上飙升的皮质醇指标。就像那些在直播间抢茅台的中年人，表面上是在为爱情付费，实际上是在给孤独感交数字赎金。最讽刺的是某些婚恋平台的算法，比老板的饼还擅长制造幻觉——它让你以为划到的每个对象都是定制款，实际上全是拼多多的限时秒杀。

但真正让我后背发凉的，是某大厂最新推出的"职场亲密关系指数"。这个用4096个维度拆解员工情感状态的AI系统，能根据钉钉步数推测约会频率，通过加班餐报销记录反推家庭矛盾，甚至用会议录像的面部微表情评估离婚风险。行政部王姐上周收到系统预警，说她老公的星巴克消费频次与她的加班时长呈现0.92的正相关，建议立即兑换"婚姻保卫战"专项调休假。你看，当公司开始用AB测试你的婚姻质量时，连民政局大妈都要失业转行去当数据分析师。凌晨三点十七分，西二旗某三甲医院急诊室，离婚律师老吴正用保温杯接第五杯美式咖啡。墙角蜷着个穿冲锋衣的码农，左手挂着点滴，右手还在改BUG，笔记本散热口压着刚签完字的离婚协议书。这场景比任何社会学论文都直白——当算法把人类驯化成永不宕机的服务器，婚姻就成了最先被卸载的冗余程序。

看看那些外卖平台的情感剥削经济学：骑手老周去年跑了28762单，GPS轨迹连起来能绕赤道哭三圈。系统奖励他"超时率低于0.3%"的王者勋章时，他老婆正把离婚起诉状拍在蜂鸟配送站站长桌上。你猜平台怎么抚慰这位"单王"？给他推送了《家庭关系优化算法指南》，建议每天说7句情话、每月完成2.34次深度沟通——精确到用送餐热力图规划约会路线。这哪是婚恋指导，分明是用大数据给爱情办追悼会。

某些大厂的OKR系统更是把亲密关系拆解成代码：某鹅厂总监的季度目标赫然写着"提升夫妻情感黏性至LTV3.0标准"。为此他不得不给性生活打绩效分，用OKR拆解纪念日惊喜，连哄老婆的土味情话都要过A/B测试。结果年终述职时，他PPT里的婚姻留存率曲线比DAU还漂亮，只是真实生活里那份离婚冷静期通知书，比用户增长曲线来得更陡峭。

更魔性的是某些企业福利，堪称当代赛博大悲咒。某电商巨头的"家庭日"活动，表面是请家属参观园区，实则是给全员佩戴智能手环监测情绪波动。当程序员小李妻子看见丈夫工位上"老婆我爱你"的电子屏保时，行政总监正盯着后台数据冷笑——这行代码每次能激发0.7%的加班效能提升。你看，资本连你的愧疚感都能做成生产资料。

急诊室突然响起警报，那个码农的心电图和婚姻同时亮起红灯。老吴翻着案卷直摇头，这月第七个客户都是因为凌晨三点没回微信被起诉冷暴力。现在知道为什么离婚律师都要备除颤仪了吧？当你把人生过成待办清单，爱情迟早变成需要心肺复苏的僵尸进程。这时护士站广播突然响起："请情感ICU三床患者家属注意，您预约的婚姻挽回咨询师已到达冥想室。"真正把荒诞剧演成魔幻现实主义的，是某大厂今年推出的"恋爱KPI"制度。人力资源部信誓旦旦宣称要帮员工突破情感困境，结果硬是把相亲角搬进了OKR系统——市场部小王被要求每月完成3次深度约会，技术组老李的季度考核里赫然列着"提升亲密付消费频次20%"，最离谱的是行政总监的年终述职PPT里，居然用折线图展示团队离婚率同比下降曲线。这套用996浇灌爱情荒漠的神操作，直接导致该部门三个月内离职率飙升47%，比茶水间的咖啡机报废速度还快。

反观北欧某国试点的四天工作制改革，数据直接甩了国内"福报"文化两记耳光——劳动生产率提升26%，员工病假率下降65%，连生育率都逆势上涨了0.8个百分点。人家用减少20%的工时换来了200%的生活质量，某些企业却试图用监控摄像头和算法模型给爱情做心肺复苏。就像给沙漠里的仙人掌挂葡萄糖，还指望它开出并蒂莲。

最讽刺的黑色幽默藏在行政部季度总结报告里：某茶水间监控拍到运营专员小张，左手举着手机和异地女友视频说土味情话，右手在笔记本上狂敲周报。AI情绪识别系统给这段视频打上"职场情感平衡典范"标签，自动推送全员学习。你看，资本连你的罗曼蒂克都要压榨出生产资料价值——约会视频成了证明"弹性工作制"优越性的行为艺术，周报字数就是新时代的婚恋承诺书。这时候才惊觉，那些贴在墙上的"员工关怀"标语，分明是用绩效合同的边角料打印的墓志铭。

输出:
```json
{
    "is_complete": "no",
    "next_instruction": "请从【国际对比视角】续写以下段落，要求：1. 核心方向：用北欧四天工作制改革的实证数据，对比国内职场文化对亲密关系的绞杀机制 2. 结构设计：先抛出颠覆性数据结论，再拆解北欧模式中工作与生活平衡的关键设计，最后用国内某大厂反向操作的案例制造认知冲突 3. 加入具体人物的行为对比，例如哥本哈根程序员如何用17:00后的时间经营婚姻",
    "search_instruction": "北欧四天工作制实验数据 中国互联网公司加班文化数据",
    "reference_content": "需要获取冰岛/瑞典四天工作制具体实施效果数据（如劳动生产率、员工幸福感、生育率等变化），国内头部互联网企业近三年平均下班时间统计，以及相关婚恋数据对比（如离婚率/生育率变化曲线）"
}
```


--- 轮次 5/5 ---
输入:
凌晨两点，你刚用Excel算出老板的PPT比你老婆的眼泪优先级更高时，手机突然震了。不是甲方改需求，是恋爱五年的女友发来分手通知——这比钉钉打卡还准时。恭喜你，成功用加班时长兑换了"赛博寡妇"体验卡一张。

当代职场精英的爱情死法堪称行为艺术：白天在会议室用OKR拆解战略，晚上用"多喝热水"拆解伴侣的焦虑；给客户的方案能迭代18版，给对象的生日礼物还在用前年团建的星巴克券。当你把KPI刻进DNA时，爱情早就被你的职业素养PUA成了外包项目。

有个创业者朋友堪称人形印钞机，却在离婚协议书上签出了IPO的气势——毕竟他给事业投的是天使轮，给婚姻充的只是拼多多月卡。某次他半夜回家，发现玄关的拖鞋摆成了"滚"字行为艺术，才惊觉自己把"客户第一"的价值观贯彻得多么彻底：老板的微信秒回，爱人的消息轮回；给投资人画饼用3D建模，给老婆庆生用PPT动画。

更魔幻的是职场反馈机制正在批量制造情感帕金森患者：你在会议室里点头的肌肉记忆，已经取代了拥抱时的心跳频率；用OKR拆解需求的手速，早就超过了抚摸恋人发梢的条件反射。当你的情感带宽被钉钉消息挤占到只剩3%时，连分手炮都得提前在Outlook上预约档期。

知道最荒诞的是什么吗？你越是在职场里扮演情绪稳定的成年人，爱情越会在你"已读不回"的沉默中变异成丧尸围城。毕竟当你把灵魂典当给KPI时，婚姻就只剩下一具会刷亲密付的行尸走肉了。凌晨两点四十七分，你正用公司发的智能手表监测分手后的心率曲线，突然发现这玩意比恋爱脑更懂什么叫情绪价值——它甚至贴心地推送了附近24小时心理咨询热线。当代社畜的爱情临终关怀服务，比楼下711的热狗套餐还要唾手可得。去年我司程序员老张堪称行为艺术大师，连续三个月用加班费给女友买SK-II续命，最后纪念日当天被困在机房抢修，灵机一动用Python写了首藏头诗自动发送。结果诗里"永"字的Unicode编码溢出，生生把浪漫搞成了赛博凶案现场。

更绝的是某些公司的人力资源部，已经把情感危机纳入了EAP福利套餐。上个月隔壁组小王收到分手短信时，HRBP第一时间发来《情绪管理能力提升训练营》报名链接，附赠三张"心灵按摩券"——可以在公司合作的冥想APP里兑换虚拟禅师开光服务。这年头连失恋都能算0.5个继续教育学时，难怪有人调侃现代人应该去考个《国家级爱情急救员资格证》，毕竟当你的分手现场比OKR复盘会还讲究方法论时，民政局迟早要开通ISO9001认证通道。

有个做用户增长的朋友给我算过笔账：当代都市白领的恋爱沉没成本已经超过P2P暴雷。约会软件年费598，医美会员充值2万8，情感咨询课时费500/小时，最后换来的可能只是体检报告上飙升的皮质醇指标。就像那些在直播间抢茅台的中年人，表面上是在为爱情付费，实际上是在给孤独感交数字赎金。最讽刺的是某些婚恋平台的算法，比老板的饼还擅长制造幻觉——它让你以为划到的每个对象都是定制款，实际上全是拼多多的限时秒杀。

但真正让我后背发凉的，是某大厂最新推出的"职场亲密关系指数"。这个用4096个维度拆解员工情感状态的AI系统，能根据钉钉步数推测约会频率，通过加班餐报销记录反推家庭矛盾，甚至用会议录像的面部微表情评估离婚风险。行政部王姐上周收到系统预警，说她老公的星巴克消费频次与她的加班时长呈现0.92的正相关，建议立即兑换"婚姻保卫战"专项调休假。你看，当公司开始用AB测试你的婚姻质量时，连民政局大妈都要失业转行去当数据分析师。凌晨三点十七分，西二旗某三甲医院急诊室，离婚律师老吴正用保温杯接第五杯美式咖啡。墙角蜷着个穿冲锋衣的码农，左手挂着点滴，右手还在改BUG，笔记本散热口压着刚签完字的离婚协议书。这场景比任何社会学论文都直白——当算法把人类驯化成永不宕机的服务器，婚姻就成了最先被卸载的冗余程序。

看看那些外卖平台的情感剥削经济学：骑手老周去年跑了28762单，GPS轨迹连起来能绕赤道哭三圈。系统奖励他"超时率低于0.3%"的王者勋章时，他老婆正把离婚起诉状拍在蜂鸟配送站站长桌上。你猜平台怎么抚慰这位"单王"？给他推送了《家庭关系优化算法指南》，建议每天说7句情话、每月完成2.34次深度沟通——精确到用送餐热力图规划约会路线。这哪是婚恋指导，分明是用大数据给爱情办追悼会。

某些大厂的OKR系统更是把亲密关系拆解成代码：某鹅厂总监的季度目标赫然写着"提升夫妻情感黏性至LTV3.0标准"。为此他不得不给性生活打绩效分，用OKR拆解纪念日惊喜，连哄老婆的土味情话都要过A/B测试。结果年终述职时，他PPT里的婚姻留存率曲线比DAU还漂亮，只是真实生活里那份离婚冷静期通知书，比用户增长曲线来得更陡峭。

更魔性的是某些企业福利，堪称当代赛博大悲咒。某电商巨头的"家庭日"活动，表面是请家属参观园区，实则是给全员佩戴智能手环监测情绪波动。当程序员小李妻子看见丈夫工位上"老婆我爱你"的电子屏保时，行政总监正盯着后台数据冷笑——这行代码每次能激发0.7%的加班效能提升。你看，资本连你的愧疚感都能做成生产资料。

急诊室突然响起警报，那个码农的心电图和婚姻同时亮起红灯。老吴翻着案卷直摇头，这月第七个客户都是因为凌晨三点没回微信被起诉冷暴力。现在知道为什么离婚律师都要备除颤仪了吧？当你把人生过成待办清单，爱情迟早变成需要心肺复苏的僵尸进程。这时护士站广播突然响起："请情感ICU三床患者家属注意，您预约的婚姻挽回咨询师已到达冥想室。"真正把荒诞剧演成魔幻现实主义的，是某大厂今年推出的"恋爱KPI"制度。人力资源部信誓旦旦宣称要帮员工突破情感困境，结果硬是把相亲角搬进了OKR系统——市场部小王被要求每月完成3次深度约会，技术组老李的季度考核里赫然列着"提升亲密付消费频次20%"，最离谱的是行政总监的年终述职PPT里，居然用折线图展示团队离婚率同比下降曲线。这套用996浇灌爱情荒漠的神操作，直接导致该部门三个月内离职率飙升47%，比茶水间的咖啡机报废速度还快。

反观北欧某国试点的四天工作制改革，数据直接甩了国内"福报"文化两记耳光——劳动生产率提升26%，员工病假率下降65%，连生育率都逆势上涨了0.8个百分点。人家用减少20%的工时换来了200%的生活质量，某些企业却试图用监控摄像头和算法模型给爱情做心肺复苏。就像给沙漠里的仙人掌挂葡萄糖，还指望它开出并蒂莲。

最讽刺的黑色幽默藏在行政部季度总结报告里：某茶水间监控拍到运营专员小张，左手举着手机和异地女友视频说土味情话，右手在笔记本上狂敲周报。AI情绪识别系统给这段视频打上"职场情感平衡典范"标签，自动推送全员学习。你看，资本连你的罗曼蒂克都要压榨出生产资料价值——约会视频成了证明"弹性工作制"优越性的行为艺术，周报字数就是新时代的婚恋承诺书。这时候才惊觉，那些贴在墙上的"员工关怀"标语，分明是用绩效合同的边角料打印的墓志铭。北欧人正在用现实数据扇肿国内"奋斗逼"们的脸——冰岛四天工作制试点结果显示，企业劳动生产率提升26%的同时，生育率逆势上涨0.8%。这记耳光抽得有多响？看看哥本哈根程序员安德烈的日程表就知道了：17:00准时关掉IDE，18:30和妻子完成双人瑜伽，20:00给孩子讲完北欧神话还能开发个开源项目。人家用缩短20%的工时，换来了200%的婚姻质量，而某些大厂却试图用AI算法给爱情做心肺复苏。  

关键秘密藏在北欧企业的"反KPI设计"里：政府强制规定下班后工作消息延迟送达，企业报销约会消费券，甚至把夫妻共处时长写进CEO考核指标。斯德哥尔摩某科技公司更绝，直接给员工发"婚姻质量奖金"——但凡结婚纪念日准时回家，当月工资自动上浮5%。这套组合拳打下来，瑞典程序员离婚率比国内大厂年会中奖率还低。  

反观国内某互联网巨头的神操作，直接把婚姻危机做成了生产资料。他们开发的"亲密关系热力图"，能根据食堂消费记录推算员工出轨概率：产品经理老王因为连续三天和女同事拼单奶茶，被系统判定为"情感带宽过载"，第二天就收到HR推送的《办公室恋情风控指南》。更魔幻的是行政部今年推出的"婚姻OKR"，要求技术骨干每季度达成"夫妻深度沟通6次以上"，还得提交聊天记录词云分析报告——结果全组离婚率比DAU涨得还快，人事总监却在季度总结会上狂吹："我们的情感关怀颗粒度已经细化到荷尔蒙层级！"  

当哥本哈根的夫妻们在17:00后的晚霞里研究新体位时，西二旗的码农们正用凌晨三点的加班餐凑单满减。某个暴雨夜，安德烈和妻子裹着羊毛毯调试智能家居系统，而杭州某大厂架构师却对着会议室屏幕上的离婚协议书远程签字——他的生物特征认证次数，比牵老婆手的次数还多47倍。资本永远不会告诉你，那些贴在墙上的"员工关怀"标语，全是用绩效合同的边角料打印的墓志铭。

输出:
```json
{
    "is_complete": "yes"
}
```


对话结束
时间: 2025-03-12T16:27:27.143Z
