[2025-03-13 16:13:40] [INFO]: 开始执行工作流
{
  "module": "workflow",
  "filePath": "/Users/loloru/vscodeProjects/transNode/trans/public/input/Moment 200_ Love Expert Reveals Why 80% Of Modern Relationships Fail_simple.txt"
}
[2025-03-13 17:16:05] [INFO]: 开始对文章段落进行审查
{
  "module": "workflow",
  "paragraphsCount": 5
}
[2025-03-13 17:51:28] [INFO]: 文章段落审查完成并保存
{
  "module": "workflow"
}
[2025-03-13 18:10:25] [INFO]: 开始对文章段落进行审查
{
  "module": "workflow",
  "paragraphsCount": 10
}
[2025-03-13 18:24:12] [INFO]: 文章段落审查完成并保存
{
  "module": "workflow"
}
[2025-03-13 18:41:40] [INFO]: 开始对文章段落进行审查
{
  "module": "workflow",
  "paragraphsCount": 15
}
[2025-03-13 19:04:56] [INFO]: 文章段落审查完成并保存
{
  "module": "workflow"
}
