[2025-03-13 16:29:22] [INFO]: 开始执行 Reasoner 模型对话
{
  "module": "reasoner-dialog",
  "initialTopic": "民政局最新数据显示，每三对离婚夫妻中就有一对在调解时提到\"手机冷暴力\"。这个数据比出轨、家暴更令人窒息的地方在于——手机才是民政局盖章认证的\"合法第三者\"，毕竟它真的出现在每张结婚照里。\n\n当代婚姻最吊诡的场面发生在21:37分的双人床上：你刚想聊聊孩子的学区房，对方的手指正在短视频里给陌生主播刷火箭；你分享升职加薪的喜讯，收获的回应是机械重复的\"嗯嗯\"声，活像触发了智能音箱的声控开关。戈特曼实验室早把这种现象写进《婚姻死亡笔记》：当伴侣举着手机说\"你看这个好好笑\"，你的敷衍相当于当面撕碎TA准备的生日礼物——只不过现在这份\"礼物\"每天要撕碎二十七次。\n\n更荒诞的是受害者联盟正在形成诡异闭环。张太太控诉丈夫沉迷游戏时，自己正在闺蜜群转发《丧偶式婚姻的十大征兆》；李先生痛骂妻子直播购物成瘾的深夜，购物车还躺着刚给女主播冲的2888元\"挚爱守护\"。心理学家那个\"连接请求\"理论在赛博时代可以翻译成：人类正在用点赞的手指掐死自己的亲密关系，还他妈要给这条杀人视频点个小红心。"
}
[2025-03-13 16:29:22] [DEBUG]: 会话环境初始化完成
{
  "module": "reasoner-dialog",
  "sessionDir": "public/logs/reasoner_dialogs/session_2025-03-13T08-29-22-568Z",
  "historyFile": "public/logs/reasoner_dialog_history/history_2025-03-13T08-29-22-568Z.jsonl"
}
[2025-03-13 16:29:22] [INFO]: 执行对话轮次 1/5
{
  "module": "reasoner-dialog"
}
[2025-03-13 16:32:51] [INFO]: 执行对话轮次 2/5
{
  "module": "reasoner-dialog"
}
[2025-03-13 16:54:00] [INFO]: 执行对话轮次 3/5
{
  "module": "reasoner-dialog"
}
[2025-03-13 16:56:43] [INFO]: 执行对话轮次 4/5
{
  "module": "reasoner-dialog"
}
[2025-03-13 17:09:23] [INFO]: 执行对话轮次 5/5
{
  "module": "reasoner-dialog"
}
[2025-03-13 17:16:05] [INFO]: 对话执行完成
{
  "module": "reasoner-dialog"
}
[2025-03-13 17:52:18] [INFO]: 开始执行 Reasoner 模型对话
{
  "module": "reasoner-dialog",
  "initialTopic": "深夜十点的客厅里，你刷着脱口秀段子笑到肩膀发抖，转头发现伴侣正对着恋综CP姨母笑，中间隔着的沙发缝足够塞下整个黄浦江——这可能是当代婚姻最恐怖的鬼故事：你的配偶正在经历阿尔茨海默式情感退化，而你们的婚姻诊断书上赫然写着\"模糊性失去\"晚期。戈特曼实验室最新数据显示，67%的离婚根本不是小三插足或经济危机，而是死于伴侣在沙发上刷短视频时突然\"断联\"的致命瞬间。\n\n当你第38次把搞笑视频戳到对方眼前却只换来一声\"嗯\"，当你们的对话从\"今天主管又犯病\"退化成\"记得交电费\"，当双人床进化成充电站而睡衣成了最后的情趣内衣——恭喜解锁\"婚姻版植物人\"成就。那些号称要击沉婚姻的惊涛骇浪，往往敌不过三年两千次早餐时凝固的空气，当代婚姻三大件早从\"电视机冰箱洗衣机\"变成了\"已读不回、话题枯竭、肢体语言消失术\"。\n\n最惊悚的是，当咨询师反复强调\"多沟通\"时，他们永远不会告诉你：你的婚姻可能在三年前就签了死亡证明，只不过今天才送去火化。就像那对因为丈夫再也没点赞妻子朋友圈而离婚的夫妻，真正杀死婚姻的从来不是惊天背叛，而是某次分享晚霞时发现对方早已关闭了情感接收器。"
}
[2025-03-13 17:52:18] [DEBUG]: 会话环境初始化完成
{
  "module": "reasoner-dialog",
  "sessionDir": "public/logs/reasoner_dialogs/session_2025-03-13T09-52-18-619Z",
  "historyFile": "public/logs/reasoner_dialog_history/history_2025-03-13T09-52-18-619Z.jsonl"
}
[2025-03-13 17:52:18] [INFO]: 执行对话轮次 1/5
{
  "module": "reasoner-dialog"
}
[2025-03-13 17:54:17] [INFO]: 执行对话轮次 2/5
{
  "module": "reasoner-dialog"
}
[2025-03-13 17:59:58] [INFO]: 执行对话轮次 3/5
{
  "module": "reasoner-dialog"
}
[2025-03-13 18:03:23] [INFO]: 执行对话轮次 4/5
{
  "module": "reasoner-dialog"
}
[2025-03-13 18:06:03] [INFO]: 执行对话轮次 5/5
{
  "module": "reasoner-dialog"
}
[2025-03-13 18:10:25] [INFO]: 对话执行完成
{
  "module": "reasoner-dialog"
}
[2025-03-13 18:25:10] [INFO]: 开始执行 Reasoner 模型对话
{
  "module": "reasoner-dialog",
  "initialTopic": "上海民政局最新数据显示，每周三离婚窗口总排着诡异的双人队——他们举着婚姻经营手账，捧着《爱的五种语言》精装本，像极了公司开季度复盘会的社畜。上周三我亲眼见个姑娘攥着3厘米厚的《情感修复甘特图》，边哭边问工作人员：\"我都把婚姻当成毕设来肝了，为什么他还是跑了？\"\n\n这年头最魔幻的婚姻悖论莫过于此：那些把结婚证当KPI考核表、把纪念日过成项目路演的夫妻，往往在朋友圈晒完999天打卡后就突然官宣\"公司解散\"。美国婚姻研究所有组数据更离谱：每周进行三次\"深度情感交流\"的夫妻，离婚概率比躺平摆烂的高出37%，堪称当代爱情版\"越努力越倒霉\"。\n\n我认识个前互联网大厂高管，离婚前半年堪称婚姻界的卷王。每周三晚是夫妻情感OKR对齐会，周末安排\"沉浸式关系修复工作坊\"，连睡前亲吻都要用打卡软件记录留存。直到某天他老婆把离婚协议拍在年度婚姻总结PPT上：\"跟你过日子比带团队还累，老娘要辞职\"。\n\n婚姻咨询师们正在见证新型情感工伤：过度经营者常陷入\"修复-崩溃\"死亡螺旋。前三个月疯狂填问卷做测试，把吵架复盘成思维导图；接下来半年开启赎罪式补偿，情人节礼物能凑出十二星座手办；等熬到第七个月，两人相顾无言的疲惫感，比《百年孤独》里失眠症蔓延还绝望。最吊诡的是，当你停止扮演\"婚姻优化大师\"，那些并肩遛狗时蹭到的体温，反而比精心策划的烛光晚餐更有救赎感。"
}
[2025-03-13 18:25:10] [DEBUG]: 会话环境初始化完成
{
  "module": "reasoner-dialog",
  "sessionDir": "public/logs/reasoner_dialogs/session_2025-03-13T10-25-10-364Z",
  "historyFile": "public/logs/reasoner_dialog_history/history_2025-03-13T10-25-10-364Z.jsonl"
}
[2025-03-13 18:25:10] [INFO]: 执行对话轮次 1/5
{
  "module": "reasoner-dialog"
}
[2025-03-13 18:27:19] [INFO]: 执行对话轮次 2/5
{
  "module": "reasoner-dialog"
}
[2025-03-13 18:30:54] [INFO]: 执行对话轮次 3/5
{
  "module": "reasoner-dialog"
}
[2025-03-13 18:35:59] [INFO]: 执行对话轮次 4/5
{
  "module": "reasoner-dialog"
}
[2025-03-13 18:39:59] [INFO]: 执行对话轮次 5/5
{
  "module": "reasoner-dialog"
}
[2025-03-13 18:41:40] [INFO]: 对话执行完成
{
  "module": "reasoner-dialog"
}
[2025-03-13 19:06:25] [INFO]: 开始执行 Reasoner 模型对话
{
  "module": "reasoner-dialog",
  "initialTopic": "【当代赛博水母生存实录】  \n凌晨2点，你的拇指在三个屏幕间完成第17次信仰之跃——左手指尖划开闺蜜吐槽老板的60秒语音矩阵，右手在会议纪要里敲出第8个\"收到\"，余光还不忘给恋综男嘉宾的腹肌截个动图。当代年轻人的生存状态，活像被塞进滚筒洗衣机的八爪鱼：每根触须都在创造连接，但所有神经末梢都在尖叫孤独。\n\n神经科学家扫描Z世代大脑时惊觉，当代人类的情感雷达正在集体失灵——当你的杏仁核刚要为失恋酝酿点悲伤，抖音算法立刻给你推\"单身保命指南\"；当你想为同事升职真心鼓掌，朋友圈九宫格已经自动触发点赞肌肉记忆。最残酷的黑色幽默莫过于：我们创造了史上最密集的社交网络，却把亲密关系经营成了\"手机宠物养成游戏\"——每天准时投喂几句早安晚安，定期清理缓存就能维持表面光鲜。\n\n那些在家族群怒转\"屏幕辐射致癌\"的长辈永远不懂，真正吞噬年轻人的是更隐秘的\"数字脱水症\"：在微信群聊能舌战三百回合的社牛，面对真实体温的拥抱时CPU直接过载；给爱豆打投时手速突破人类极限，却在约会软件把\"你好\"撤回三次。当斯坦福实验室发现，禁止手机散步的情侣瞳孔放大率飙升47%，我们终于看清这场大型人间喜剧的荒诞内核——科技许诺的全天候在场，正在把每个灵魂切割成散装状态。  \n\n此刻请你摸一摸后颈正在发烫的数据接口：那些在钉钉群里24小时待命的\"收到\"，在王者峡谷称兄道弟的深夜车队，在直播弹幕里刷屏的\"老公老婆\"，究竟缝合了孤独，还是制造了更多孤独的模具？下回当你同时点亮第六块屏幕时，不妨想想这个恐怖故事——此刻正有3.6亿人和你一样，在算法河流里打捞存在感，却把真实的自己溺死在Wi-Fi信号里。"
}
[2025-03-13 19:06:25] [DEBUG]: 会话环境初始化完成
{
  "module": "reasoner-dialog",
  "sessionDir": "public/logs/reasoner_dialogs/session_2025-03-13T11-06-25-526Z",
  "historyFile": "public/logs/reasoner_dialog_history/history_2025-03-13T11-06-25-526Z.jsonl"
}
[2025-03-13 19:06:25] [INFO]: 执行对话轮次 1/5
{
  "module": "reasoner-dialog"
}
[2025-03-13 19:09:34] [INFO]: 执行对话轮次 2/5
{
  "module": "reasoner-dialog"
}
[2025-03-13 19:20:05] [INFO]: 执行对话轮次 3/5
{
  "module": "reasoner-dialog"
}
[2025-03-13 19:23:53] [INFO]: 执行对话轮次 4/5
{
  "module": "reasoner-dialog"
}
