开始执行 Reasoner 模型对话
时间: 2025-03-13T08:29:22.572Z
初始话题: 民政局最新数据显示，每三对离婚夫妻中就有一对在调解时提到"手机冷暴力"。这个数据比出轨、家暴更令人窒息的地方在于——手机才是民政局盖章认证的"合法第三者"，毕竟它真的出现在每张结婚照里。

当代婚姻最吊诡的场面发生在21:37分的双人床上：你刚想聊聊孩子的学区房，对方的手指正在短视频里给陌生主播刷火箭；你分享升职加薪的喜讯，收获的回应是机械重复的"嗯嗯"声，活像触发了智能音箱的声控开关。戈特曼实验室早把这种现象写进《婚姻死亡笔记》：当伴侣举着手机说"你看这个好好笑"，你的敷衍相当于当面撕碎TA准备的生日礼物——只不过现在这份"礼物"每天要撕碎二十七次。

更荒诞的是受害者联盟正在形成诡异闭环。张太太控诉丈夫沉迷游戏时，自己正在闺蜜群转发《丧偶式婚姻的十大征兆》；李先生痛骂妻子直播购物成瘾的深夜，购物车还躺着刚给女主播冲的2888元"挚爱守护"。心理学家那个"连接请求"理论在赛博时代可以翻译成：人类正在用点赞的手指掐死自己的亲密关系，还他妈要给这条杀人视频点个小红心。


--- 轮次 1/5 ---
输入:
民政局最新数据显示，每三对离婚夫妻中就有一对在调解时提到"手机冷暴力"。这个数据比出轨、家暴更令人窒息的地方在于——手机才是民政局盖章认证的"合法第三者"，毕竟它真的出现在每张结婚照里。

当代婚姻最吊诡的场面发生在21:37分的双人床上：你刚想聊聊孩子的学区房，对方的手指正在短视频里给陌生主播刷火箭；你分享升职加薪的喜讯，收获的回应是机械重复的"嗯嗯"声，活像触发了智能音箱的声控开关。戈特曼实验室早把这种现象写进《婚姻死亡笔记》：当伴侣举着手机说"你看这个好好笑"，你的敷衍相当于当面撕碎TA准备的生日礼物——只不过现在这份"礼物"每天要撕碎二十七次。

更荒诞的是受害者联盟正在形成诡异闭环。张太太控诉丈夫沉迷游戏时，自己正在闺蜜群转发《丧偶式婚姻的十大征兆》；李先生痛骂妻子直播购物成瘾的深夜，购物车还躺着刚给女主播冲的2888元"挚爱守护"。心理学家那个"连接请求"理论在赛博时代可以翻译成：人类正在用点赞的手指掐死自己的亲密关系，还他妈要给这条杀人视频点个小红心。

输出:
```json
{
    "is_complete": "no",
    "next_instruction": "请从【对立视角/反转】续写以下段落，要求：1. 核心方向：延续手机冷暴力加剧婚姻矛盾的核心冲突，并突出看似解决问题的科技产品反而成为新型暴力工具的反转效果 2. 结构设计：采用【案例支撑+反转结构】，段首以智能防沉迷情侣手环的营销案例切入，中间揭露该产品导致夫妻监控成瘾的真相，段尾用精神病学家对数字控制狂的临床诊断数据收尾，制造科技反噬的惊悚感",
    "search_instruction": "智能防沉迷手环用户差评 数字戒断产品副作用 夫妻监控软件纠纷案例",
    "reference_content": "需要抽取：1.某品牌智能手环用户投诉中关于隐私监控的典型案例 2.2024年家庭关系咨询中涉及数字监控产品的纠纷占比 3.心理治疗师对强制戒断手机引发的报复性沉迷现象的临床观察"
}
```


--- 轮次 2/5 ---
输入:
民政局最新数据显示，每三对离婚夫妻中就有一对在调解时提到"手机冷暴力"。这个数据比出轨、家暴更令人窒息的地方在于——手机才是民政局盖章认证的"合法第三者"，毕竟它真的出现在每张结婚照里。

当代婚姻最吊诡的场面发生在21:37分的双人床上：你刚想聊聊孩子的学区房，对方的手指正在短视频里给陌生主播刷火箭；你分享升职加薪的喜讯，收获的回应是机械重复的"嗯嗯"声，活像触发了智能音箱的声控开关。戈特曼实验室早把这种现象写进《婚姻死亡笔记》：当伴侣举着手机说"你看这个好好笑"，你的敷衍相当于当面撕碎TA准备的生日礼物——只不过现在这份"礼物"每天要撕碎二十七次。

更荒诞的是受害者联盟正在形成诡异闭环。张太太控诉丈夫沉迷游戏时，自己正在闺蜜群转发《丧偶式婚姻的十大征兆》；李先生痛骂妻子直播购物成瘾的深夜，购物车还躺着刚给女主播冲的2888元"挚爱守护"。心理学家那个"连接请求"理论在赛博时代可以翻译成：人类正在用点赞的手指掐死自己的亲密关系，还他妈要给这条杀人视频点个小红心。"拯救爱情的最后一块电池正在预售中！"某科技品牌推出的智能防沉迷情侣手环，用粉色广告轰炸着每个深夜刷手机的失眠者。产品宣称能通过心率监测自动屏蔽抖音，感知情绪波动实时推送情话模板，甚至会在伴侣沉默超15分钟时触发震动提醒——这种赛博月老式的浪漫，让它在情人节狂销27万对。

但北京安定医院的诊疗记录显示，首批用户中43%发展出病态监控行为。张先生将妻子每日使用拼多多时长精确到秒，李女士为丈夫微信运动步数异常报警12次。那个宣称"给爱情充电"的金属环，正在演变成24小时勒紧脖颈的电子镣铐。产品经理引以为傲的"双向透明机制"，在真实婚姻里化作永不停歇的猜疑链：当TA的手环第三次震动却仍不开口，你该怀疑系统故障还是爱情死亡？

《临床心理学杂志》最新研究撕开了更惊悚的真相：数字控制狂的确诊量同比激增380%，83%的咨询案例涉及科技监控。精神病学家发现患者出现幻听式警报强迫症，甚至有人在伴侣洗澡时疯狂刷新设备离线倒计时。那些为防出轨设计的轨迹追踪，最终沦为测量婚姻腐烂程度的电子刻度尺——当爱情变成需要每分钟自证清白的囚徒困境，我们终于把对方和自己都逼成了赛博监狱的终身监禁者。

输出:
```json
{
    "is_complete": "no",
    "next_instruction": "请从【案例支撑/故事化】续写以下段落，要求：1. 核心方向：用智能家居产品的荒诞案例展示科技干预的失效，突出真实情感需求与数据监控的割裂感 2. 结构设计：采用【悬念铺垫+反差对比】结构，先描述某网红科技产品的神奇功能，再揭示用户因此激化的矛盾，结尾用戏剧化场景强化科技与情感的悖论",
    "search_instruction": "智能家居情感干预产品用户投诉案例",
    "reference_content": "需要抽取：1.主流电商平台相关产品的差评关键词 2.消费者协会受理的智能家居情感类产品投诉量增长率 3.社交媒体传播度最高的智能家居翻车事件（如自动推送离婚协议模板等）"
}
```


--- 轮次 3/5 ---
输入:
民政局最新数据显示，每三对离婚夫妻中就有一对在调解时提到"手机冷暴力"。这个数据比出轨、家暴更令人窒息的地方在于——手机才是民政局盖章认证的"合法第三者"，毕竟它真的出现在每张结婚照里。

当代婚姻最吊诡的场面发生在21:37分的双人床上：你刚想聊聊孩子的学区房，对方的手指正在短视频里给陌生主播刷火箭；你分享升职加薪的喜讯，收获的回应是机械重复的"嗯嗯"声，活像触发了智能音箱的声控开关。戈特曼实验室早把这种现象写进《婚姻死亡笔记》：当伴侣举着手机说"你看这个好好笑"，你的敷衍相当于当面撕碎TA准备的生日礼物——只不过现在这份"礼物"每天要撕碎二十七次。

更荒诞的是受害者联盟正在形成诡异闭环。张太太控诉丈夫沉迷游戏时，自己正在闺蜜群转发《丧偶式婚姻的十大征兆》；李先生痛骂妻子直播购物成瘾的深夜，购物车还躺着刚给女主播冲的2888元"挚爱守护"。心理学家那个"连接请求"理论在赛博时代可以翻译成：人类正在用点赞的手指掐死自己的亲密关系，还他妈要给这条杀人视频点个小红心。"拯救爱情的最后一块电池正在预售中！"某科技品牌推出的智能防沉迷情侣手环，用粉色广告轰炸着每个深夜刷手机的失眠者。产品宣称能通过心率监测自动屏蔽抖音，感知情绪波动实时推送情话模板，甚至会在伴侣沉默超15分钟时触发震动提醒——这种赛博月老式的浪漫，让它在情人节狂销27万对。

但北京安定医院的诊疗记录显示，首批用户中43%发展出病态监控行为。张先生将妻子每日使用拼多多时长精确到秒，李女士为丈夫微信运动步数异常报警12次。那个宣称"给爱情充电"的金属环，正在演变成24小时勒紧脖颈的电子镣铐。产品经理引以为傲的"双向透明机制"，在真实婚姻里化作永不停歇的猜疑链：当TA的手环第三次震动却仍不开口，你该怀疑系统故障还是爱情死亡？

《临床心理学杂志》最新研究撕开了更惊悚的真相：数字控制狂的确诊量同比激增380%，83%的咨询案例涉及科技监控。精神病学家发现患者出现幻听式警报强迫症，甚至有人在伴侣洗澡时疯狂刷新设备离线倒计时。那些为防出轨设计的轨迹追踪，最终沦为测量婚姻腐烂程度的电子刻度尺——当爱情变成需要每分钟自证清白的囚徒困境，我们终于把对方和自己都逼成了赛博监狱的终身监禁者。当某品牌推出号称"婚姻急救舱"的智能双人床垫时，预售直播间的弹幕疯狂滚动着"科技菩萨显灵了"。这款搭载32个压力传感器的科技神器，宣称能通过体温差预警冷战风险，用呼吸频率推算亲密度指数，甚至在夫妻背对背睡觉时自动播放初恋BGM。产品演示视频里，人工智能温柔提醒："检测到您已32小时未进行有效眼神交流，已为您预约双人SPA并冻结淘宝购物车。"

但首批用户王女士的实战报告，让产品经理连夜关闭了官微评论区。那张记录着两人翻云覆雨频率的曲线图，最终成为离婚诉讼的呈堂证供——只因系统将某次凌晨三点的手肘碰撞误判为亲密接触，生成的《本周婚姻健康报告》赫然标注"高频低质型关系"。更讽刺的是，当丈夫试图用官方推荐的"数据修复方案"挽救婚姻时，AI推送的烛光晚餐选址，正是两人十年前初次约会时已倒闭的餐厅。

这款月销10万+的床垫，如今在闲鱼流转时总带着相似的备注："九成新，仅激活过两次婚姻咨询功能"。某二手卖家上传的监控视频里，床垫警报器在女主人痛经蜷缩时疯狂闪烁红光，而男主人正对着手机演练产品经理教的万能话术："亲爱的，你现在的疼痛指数已经超过系统设定阈值了。"北京三甲医院接诊过最荒诞的急诊，是夫妻俩因争夺床垫数据管理权限大打出手——丈夫坚持睡眠质量曲线证明自己无辜，妻子则握着心率异常报告指控对方精神出轨。

最近走红微博的短视频，拍下了某小区凌晨三点的魔幻现场：智能床垫因持续监测到"同床异梦"体征，自动触发红色警报并外放《分手快乐》。穿着睡衣的夫妻在刺目红光里面面相觑，身后是二十年来第一次同步震动的业主群——整栋楼的同款床垫都在发出集体悲鸣。中国睡眠协会不得不紧急发文提醒："当双人床变成电子案发现场，婚姻的尸检报告永远测不出爱情衰竭的真正病因。"

输出:
```json
{
    "is_complete": "no",
    "next_instruction": "请从【对立视角/反转】续写以下段落，要求：1. 核心方向：揭露科技公司如何利用婚姻焦虑开发'数字排毒'产品形成新产业链，并通过用户数据二次获利 2. 结构设计：采用【案例+数据+金句】结构，先曝光某知名App读取夫妻聊天记录的灰色操作，再引用互联网公司内部泄露的营销话术，最后用反讽金句收尾",
    "search_instruction": "2023年数字排毒产品市场报告、夫妻关系类App数据隐私诉讼案例、情感科技产品用户画像分析",
    "reference_content": "1. 数字排毒产品真实用户复购率数据 2. 主流婚恋类App的麦克风权限调用频率 3. 情感科技公司用户数据库在黑市的交易价格"
}
```


--- 轮次 4/5 ---
输入:
民政局最新数据显示，每三对离婚夫妻中就有一对在调解时提到"手机冷暴力"。这个数据比出轨、家暴更令人窒息的地方在于——手机才是民政局盖章认证的"合法第三者"，毕竟它真的出现在每张结婚照里。

当代婚姻最吊诡的场面发生在21:37分的双人床上：你刚想聊聊孩子的学区房，对方的手指正在短视频里给陌生主播刷火箭；你分享升职加薪的喜讯，收获的回应是机械重复的"嗯嗯"声，活像触发了智能音箱的声控开关。戈特曼实验室早把这种现象写进《婚姻死亡笔记》：当伴侣举着手机说"你看这个好好笑"，你的敷衍相当于当面撕碎TA准备的生日礼物——只不过现在这份"礼物"每天要撕碎二十七次。

更荒诞的是受害者联盟正在形成诡异闭环。张太太控诉丈夫沉迷游戏时，自己正在闺蜜群转发《丧偶式婚姻的十大征兆》；李先生痛骂妻子直播购物成瘾的深夜，购物车还躺着刚给女主播冲的2888元"挚爱守护"。心理学家那个"连接请求"理论在赛博时代可以翻译成：人类正在用点赞的手指掐死自己的亲密关系，还他妈要给这条杀人视频点个小红心。"拯救爱情的最后一块电池正在预售中！"某科技品牌推出的智能防沉迷情侣手环，用粉色广告轰炸着每个深夜刷手机的失眠者。产品宣称能通过心率监测自动屏蔽抖音，感知情绪波动实时推送情话模板，甚至会在伴侣沉默超15分钟时触发震动提醒——这种赛博月老式的浪漫，让它在情人节狂销27万对。

但北京安定医院的诊疗记录显示，首批用户中43%发展出病态监控行为。张先生将妻子每日使用拼多多时长精确到秒，李女士为丈夫微信运动步数异常报警12次。那个宣称"给爱情充电"的金属环，正在演变成24小时勒紧脖颈的电子镣铐。产品经理引以为傲的"双向透明机制"，在真实婚姻里化作永不停歇的猜疑链：当TA的手环第三次震动却仍不开口，你该怀疑系统故障还是爱情死亡？

《临床心理学杂志》最新研究撕开了更惊悚的真相：数字控制狂的确诊量同比激增380%，83%的咨询案例涉及科技监控。精神病学家发现患者出现幻听式警报强迫症，甚至有人在伴侣洗澡时疯狂刷新设备离线倒计时。那些为防出轨设计的轨迹追踪，最终沦为测量婚姻腐烂程度的电子刻度尺——当爱情变成需要每分钟自证清白的囚徒困境，我们终于把对方和自己都逼成了赛博监狱的终身监禁者。当某品牌推出号称"婚姻急救舱"的智能双人床垫时，预售直播间的弹幕疯狂滚动着"科技菩萨显灵了"。这款搭载32个压力传感器的科技神器，宣称能通过体温差预警冷战风险，用呼吸频率推算亲密度指数，甚至在夫妻背对背睡觉时自动播放初恋BGM。产品演示视频里，人工智能温柔提醒："检测到您已32小时未进行有效眼神交流，已为您预约双人SPA并冻结淘宝购物车。"

但首批用户王女士的实战报告，让产品经理连夜关闭了官微评论区。那张记录着两人翻云覆雨频率的曲线图，最终成为离婚诉讼的呈堂证供——只因系统将某次凌晨三点的手肘碰撞误判为亲密接触，生成的《本周婚姻健康报告》赫然标注"高频低质型关系"。更讽刺的是，当丈夫试图用官方推荐的"数据修复方案"挽救婚姻时，AI推送的烛光晚餐选址，正是两人十年前初次约会时已倒闭的餐厅。

这款月销10万+的床垫，如今在闲鱼流转时总带着相似的备注："九成新，仅激活过两次婚姻咨询功能"。某二手卖家上传的监控视频里，床垫警报器在女主人痛经蜷缩时疯狂闪烁红光，而男主人正对着手机演练产品经理教的万能话术："亲爱的，你现在的疼痛指数已经超过系统设定阈值了。"北京三甲医院接诊过最荒诞的急诊，是夫妻俩因争夺床垫数据管理权限大打出手——丈夫坚持睡眠质量曲线证明自己无辜，妻子则握着心率异常报告指控对方精神出轨。

最近走红微博的短视频，拍下了某小区凌晨三点的魔幻现场：智能床垫因持续监测到"同床异梦"体征，自动触发红色警报并外放《分手快乐》。穿着睡衣的夫妻在刺目红光里面面相觑，身后是二十年来第一次同步震动的业主群——整栋楼的同款床垫都在发出集体悲鸣。中国睡眠协会不得不紧急发文提醒："当双人床变成电子案发现场，婚姻的尸检报告永远测不出爱情衰竭的真正病因。"被网友戏称为"赛博菩萨"的某情感管理App，近日被曝出深夜自动激活麦克风权限分析夫妻睡前对话。该平台宣称的"婚姻质量评估系统"，实则是通过抓取"学区房""彩礼""前任"等关键词生成焦虑指数，精准推送售价1999元的"心灵净化会员包"。更讽刺的是，其母公司二季度财报显示，用户情感数据转售业务营收同比增长217%，购买方包括婚庆连锁品牌与心理咨询机构——当你对着屏幕哭诉七年之痒时，眼泪正在浇灌整条产业链的摇钱树。

某头部互联网公司内部泄露的《情感科技营销指南》印证了这种商业模式："用户查看伴侣定位的频率每增加1次，数字排毒产品转化率提升2.3%；深夜情感类搜索留存率是白天的7倍，必须在该时段饱和投放离婚冷静期课程。"这份标注着"SS级机密"的文档，赤裸裸地将人类脆弱时刻标注为"黄金流量池"，建议产品经理在凌晨两点推送"TA可能不爱你的18个证据"弹窗。

隐私计算市场37.2%的年复合增长率，在这些科技公司手里变成了双面硬币。某款下载量超8000万的"婚姻保卫战"App，打着隐私保护的旗号收集夫妻沟通样本，转头就用同态加密技术向广告商贩卖"焦虑热力图"。他们的首席增长官在闭门会议上说得更直白："现代人既想要数字化的安全感，又渴望机械化的亲密感——我们不过是在这两块骨头上分别装了吸管。"

当你在应用商店给"爱情修复大师"打出一星差评时，可能还没意识到这些愤怒数据正在被实时抓取，作为"高情感波动用户"标价卖给情感咨询机构。就像那个被下架前狂揽13亿流量的"婚姻体检"小程序，其终极盈利密码根本不是99元的年度报告，而是将268万用户的出轨恐惧量化成保险公司的"离婚险"精算模型。科技公司左手贩卖解药，右手倒卖毒药的商业模式，终于让21世纪的情感问题变成了永不愈合的创可贴——毕竟撕得越频繁，胶布销量越好。

输出:
```json
{
    "is_complete": "no",
    "next_instruction": "请从【对立视角/反转】续写以下段落，要求：1. 核心方向：引入日本'数字断食'实验与硅谷科技禁欲社区的极端案例，制造科技依赖与人性本源的认知冲突 2. 结构设计：先呈现反科技潮流的具体措施，再揭示其催生的新型亲密关系暴力，最后用原始部落人类学调研数据形成文明悖论冲击",
    "search_instruction": "日本数字断食实验报告 硅谷科技高管禁欲社区 卡拉哈里部落婚姻研究",
    "reference_content": "1. 日本数字戒断营地的复婚率数据与后续跟踪调查结果 2. 硅谷禁欲社区发明的非接触式情感沟通装置原理 3. 卡拉哈里沙漠原始部落夫妻日均眼神交流时长与现代都市对比数据"
}
```


--- 轮次 5/5 ---
输入:
民政局最新数据显示，每三对离婚夫妻中就有一对在调解时提到"手机冷暴力"。这个数据比出轨、家暴更令人窒息的地方在于——手机才是民政局盖章认证的"合法第三者"，毕竟它真的出现在每张结婚照里。

当代婚姻最吊诡的场面发生在21:37分的双人床上：你刚想聊聊孩子的学区房，对方的手指正在短视频里给陌生主播刷火箭；你分享升职加薪的喜讯，收获的回应是机械重复的"嗯嗯"声，活像触发了智能音箱的声控开关。戈特曼实验室早把这种现象写进《婚姻死亡笔记》：当伴侣举着手机说"你看这个好好笑"，你的敷衍相当于当面撕碎TA准备的生日礼物——只不过现在这份"礼物"每天要撕碎二十七次。

更荒诞的是受害者联盟正在形成诡异闭环。张太太控诉丈夫沉迷游戏时，自己正在闺蜜群转发《丧偶式婚姻的十大征兆》；李先生痛骂妻子直播购物成瘾的深夜，购物车还躺着刚给女主播冲的2888元"挚爱守护"。心理学家那个"连接请求"理论在赛博时代可以翻译成：人类正在用点赞的手指掐死自己的亲密关系，还他妈要给这条杀人视频点个小红心。"拯救爱情的最后一块电池正在预售中！"某科技品牌推出的智能防沉迷情侣手环，用粉色广告轰炸着每个深夜刷手机的失眠者。产品宣称能通过心率监测自动屏蔽抖音，感知情绪波动实时推送情话模板，甚至会在伴侣沉默超15分钟时触发震动提醒——这种赛博月老式的浪漫，让它在情人节狂销27万对。

但北京安定医院的诊疗记录显示，首批用户中43%发展出病态监控行为。张先生将妻子每日使用拼多多时长精确到秒，李女士为丈夫微信运动步数异常报警12次。那个宣称"给爱情充电"的金属环，正在演变成24小时勒紧脖颈的电子镣铐。产品经理引以为傲的"双向透明机制"，在真实婚姻里化作永不停歇的猜疑链：当TA的手环第三次震动却仍不开口，你该怀疑系统故障还是爱情死亡？

《临床心理学杂志》最新研究撕开了更惊悚的真相：数字控制狂的确诊量同比激增380%，83%的咨询案例涉及科技监控。精神病学家发现患者出现幻听式警报强迫症，甚至有人在伴侣洗澡时疯狂刷新设备离线倒计时。那些为防出轨设计的轨迹追踪，最终沦为测量婚姻腐烂程度的电子刻度尺——当爱情变成需要每分钟自证清白的囚徒困境，我们终于把对方和自己都逼成了赛博监狱的终身监禁者。当某品牌推出号称"婚姻急救舱"的智能双人床垫时，预售直播间的弹幕疯狂滚动着"科技菩萨显灵了"。这款搭载32个压力传感器的科技神器，宣称能通过体温差预警冷战风险，用呼吸频率推算亲密度指数，甚至在夫妻背对背睡觉时自动播放初恋BGM。产品演示视频里，人工智能温柔提醒："检测到您已32小时未进行有效眼神交流，已为您预约双人SPA并冻结淘宝购物车。"

但首批用户王女士的实战报告，让产品经理连夜关闭了官微评论区。那张记录着两人翻云覆雨频率的曲线图，最终成为离婚诉讼的呈堂证供——只因系统将某次凌晨三点的手肘碰撞误判为亲密接触，生成的《本周婚姻健康报告》赫然标注"高频低质型关系"。更讽刺的是，当丈夫试图用官方推荐的"数据修复方案"挽救婚姻时，AI推送的烛光晚餐选址，正是两人十年前初次约会时已倒闭的餐厅。

这款月销10万+的床垫，如今在闲鱼流转时总带着相似的备注："九成新，仅激活过两次婚姻咨询功能"。某二手卖家上传的监控视频里，床垫警报器在女主人痛经蜷缩时疯狂闪烁红光，而男主人正对着手机演练产品经理教的万能话术："亲爱的，你现在的疼痛指数已经超过系统设定阈值了。"北京三甲医院接诊过最荒诞的急诊，是夫妻俩因争夺床垫数据管理权限大打出手——丈夫坚持睡眠质量曲线证明自己无辜，妻子则握着心率异常报告指控对方精神出轨。

最近走红微博的短视频，拍下了某小区凌晨三点的魔幻现场：智能床垫因持续监测到"同床异梦"体征，自动触发红色警报并外放《分手快乐》。穿着睡衣的夫妻在刺目红光里面面相觑，身后是二十年来第一次同步震动的业主群——整栋楼的同款床垫都在发出集体悲鸣。中国睡眠协会不得不紧急发文提醒："当双人床变成电子案发现场，婚姻的尸检报告永远测不出爱情衰竭的真正病因。"被网友戏称为"赛博菩萨"的某情感管理App，近日被曝出深夜自动激活麦克风权限分析夫妻睡前对话。该平台宣称的"婚姻质量评估系统"，实则是通过抓取"学区房""彩礼""前任"等关键词生成焦虑指数，精准推送售价1999元的"心灵净化会员包"。更讽刺的是，其母公司二季度财报显示，用户情感数据转售业务营收同比增长217%，购买方包括婚庆连锁品牌与心理咨询机构——当你对着屏幕哭诉七年之痒时，眼泪正在浇灌整条产业链的摇钱树。

某头部互联网公司内部泄露的《情感科技营销指南》印证了这种商业模式："用户查看伴侣定位的频率每增加1次，数字排毒产品转化率提升2.3%；深夜情感类搜索留存率是白天的7倍，必须在该时段饱和投放离婚冷静期课程。"这份标注着"SS级机密"的文档，赤裸裸地将人类脆弱时刻标注为"黄金流量池"，建议产品经理在凌晨两点推送"TA可能不爱你的18个证据"弹窗。

隐私计算市场37.2%的年复合增长率，在这些科技公司手里变成了双面硬币。某款下载量超8000万的"婚姻保卫战"App，打着隐私保护的旗号收集夫妻沟通样本，转头就用同态加密技术向广告商贩卖"焦虑热力图"。他们的首席增长官在闭门会议上说得更直白："现代人既想要数字化的安全感，又渴望机械化的亲密感——我们不过是在这两块骨头上分别装了吸管。"

当你在应用商店给"爱情修复大师"打出一星差评时，可能还没意识到这些愤怒数据正在被实时抓取，作为"高情感波动用户"标价卖给情感咨询机构。就像那个被下架前狂揽13亿流量的"婚姻体检"小程序，其终极盈利密码根本不是99元的年度报告，而是将268万用户的出轨恐惧量化成保险公司的"离婚险"精算模型。科技公司左手贩卖解药，右手倒卖毒药的商业模式，终于让21世纪的情感问题变成了永不愈合的创可贴——毕竟撕得越频繁，胶布销量越好。在东京银座某栋写字楼顶层，一场名为"数字断食"的禅修营正把科技戒断推向行为艺术的高度。白领们上交手机时像戒毒所新兵般颤抖，却在第七天集体暴露出更荒诞的戒断反应——某IT高管妻子为追踪丈夫行踪，竟在对方鞋底缝入纸质版GPS定位器；更有人开发出摩尔斯电码式传情系统，用窗帘开合频率向对面公寓发送"今晚交公粮"的加密信号。这场号称复婚率达63%的实验，最终因参与者互查邮件频率暴涨470%宣告破产。

硅谷精英显然走得更远。某禁欲社区发明的"非接触式情感共振舱"，用LED灯颜色变化替代语言交流，宣称要回归人类最原始的情绪传递。但当系统将妻子生理期的烦躁翻译成"高频蓝光警告"，丈夫却按操作指南启动"脉冲镇定模式"，婚姻咨询师惊恐地发现——这不过是把冷暴力升级成光电刑讯。更讽刺的是，那些为戒断科技而设计的木制沟通令牌，正在二手市场被标注"九成新，仅用于砸破伴侣头颅三次"。

人类学家在卡拉哈里沙漠揭开的真相，让所有科技解药沦为笑话。布须曼人部落的调研数据显示，夫妻日均眼神交流时长达到127分钟，是现代都市伴侣的8.6倍，而他们维系亲密关系的核心技术不过是篝火旁的掌纹占卜。当我们的智能床垫还在计算背对背睡觉的夹角，原始部落早已破解婚姻的终极密码——那些被科技阉割的肢体语言与温度感知，才是文明进化路上被删除的核心程序。某科技公司CEO在体验部落生活后突发奇想，连夜给产品经理发送加密邮件："立即研发篝火主题屏幕保护程序，定价不要低于199美元。"

输出:
```json
{
    "is_complete": "no",
    "next_instruction": "请从【情感升华/共鸣强化】续写以下段落，要求：1. 核心方向：揭露科技依赖与人性需求的根本矛盾，用原始部落案例对比现代文明困境 2. 结构设计：采用【对比蒙太奇手法】，交替呈现布须曼人部落的亲密关系场景与都市夫妻的数字化挣扎，在段尾用意象冲突引发反思 3. 细节要求：加入篝火余烬与手机蓝光在深夜卧室的视觉对照，植入'被删除的核心程序'等赛博朋克隐喻",
    "search_instruction": "布须曼人婚姻维系方式 都市夫妻日均眼神交流时长 数字断食实验最新数据",
    "reference_content": "需要从联网查询的资料中抽取的信息：1. 布须曼人夫妻日常互动具体形式（如掌纹占卜的仪式细节）2. 全球主要城市夫妻非语言交流时长对比数据 3. 2023年数字戒断实验后伴侣关系恶化率"
}
```


对话结束
时间: 2025-03-13T09:16:05.863Z
