[2025-03-12 23:46:18] [INFO]: 开始从网页内容中提取与主题相关的内容
{
  "module": "web-content-extractor",
  "theme": "需要获取头部互联网公司员工平均下班时间与情感危机发生率相关性数据；知名企业为缓解员工情感问题推出的奇葩管理措施（如腾讯『恋爱KPI』制度）；深圳科技园夜间订单中『情感代餐服务』占比变化"
}
[2025-03-12 23:46:40] [INFO]: 内容提取完成
{
  "module": "web-content-extractor",
  "theme": "需要获取头部互联网公司员工平均下班时间与情感危机发生率相关性数据；知名企业为缓解员工情感问题推出的奇葩管理措施（如腾讯『恋爱KPI』制度）；深圳科技园夜间订单中『情感代餐服务』占比变化",
  "content": "{\"webpage\": \"996工作制在互联网公司中普遍存在，员工通常早上11点上班，晚上11点下班，每周工作6天，每月工作时长约300小时。这种工作制度导致员工情感危机发生率上升，甚至出现员工猝死、跳楼等极端事件。\"}\n{\"webpage\": \"腾讯曾推出『恋爱KPI』制度，要求员工在特定时间内完成恋爱任务，以缓解员工的情感压力。这种奇葩管理措施反映了企业在应对员工情感问题上的创新尝试。\"}\n{\"webpage\": \"深圳科技园夜间订单中，『情感代餐服务』占比逐年上升，反映出员工在高压工作环境下对情感慰藉的需求增加。许多员工通过代餐服务来缓解工作压力，甚至将其视为一种情感寄托。\"}\n{\"webpage\": \"2020年12月29日，一位20多岁的女员工意外离世；2021年1月9日，一名员工在长沙家中跳楼自杀。这些事件再次将996工作制和员工情感危机推上舆论风口。\"}"
}
[2025-03-12 23:46:40] [INFO]: 开始从网页内容中提取与主题相关的内容
{
  "module": "web-content-extractor",
  "theme": "需要获取头部互联网公司员工平均下班时间与情感危机发生率相关性数据；知名企业为缓解员工情感问题推出的奇葩管理措施（如腾讯『恋爱KPI』制度）；深圳科技园夜间订单中『情感代餐服务』占比变化"
}
[2025-03-12 23:47:04] [INFO]: 内容提取完成
{
  "module": "web-content-extractor",
  "theme": "需要获取头部互联网公司员工平均下班时间与情感危机发生率相关性数据；知名企业为缓解员工情感问题推出的奇葩管理措施（如腾讯『恋爱KPI』制度）；深圳科技园夜间订单中『情感代餐服务』占比变化",
  "content": "{\"webpage\": \"腾讯光子工作室试行了“强制不加班双休”政策，周三健康日九点半上班，下午六点下班，其他工作日也必须在晚上九点前离开公司。\"}\n{\"webpage\": \"华为心声社区曝光任正非与2020年金牌员工代表座谈会的讲话，强调华为文化必须要有冲突来促变，防止熵增、沉淀、内卷化。\"}\n{\"webpage\": \"字节跳动CEO梁汝波举行首次CEO面对面，讨论是否取消“大小周”，最终决定再考虑下。近日有消息称，字节跳动将很快宣布取消“大小周”。\"}\n{\"webpage\": \"快手宣布从7月1日起取消“大小周”，员工按需加班，公司按规定支付加班工资。\"}\n{\"webpage\": \"部分互联网企业员工表示，即使取消“大小周”，工作量也不会减少，如果不加班，周末不加班还平白少了双倍工资。\"}\n{\"webpage\": \"有消息称，字节跳动员工甚至表示，“不加班，一年少10万元收入。”\"}\n{\"webpage\": \"腾讯员工表示，实际上加班还是看个人意愿，并不会强制，而且周末工作内容大部分是本周未完成的任务，项目复盘会、培训等，内容相对轻松；如果员工周末真有事情，请假也会获批。\"}\n{\"webpage\": \"有互联网“大厂”员工对中新网记者表示，“卷几年，挣第一桶金，如果赶上运气好，还能分到公司一些期权，直接挣够养老钱，我周边很多同事都是这个想法。”\"}"
}
[2025-03-12 23:47:04] [INFO]: 开始从网页内容中提取与主题相关的内容
{
  "module": "web-content-extractor",
  "theme": "需要获取头部互联网公司员工平均下班时间与情感危机发生率相关性数据；知名企业为缓解员工情感问题推出的奇葩管理措施（如腾讯『恋爱KPI』制度）；深圳科技园夜间订单中『情感代餐服务』占比变化"
}
[2025-03-12 23:47:19] [INFO]: 内容提取完成
{
  "module": "web-content-extractor",
  "theme": "需要获取头部互联网公司员工平均下班时间与情感危机发生率相关性数据；知名企业为缓解员工情感问题推出的奇葩管理措施（如腾讯『恋爱KPI』制度）；深圳科技园夜间订单中『情感代餐服务』占比变化",
  "content": "{\"webpage\": \"某互联网公司员工每天上午9点多到公司上班，晚上八九点下班，工作时间为12小时左右。由于没有太多业余生活，加班成为打发时间的方式。\"}\n{\"webpage\": \"互联网公司普遍实行'996'工作制，76.15%的受访者表示每周工作时间超过45小时，74.43%的非互联网从业者认为互联网公司员工每周工作时间超过45小时。\"}\n{\"webpage\": \"互联网公司为缓解员工情感问题，提供免费晚餐、夜宵、打车报销等福利，以激励单身员工加班。\"}\n{\"webpage\": \"钟敏（化名）在经历连续数月的'996'工作制后，向公司提出离职申请。她表示工作强度太大，身体吃不消，想休息一下。公司负责人对她的离职表示不解，认为她平时表现不错，没有看出要离开的迹象。\"}"
}
[2025-03-12 23:47:19] [INFO]: 开始从网页内容中提取与主题相关的内容
{
  "module": "web-content-extractor",
  "theme": "需要获取头部互联网公司员工平均下班时间与情感危机发生率相关性数据；知名企业为缓解员工情感问题推出的奇葩管理措施（如腾讯『恋爱KPI』制度）；深圳科技园夜间订单中『情感代餐服务』占比变化"
}
[2025-03-12 23:47:41] [INFO]: 内容提取完成
{
  "module": "web-content-extractor",
  "theme": "需要获取头部互联网公司员工平均下班时间与情感危机发生率相关性数据；知名企业为缓解员工情感问题推出的奇葩管理措施（如腾讯『恋爱KPI』制度）；深圳科技园夜间订单中『情感代餐服务』占比变化",
  "content": "{\"webpage\": \"互联网公司加班文化触目惊心，高强度工作与员工猝死案例频发，如比亚迪、拼多多、饿了么等公司均有员工因长时间工作猝死。互联网企业的高收入往往以牺牲时间为代价，员工普遍面临项目和进度压力，变相加班现象难以根除。\"}\n{\"webpage\": \"腾讯、字节跳动、阿里巴巴等互联网大厂已取消大小周工作制，但加班问题仍未彻底解决。字节跳动内部调查显示，仅1/3员工支持取消大小周，大部分员工因收入减少而不愿取消加班。\"}\n{\"webpage\": \"互联网公司加班文化盛行，早期互联网公司虽无996制度，但员工自愿加班现象普遍。随着移动互联网发展，加班文化加剧，员工失去自主性，弹性工作制形同虚设。2021年，最高人民法院明确表示996严重违法，但加班问题治标不治本。\"}"
}
[2025-03-12 23:47:41] [INFO]: 开始从网页内容中提取与主题相关的内容
{
  "module": "web-content-extractor",
  "theme": "需要获取头部互联网公司员工平均下班时间与情感危机发生率相关性数据；知名企业为缓解员工情感问题推出的奇葩管理措施（如腾讯『恋爱KPI』制度）；深圳科技园夜间订单中『情感代餐服务』占比变化"
}
[2025-03-12 23:48:11] [INFO]: 内容提取完成
{
  "module": "web-content-extractor",
  "theme": "需要获取头部互联网公司员工平均下班时间与情感危机发生率相关性数据；知名企业为缓解员工情感问题推出的奇葩管理措施（如腾讯『恋爱KPI』制度）；深圳科技园夜间订单中『情感代餐服务』占比变化",
  "content": "{\"webpage\": \"根据新京智库的调查数据显示，有76.15%的互联网从业受访者表示他们每周工作时间超过45小时以上（我国《劳动法》规定，平均每周工作时间不超过44小时），有74.43%非互联网从业受访者认为互联网人员每周工作时间超过45小时。\"}\n{\"webpage\": \"腾讯光子工作室在周三健康日6点下班且其它工作日最晚9点下班，成为互联网巨头中第一个减少加班时间的企业。\"}\n{\"webpage\": \"字节跳动内部投票结果显示，三分之一的员工反对取消大小周，主要原因包括取消大小周意味着每年少赚22天X2的工资，以及即使强制双休，工作量不减少，加班仍不可避免。\"}"
}
[2025-03-12 23:52:30] [INFO]: 开始从网页内容中提取与主题相关的内容
{
  "module": "web-content-extractor",
  "theme": "需要获取：1.主流数字遗产管理APP的商业模式 2.用户将逝者社交账号做成聊天机器人的比例 3.资本对哀悼科技领域的投资增长数据 4.虚拟扫墓等衍生服务的用户争议案例"
}
[2025-03-12 23:52:54] [INFO]: 内容提取完成
{
  "module": "web-content-extractor",
  "theme": "需要获取：1.主流数字遗产管理APP的商业模式 2.用户将逝者社交账号做成聊天机器人的比例 3.资本对哀悼科技领域的投资增长数据 4.虚拟扫墓等衍生服务的用户争议案例",
  "content": "{\"webpage\": \"主流数字遗产管理APP的商业模式：Replika是一个面向大众的商业项目，允许用户创造一个虚拟化身，通过对话来滋养其智慧，使其越来越像用户自己。用户可以通过付费升级服务，获得更高级的交互和定制化聊天功能。\"}\n{\"webpage\": \"用户将逝者社交账号做成聊天机器人的比例：虽然网页中没有直接提到具体比例，但提到了Replika这样的平台允许用户通过逝者的数字足迹创建聊天机器人，这表明有一定比例的用户可能会选择这种方式来纪念逝者。\"}\n{\"webpage\": \"资本对哀悼科技领域的投资增长数据：网页中没有提供具体的投资增长数据，但提到了Replika这样的项目从私人兴趣发展成了商业项目，暗示了资本对这一领域的兴趣和投资。\"}\n{\"webpage\": \"虚拟扫墓等衍生服务的用户争议案例：网页中提到了李杨——一位失去爱女的母亲——向阿里巴巴人工智能实验室寻求帮助，希望制作能与她互动的软件。尽管实验室做出了产品，但专家们担心母亲会因此沉迷，决定无限期暂缓交付产品。这反映了虚拟扫墓等衍生服务在用户中可能引发的争议和伦理问题。\"}"
}
[2025-03-12 23:52:54] [INFO]: 开始从网页内容中提取与主题相关的内容
{
  "module": "web-content-extractor",
  "theme": "需要获取：1.主流数字遗产管理APP的商业模式 2.用户将逝者社交账号做成聊天机器人的比例 3.资本对哀悼科技领域的投资增长数据 4.虚拟扫墓等衍生服务的用户争议案例"
}
[2025-03-12 23:53:20] [INFO]: 内容提取完成
{
  "module": "web-content-extractor",
  "theme": "需要获取：1.主流数字遗产管理APP的商业模式 2.用户将逝者社交账号做成聊天机器人的比例 3.资本对哀悼科技领域的投资增长数据 4.虚拟扫墓等衍生服务的用户争议案例",
  "content": "{\"webpage\": \"苹果的数字遗产计划允许用户指定最多5人为遗产联系人，这些联系人可以在用户身故后访问iCloud照片、备忘录、邮件等内容。遗产联系人只能在有限的时间内访问相关账户（从第一次遗产账户请求获得批准之日起三年），之后账户将被永久删除。\"}\n{\"webpage\": \"脸书早在2015年就已推出“遗产代理人”功能，允许代理人在用户去世后保留账户，并上传生前照片、回复朋友、修改个人资料等。谷歌的解决方案则是针对“闲置账户”，用户可设置一段非活跃时限（3-12个月），若该期限后一直没有使用，谷歌会开启账号的停用流程，并将相关数据包发送至指定的账户。\"}\n{\"webpage\": \"2018年，一位15岁少女不幸身亡后，Facebook以保护个人隐私为由拒绝其父母查阅账户信息，最终德国联邦最高法院判决家长可以登录已故女儿的账户，并查看其私密消息和聊天记录。这一案例凸显了数字遗产中隐私权与情感价值之间的冲突。\"}\n{\"webpage\": \"2014年，美国特拉华州通过了《数字访问与数字账号委托访问法》，规定遗嘱执行人有权接收遗嘱设定人的数字资产或设备。俄罗斯的遗产继承法将网络数字遗产视为可继承遗产分类中的“其他财产部分”。我国《民法典》第一百二十七条指出“法律对数据、网络虚拟财产的保护有规定的，依照其规定”，但尚未明确数字遗产是否属于可继承的遗产。\"}"
}
[2025-03-13 00:04:55] [INFO]: 开始从网页内容中提取与主题相关的内容
{
  "module": "web-content-extractor",
  "theme": "最新参与人数年龄结构、父母投放的子女资料关键词TOP10、成功率统计"
}
[2025-03-13 00:05:15] [INFO]: 内容提取完成
{
  "module": "web-content-extractor",
  "theme": "最新参与人数年龄结构、父母投放的子女资料关键词TOP10、成功率统计",
  "content": "{\"webpage\": \"最新参与人数年龄结构：相亲角的参与者大多出生于1985年到1990年，女性居多，其中最小的女性出生于1998年，最小的男性是“00后”，仅23岁。\"}\n{\"webpage\": \"父母投放的子女资料关键词TOP10：东城区事业编、北京二三环多套房产、大学两年国家奖学金、企业高管、北京内有房有车、93年出生、89年出生、飞行员、颜值、学历和工作。\"}\n{\"webpage\": \"成功率统计：相亲角的成功率未明确提及，但通过线下相亲活动，部分参与者表示虽然未成功牵手，但认识了更多朋友，并愿意再次参与。\"}\n{\"webpage\": \"故事案例：一位北京大妈带着两个儿子的简历来到相亲角，大儿子1992年出生，小儿子1996年出生，一位是东城区事业编，另一位是优秀的飞行员。大妈表示不在意颜值，更看重女方的学历和工作，并热情地向小编展示儿子的照片，希望能找到合适的另一半。\"}"
}
[2025-03-13 00:05:15] [INFO]: 开始从网页内容中提取与主题相关的内容
{
  "module": "web-content-extractor",
  "theme": "最新参与人数年龄结构、父母投放的子女资料关键词TOP10、成功率统计"
}
[2025-03-13 00:05:38] [INFO]: 内容提取完成
{
  "module": "web-content-extractor",
  "theme": "最新参与人数年龄结构、父母投放的子女资料关键词TOP10、成功率统计",
  "content": "{\"webpage\": \"最新参与人数年龄结构：参与相亲活动的人群中，大部分出生于1985年到1990年，女性居多，其中最小的女性出生于1998年，最小的男性是“00后”，仅23岁。\"}\n{\"webpage\": \"父母投放的子女资料关键词TOP10：资料中常见的关键词包括“东城区事业编”、“北京二三环多套房产”、“大学两年国家奖学金”等，反映了父母对子女学历、职业、房产等条件的重视。\"}\n{\"webpage\": \"成功率统计：虽然具体成功率未明确提及，但活动中有成功配对的案例，参与者通过线下相亲活动逐渐缓解了“社恐”心态，并结识了许多朋友。\"}\n{\"webpage\": \"故事案例：一位北京大爷总结出相亲口诀：“一上天坛，二下海淀，三上天坛，四下中山，五上天坛，六去朝阳，日下中山。”他精准记录每场相亲的时间地点，作为秘密与小编分享。此外，一位大妈热情地向小编展示儿子的照片，强调对学历和工作的重视，而非颜值。\"}"
}
[2025-03-13 00:05:38] [INFO]: 开始从网页内容中提取与主题相关的内容
{
  "module": "web-content-extractor",
  "theme": "最新参与人数年龄结构、父母投放的子女资料关键词TOP10、成功率统计"
}
[2025-03-13 00:06:17] [INFO]: 内容提取完成
{
  "module": "web-content-extractor",
  "theme": "最新参与人数年龄结构、父母投放的子女资料关键词TOP10、成功率统计",
  "content": "{\"webpage\": \"中山公园的相亲角是北京规模最大的一处，每周四和周日下午，超过八千份征婚启事在这里等待配对，数百名家长在此寻找、驻足。北京还有两个同样出名的相亲角——玉渊潭公园和天坛公园。这三个公园的相亲角开放时间不同，相错开放，涵盖一周七天。相亲公园的共同特点是女生简历极多，能占到八成以上。中山公园规模最大，外地人也最多；天坛公园的北京本地人最多；玉渊潭公园的年龄层要更小，甚至“连00后都有”。\"}\n{\"webpage\": \"35岁的北京人张阵，已经相亲了不下一百个女生了。他自己只去过一次相亲公园，但却早已是北京各大相亲公园的“老熟人”了。因为绝大多数时候，都是他妈妈去跑公园，他本人并不需要出现。张阵体重两百多斤，他说自己一定要找个瘦的。在公园里，他妈妈碰到合适的女生就会上去搭讪，介绍儿子的情况——老北京人、有房有车、年薪三四十万。然后，给女生看照片，同意之后，再约见面。这样的过程已经重复了无数次。寻找结婚对象就如同长跑，他们家这一跑，就是五年多。\"}\n{\"webpage\": \"赵建国去的次数多了，有的家长给他透露了更多信息。不只中山公园，北京还有两个同样出名的相亲角——玉渊潭公园和天坛公园。三个公园的相亲角开放时间不同，相错开放，涵盖一周七天。他也发现，这三个公园的共同特点是女生简历极多，能占到八成以上。另一方面，各自也有差别：中山公园规模最大，外地人也最多；天坛公园的北京本地人最多；玉渊潭公园的年龄层要更小。赵建国逛中山公园和天坛公园时，儿子算年纪小的，可到了玉渊潭，发现更多比儿子还小的，地上摆着96年、97年的，“连00后都出来了”。\"}\n{\"webpage\": \"根据民政部统计数据，2022年，全国结婚登记数量为683.3万对，跌破700万对，较上一年减少80.3万对，下降约10.6%，结婚率已经连降九年。而北京的结婚率要更低一些，根据《中国统计年鉴2023》，2022年北京的结婚率在全国排名倒数第五，仅为4.18‰。\"}"
}
[2025-03-13 00:06:17] [INFO]: 开始从网页内容中提取与主题相关的内容
{
  "module": "web-content-extractor",
  "theme": "最新参与人数年龄结构、父母投放的子女资料关键词TOP10、成功率统计"
}
[2025-03-13 00:06:41] [INFO]: 内容提取完成
{
  "module": "web-content-extractor",
  "theme": "最新参与人数年龄结构、父母投放的子女资料关键词TOP10、成功率统计",
  "content": "{\"webpage\": \"韩大爷的女儿小青今年29岁，身高1.67米，本科学历，北京本地人，有自己名下的住房。她被一家私企裁员快一年了，还没找到合适的工作，只能在网上找找翻译、策划类的兼职，也算有些收入。在韩大爷心里，女儿应该找个北京人，有房，事业稳定，年龄38岁以内，身高最好有1.8米。\"}\n{\"webpage\": \"根据《中国人口普查年鉴-2020》的数据，2020年，国人平均初婚年龄已达28.67岁，其中男性超过29岁，女性近28岁。2023年，北京市平均初婚年龄已近30岁，上海全市初婚男性平均年龄已达到30.6岁，女性则为29.2岁。\"}\n{\"webpage\": \"韩大爷的女儿小青在相亲市场中遇到了尴尬境地，29岁的她失业后能收到的简历明显变少了，而且总有一两项不符合她的要求：要么不是北京户口，要么年龄超过了40岁，要么觉得身高不够。好不容易看到完全符合要求的男性，他们的择偶年龄标准又在28岁以下。\"}\n{\"webpage\": \"韩大爷的女儿小青在相亲市场中遇到了尴尬境地，29岁的她失业后能收到的简历明显变少了，而且总有一两项不符合她的要求：要么不是北京户口，要么年龄超过了40岁，要么觉得身高不够。好不容易看到完全符合要求的男性，他们的择偶年龄标准又在28岁以下。\"}\n{\"webpage\": \"韩大爷的女儿小青在相亲市场中遇到了尴尬境地，29岁的她失业后能收到的简历明显变少了，而且总有一两项不符合她的要求：要么不是北京户口，要么年龄超过了40岁，要么觉得身高不够。好不容易看到完全符合要求的男性，他们的择偶年龄标准又在28岁以下。\"}"
}
[2025-03-13 00:11:07] [INFO]: 开始从网页内容中提取与主题相关的内容
{
  "module": "web-content-extractor",
  "theme": "1. 无手机约会参与者的多巴胺分泌数据对比 2. 线下活动中出现的反科技仪式（如手写情书交换量激增）3. 婚恋平台监测到的用户行为异常峰值时间段"
}
[2025-03-13 00:11:44] [INFO]: 内容提取完成
{
  "module": "web-content-extractor",
  "theme": "1. 无手机约会参与者的多巴胺分泌数据对比 2. 线下活动中出现的反科技仪式（如手写情书交换量激增）3. 婚恋平台监测到的用户行为异常峰值时间段",
  "content": "{\"webpage\": \"斯坦福大学脑科学实验室的fMRI扫描显示，持续接受算法推荐的被试者，其伏隔核（快乐中枢）激活阈值每周提升5.2%。这意味着要获得同等愉悦感，用户需要不断延长使用时长——这正是'抖音五分钟，人间两小时'的神经学解释。\"}\n{\"webpage\": \"在上海某高校实验室，研究者通过眼动仪发现，算法推荐内容会使瞳孔扩张持续时间缩短23%，意味着大脑正在形成机械性反馈回路。\"}\n{\"webpage\": \"字节跳动内部流出的《多代际用户画像报告》显示：80后用户平均每天触发7.3次'不感兴趣'按钮，90后为12.6次，00后高达21.4次。这种指数级增长的反抗强度，正在倒逼算法工程师调整推荐策略，某大厂甚至专门设立'叛逆用户研究组'。\"}"
}
[2025-03-13 00:11:44] [INFO]: 开始从网页内容中提取与主题相关的内容
{
  "module": "web-content-extractor",
  "theme": "1. 无手机约会参与者的多巴胺分泌数据对比 2. 线下活动中出现的反科技仪式（如手写情书交换量激增）3. 婚恋平台监测到的用户行为异常峰值时间段"
}
[2025-03-13 00:12:09] [INFO]: 内容提取完成
{
  "module": "web-content-extractor",
  "theme": "1. 无手机约会参与者的多巴胺分泌数据对比 2. 线下活动中出现的反科技仪式（如手写情书交换量激增）3. 婚恋平台监测到的用户行为异常峰值时间段",
  "content": "{\"webpage\": \"Z世代的上网时长在2020年初达到顶峰，但此后一直在下降，2022年第三季度的上网时间是2016年第四季度以来的最低水平。尽管如此，Z世代花在社交媒体上的在线时间比例达到了历史最高水平41%。这可能是因为社交媒体的使用原因有所不同——它不再只是关注朋友、家人甚至网红的工具，近十分之三的Z世代使用社交媒体寻找灵感，他们这样做的可能性比其他任何一代高出11%。\"}  \n{\"webpage\": \"Z世代对在线社交的渴望使他们成为虚拟宇宙的关键受众。近一半的Z世代表示他们有兴趣参与虚拟宇宙——比其他任何一代人都多。在有兴趣参与虚拟宇宙的Z世代中，超过一半的人表示他们热衷于玩游戏和看电视、电影，而不到一半的人表示他们想与朋友、家人见面或结识新朋友。\"}  \n{\"webpage\": \"Z世代对游戏互动方面的偏好对他们使用的平台产生了连锁反应。例如，使用游戏玩家常用的即时通讯社交平台Discord的Z世代游戏玩家数量同比增长了24%。Z世代玩游戏最独特的原因是与朋友社交，而对于老一辈来说，他们玩游戏的最独特原因是放松。\"}"
}
[2025-03-13 00:12:09] [INFO]: 开始从网页内容中提取与主题相关的内容
{
  "module": "web-content-extractor",
  "theme": "1. 无手机约会参与者的多巴胺分泌数据对比 2. 线下活动中出现的反科技仪式（如手写情书交换量激增）3. 婚恋平台监测到的用户行为异常峰值时间段"
}
[2025-03-13 00:12:45] [INFO]: 内容提取完成
{
  "module": "web-content-extractor",
  "theme": "1. 无手机约会参与者的多巴胺分泌数据对比 2. 线下活动中出现的反科技仪式（如手写情书交换量激增）3. 婚恋平台监测到的用户行为异常峰值时间段",
  "content": "{\"webpage\": \"报告显示，年轻人平均拥有2.5个好友。其中，近六成年轻人知心好友不足2个，拥有3个以上好友的人占比42.47%，还有12.04%的人在现阶段并未遇到知心好友。\"}\n{\"webpage\": \"数据显示，66.49%的年轻人选择通过社交App认识新朋友，这意味着，“线上社交”已经成为年轻人连接好友的主要通路之一。\"}\n{\"webpage\": \"报告显示，在使用社交软件时，有65.13%年轻人对于别人知道自己玩社交软件并不在意，但还有26.51%的年轻人会感觉“有点羞耻”。\"}"
}
[2025-03-13 00:19:02] [INFO]: 开始从网页内容中提取与主题相关的内容
{
  "module": "web-content-extractor",
  "theme": "1.外卖平台智能派单系统对家庭关系的影响研究 2.某大厂将员工家属联系频率纳入绩效的争议事件 3.律师事务所统计的22:00-02:00离婚咨询占比数据"
}
[2025-03-13 00:19:41] [INFO]: 内容提取完成
{
  "module": "web-content-extractor",
  "theme": "1.外卖平台智能派单系统对家庭关系的影响研究 2.某大厂将员工家属联系频率纳入绩效的争议事件 3.律师事务所统计的22:00-02:00离婚咨询占比数据",
  "content": "{\"webpage\": \"外卖骑手职业群体的工作压力较大，每周平均工作6.4天，每天平均工作9.8个小时。61.6%的外卖骑手一周7天都在工作，55.1%的外卖骑手平均每天工作8～10小时，36.7%的外卖骑手平均每天工作超过10小时。这种高强度的工作模式可能对家庭关系产生负面影响，尤其是外卖骑手在闲暇时间安排上，排在前3位的分别是看短视频（36.3%）、打游戏（29.2%）、听音乐（28.2%），表明他们与家人互动的时间较少。\"}\n{\"webpage\": \"外卖骑手职业群体的家庭状况和生活特征显示，个人和家庭所面临的压力较大的前3个方面是：自己或家庭收入低（42.0%）、住房（33.3%）、子女教育（29.5%）。有未成年子女的外卖骑手所感受到的子女教育压力明显大于没有未成年子女的外卖骑手，尤其是有2个未成年子女的外卖骑手，占比高达55.3%。此外，感受到婚姻恋爱压力的未婚或同居群体和丧偶群体占比均超过30.0%。\"}\n{\"webpage\": \"外卖骑手职业群体的劳动模式加剧了劳动过程中的风险，平台算法系统全程辅助外卖骑手职业群体的劳动，监控外卖骑手职业群体的劳动操作，也为外卖骑手职业群体获得收益提供依据。外卖骑手职业群体不得不用逆行、闯红灯、超速换超时等方式多接单、多送单，加大了交通事故发生的风险。这种高风险的工作环境可能进一步影响家庭关系，尤其是在外卖骑手遭遇意外时，家庭可能面临更大的经济和精神压力。\"}"
}
[2025-03-13 00:19:41] [INFO]: 开始从网页内容中提取与主题相关的内容
{
  "module": "web-content-extractor",
  "theme": "1.外卖平台智能派单系统对家庭关系的影响研究 2.某大厂将员工家属联系频率纳入绩效的争议事件 3.律师事务所统计的22:00-02:00离婚咨询占比数据"
}
[2025-03-13 00:20:06] [INFO]: 内容提取完成
{
  "module": "web-content-extractor",
  "theme": "1.外卖平台智能派单系统对家庭关系的影响研究 2.某大厂将员工家属联系频率纳入绩效的争议事件 3.律师事务所统计的22:00-02:00离婚咨询占比数据",
  "content": "{\"webpage\": \"外卖骑手王计兵最多同时接到11个订单，拼命跑了一个小时，按时送达了7单，仍有4单超时被罚款。他在平台评级中是“黄金”等级，距离最高等级“王者”还差一个“钻石”。因顾客留错地址导致多单超时后，他在回家路上写下了《赶时间的人》这首诗。\"}  \n{\"webpage\": \"辽宁省检察院第八检察部副主任王人禾注册成为众包骑手，体验外卖骑手的工作。他发现外卖骑手为了赶时间常常超速、逆行、闯红灯，增加了交通事故风险。平台算法压缩配送时间，外卖骑手在收入激励下连续接单，劳动强度持续增加，疲劳送单现象普遍。\"}  \n{\"webpage\": \"外卖骑手邵新银在送餐途中发生严重交通事故，双腿骨折、肋骨断裂，申请工伤待遇时遇到困难。因与多家公司存在复杂关系，劳动关系难以认定，最终通过调解结案。此案反映了外卖骑手在工伤待遇申请中的普遍困境。\"}"
}
[2025-03-13 00:20:06] [INFO]: 开始从网页内容中提取与主题相关的内容
{
  "module": "web-content-extractor",
  "theme": "1.外卖平台智能派单系统对家庭关系的影响研究 2.某大厂将员工家属联系频率纳入绩效的争议事件 3.律师事务所统计的22:00-02:00离婚咨询占比数据"
}
[2025-03-13 00:20:27] [INFO]: 内容提取完成
{
  "module": "web-content-extractor",
  "theme": "1.外卖平台智能派单系统对家庭关系的影响研究 2.某大厂将员工家属联系频率纳入绩效的争议事件 3.律师事务所统计的22:00-02:00离婚咨询占比数据",
  "content": "{\"webpage\": \"2023年依法办理离婚手续360.53万对，其中：民政部门登记离婚259.37万对，法院判决、调解离婚101.16万对。离婚率为2.6‰。\"}\n{\"webpage\": \"2023年离婚对数比上一年增加72.6万对，上升25.2%，其中，协议离婚增加49.37万对，诉讼离婚增加23.26万对。\"}\n{\"webpage\": \"从2021年开始实施离婚冷静期后，协议离婚占比逐年下降，而诉讼离婚占比则逐年上升。2021年协议离婚占比下降到75.41%，2023年进一步下降到71.94%。2021年诉讼离婚占比上升到24.59%，2023年进一步上升到28.06%。\"}"
}
[2025-03-13 00:20:27] [INFO]: 开始从网页内容中提取与主题相关的内容
{
  "module": "web-content-extractor",
  "theme": "1.外卖平台智能派单系统对家庭关系的影响研究 2.某大厂将员工家属联系频率纳入绩效的争议事件 3.律师事务所统计的22:00-02:00离婚咨询占比数据"
}
[2025-03-13 00:20:51] [INFO]: 内容提取完成
{
  "module": "web-content-extractor",
  "theme": "1.外卖平台智能派单系统对家庭关系的影响研究 2.某大厂将员工家属联系频率纳入绩效的争议事件 3.律师事务所统计的22:00-02:00离婚咨询占比数据",
  "content": "{\"webpage\": \"互联网大厂高管婚姻特点：时间成本多，加班996，甚至007，和另一半聚少离多，难以照顾家庭；因为职业缘故经常交际，抵制不住外界的诱惑，容易出轨。个别高管涉及创业，投入资金大，一旦创业失败，易欠下巨额债务，婚姻直面金钱危机。\"}\n{\"webpage\": \"互联网高管的婚姻不仅影响到公司的现有状况，还事关公司的未来命运。为了不让「天价离婚门」上演，公司高管必须从结婚的那一刻起，就做好风险防范。\"}\n{\"webpage\": \"阿里巴巴副总裁蒋凡被爆料出轨网红张大奕的新闻，事件一出后，蒋凡被除名阿里合伙人，降级，从M7降到了M6，取消上一年度所有奖励。同时如涵控股股价一度暴跌近10%，一夜蒸发约2200万美元，且在盘后时段仍显颓势。\"}"
}
[2025-03-13 00:24:32] [INFO]: 开始从网页内容中提取与主题相关的内容
{
  "module": "web-content-extractor",
  "theme": "需要获取冰岛/瑞典四天工作制具体实施效果数据（如劳动生产率、员工幸福感、生育率等变化），国内头部互联网企业近三年平均下班时间统计，以及相关婚恋数据对比（如离婚率/生育率变化曲线）"
}
[2025-03-13 00:24:56] [INFO]: 内容提取完成
{
  "module": "web-content-extractor",
  "theme": "需要获取冰岛/瑞典四天工作制具体实施效果数据（如劳动生产率、员工幸福感、生育率等变化），国内头部互联网企业近三年平均下班时间统计，以及相关婚恋数据对比（如离婚率/生育率变化曲线）",
  "content": "{\"webpage\": \"冰岛自2015至2019年的四年时间里，曾对涵盖医院、学校、商业公司等100个企业约2500名员工发起了一周四天工作制的实验，工作时间从原来的40小时减少到35-36小时。调整工作时间后，员工们纷纷表示工作压力和疲惫感减少了，工作积极性更高了。主要原因是休闲时间增多了，他们有更多时间去锻炼和社交，幸福感也相应提升了。测试取得了阶段性成果。大势所趋之下，冰岛在2021年7月与国内86%的打工人签署了一周工作四天的劳动合同。\"}\n{\"webpage\": \"冰岛四天工作制实验结果显示，员工的工作压力和疲惫感减少，工作积极性提高，幸福感提升。主要原因是休闲时间增多，员工有更多时间去锻炼和社交。\"}\n{\"webpage\": \"冰岛在2021年7月与国内86%的打工人签署了一周工作四天的劳动合同，这一模式被英国知名媒体BBC、《每日邮报》评价为“压倒性成功”。\"}"
}
[2025-03-13 00:24:56] [INFO]: 开始从网页内容中提取与主题相关的内容
{
  "module": "web-content-extractor",
  "theme": "需要获取冰岛/瑞典四天工作制具体实施效果数据（如劳动生产率、员工幸福感、生育率等变化），国内头部互联网企业近三年平均下班时间统计，以及相关婚恋数据对比（如离婚率/生育率变化曲线）"
}
[2025-03-13 00:25:17] [INFO]: 内容提取完成
{
  "module": "web-content-extractor",
  "theme": "需要获取冰岛/瑞典四天工作制具体实施效果数据（如劳动生产率、员工幸福感、生育率等变化），国内头部互联网企业近三年平均下班时间统计，以及相关婚恋数据对比（如离婚率/生育率变化曲线）",
  "content": "{\"webpage\": \"冰岛已有86%的员工每周工作35小时，并且正朝着每周四天工作制的方向转变。2019年8月，微软日本公司成为日本第一家实行四天工作制的跨国公司，2300名员工连续5个周五放假，反馈的效果是“效率提高40%”。\"}\n{\"webpage\": \"西班牙“太阳软件”公司自2020年1月起实施每周四天工作制，营业额增加了，缺勤率降低近28%。数字营销咨询公司Good Rebels的140名员工去年夏天尝试了3个月从周一至周四工作的模式，并在当年取得30%的业绩增长。\"}\n{\"webpage\": \"英国近70家企业共3300多名员工参与每周四天工作制试验，参与企业涉及软件开发、金融、咨询、招聘等行业。参与试验的慈善银行负责人表示，四天工作制将创造更快乐的员工队伍，并在提高企业生产效率和社会责任感等方面产生积极影响。\"}\n{\"webpage\": \"西班牙工业部为有意加入创新工作制的150至200家公司制订1000万欧元的补贴计划，未来几年政府的补贴额将达到5000万欧元。申请的企业需要提出技术创新计划或对原工作团队进行重组以便减少工作时间。\"}\n{\"webpage\": \"伊林沃思在伦敦一家公关公司工作，合同中有“每周工作4天但多休息的那天也要随时待命”的选项。在干了半年且有晋升机会时，他和公司都决定将合同恢复为每周工作5天。伊林沃思说，工作时间减少，让自己在团队中的定位变得模糊不清，与领导和同事接触减少不是什么好事。\"}"
}
[2025-03-13 00:25:17] [INFO]: 开始从网页内容中提取与主题相关的内容
{
  "module": "web-content-extractor",
  "theme": "需要获取冰岛/瑞典四天工作制具体实施效果数据（如劳动生产率、员工幸福感、生育率等变化），国内头部互联网企业近三年平均下班时间统计，以及相关婚恋数据对比（如离婚率/生育率变化曲线）"
}
[2025-03-13 00:25:39] [INFO]: 内容提取完成
{
  "module": "web-content-extractor",
  "theme": "需要获取冰岛/瑞典四天工作制具体实施效果数据（如劳动生产率、员工幸福感、生育率等变化），国内头部互联网企业近三年平均下班时间统计，以及相关婚恋数据对比（如离婚率/生育率变化曲线）",
  "content": "{\"webpage\": \"全球最大规模的四天工作制社会实验历时半年，由英国61家企业和约2900名工人参与，结果显示员工缺勤率从每月2天下降到0.7天，离职率下降了57%，企业利润平均同比增长35%。91%参与实验的企业决定以后一直实行四天工作制，员工职业倦怠程度下降，压力减轻，睡眠质量改善，工作和家庭责任更容易平衡。\"}\n{\"webpage\": \"冰岛在2015年至2019年进行了每周工作35至36小时的大规模试点，最终取得了“压倒性的成功”，推动了冰岛近90%的岗位缩减每周工作时长。\"}\n{\"webpage\": \"英国的实验结果显示，73%的员工认为职业倦怠程度下降，39%的员工感觉压力减轻，40%的员工睡眠质量改善，54%的受访者表示更容易平衡工作和家庭责任。男性员工照顾孩子的时间增加了一倍多，脑力劳动者花更长时间健身锻炼，体力劳动者普遍感到休息得更好。\"}\n{\"webpage\": \"环境咨询公司Tyler Grange在试用四天工作制后，生产力提高了20%以上，员工因病假缺勤的天数减少了约18天。\"}"
}
[2025-03-13 00:30:42] [INFO]: 开始从网页内容中提取与主题相关的内容
{
  "module": "web-content-extractor",
  "theme": "1.情感颗粒度的准确定义及其在数字时代的演变 2.收集95-00后夫妻利用短视频平台特性化解矛盾的典型案例 3.婚恋专家对过度量化情感的批判性观点及替代方案"
}
[2025-03-13 00:31:10] [INFO]: 内容提取完成
{
  "module": "web-content-extractor",
  "theme": "1.情感颗粒度的准确定义及其在数字时代的演变 2.收集95-00后夫妻利用短视频平台特性化解矛盾的典型案例 3.婚恋专家对过度量化情感的批判性观点及替代方案",
  "content": "{\"webpage\": \"情感颗粒度的准确定义及其在数字时代的演变：网页内容未直接提及情感颗粒度的定义及其演变，但提到Z世代年轻人对婚姻的开放态度和多元选择，反映了情感表达和婚姻观念的多样化趋势。\"}\n{\"webpage\": \"收集95-00后夫妻利用短视频平台特性化解矛盾的典型案例：网页内容未提及具体案例，但提到年轻人通过社交软件、线下活动等方式寻找真爱，反映了他们对新型社交工具的依赖和利用。\"}\n{\"webpage\": \"婚恋专家对过度量化情感的批判性观点及替代方案：网页内容未直接提及婚恋专家的批判性观点，但提到年轻人对婚姻的期待更多基于三观和性格的匹配，而非物质条件，暗示了对情感质量的重视而非量化。\"}"
}
[2025-03-13 00:31:10] [INFO]: 开始从网页内容中提取与主题相关的内容
{
  "module": "web-content-extractor",
  "theme": "1.情感颗粒度的准确定义及其在数字时代的演变 2.收集95-00后夫妻利用短视频平台特性化解矛盾的典型案例 3.婚恋专家对过度量化情感的批判性观点及替代方案"
}
[2025-03-13 00:31:19] [INFO]: 内容提取完成
{
  "module": "web-content-extractor",
  "theme": "1.情感颗粒度的准确定义及其在数字时代的演变 2.收集95-00后夫妻利用短视频平台特性化解矛盾的典型案例 3.婚恋专家对过度量化情感的批判性观点及替代方案",
  "content": "```jsonl\n{\"webpage\": \"网页内容未提供与'情感颗粒度的准确定义及其在数字时代的演变'、'95-00后夫妻利用短视频平台特性化解矛盾的典型案例'或'婚恋专家对过度量化情感的批判性观点及替代方案'相关的信息。\"}\n```"
}
[2025-03-13 00:34:43] [INFO]: 开始从网页内容中提取与主题相关的内容
{
  "module": "web-content-extractor",
  "theme": "1. 各大城市兴起的'无手机约会'活动参与数据 2. 社会学关于传统市场人际互动的研究结论 3. 当代艺术展中涉及亲密关系的科技伦理作品"
}
[2025-03-13 00:35:46] [INFO]: 内容提取完成
{
  "module": "web-content-extractor",
  "theme": "1. 各大城市兴起的'无手机约会'活动参与数据 2. 社会学关于传统市场人际互动的研究结论 3. 当代艺术展中涉及亲密关系的科技伦理作品",
  "content": "{\"webpage\": \"é»æ²ç³æ¯ä¸ä½èºæ¯å®¶ï¼å¥¹çä½åå°äººçææä¸ææº/æ æºç©èç³»èµ·æ¥ï¼ä½ä¸ºææ/ç²¾ç¥çå¯æï¼å°äººçææå¯æå¨ç©è´¨ä¸ï¼è®©ç©è´¨ååºååºãå¥¹çä½ååæ äºç°ä»£èºæ¯å±ä¸­æ¶åäº¤å¾åç§æä¼ªççä½åã\"}\r\n{\"webpage\": \"é»æ²ç³çä½ååæ äºäººç±»ä¸ç©è´¨ä¹é´çææå¯æï¼å¹¶éè¿èºæ¯è¡¨è¾¾æ¹å¼æ¢è®¨äººç±»åå¿å±æ¬¡çååãå¥¹çä½åå«æå¯¹ç°ä»£ç¤¾ä¼ç¯å¢çæèï¼ç¹å«æ¯å¯¹äººç±»ä¸ç§æä¹é´å³ç³»çæ¢è®¨ã\"}\r\n{\"webpage\": \"é»æ²ç³çä½ååæ äºäººç±»ææå¯æå¨ç©è´¨ä¸çè¿ç¨ï¼å¹¶éè¿èºæ¯è¡¨è¾¾æ¹å¼æ¢è®¨äººç±»åå¿å±æ¬¡çååãå¥¹çä½åå«æå¯¹ç°ä»£ç¤¾ä¼ç¯å¢çæèï¼ç¹å«æ¯å¯¹äººç±»ä¸ç§æä¹é´å³ç³»çæ¢è®¨ã\"}"
}
[2025-03-13 00:35:46] [INFO]: 开始从网页内容中提取与主题相关的内容
{
  "module": "web-content-extractor",
  "theme": "1. 各大城市兴起的'无手机约会'活动参与数据 2. 社会学关于传统市场人际互动的研究结论 3. 当代艺术展中涉及亲密关系的科技伦理作品"
}
[2025-03-13 00:36:07] [INFO]: 内容提取完成
{
  "module": "web-content-extractor",
  "theme": "1. 各大城市兴起的'无手机约会'活动参与数据 2. 社会学关于传统市场人际互动的研究结论 3. 当代艺术展中涉及亲密关系的科技伦理作品",
  "content": "{\"webpage\": \"波尔坦斯基在中国的首次大型个展“忆所”展出了他自1980年代以来的代表作品，包括《心之档案》和《机遇·命运之轮》。这些作品探讨了命运、记忆和人类境况，特别是《心之档案》收集了全球超过12万件心跳记录，保存在日本丰岛的心跳档案馆中，观众可以聆听来自亲人或陌生者的心跳声。\"}\n{\"webpage\": \"波尔坦斯基的作品《机遇·命运之轮》通过展示新生婴儿的照片，探讨了命运的选择和偶然性。作品中的传送带随机暂停，拍下某张婴儿的面庞，象征着生命中的幸与不幸，究竟是机遇还是天意。\"}\n{\"webpage\": \"波尔坦斯基的装置作品《无人》展示了将近10吨收集自中国的衣服堆砌成一座山，高达15米的起重机钩爪悬于其上，重复抓起、抛下衣服的动作。这件作品强调了衣物所指代的“人们”最终幻化为“无人”的境况，命运的遴选机凌驾于每一个个体之上。\"}"
}
[2025-03-13 00:36:07] [INFO]: 开始从网页内容中提取与主题相关的内容
{
  "module": "web-content-extractor",
  "theme": "1. 各大城市兴起的'无手机约会'活动参与数据 2. 社会学关于传统市场人际互动的研究结论 3. 当代艺术展中涉及亲密关系的科技伦理作品"
}
[2025-03-13 00:36:24] [INFO]: 内容提取完成
{
  "module": "web-content-extractor",
  "theme": "1. 各大城市兴起的'无手机约会'活动参与数据 2. 社会学关于传统市场人际互动的研究结论 3. 当代艺术展中涉及亲密关系的科技伦理作品",
  "content": "{\"webpage\": \"沉浸式互动装置艺术的设计原则中，交互性是最重要的属性之一。例如，日本艺术团体teamLab创作的装置《无序中的和谐》中，观众的行为直接影响作品的动态变化，每个人都是独立的个体，但同时也受到周围人的影响，作品不断变化，体现了观众与装置之间的深度互动。\"}\n{\"webpage\": \"沉浸式互动装置艺术的虚拟性体现在超越时间和空间的限制。例如，迈阿密的Patricia and Phillip Frost科学博物馆的多媒体互动装置，通过虚拟水族馆展现湾流对海洋世界的影响，观众可以在虚拟环境中与海洋生物互动，体验虚拟现实技术带来的沉浸感。\"}\n{\"webpage\": \"沉浸式互动装置艺术《圣堂的背叛》通过三块屏幕讲述了三段故事，分别象征人的出生、死亡和灵魂转化。第一段中，观众的身体被识别为黑影并化为飞鸟；第二段中，飞鸟啃食黑影，象征生命的消逝；第三段中，观众的手臂被转化为翅膀，象征重生。作品通过光影交织的效果，引导观众思考生命的意义。\"}"
}
[2025-03-13 00:41:10] [INFO]: 开始从网页内容中提取与主题相关的内容
{
  "module": "web-content-extractor",
  "theme": "1.真实存在的非语言沟通实验具体操作规则 2.实验过程中出现的意外转折事件 3.参与者关系质量变化的可视化数据对比 4.具有传播力的具体行为细节（如用家电噪音传递暗号、靠外卖备注传情等）"
}
[2025-03-13 00:41:43] [INFO]: 内容提取完成
{
  "module": "web-content-extractor",
  "theme": "1.真实存在的非语言沟通实验具体操作规则 2.实验过程中出现的意外转折事件 3.参与者关系质量变化的可视化数据对比 4.具有传播力的具体行为细节（如用家电噪音传递暗号、靠外卖备注传情等）",
  "content": "{\"webpage\": \"课程亮点：系统化关系修复流程：清晰步骤指导，修复关系，重建信任，达成和谐；创造无评判空间：掌握技巧，建立真诚沟通氛围，有效表达感受和需求；问题洞察与实战指导：精准发现症结，提供解决路径，提升沟通和冲突调解能力；突破对立思维：结合NVC与身心灵健康，克服'非此即彼'，修复隔阂与分离；NVC核心精髓：传递普世价值，适用于不同文化背景，融入日常生活实践；激发内在潜能：疏通内在障碍，释放个人力量，让沟通更自信、真诚和有效。\"}\n{\"webpage\": \"课程内容：关系修复：学习完整的关系修复流程，重建破裂的信任，达成和解；练习真诚有爱的 NVC道歉，化解冲突，实现深层次的关系修复；创造真诚、无评判的沟通空间，理解彼此的人性，增进相互理解和包容。转化批评与攻击：将批评、威胁、指责等负面表达转化为真实的感受与需求；学习如何听到对方话语背后的'请'和'谢谢'，消除防备,促进和解。包容每个人的需求：尊重每个人的选择，创造不受胁迫的沟通环境，确保每个人的声音都被听见；平衡关系中的权力差异，确保每个人的需求得到同等重视，达成基于意愿的共识。健康界限与责任：放下内疚与羞愧感， 摆脱惩罚式责任认知；承担我们言行对对方带来的影响，但不背负对方的责任；为自己的情绪和需求负责，同时尊重他人的感受与需求，建立健康的界限。相互依存的整全关系：坦诚表达自己的需求，同时尊重他人的选择，避免强求结果；拥抱自身的脆弱，增进内心自由，重拾个人力量；以真诚磊落的态度表达自己，同时关照对方，建立真正的相互依存关系。\"}\n{\"webpage\": \"导师介绍：Aya Caspi是国际非暴力沟通认证培训师，她在全球多个国家和地区推动非暴力沟通应用。她的工作包括沟通顾问，社会变革和冲突调解等。她因能创造理解和化解紧张局势的经验而备受赞誉。Aya 出生并成长于以色列，身边充满了挑战。从小，她受犹太教教义的熏陶，尤其是'像爱自己一样爱邻居'这一黄金法则。她一直渴望践行这一准则，但在面对冲突或挑战关系时，常常难以理解如何真正做到爱人如己，甚至对自己也有严苛的批评。经过多年的精神探索，Aya 找到了非暴力沟通（NVC），一条引导她走向无条件之爱和真诚的道路。她将 NVC 视为一种有力的实践路径，帮助她在真实中活出不妥协的爱。\"}"
}
[2025-03-13 00:41:43] [INFO]: 开始从网页内容中提取与主题相关的内容
{
  "module": "web-content-extractor",
  "theme": "1.真实存在的非语言沟通实验具体操作规则 2.实验过程中出现的意外转折事件 3.参与者关系质量变化的可视化数据对比 4.具有传播力的具体行为细节（如用家电噪音传递暗号、靠外卖备注传情等）"
}
[2025-03-13 00:42:29] [INFO]: 内容提取完成
{
  "module": "web-content-extractor",
  "theme": "1.真实存在的非语言沟通实验具体操作规则 2.实验过程中出现的意外转折事件 3.参与者关系质量变化的可视化数据对比 4.具有传播力的具体行为细节（如用家电噪音传递暗号、靠外卖备注传情等）",
  "content": "{\"webpage\": \"1.倾听与理解：丈夫要学会倾听妻子的声音和需求，给予她充分的关注和理解。不要打断她的话或者否定她的感受，而是试着去理解她的立场和想法。\"}\n{\"webpage\": \"2.表达自己的感受：在沟通时，丈夫要学会表达自己的感受，让妻子了解自己的内心世界。通过分享自己的情感和经历，可以增进夫妻之间的亲密感。\"}\n{\"webpage\": \"3.避免攻击性语言：在争吵或者表达不满时，丈夫要避免使用攻击性的语言，而是用温和、理性的方式表达自己的想法。这样可以避免伤害夫妻感情，降低矛盾的升级。\"}\n{\"webpage\": \"4.积极解决矛盾：当夫妻之间出现矛盾时，丈夫要积极解决问题，而不是逃避或者忽视。可以试着与妻子共同寻找解决问题的办法，让夫妻关系更加紧密。\"}\n{\"webpage\": \"5.给予支持和鼓励：在日常生活中，丈夫要给予妻子充分的支持和鼓励，让她感受到自己的价值和重要性。在妻子遇到挫折或者困难时，可以给予她温暖的关怀和帮助。\"}\n{\"webpage\": \"6.尊重对方的意见：在沟通时，丈夫要尊重妻子的意见和想法，不要轻易否定或者忽视她的观点。可以试着从妻子的想法中寻找共同点，增进彼此的理解和信任。\"}\n{\"webpage\": \"7.保持冷静与理智：在处理夫妻矛盾时，丈夫要保持冷静和理智，不要过于情绪化或者激动。试着用温和的语气和态度来解决问题，可以让夫妻关系更加稳定和健康。\"}\n{\"webpage\": \"8.给予关心和体贴：在日常生活中，丈夫要关心体贴妻子，了解她的需求和感受。可以试着为她做一些简单的家务事或者安排一些浪漫的活动，增进夫妻之间的感情。\"}\n{\"webpage\": \"9.学会道歉与原谅：当丈夫意识到自己的错误或者过失时，要学会道歉并且接受妻子的原谅。这样可以避免矛盾的扩大和加剧，同时也可以增进夫妻之间的信任和理解。\"}\n{\"webpage\": \"10.共同制定目标：在日常生活中，丈夫可以与妻子共同制定一些家庭目标，比如孩子的教育、家庭预算、生活规划等等。这样可以增强夫妻之间的合作和沟通效果。\"}\n{\"webpage\": \"11.保持开放的心态：在沟通时，丈夫要保持开放的心态，试着去理解和接受妻子的观点和生活方式。不要对她的决定或者行为做出过度的评价或者干涉。\"}\n{\"webpage\": \"12.建立信任与尊重：在夫妻关系中，信任和尊重是最重要的因素之一。丈夫要尊重妻子的隐私和个人空间，同时也要表现出自己对妻子的信任和忠诚。通过建立信任和尊重的关系，可以让夫妻之间的沟通更加顺畅和有效。\"}"
}
