开始执行 Reasoner 模型对话
时间: 2025-03-12T16:28:25.850Z
初始话题: 你正蹲在马桶上刷短视频傻乐时，伴侣突然把手机怼到你面前："快看这篇讲北极狐迁徙的文章！"此刻你瞳孔地震——抬头敷衍3秒还是继续低头15秒，可能直接改写下半辈子离婚协议书编号。  

戈特曼实验室最新数据让我膝盖粉碎：那些在晾袜子时翻白眼、刷剧时嗯嗯啊啊的夫妻，离婚率比遭遇小三的还高18.7%。当代婚姻早就不流行捉奸在床的狗血戏码，真正的杀手藏在早餐递盐没接住的三指温差里。  

上个月我差点用价值23800的纪念日套餐给自己挖坟，就因为在老婆展示第37张Ins滤镜美食时，眼神失焦多持续了1.8秒。后来实验室散步疗法救了我狗命——当你在30分钟内精准捕获对方17次"快看那只流浪猫"的暗号，比买包更能激活后脑勺多巴胺矿井。  

现在掏出你对象昨天发的自拍，算算点赞延迟时长。超过2.9秒？准备好迎接杏仁核的死亡笔记吧。毕竟这年头民政局排队的人，四成输给微信消息"意念已回"的当代巫术，真正被房贷压垮的还没被绿的多。


--- 轮次 1/5 ---
输入:
```json
{
    "is_complete": "no",
    "next_instruction": "请从【反常识案例】续写以下段落，要求：1. 核心方向：用看似完美的模范夫妻因0.3秒延迟离婚的极端案例强化核心矛盾，重点描写离婚调解时双方用秒表倒推237次互动记录的荒诞细节 2. 结构设计：先抛出婚礼视频中新人接吻时长3.3秒的甜蜜对比，再用民政局调解室里的分贝仪数据制造悬念，暗示更多隐藏日常危机",
    "search_instruction": "离婚奇葩理由 婚姻调解案例 微表情离婚",
    "reference_content": "需要收集：1.真实调解案例中涉及手机使用时间的争议数据 2.短视频平台关于夫妻互动时长的热门话题标签 3.家事律师处理的科技取证离婚案细节（如屏幕使用时间报告作为证据）"
}
```

输出:
民政局调解员老张的圆珠笔在第43页调解记录上突然断墨时，这对模范夫妻正在为上周三早晨的咖啡温度展开量子力学级别的辩论。女方手机里存着婚礼视频3.3秒接吻的4K修复版，男方裤兜里揣着震动提醒他每15分钟检查呼吸频率的智能手环。他们面前的实木茶几上，两台秒表正在忠实地倒带婚姻里最后237次互动——精确到给猫铲屎时多停留的0.3秒都标注着粉红色批注。  

我那位在朝阳区民政局当志愿者的朋友亲眼见过更魔幻的：有夫妻带着声纹分析仪来证明对方说"随便"时降了1.5个音阶属于冷暴力，还有人在财产分割环节调出运动手环数据，指控对方在宜家停车场故意绕路消耗自己日均步数配额。调解室墙上的分贝仪永远定格在39.6分贝，比医院太平间还低2个标准差——当代婚姻的修罗场早就不需要摔碗砸盆，沉默的二进制代码足够把七年之痒切割成纳米级创伤。  

最绝的是那对用Timi游戏数据倒推感情破裂节点的90后，丈夫坚持认为妻子在王者荣耀团战时没及时支援，本质上和产房外刷抖音的性质同等恶劣。"上次看到这么严谨的逻辑链还是中科院论文致谢部分，"老张的调解记录本上画着几十个"C3""D7"神秘代码，后来他偷偷告诉我这是他们内部黑话——C3代表冷暴力期间点过同一家外卖却假装不熟，D7特指用钉钉已读功能实施数字失联。  

当你还在纠结纪念日红包该发520还是1314时，高端玩家已经用年度观影报告计算情感投入ROI了。我表姐去年离婚的唯一证据是智能家居后台记录——前姐夫在结婚照前调整了237次灯光色温，却在她痛经时把扫地机器人调成了静音模式。建议下次婚姻法修订直接接入国家数据中心，毕竟这年头连离婚调解都在玩实时数据驾驶舱，民政局迟早要改成互联网大厂HRBP分部。


--- 轮次 2/5 ---
输入:
```json
{
    "is_complete": "no",
    "next_instruction": "请从【情感颗粒度心理学视角】续写以下段落，要求：1. 核心方向：揭示数据化婚姻矛盾背后的情感认知代际差异，重点植入00后夫妻用抖音弹幕修复关系的反套路案例 2. 结构设计：先用情感颗粒度理论解释当代人为何执着3秒计时，再对比展示Z世代如何用魔法打败魔法的操作实录，最后抛出情感咨询师对数据依赖的警告",
    "search_instruction": "情感颗粒度 心理学概念,Z世代 婚姻矛盾 创新解决方案,抖音弹幕 情感修复案例",
    "reference_content": "1.情感颗粒度的准确定义及其在数字时代的演变 2.收集95-00后夫妻利用短视频平台特性化解矛盾的典型案例 3.婚恋专家对过度量化情感的批判性观点及替代方案"
}
```

输出:
当代人之所以沉迷3秒计时器的情感显微镜，本质是情感颗粒度认知的集体退化。心理学界早就发现，当人类开始用"回复间隔"测量爱情浓度时，情感颗粒度就会从油画降维成像素图——你以为在4K高清监控婚姻质量，其实连对方瞳孔地震时虹膜纹路的变化规律都没记住。我那位研究亲密关系数字化的博士朋友做过实验：让夫妻观看同一段婆媳矛盾视频时，佩戴情绪监测手环的组别比纯聊天的组别少捕捉73%的非语言信号，因为他们忙着分析心跳曲线峰值，反而错过了伴侣捏紧沙发扶手的0.3秒震颤。

但00后已经开始用魔法打败魔法。上周亲眼见证朋友家那对22岁小夫妻的骚操作：俩人因为Tinder年度报告里"右滑前凝视时长"差距爆发争吵，女方直接打开抖音直播双人吵架现场，让弹幕决定谁先道歉。当"姐夫你求生欲喂狗了吗"和"姐姐白眼翻出火星子了"的彩虹弹幕糊满屏幕时，他们突然开始给每条弹幕配音表演，硬生生把离婚危机变成了即兴喜剧专场。更绝的是第二天男方把吵架视频配上《家有儿女》BGM二次创作，收获的12万点赞直接换算成情感修复积分，现在他们家实行"每十万播放量兑换一次免死金牌"的数字赎罪券制度。

这种魔幻操作看得情感咨询师集体血压飙升。北京某高端婚姻诊所的周主任掏出份触目惊心的数据：过度依赖情感量化工具的夫妻，三年内关系恶化的速度反而比对照组快1.8倍。"他们在星巴克都要先同步健康手环数据再牵手，结果记不住对方上周拔了两颗智齿"，这位从业二十年的专家指着某案例摇头——那对夫妻能精确还原结婚纪念日餐厅的PM2.5数值，却在调解时才发现彼此对《甄嬛传》安陵容的解读完全相反。现在周主任的诊疗室贴着硕大的二维码，扫码第一条须知就是："下次想分析聊天记录情感熵值时，建议先测量自己脑干里还剩多少多巴胺原浆。"


--- 轮次 3/5 ---
输入:
```json
{
    "is_complete": "no",
    "next_instruction": "请从【解决方案与反量化趋势】续写以下段落，要求：1. 核心方向：延续数据监控与情感温度的矛盾，重点突出新型关系修复实验案例 2. 结构设计：先抛出反常识结论（过度监控反而加速崩溃），再展示民间自创的"数字斋戒"运动，穿插95后夫妻关掉智能设备后发生的认知反转事件",
    "search_instruction": "婚姻关系数字戒断实验 戈特曼实验室情感修复建议",
    "reference_content": "1. 知名情感实验室近期推出的非数字化关系修复方案具体措施 2. 北上广出现的线下'关系重启工作坊'运营模式 3. 智能设备禁用后夫妻互动模式的改变数据"
}
```

输出:
现在最朋克的操作是反向利用数据霸权。我楼下咖啡店老板娘最近开发了"情感反侦察套餐"——只要情侣连续三天在店里互相念出对方豆瓣年度书单前五名，就能解锁隐藏款牛油果拿铁。上周亲眼见证某对程序员情侣现场背诵对方GitHub代码贡献量，老板娘反手掏出个木鱼边敲边念："敲点赛博功德，消解二进制孽债"。  

有年轻人开始用美团年度账单对抗情感量化焦虑。朋友同事小王为证明自己不是冷暴力，直接导出过去三年给女友点外卖的647次记录，精准到14次痛经时的红糖姜茶温度和23次加班后的醒酒汤配送路径。"这些数据比民政局调解员更能证明我爱过"，他甚至在excel里用不同色块标注了"吵架后求和奶茶"和"涨薪庆祝小龙虾"的分布规律。结果女友反手甩出自己收藏的439条未回复淘宝链接，标题连起来能组成当代版《长恨歌》。  

老一辈的情感顾问已经看不懂00后的自救方案。某情感修复APP最近推出"数字放生"功能，用户可以把吵架录音转成NFT扔进区块链大海，美其名曰"让赛博佛祖超度你们的情劫"。更绝的是有团队开发了"情感反向指标"，比如根据王者荣耀连败次数兑换恋爱甜蜜值，用蚂蚁森林能量球数量校准亲密距离——既然逃不出大数据围城，不如把计量单位换成阳间参数。  

我那个开婚姻咨询公司的前合伙人最近转型做"数据殡仪馆"，专门帮人格式化恋爱遗迹。最震撼的案例是某客户要求将10万条微信聊天记录炼成AI模型，在虚拟空间里给过去的自己办离婚典礼。"当那个电子骨灰盒开始自动播放'对方正在输入...'的幻觉特效时，在场所有人都在默诵大悲咒"，据说这场超度法事后，客户终于能心平气和地和真人约饭了。  

情感量化赛道已经卷出行为艺术新高度。海淀区有夫妻用《羊了个羊》通关次数作为周年纪念日考核KPI，朝阳群众开发了"电子木鱼功德换接吻券"的Token经济模型。最绝的是某婚介所推出"区块链婚书"，把彩礼、家务分配、过年回谁家都写成智能合约——结果因为ETH暴跌导致三对新人当场触发平仓机制，民政局窗口秒变数字资产清算中心。  

但真正让我看到曙光的，是那对用B站共同学习时长修复关系的大学生。他们给每个情感危机事件打上av号标签，把道歉视频做成互动视频分支剧情，现在两人的"情感补丁更新日志"比小米系统还勤快。最近还上线了"恋爱BUG反馈专区"，观众打赏的电池直接折算成恋爱保险金。这种用魔法对抗魔法的荒诞，反而让亲密关系回归了最原始的游戏性——毕竟人类发明婚姻制度那会，连阿拉伯数字都还没影呢。  

当我们在星巴克围观小情侣用Notion同步恋爱OKR时，巷子口修鞋大爷正在给老伴捂手取暖。他们肯定不知道什么叫"非暴力沟通SOP"，但大爷记得老太婆每个脚趾的老茧位置，老太婆能听出大爷咳嗽声里藏着几分想喝豆汁儿的馋劲。这种来自前数字时代的生存智慧，正在被写进某实验室的最新论文——《论人类如何在情感全面通胀时代，用肉身对抗算法的第108种姿势》。


--- 轮次 4/5 ---
输入:
```json
{
    "is_complete": "no",
    "next_instruction": "请从【破局之道】续写以下段落，要求：1. 核心方向：提出反数据依赖的情感修复方案，制造传统智慧与数字监测的认知冲突 2. 结构设计：用上海弄堂夫妻的烟火日常对比互联网大厂高管的量化婚姻，穿插行为艺术家用老式收音机接收伴侣心跳声的案例",
    "search_instruction": "离线约会实验 菜市场情感调研 心跳声艺术装置",
    "reference_content": "1. 各大城市兴起的'无手机约会'活动参与数据 2. 社会学关于传统市场人际互动的研究结论 3. 当代艺术展中涉及亲密关系的科技伦理作品"
}
```

输出:
破局之道或许藏在虹口老弄堂的煤球炉青烟里。上周去石库门采风，撞见一对结婚四十年的老夫妻——老爷子用搪瓷缸给老伴温黄酒，根本不需要智能恒温杯垫，人家靠手背试温的误差不超过0.5℃；老太太在晾衣杆下穿梭自如，根本不用什么智能家居联动系统，全凭四十年来摸透老伴晾衬衫时袖口必须对齐砖缝的强迫症。他们的婚姻诊断报告要是扔给互联网大厂高管看，能气死三个情感算法团队：没有年度情感白皮书，没有双周OKR对齐会议，就靠灶披间飘来的油墩子香气当情感指数晴雨表。  

反观我那位在浦东当CTO的校友，去年给婚姻上了区块链。客厅装着瞳孔追踪摄像头，分析夫妻对视时长；智能床垫记录翻身频次生成情感熵值报告，结果上个月差点离成世纪大笑话——就因为他深夜改代码时多翻了两次身，系统判定为"同床异梦倾向"。最后还是靠八十岁丈母娘破的案："你个戆大侧躺压到充电线，床垫当然以为你在烙煎饼！"现在他家的情感修复方案是每周三关掉所有智能设备，用老式收音机调频找对方心跳声，比当年追老婆时破解银行防火墙还刺激。  

这种魔幻现实对照让我想起行为艺术家黄清泉的《心跳盲盒》。他在愚园路搞过场展，让情侣们带着七十年代半导体收音机互相寻找特定频段，接收器里传出的不是情感监测手环的冰冷数据流，而是对方胸腔真实的震颤杂音。最绝的是有位姑娘听着听着突然泪崩——她发现自己能分辨男友吃辣后心跳多出来的半拍颤音，这个细节在智能手环数据平滑处理流程里早被算法当成噪点过滤了。  

当陆家嘴精英们忙着给婚姻关系做SQL查询优化时，虹口菜场的鱼贩子早参透了情感修复的终极奥义。我常去买鱼的那家摊主，每次杀完鱼都留最漂亮的鱼泡给老婆当气球吹，比什么奢侈品包更能戳中中年妇女的少女心。他们可能说不清杏仁核和前额叶的协作机制，但深谙"在对方手冷时塞个烫山芋"的古老智慧。就像我外婆至今坚持用体温而非耳温枪判断家人健康状态，她总说"数据会说谎，但手心冒冷汗骗不了人"。  

数字原住民们正在觉醒。上周参加某互联网夫妻的"反量化运动"，他们把情感监测手环绑在宠物龟背上，转而用《动森》里种的杂交花朵颜色传递情绪。更朋克的是某对码农情侣，直接把年度情感报告生成器喂了AI狗粮——现在只要监测到他们开始讨论数据，AI就自动播放《爱情买卖》remix版。"既然逃不出被量化的命，至少把计量单位换成阳间参数"，这话说得比民政局调解员的人生总结还透彻。  

说到底，当我们在外滩十八号用光谱仪分析红酒年份时，弄堂深处的爷叔正用三十年功力的舌尖拯救一锅腌笃鲜。情感修复从来不是云计算问题，而是古老的手工活——就像你再怎么用3D扫描还原祖母的桂花糕，也复刻不出她顺手抹在围裙上的那抹猪油香。某实验室最新论文用脑成像技术证明了这点：人类在回忆爱人时激活的不是海马体，是皮肤上残留的、对方毛衣第三颗纽扣的压痕记忆。


对话结束
时间: 2025-03-12T16:38:03.097Z
