[2025-03-13 16:14:50] [INFO]: 开始创建文章开头段落
{
  "module": "first-create",
  "theme": "当代亲密关系消亡史：手机正在成为婚姻的'合法第三者'",
  "sectionsCount": 5
}
[2025-03-13 16:29:22] [INFO]: 文章开头段落创建完成
{
  "module": "first-create",
  "theme": "当代亲密关系消亡史：手机正在成为婚姻的'合法第三者'",
  "contentLength": 439
}
[2025-03-13 17:51:28] [INFO]: 开始创建文章开头段落
{
  "module": "first-create",
  "theme": "婚姻咨询师不会告诉你的残酷真相：90%的离婚都始于'模糊性失去'",
  "sectionsCount": 5
}
[2025-03-13 17:52:18] [INFO]: 文章开头段落创建完成
{
  "module": "first-create",
  "theme": "婚姻咨询师不会告诉你的残酷真相：90%的离婚都始于'模糊性失去'",
  "contentLength": 477
}
[2025-03-13 18:24:12] [INFO]: 开始创建文章开头段落
{
  "module": "first-create",
  "theme": "反常识关系法则：越是拼命经营婚姻的人，越容易离婚",
  "sectionsCount": 5
}
[2025-03-13 18:25:10] [INFO]: 文章开头段落创建完成
{
  "module": "first-create",
  "theme": "反常识关系法则：越是拼命经营婚姻的人，越容易离婚",
  "contentLength": 571
}
[2025-03-13 19:04:56] [INFO]: 开始创建文章开头段落
{
  "module": "first-create",
  "theme": "Z世代的'半在场困境'：为什么越依赖科技的人越孤独？",
  "sectionsCount": 5
}
[2025-03-13 19:06:25] [INFO]: 文章开头段落创建完成
{
  "module": "first-create",
  "theme": "Z世代的'半在场困境'：为什么越依赖科技的人越孤独？",
  "contentLength": 686
}
