开始执行 Reasoner 模型对话
时间: 2025-03-10T06:20:16.971Z
初始话题: 当代都市爱情最魔幻的剧情，是你在餐桌前捧着手机刷短视频笑出鹅叫时，对面的伴侣正用修图软件给你的脸打马赛克。Esther Perel在纽约诊所接待的第438对怨侣，正在用Instagram私信功能上演量子纠缠——他发送的落日余晖视频在对方聊天框躺了三天，活像数字坟场里的赛博墓碑。

你们以为现代人分手要经历捉奸在床的狗血戏码？Too young。当代爱情死于微信消息两小时未读的焦灼，亡于抖音@对方看土味视频却显示"已送达"的沉默。亲密关系治疗师掏出计时器一测，发现都市男女平均每2.7分钟就要摸一次手机，比接吻频率高出23倍。当你的手指在6.1英寸屏幕上划出残影，本质上是在对枕边人进行一场慢性凌迟。

某位不愿透露姓名的G姓学者早就看透一切：当你在伴侣分享的"弱智吧神帖"下回复"哈哈哈"，相当于给爱情账户充值50元；要是敢让那条DM在聊天列表躺过夜，账户余额直接-200起跳。可现实是年轻人们宁可给主播打赏火箭，也不愿给对象的朋友圈点个爱心——毕竟前者能收获"谢谢哥哥"的夹子音，后者只会换来"你果然没看我的小作文"的死亡凝视。

Esther Perel这个当代月老早就发出红色警报：把对象当人形沙发用的后果，可比996严重多了。你每次用后脑勺接住伴侣的分享欲，都是在给亲密关系做开颅手术。等发现对方开始用siri练习对话时，你们的爱情已经在太平间排队领号了。

现在掏出手机看看，你上次秒回对象消息是什么时候？别慌，至少你家沙发不会因为冷落而闹离婚——等等，它上周好像确实离家出走了？


--- 轮次 1/5 ---
输入:
当代都市爱情最魔幻的剧情，是你在餐桌前捧着手机刷短视频笑出鹅叫时，对面的伴侣正用修图软件给你的脸打马赛克。Esther Perel在纽约诊所接待的第438对怨侣，正在用Instagram私信功能上演量子纠缠——他发送的落日余晖视频在对方聊天框躺了三天，活像数字坟场里的赛博墓碑。

你们以为现代人分手要经历捉奸在床的狗血戏码？Too young。当代爱情死于微信消息两小时未读的焦灼，亡于抖音@对方看土味视频却显示"已送达"的沉默。亲密关系治疗师掏出计时器一测，发现都市男女平均每2.7分钟就要摸一次手机，比接吻频率高出23倍。当你的手指在6.1英寸屏幕上划出残影，本质上是在对枕边人进行一场慢性凌迟。

某位不愿透露姓名的G姓学者早就看透一切：当你在伴侣分享的"弱智吧神帖"下回复"哈哈哈"，相当于给爱情账户充值50元；要是敢让那条DM在聊天列表躺过夜，账户余额直接-200起跳。可现实是年轻人们宁可给主播打赏火箭，也不愿给对象的朋友圈点个爱心——毕竟前者能收获"谢谢哥哥"的夹子音，后者只会换来"你果然没看我的小作文"的死亡凝视。

Esther Perel这个当代月老早就发出红色警报：把对象当人形沙发用的后果，可比996严重多了。你每次用后脑勺接住伴侣的分享欲，都是在给亲密关系做开颅手术。等发现对方开始用siri练习对话时，你们的爱情已经在太平间排队领号了。

现在掏出手机看看，你上次秒回对象消息是什么时候？别慌，至少你家沙发不会因为冷落而闹离婚——等等，它上周好像确实离家出走了？

输出:
```json
{
    "is_complete": "no",
    "next_instruction": "请从【科技反噬的悖论视角】续写以下段落，要求：1. 核心方向：揭示看似促进连接的科技如何制造更深的鸿沟，重点突出【产品设计机制与人性弱点的共谋】2. 结构设计：先抛硅谷工程师自白式案例，再用脑神经研究数据对比，最后回归'电子沙发'隐喻",
    "search_instruction": "约会软件算法设计原理、TikTok防沉迷诉讼案、斯坦福社交媒介反向隔离研究",
    "reference_content": "1.约会软件如何利用不定性奖励机制设计匹配算法 2.TikTok前员工证词中关于'预期违背'功能的设计细节 3.脑扫描显示刷短视频时抑制共情脑区的数据对比"
}
```


--- 轮次 2/5 ---
输入:
当代都市爱情最魔幻的剧情，是你在餐桌前捧着手机刷短视频笑出鹅叫时，对面的伴侣正用修图软件给你的脸打马赛克。Esther Perel在纽约诊所接待的第438对怨侣，正在用Instagram私信功能上演量子纠缠——他发送的落日余晖视频在对方聊天框躺了三天，活像数字坟场里的赛博墓碑。

你们以为现代人分手要经历捉奸在床的狗血戏码？Too young。当代爱情死于微信消息两小时未读的焦灼，亡于抖音@对方看土味视频却显示"已送达"的沉默。亲密关系治疗师掏出计时器一测，发现都市男女平均每2.7分钟就要摸一次手机，比接吻频率高出23倍。当你的手指在6.1英寸屏幕上划出残影，本质上是在对枕边人进行一场慢性凌迟。

某位不愿透露姓名的G姓学者早就看透一切：当你在伴侣分享的"弱智吧神帖"下回复"哈哈哈"，相当于给爱情账户充值50元；要是敢让那条DM在聊天列表躺过夜，账户余额直接-200起跳。可现实是年轻人们宁可给主播打赏火箭，也不愿给对象的朋友圈点个爱心——毕竟前者能收获"谢谢哥哥"的夹子音，后者只会换来"你果然没看我的小作文"的死亡凝视。

Esther Perel这个当代月老早就发出红色警报：把对象当人形沙发用的后果，可比996严重多了。你每次用后脑勺接住伴侣的分享欲，都是在给亲密关系做开颅手术。等发现对方开始用siri练习对话时，你们的爱情已经在太平间排队领号了。

现在掏出手机看看，你上次秒回对象消息是什么时候？别慌，至少你家沙发不会因为冷落而闹离婚——等等，它上周好像确实离家出走了？各位摸鱼大师们，今天咱们来扒一扒东方树叶这场逆袭大戏背后的骚操作。你以为人家是锦鲤附体？错！这是教科书级别的"反向狙击"战术。当整个饮料市场都在用糖浆给消费者嗑嗨时，东方树叶反手掏出三无产品——无糖、无香精、无甜味剂，直接把竞品们整不会了。这波操作好比在迪厅蹦迪时突然掏出保温杯泡枸杞，魔幻又合理。

但更狠的是他们玩的是"时间折叠术"。别人铺货要销量，他们铺货搞教育。便利店冰柜里永远在最下层躺平，包装设计直接照搬《茶叶品鉴指南》，瓶身上印的"1610年中国茶叶乘商船入欧"这种冷知识，活生生把快消品做成了移动茶文化博物馆。最骚的是用十年时间给消费者大脑装程序：看到透明瓶身就条件反射想到"健康"，看到茶汤颜色自动解码"品质"，这套认知植入术比特斯拉的OTA升级还精准。

你以为这就完了？人家还祭出"敌退我进"的阳谋。当竞品们跟风搞无糖茶饮时，东方树叶反手把SKU砍到只剩6款经典口味，这招"断舍离"直接把跟风者整破防。更绝的是玩起"大数据熬鹰"，硬是靠20万+终端网点积累的消费数据，把饮茶场景从老干部保温杯拓展到Z世代的剧本杀桌游店。现在知道为啥00后聚会都带瓶东方树叶了吧？这哪里是卖饮料？分明是在搞消费者心智的拆迁重建。

看看这组暗黑兵法：先用反人性产品筛选出高净值用户，再用时间杠杆熬死投机者，最后用场景革命收割新世代。这套组合拳打下来，硬是把无糖茶饮这个死亡赛道玩成了年增速40%的印钞机。最新财报显示他们的用户复购率吊打同行两倍，要我说这不是商业奇迹，根本是给整个快消行业上了一堂《论持久战》的公开处刑课。现在那些当初唱衰的人，脸都被抽成振动模式了吧？

输出:
```json
{
    "is_complete": "no",
    "next_instruction": "请从【商业策略与亲密关系维护的魔幻对比】续写以下段落，要求：1. 核心方向：将东方树叶的长期主义商业策略与当代人经营亲密关系的短视行为进行尖锐对比，突出'为什么我们愿意等一瓶茶沉淀十年，却不肯给爱情三个月耐心'的荒诞现实 2. 结构设计：先用神经经济学中的延迟满足实验数据打底，再抛出'爱情账户年化收益率计算公式'等伪科学概念制造黑色幽默",
    "search_instruction": "延迟满足实验 亲密关系维持时长 快消品用户忠诚度",
    "reference_content": "1. 斯坦福棉花糖实验最新追踪数据中关于关系维持能力的结论 2. 中国95后平均恋爱维系时长 3. 东方树叶用户5年复购率具体数值"
}
```

