开始执行 Reasoner 模型对话
时间: 2025-03-11T04:03:23.557Z
初始话题: 《关系拯救者的逆袭：每天30分钟散步如何让离婚率直降40%》

当代婚姻正在经历一场史诗级灾难——当夫妻对话时长被短视频完播率暴打，当十指紧扣变成充电线缠绕，当“我爱你”进化成“已读不回”，纽约街头有个疯子居然用维多利亚时代的遛弯大法，让离婚率表演了信仰之跃。

这位穿着实验室白大褂的当代月老，2022年5月在曼哈顿搞了出行为艺术：没收200对夫妻的手机，勒令他们每天手牵手散步半小时。结果你们猜怎么着？两年后这群人没离婚的比例比对照组高出40%，民政局离婚冷静期看了连夜辞职。

别急着划走说这是鸡汤，科学家的实验报告写得比《消失的爱人》还刺激。当现代爱情沦陷在“已读不回”和“朋友圈点赞战争”里，这群实验对象硬生生把散步走成了婚姻诺亚方舟——毕竟在人均手机成瘾的时代，能坚持30分钟不看屏幕的夫妻，约等于经历了一场赛博离婚冷静期。

最魔幻的是情人节特别企划：要求全球情侣扔掉玫瑰和法餐，换上运动鞋去压马路。结果当天分手率暴跌58%，花店老板集体报警说遭遇新型商业恐怖主义。事实证明当代爱情需要的不是999朵玫瑰，而是能共同对抗手机推送算法的革命友谊。

下回当你对象第108次对着手机傻笑时，别查岗也别摔手机，建议打开导航设置成“婚姻修复路线”。毕竟比起民政局调解员，你缺的可能只是条能并排行走的人行道——以及一个敢把对方手机扔进河里的勇气。（温馨提示：扔手机犯法，但可以暂时关机）


--- 轮次 1/5 ---
输入:
《关系拯救者的逆袭：每天30分钟散步如何让离婚率直降40%》

当代婚姻正在经历一场史诗级灾难——当夫妻对话时长被短视频完播率暴打，当十指紧扣变成充电线缠绕，当“我爱你”进化成“已读不回”，纽约街头有个疯子居然用维多利亚时代的遛弯大法，让离婚率表演了信仰之跃。

这位穿着实验室白大褂的当代月老，2022年5月在曼哈顿搞了出行为艺术：没收200对夫妻的手机，勒令他们每天手牵手散步半小时。结果你们猜怎么着？两年后这群人没离婚的比例比对照组高出40%，民政局离婚冷静期看了连夜辞职。

别急着划走说这是鸡汤，科学家的实验报告写得比《消失的爱人》还刺激。当现代爱情沦陷在“已读不回”和“朋友圈点赞战争”里，这群实验对象硬生生把散步走成了婚姻诺亚方舟——毕竟在人均手机成瘾的时代，能坚持30分钟不看屏幕的夫妻，约等于经历了一场赛博离婚冷静期。

最魔幻的是情人节特别企划：要求全球情侣扔掉玫瑰和法餐，换上运动鞋去压马路。结果当天分手率暴跌58%，花店老板集体报警说遭遇新型商业恐怖主义。事实证明当代爱情需要的不是999朵玫瑰，而是能共同对抗手机推送算法的革命友谊。

下回当你对象第108次对着手机傻笑时，别查岗也别摔手机，建议打开导航设置成“婚姻修复路线”。毕竟比起民政局调解员，你缺的可能只是条能并排行走的人行道——以及一个敢把对方手机扔进河里的勇气。（温馨提示：扔手机犯法，但可以暂时关机）

输出:
```json
{
    "is_complete": "no",
    "next_instruction": "请从【跨国文化冲击视角】续写以下段落，要求：1. 核心方向：用东京/柏林等城市对照实验强化散步疗法的普适性，重点突出【不同文化背景下的婚姻危机共性】2. 结构设计：先抛出日本便利店约会现象制造反差，再用德国夫妻散步前后对话字数统计打脸传统婚姻咨询",
    "search_instruction": "日本夫妻便利店约会现象 德国婚姻咨询数据 跨国散步实验对比",
    "reference_content": "1.日本家庭研究院关于便利店夜间约会占比数据 2.柏林婚姻登记处提供的离婚干预项目效果对比 3.东京涩谷区人行道宽度与情侣停留时长关联报告"
}
```


--- 轮次 2/5 ---
输入:
《关系拯救者的逆袭：每天30分钟散步如何让离婚率直降40%》

当代婚姻正在经历一场史诗级灾难——当夫妻对话时长被短视频完播率暴打，当十指紧扣变成充电线缠绕，当“我爱你”进化成“已读不回”，纽约街头有个疯子居然用维多利亚时代的遛弯大法，让离婚率表演了信仰之跃。

这位穿着实验室白大褂的当代月老，2022年5月在曼哈顿搞了出行为艺术：没收200对夫妻的手机，勒令他们每天手牵手散步半小时。结果你们猜怎么着？两年后这群人没离婚的比例比对照组高出40%，民政局离婚冷静期看了连夜辞职。

别急着划走说这是鸡汤，科学家的实验报告写得比《消失的爱人》还刺激。当现代爱情沦陷在“已读不回”和“朋友圈点赞战争”里，这群实验对象硬生生把散步走成了婚姻诺亚方舟——毕竟在人均手机成瘾的时代，能坚持30分钟不看屏幕的夫妻，约等于经历了一场赛博离婚冷静期。

最魔幻的是情人节特别企划：要求全球情侣扔掉玫瑰和法餐，换上运动鞋去压马路。结果当天分手率暴跌58%，花店老板集体报警说遭遇新型商业恐怖主义。事实证明当代爱情需要的不是999朵玫瑰，而是能共同对抗手机推送算法的革命友谊。

下回当你对象第108次对着手机傻笑时，别查岗也别摔手机，建议打开导航设置成“婚姻修复路线”。毕竟比起民政局调解员，你缺的可能只是条能并排行走的人行道——以及一个敢把对方手机扔进河里的勇气。（温馨提示：扔手机犯法，但可以暂时关机）当东京OL把婚姻咨询师塞进全家关东煮，柏林主妇用散步步数暴打心理治疗账单时，人类终于发现婚姻危机的解药不在《爱的五种语言》，而在城市规划局的盲道设计里。日本学者搞了个地狱级对照组实验——让东京夫妇在Lawson便利店进行“15分钟限定约会”，结果68%的参与者走出自动门就默契地走向离婚登记处。那些塞满饭团和成人杂志的荧光空间，把婚姻最后那点体面照得比丧尸片还惊悚，毕竟在收银台排队时讨论离婚协议，连背景音乐都是《蓝色骨头》的电子音效。

但真正让心理咨询师集体失业的，是柏林洪堡大学那组核爆级数据。他们给500对夫妻装上军用级对话记录仪，结果发现散步时人均输出4782个单词，而在号称“德国婚姻急诊室”的伴侣治疗室，对话量暴跌到连葬礼致辞都不如的612词。更杀人诛心的是，治疗结束后32%的夫妻会默契地多买两包烟，而散步结束的夫妻有74%会顺路扛回一箱啤酒——婚姻质量检测器根本不是啥专业量表，而是便利店老板看你买酒时的表情管理。

从新宿到菩提树下大街，全球夫妻正在用脚投票撕碎文化决定论。东京主妇牵着丈夫暴走代代木公园时骂上司的力道，和柏林工程师吐槽大众汽车装配线时的唾沫星子，本质上都是人类在对抗赛博时代的失语绝症。那个号称“要经营婚姻”的鬼话被证伪了，现代人需要的根本不是经营手册，而是市政厅多铺两公里不会踩狗屎的人行道——毕竟当你们步伐同步到能骂同一个闯红灯的电动滑板车时，早就比99%的婚姻导师更懂什么叫革命战友谊。

咨询界最后的尊严是被汉堡一组数据碾成渣的：传统婚姻治疗能让对话时长提升19%，但沿着易北河散步直接让夫妻对骂词汇量暴涨240%——注意是对骂，那些“亲爱的”“我爱你”等塑料台词反而锐减83%。事实证明，能指着同一条流浪狗大笑三分钟的夫妻，远比在治疗床上互诉衷肠的更有生存几率。所以下次看见柏林老太太拎着老头暴走施普雷河畔别感动，那可能是在用最德式严谨执行纽约实验室的救命KPI。

输出:
```json
{
    "is_complete": "no",
    "next_instruction": "请从【文化对冲实验】续写以下段落，要求：1. 核心方向：制造东西方数据对冲（首尔江南区vs巴黎左岸），揭露当代婚姻拯救术的地域性荒诞 2. 结构设计：用韩国政府「散步抵个税」政策对比法国「离婚冷静公园」建设失败案例，重点突出高压社会与浪漫之都的反向操作",
    "search_instruction": "韩国婚姻个税政策 巴黎离婚公园数据 首尔江南区步行道",
    "reference_content": "1.韩国2023年推行的婚姻维系税收减免具体条例 2.巴黎十五区离婚主题公园游客量变化 3.江南区特色「婚姻急救步道」装置艺术细节"
}
```


--- 轮次 3/5 ---
输入:
《关系拯救者的逆袭：每天30分钟散步如何让离婚率直降40%》

当代婚姻正在经历一场史诗级灾难——当夫妻对话时长被短视频完播率暴打，当十指紧扣变成充电线缠绕，当“我爱你”进化成“已读不回”，纽约街头有个疯子居然用维多利亚时代的遛弯大法，让离婚率表演了信仰之跃。

这位穿着实验室白大褂的当代月老，2022年5月在曼哈顿搞了出行为艺术：没收200对夫妻的手机，勒令他们每天手牵手散步半小时。结果你们猜怎么着？两年后这群人没离婚的比例比对照组高出40%，民政局离婚冷静期看了连夜辞职。

别急着划走说这是鸡汤，科学家的实验报告写得比《消失的爱人》还刺激。当现代爱情沦陷在“已读不回”和“朋友圈点赞战争”里，这群实验对象硬生生把散步走成了婚姻诺亚方舟——毕竟在人均手机成瘾的时代，能坚持30分钟不看屏幕的夫妻，约等于经历了一场赛博离婚冷静期。

最魔幻的是情人节特别企划：要求全球情侣扔掉玫瑰和法餐，换上运动鞋去压马路。结果当天分手率暴跌58%，花店老板集体报警说遭遇新型商业恐怖主义。事实证明当代爱情需要的不是999朵玫瑰，而是能共同对抗手机推送算法的革命友谊。

下回当你对象第108次对着手机傻笑时，别查岗也别摔手机，建议打开导航设置成“婚姻修复路线”。毕竟比起民政局调解员，你缺的可能只是条能并排行走的人行道——以及一个敢把对方手机扔进河里的勇气。（温馨提示：扔手机犯法，但可以暂时关机）当东京OL把婚姻咨询师塞进全家关东煮，柏林主妇用散步步数暴打心理治疗账单时，人类终于发现婚姻危机的解药不在《爱的五种语言》，而在城市规划局的盲道设计里。日本学者搞了个地狱级对照组实验——让东京夫妇在Lawson便利店进行“15分钟限定约会”，结果68%的参与者走出自动门就默契地走向离婚登记处。那些塞满饭团和成人杂志的荧光空间，把婚姻最后那点体面照得比丧尸片还惊悚，毕竟在收银台排队时讨论离婚协议，连背景音乐都是《蓝色骨头》的电子音效。

但真正让心理咨询师集体失业的，是柏林洪堡大学那组核爆级数据。他们给500对夫妻装上军用级对话记录仪，结果发现散步时人均输出4782个单词，而在号称“德国婚姻急诊室”的伴侣治疗室，对话量暴跌到连葬礼致辞都不如的612词。更杀人诛心的是，治疗结束后32%的夫妻会默契地多买两包烟，而散步结束的夫妻有74%会顺路扛回一箱啤酒——婚姻质量检测器根本不是啥专业量表，而是便利店老板看你买酒时的表情管理。

从新宿到菩提树下大街，全球夫妻正在用脚投票撕碎文化决定论。东京主妇牵着丈夫暴走代代木公园时骂上司的力道，和柏林工程师吐槽大众汽车装配线时的唾沫星子，本质上都是人类在对抗赛博时代的失语绝症。那个号称“要经营婚姻”的鬼话被证伪了，现代人需要的根本不是经营手册，而是市政厅多铺两公里不会踩狗屎的人行道——毕竟当你们步伐同步到能骂同一个闯红灯的电动滑板车时，早就比99%的婚姻导师更懂什么叫革命战友谊。

咨询界最后的尊严是被汉堡一组数据碾成渣的：传统婚姻治疗能让对话时长提升19%，但沿着易北河散步直接让夫妻对骂词汇量暴涨240%——注意是对骂，那些“亲爱的”“我爱你”等塑料台词反而锐减83%。事实证明，能指着同一条流浪狗大笑三分钟的夫妻，远比在治疗床上互诉衷肠的更有生存几率。所以下次看见柏林老太太拎着老头暴走施普雷河畔别感动，那可能是在用最德式严谨执行纽约实验室的救命KPI。当首尔江南区的夫妻们把婚姻KPI写进个税申报表时，塞纳河左岸的爱情导师正对着流产的「离婚冷静公园」设计图哭成《巴黎圣母院》卡西莫多。韩国公务员一拍脑门推出的「散步抵个税」政策，让全韩夫妻在江南区的霓虹灯下走出婚姻忠诚度——每公里减税2000韩元的设计，让市政厅的Excel表比婚戒更闪亮。首尔民政局现在发的不是结婚证，是带GPS的计步器，毕竟当散步里程能换算成育儿津贴抵扣额，谁还有空搞外遇？  

反观巴黎市政厅花300万欧元打造的「情感缓冲区」，本打算用薰衣草花田和双人秋千拦截离婚潮，结果项目死于咖啡馆数量不达标——法国人无法理解没有浓缩咖啡机的公园配叫公共空间。更讽刺的是，竣工前三个月巴黎人已经用行为艺术解构了这个乌托邦：62%的预约夫妻在「冷静长椅」上完成了财产分割谈判，37%的情侣因为该谁去自动售票机买咖啡券当场分手。  

这波魔幻对冲实验揭开了当代婚姻的荒诞底裤：高压社会把情感危机换算成市政预算，浪漫之都的抒情疗法败给消防验收。首尔夫妻暴走十公里换来的个税减免，精准踩中了东亚地狱模式的生存逻辑——当散步变成KPI，连互甩耳光都能走出团队建设的气势；巴黎设计师给离婚登记处铺鹅卵石小径时，显然忘了法国人骨子里的罢工基因，毕竟让高卢雄鸡在露天长椅上冷静，不如直接发他们工会抗议传单。  

首尔江南区便利店现在最畅销的不再是解酒药，而是夫妻联名计步器充电线，婚姻咨询师改行当起了税务规划师。而塞纳河畔那座烂尾的「情感ICU」，脚手架上已经长出了比婚姻更牢固的爬山虎。最新数据显示，参与抵税散步的韩国夫妇离婚率降了12%，但同期家用监控摄像头销量暴涨40%——到底是用脚步丈量爱情，还是用GPS互相绑架，市政厅的减税计算器可不在乎这个。  

巴黎人最终在项目废墟上悟出了真理：与其花三百万造冷静公园，不如给每对夫妻发两张廉价航空机票——毕竟当你们在戴高乐机场为了超重行李互扯头花时，爆发出的生命力比薰衣草田里摆拍真实多了。所以别嘲笑首尔人把婚姻当个税练习题，至少人家肯用真金白银给感情明码标价，而左岸的浪漫主义者在第七版设计稿里，还在纠结离婚冷静区该配黑咖啡还是马卡龙。

输出:
```json
{
    "is_complete": "no",
    "next_instruction": "请从【政策副作用与社会异化视角】续写以下段落，要求：1. 核心方向：揭露看似美好的散步政策如何催生新型控制关系，重点突出【监控技术与情感量化带来的伦理困境】2. 结构设计：用迪拜黄金市场安装婚姻步数兑换系统、上海外滩出现代跑婚黄牛等魔幻案例，制造政策异化与人性博弈的冲突",
    "search_instruction": "迪拜婚姻政策 上海离婚数据 可穿戴设备监控",
    "reference_content": "1.迪拜用智能手环兑换婚姻福利的具体政策 2.上海民政局GPS计步器引发的隐私争议 3.可穿戴设备数据作为离婚诉讼证据的司法案例"
}
```


--- 轮次 4/5 ---
输入:
《关系拯救者的逆袭：每天30分钟散步如何让离婚率直降40%》

当代婚姻正在经历一场史诗级灾难——当夫妻对话时长被短视频完播率暴打，当十指紧扣变成充电线缠绕，当“我爱你”进化成“已读不回”，纽约街头有个疯子居然用维多利亚时代的遛弯大法，让离婚率表演了信仰之跃。

这位穿着实验室白大褂的当代月老，2022年5月在曼哈顿搞了出行为艺术：没收200对夫妻的手机，勒令他们每天手牵手散步半小时。结果你们猜怎么着？两年后这群人没离婚的比例比对照组高出40%，民政局离婚冷静期看了连夜辞职。

别急着划走说这是鸡汤，科学家的实验报告写得比《消失的爱人》还刺激。当现代爱情沦陷在“已读不回”和“朋友圈点赞战争”里，这群实验对象硬生生把散步走成了婚姻诺亚方舟——毕竟在人均手机成瘾的时代，能坚持30分钟不看屏幕的夫妻，约等于经历了一场赛博离婚冷静期。

最魔幻的是情人节特别企划：要求全球情侣扔掉玫瑰和法餐，换上运动鞋去压马路。结果当天分手率暴跌58%，花店老板集体报警说遭遇新型商业恐怖主义。事实证明当代爱情需要的不是999朵玫瑰，而是能共同对抗手机推送算法的革命友谊。

下回当你对象第108次对着手机傻笑时，别查岗也别摔手机，建议打开导航设置成“婚姻修复路线”。毕竟比起民政局调解员，你缺的可能只是条能并排行走的人行道——以及一个敢把对方手机扔进河里的勇气。（温馨提示：扔手机犯法，但可以暂时关机）当东京OL把婚姻咨询师塞进全家关东煮，柏林主妇用散步步数暴打心理治疗账单时，人类终于发现婚姻危机的解药不在《爱的五种语言》，而在城市规划局的盲道设计里。日本学者搞了个地狱级对照组实验——让东京夫妇在Lawson便利店进行“15分钟限定约会”，结果68%的参与者走出自动门就默契地走向离婚登记处。那些塞满饭团和成人杂志的荧光空间，把婚姻最后那点体面照得比丧尸片还惊悚，毕竟在收银台排队时讨论离婚协议，连背景音乐都是《蓝色骨头》的电子音效。

但真正让心理咨询师集体失业的，是柏林洪堡大学那组核爆级数据。他们给500对夫妻装上军用级对话记录仪，结果发现散步时人均输出4782个单词，而在号称“德国婚姻急诊室”的伴侣治疗室，对话量暴跌到连葬礼致辞都不如的612词。更杀人诛心的是，治疗结束后32%的夫妻会默契地多买两包烟，而散步结束的夫妻有74%会顺路扛回一箱啤酒——婚姻质量检测器根本不是啥专业量表，而是便利店老板看你买酒时的表情管理。

从新宿到菩提树下大街，全球夫妻正在用脚投票撕碎文化决定论。东京主妇牵着丈夫暴走代代木公园时骂上司的力道，和柏林工程师吐槽大众汽车装配线时的唾沫星子，本质上都是人类在对抗赛博时代的失语绝症。那个号称“要经营婚姻”的鬼话被证伪了，现代人需要的根本不是经营手册，而是市政厅多铺两公里不会踩狗屎的人行道——毕竟当你们步伐同步到能骂同一个闯红灯的电动滑板车时，早就比99%的婚姻导师更懂什么叫革命战友谊。

咨询界最后的尊严是被汉堡一组数据碾成渣的：传统婚姻治疗能让对话时长提升19%，但沿着易北河散步直接让夫妻对骂词汇量暴涨240%——注意是对骂，那些“亲爱的”“我爱你”等塑料台词反而锐减83%。事实证明，能指着同一条流浪狗大笑三分钟的夫妻，远比在治疗床上互诉衷肠的更有生存几率。所以下次看见柏林老太太拎着老头暴走施普雷河畔别感动，那可能是在用最德式严谨执行纽约实验室的救命KPI。当首尔江南区的夫妻们把婚姻KPI写进个税申报表时，塞纳河左岸的爱情导师正对着流产的「离婚冷静公园」设计图哭成《巴黎圣母院》卡西莫多。韩国公务员一拍脑门推出的「散步抵个税」政策，让全韩夫妻在江南区的霓虹灯下走出婚姻忠诚度——每公里减税2000韩元的设计，让市政厅的Excel表比婚戒更闪亮。首尔民政局现在发的不是结婚证，是带GPS的计步器，毕竟当散步里程能换算成育儿津贴抵扣额，谁还有空搞外遇？  

反观巴黎市政厅花300万欧元打造的「情感缓冲区」，本打算用薰衣草花田和双人秋千拦截离婚潮，结果项目死于咖啡馆数量不达标——法国人无法理解没有浓缩咖啡机的公园配叫公共空间。更讽刺的是，竣工前三个月巴黎人已经用行为艺术解构了这个乌托邦：62%的预约夫妻在「冷静长椅」上完成了财产分割谈判，37%的情侣因为该谁去自动售票机买咖啡券当场分手。  

这波魔幻对冲实验揭开了当代婚姻的荒诞底裤：高压社会把情感危机换算成市政预算，浪漫之都的抒情疗法败给消防验收。首尔夫妻暴走十公里换来的个税减免，精准踩中了东亚地狱模式的生存逻辑——当散步变成KPI，连互甩耳光都能走出团队建设的气势；巴黎设计师给离婚登记处铺鹅卵石小径时，显然忘了法国人骨子里的罢工基因，毕竟让高卢雄鸡在露天长椅上冷静，不如直接发他们工会抗议传单。  

首尔江南区便利店现在最畅销的不再是解酒药，而是夫妻联名计步器充电线，婚姻咨询师改行当起了税务规划师。而塞纳河畔那座烂尾的「情感ICU」，脚手架上已经长出了比婚姻更牢固的爬山虎。最新数据显示，参与抵税散步的韩国夫妇离婚率降了12%，但同期家用监控摄像头销量暴涨40%——到底是用脚步丈量爱情，还是用GPS互相绑架，市政厅的减税计算器可不在乎这个。  

巴黎人最终在项目废墟上悟出了真理：与其花三百万造冷静公园，不如给每对夫妻发两张廉价航空机票——毕竟当你们在戴高乐机场为了超重行李互扯头花时，爆发出的生命力比薰衣草田里摆拍真实多了。所以别嘲笑首尔人把婚姻当个税练习题，至少人家肯用真金白银给感情明码标价，而左岸的浪漫主义者在第七版设计稿里，还在纠结离婚冷静区该配黑咖啡还是马卡龙。迪拜黄金市场安装的婚姻步数兑换系统，直接把爱情炼金术写进了市政代码。政府给每对夫妻发智能手环，牵手散步产生的生物电流能兑换黄金纯度——心跳同步率超85%可解锁24K金券，吵到血压飙升反而触发AI情感调解员。结果三个月后黄金交易市场涌出大量"赛博寡妇"，她们戴着五公斤重的定制手环，牵着租来的仿生人暴走迪拜河岸线，毕竟比起丈夫的冷暴力，AI伴侣的步频算法显然更懂什么叫至死不渝。

上海外滩更上演魔幻现实主义大戏，代跑婚黄牛用筋膜枪绑着十部手机横扫滨江步道。这些精通《婚姻法》和运动轨迹伪造的鬼才，专帮客户刷满民政局要求的年度恩爱里程数。有对白领夫妻甚至开发出"婚姻滴滴"系统——打开APP就能呼叫职业小三扮演者，专门制造吃醋场景激活情感波动KPI。黄浦江边的监控摄像头拍下史诗级画面：三组人马在五百米内同时上演牵手散步、捉奸在床、调解复合，完美闭环婚姻全周期行为艺术。

柏林科学家捅破了这层窗户纸，他们发现当市政厅开始统计夫妻散步数据，人类的亲密关系瞬间退化成斯金纳箱实验。那些往婚姻里狂塞GPS定位和心率监测的政府，本质上在批量生产情感巴普洛夫犬——纽约实验室的原始数据被挖出惊天漏洞：所谓离婚率下降40%的奇迹，其实是研究对象为保住实验补贴集体造假。更讽刺的是对照组的"已离婚"夫妻，有23%在私密日记里承认散步时灵魂共振过，但为了领取离异人士住房津贴选择演完这场戏。

首尔江南区的地下黑市正在倒卖"婚姻呼吸机"，这种能伪造同步呼吸频率的纳米装置，让夫妻躺在床上玩手机也能刷出顶级恩爱指数。而巴黎市政府终于学聪明了，他们给每张离婚申请表附加了三十公里徒步认证码，结果法国人用罢工传统对抗官僚主义——情侣们组团占领市政厅高唱《国际歌》，要求把爱情KPI写进劳动法第38条。这场荒诞剧的高潮出现在布鲁塞尔欧盟总部，当官员们试图推广"欧盟标准恩爱步频"时，意大利代表当场掏出红酒瓶砸向监测仪："去他妈的大数据，老子调情用毫米波！"

监控技术正在把丘比特之箭改造成带条形码的注射器，每对夫妻都成了行走的伦理实验品。迪拜黄金纯度检测员发现，那些靠AI代跑刷出来的金条，在光谱仪下会显现出"Fake Love"的水印；上海民政局收缴的黄牛手机里，运动步数排行榜顶端赫然写着"本日最佳演员：张女士，成功为6对夫妻制造捉奸现场"。当纽约实验室创始人被曝出常年佩戴防定位干扰器，我们终于看清这场世纪婚姻拯救计划，不过是场覆盖全球的行为艺术展——政府用区块链技术给爱情上锁，市民用行为经济学给婚姻标价，而真正的赢家是那些把心跳数据做成NFT拍卖的赛博月老。

人类在情感量化浪潮中集体患上了斯德哥尔摩综合征，一边痛骂监控手环是电子镣铐，一边为多换两克黄金把伴侣拖进凌晨三点的KPI修罗场。上海黄牛圈最新黑话叫"代跑婚"，业务范围从伪造运动轨迹进化到定制情感曲线——加钱可解锁"七年之痒特别套餐"，包含适度争吵的心率波动和教科书级和解吻戏。这场荒诞游戏的终极悖论在于：当我们用市政监控镜头丈量爱情长度，用税务减免计算婚姻重量，用区块链不可篡改特性证明忠贞时，那些真正让心脏漏拍的瞬间，反而成了系统判定里的异常数据流。所以别嘲笑迪拜贵妇牵着仿生人换金条，至少她们坦荡——当爱情变成可穿戴设备上的数字暴政，或许只有黄金的物理纯度，还能提醒人类曾有过不问代价的心动。

输出:
```json
{
    "is_complete": "no",
    "next_instruction": "请从【反抗监控的黑色幽默】续写以下段落，要求：1. 核心方向：延续【市政监控与夫妻反制措施的荒诞对抗】，重点突出【伪造情感数据的地下产业/反抗运动的行为艺术】2. 结构设计：先呈现政府升级监控手段，再描写民间破解攻略，最后以系统崩溃的讽刺画面收尾",
    "search_instruction": "婚姻数据造假案例 反监控行为艺术 情感数据黑市",
    "reference_content": "1.各国政府婚姻干预政策的最新管制手段 2.民间出现的反监控创意行为案例 3.情感数据黑市的交易模式与特殊商品"
}
```


--- 轮次 5/5 ---
输入:
《关系拯救者的逆袭：每天30分钟散步如何让离婚率直降40%》

当代婚姻正在经历一场史诗级灾难——当夫妻对话时长被短视频完播率暴打，当十指紧扣变成充电线缠绕，当“我爱你”进化成“已读不回”，纽约街头有个疯子居然用维多利亚时代的遛弯大法，让离婚率表演了信仰之跃。

这位穿着实验室白大褂的当代月老，2022年5月在曼哈顿搞了出行为艺术：没收200对夫妻的手机，勒令他们每天手牵手散步半小时。结果你们猜怎么着？两年后这群人没离婚的比例比对照组高出40%，民政局离婚冷静期看了连夜辞职。

别急着划走说这是鸡汤，科学家的实验报告写得比《消失的爱人》还刺激。当现代爱情沦陷在“已读不回”和“朋友圈点赞战争”里，这群实验对象硬生生把散步走成了婚姻诺亚方舟——毕竟在人均手机成瘾的时代，能坚持30分钟不看屏幕的夫妻，约等于经历了一场赛博离婚冷静期。

最魔幻的是情人节特别企划：要求全球情侣扔掉玫瑰和法餐，换上运动鞋去压马路。结果当天分手率暴跌58%，花店老板集体报警说遭遇新型商业恐怖主义。事实证明当代爱情需要的不是999朵玫瑰，而是能共同对抗手机推送算法的革命友谊。

下回当你对象第108次对着手机傻笑时，别查岗也别摔手机，建议打开导航设置成“婚姻修复路线”。毕竟比起民政局调解员，你缺的可能只是条能并排行走的人行道——以及一个敢把对方手机扔进河里的勇气。（温馨提示：扔手机犯法，但可以暂时关机）当东京OL把婚姻咨询师塞进全家关东煮，柏林主妇用散步步数暴打心理治疗账单时，人类终于发现婚姻危机的解药不在《爱的五种语言》，而在城市规划局的盲道设计里。日本学者搞了个地狱级对照组实验——让东京夫妇在Lawson便利店进行“15分钟限定约会”，结果68%的参与者走出自动门就默契地走向离婚登记处。那些塞满饭团和成人杂志的荧光空间，把婚姻最后那点体面照得比丧尸片还惊悚，毕竟在收银台排队时讨论离婚协议，连背景音乐都是《蓝色骨头》的电子音效。

但真正让心理咨询师集体失业的，是柏林洪堡大学那组核爆级数据。他们给500对夫妻装上军用级对话记录仪，结果发现散步时人均输出4782个单词，而在号称“德国婚姻急诊室”的伴侣治疗室，对话量暴跌到连葬礼致辞都不如的612词。更杀人诛心的是，治疗结束后32%的夫妻会默契地多买两包烟，而散步结束的夫妻有74%会顺路扛回一箱啤酒——婚姻质量检测器根本不是啥专业量表，而是便利店老板看你买酒时的表情管理。

从新宿到菩提树下大街，全球夫妻正在用脚投票撕碎文化决定论。东京主妇牵着丈夫暴走代代木公园时骂上司的力道，和柏林工程师吐槽大众汽车装配线时的唾沫星子，本质上都是人类在对抗赛博时代的失语绝症。那个号称“要经营婚姻”的鬼话被证伪了，现代人需要的根本不是经营手册，而是市政厅多铺两公里不会踩狗屎的人行道——毕竟当你们步伐同步到能骂同一个闯红灯的电动滑板车时，早就比99%的婚姻导师更懂什么叫革命战友谊。

咨询界最后的尊严是被汉堡一组数据碾成渣的：传统婚姻治疗能让对话时长提升19%，但沿着易北河散步直接让夫妻对骂词汇量暴涨240%——注意是对骂，那些“亲爱的”“我爱你”等塑料台词反而锐减83%。事实证明，能指着同一条流浪狗大笑三分钟的夫妻，远比在治疗床上互诉衷肠的更有生存几率。所以下次看见柏林老太太拎着老头暴走施普雷河畔别感动，那可能是在用最德式严谨执行纽约实验室的救命KPI。当首尔江南区的夫妻们把婚姻KPI写进个税申报表时，塞纳河左岸的爱情导师正对着流产的「离婚冷静公园」设计图哭成《巴黎圣母院》卡西莫多。韩国公务员一拍脑门推出的「散步抵个税」政策，让全韩夫妻在江南区的霓虹灯下走出婚姻忠诚度——每公里减税2000韩元的设计，让市政厅的Excel表比婚戒更闪亮。首尔民政局现在发的不是结婚证，是带GPS的计步器，毕竟当散步里程能换算成育儿津贴抵扣额，谁还有空搞外遇？  

反观巴黎市政厅花300万欧元打造的「情感缓冲区」，本打算用薰衣草花田和双人秋千拦截离婚潮，结果项目死于咖啡馆数量不达标——法国人无法理解没有浓缩咖啡机的公园配叫公共空间。更讽刺的是，竣工前三个月巴黎人已经用行为艺术解构了这个乌托邦：62%的预约夫妻在「冷静长椅」上完成了财产分割谈判，37%的情侣因为该谁去自动售票机买咖啡券当场分手。  

这波魔幻对冲实验揭开了当代婚姻的荒诞底裤：高压社会把情感危机换算成市政预算，浪漫之都的抒情疗法败给消防验收。首尔夫妻暴走十公里换来的个税减免，精准踩中了东亚地狱模式的生存逻辑——当散步变成KPI，连互甩耳光都能走出团队建设的气势；巴黎设计师给离婚登记处铺鹅卵石小径时，显然忘了法国人骨子里的罢工基因，毕竟让高卢雄鸡在露天长椅上冷静，不如直接发他们工会抗议传单。  

首尔江南区便利店现在最畅销的不再是解酒药，而是夫妻联名计步器充电线，婚姻咨询师改行当起了税务规划师。而塞纳河畔那座烂尾的「情感ICU」，脚手架上已经长出了比婚姻更牢固的爬山虎。最新数据显示，参与抵税散步的韩国夫妇离婚率降了12%，但同期家用监控摄像头销量暴涨40%——到底是用脚步丈量爱情，还是用GPS互相绑架，市政厅的减税计算器可不在乎这个。  

巴黎人最终在项目废墟上悟出了真理：与其花三百万造冷静公园，不如给每对夫妻发两张廉价航空机票——毕竟当你们在戴高乐机场为了超重行李互扯头花时，爆发出的生命力比薰衣草田里摆拍真实多了。所以别嘲笑首尔人把婚姻当个税练习题，至少人家肯用真金白银给感情明码标价，而左岸的浪漫主义者在第七版设计稿里，还在纠结离婚冷静区该配黑咖啡还是马卡龙。迪拜黄金市场安装的婚姻步数兑换系统，直接把爱情炼金术写进了市政代码。政府给每对夫妻发智能手环，牵手散步产生的生物电流能兑换黄金纯度——心跳同步率超85%可解锁24K金券，吵到血压飙升反而触发AI情感调解员。结果三个月后黄金交易市场涌出大量"赛博寡妇"，她们戴着五公斤重的定制手环，牵着租来的仿生人暴走迪拜河岸线，毕竟比起丈夫的冷暴力，AI伴侣的步频算法显然更懂什么叫至死不渝。

上海外滩更上演魔幻现实主义大戏，代跑婚黄牛用筋膜枪绑着十部手机横扫滨江步道。这些精通《婚姻法》和运动轨迹伪造的鬼才，专帮客户刷满民政局要求的年度恩爱里程数。有对白领夫妻甚至开发出"婚姻滴滴"系统——打开APP就能呼叫职业小三扮演者，专门制造吃醋场景激活情感波动KPI。黄浦江边的监控摄像头拍下史诗级画面：三组人马在五百米内同时上演牵手散步、捉奸在床、调解复合，完美闭环婚姻全周期行为艺术。

柏林科学家捅破了这层窗户纸，他们发现当市政厅开始统计夫妻散步数据，人类的亲密关系瞬间退化成斯金纳箱实验。那些往婚姻里狂塞GPS定位和心率监测的政府，本质上在批量生产情感巴普洛夫犬——纽约实验室的原始数据被挖出惊天漏洞：所谓离婚率下降40%的奇迹，其实是研究对象为保住实验补贴集体造假。更讽刺的是对照组的"已离婚"夫妻，有23%在私密日记里承认散步时灵魂共振过，但为了领取离异人士住房津贴选择演完这场戏。

首尔江南区的地下黑市正在倒卖"婚姻呼吸机"，这种能伪造同步呼吸频率的纳米装置，让夫妻躺在床上玩手机也能刷出顶级恩爱指数。而巴黎市政府终于学聪明了，他们给每张离婚申请表附加了三十公里徒步认证码，结果法国人用罢工传统对抗官僚主义——情侣们组团占领市政厅高唱《国际歌》，要求把爱情KPI写进劳动法第38条。这场荒诞剧的高潮出现在布鲁塞尔欧盟总部，当官员们试图推广"欧盟标准恩爱步频"时，意大利代表当场掏出红酒瓶砸向监测仪："去他妈的大数据，老子调情用毫米波！"

监控技术正在把丘比特之箭改造成带条形码的注射器，每对夫妻都成了行走的伦理实验品。迪拜黄金纯度检测员发现，那些靠AI代跑刷出来的金条，在光谱仪下会显现出"Fake Love"的水印；上海民政局收缴的黄牛手机里，运动步数排行榜顶端赫然写着"本日最佳演员：张女士，成功为6对夫妻制造捉奸现场"。当纽约实验室创始人被曝出常年佩戴防定位干扰器，我们终于看清这场世纪婚姻拯救计划，不过是场覆盖全球的行为艺术展——政府用区块链技术给爱情上锁，市民用行为经济学给婚姻标价，而真正的赢家是那些把心跳数据做成NFT拍卖的赛博月老。

人类在情感量化浪潮中集体患上了斯德哥尔摩综合征，一边痛骂监控手环是电子镣铐，一边为多换两克黄金把伴侣拖进凌晨三点的KPI修罗场。上海黄牛圈最新黑话叫"代跑婚"，业务范围从伪造运动轨迹进化到定制情感曲线——加钱可解锁"七年之痒特别套餐"，包含适度争吵的心率波动和教科书级和解吻戏。这场荒诞游戏的终极悖论在于：当我们用市政监控镜头丈量爱情长度，用税务减免计算婚姻重量，用区块链不可篡改特性证明忠贞时，那些真正让心脏漏拍的瞬间，反而成了系统判定里的异常数据流。所以别嘲笑迪拜贵妇牵着仿生人换金条，至少她们坦荡——当爱情变成可穿戴设备上的数字暴政，或许只有黄金的物理纯度，还能提醒人类曾有过不问代价的心动。当柏林市政厅给婚姻KPI装上脑波同步率检测仪时，人类终于领悟到什么叫"官方磕CP"。这套号称能扫描灵魂共振频率的监控系统，连夫妻做噩梦梦见同一只哥斯拉都要计入年度情感报表。巴黎更绝，直接在市政结婚证里植入皮下芯片，情侣吵架时肾上腺素飙升超过阈值，街角广告牌立刻弹出情趣酒店优惠券——法兰西不愧是祖传PUA大师，连政府劝架都带着不可描述的香水味。

但道高一尺魔高一丈，柏林黑客把市政监控玩成了大型AR游戏。他们开发出"情绪滤镜"APP，能把翻白眼翻译成暗送秋波，将"你死了我放鞭炮"转码成亲密昵称。最绝的是东京主妇联盟，她们发现用筋膜枪击打颈动脉能伪造同步心跳，现在银座电器城的按摩专区比婚介所还热闹，导购话术都变成了"这款振幅专为七年之痒设计"。

上海地下产业已进化到元宇宙维度，外滩出现专业"代吵"服务团队。这些精通《亲密关系心理学》和《表演艺术》的鬼才，能当着监控摄像头上演教科书级吵架复合戏码，收费按情感波动值分段计价。有对程序员夫妻甚至研发出"情绪过山车"算法，每天自动生成从摔门而出到跪榴莲求和的完整数据包，成功骗过AI审核拿下全市模范夫妻补贴。

这场魔幻博弈在愚人节迎来史诗级崩盘：首尔监控中心突然狂吐结婚证书，定睛一看是江南区宠物狗登记信息；柏林情感AI集体患上赛博抑郁症，因为发现74%夫妻的脑波同步率曲线和股票K线图重合；巴黎皮下芯片爆发区块链病毒，塞纳河畔三千对情侣突然收到"您昨日婚姻纯度低于18K"的死亡通知。

最讽刺的是系统崩溃当日，全球离婚率竟逆势下跌23%——不是监控奏效，而是所有人都在忙着伪造数据没空办手续。纽约实验室最新报告捅破真相：当人类把60%精力花在对抗监控系统，剩余40%刚够维持婚姻纸面存活率。所以别嘲笑迪拜贵妇用仿生人刷金条，至少她们达成了市政厅KPI的核心诉求：在区块链上永生永世绑定对方数字分身，至于本体在哪个酒庄和调酒师探讨生命大和谐？市政服务器表示不归我管。

输出:
```json
{
    "is_complete": "yes",
    "next_instruction": "",
    "search_instruction": "",
    "reference_content": ""
}
```


对话结束
时间: 2025-03-11T04:12:10.325Z
