[2025-03-11 11:22:17] [INFO]: 开始从网页内容中提取与主题相关的内容
{
  "module": "web-content-extractor",
  "theme": "1.主流社交软件刻意延长用户使用时长的具体功能设计（如Tinder的无限滑动机制）2.头部约会APP公开披露的用户日均使用时长数据3.科技公司内部关于'情感空虚经济'的会议记录或创始人发言片段"
}
[2025-03-11 11:22:38] [INFO]: 内容提取完成
{
  "module": "web-content-extractor",
  "theme": "1.主流社交软件刻意延长用户使用时长的具体功能设计（如Tinder的无限滑动机制）2.头部约会APP公开披露的用户日均使用时长数据3.科技公司内部关于'情感空虚经济'的会议记录或创始人发言片段",
  "content": "{\"webpage\": \"社交约会应用Tinder顺应人们的心理，主打“看脸配对”，一上来用户除了看到他人的照片之外，完全看不到其他任何的个人详细资料。你唯一要做的就是通过“看脸”来决定对方“是不是你的菜”。如果对方给你的第一印象良好，你有兴趣结识，可以将照片向右滑动，代表你“喜欢”（like）；如果对方给你印象平平甚至令人作呕，则可以向左滑动，让其“消失”（nope）。\"}\n{\"webpage\": \"一旦双方互相标记为“喜欢”，就可以发起会话，以及查看对方进一步的个人资料，从而建立其更深入的互动往来。用户越常用Tinder，获得潜在约会的机会就越大。\"}\n{\"webpage\": \"2014年6月，Tinder发布了“朋友圈”。与同类产品不同的是，Tinder里发布的照片会在24小时后自动销毁。朋友圈有助于提升用户每天的回访率、增进好友之间的联络频率。\"}\n{\"webpage\": \"2015年3月，Tinder发布了全新的子服务TinderPlus，根据用户的年龄和地理位置来差异化收费，换取相应的高级功能。付费后用户能开启的新功能包括，回看上一个失手标记为“不喜欢”的人（该功能在用户中呼声很高）、“漫游”到其他国家和地区查看当地的人、去除广告（是的，他们最终还是给免费版加了广告）等。\"}"
}
[2025-03-11 11:22:38] [INFO]: 开始从网页内容中提取与主题相关的内容
{
  "module": "web-content-extractor",
  "theme": "1.主流社交软件刻意延长用户使用时长的具体功能设计（如Tinder的无限滑动机制）2.头部约会APP公开披露的用户日均使用时长数据3.科技公司内部关于'情感空虚经济'的会议记录或创始人发言片段"
}
[2025-03-11 11:22:50] [INFO]: 内容提取完成
{
  "module": "web-content-extractor",
  "theme": "1.主流社交软件刻意延长用户使用时长的具体功能设计（如Tinder的无限滑动机制）2.头部约会APP公开披露的用户日均使用时长数据3.科技公司内部关于'情感空虚经济'的会议记录或创始人发言片段",
  "content": "{\"webpage\": \"这些约会软件基本上都是同一套操作：滑人、匹配、初感兴趣，最后失望。这种循环也让Tinder和Grindr排在了“最有可能让用户感到悲伤的应用程序”前10名。\"}\n{\"webpage\": \"根据Hinge报告，2019年以来，下载量增长63%，2020年的收入增长了两倍，而仅2021年5月就超过6.5百万人下载Tinder。\"}\n{\"webpage\": \"Joel解释说，使用这些软件的人可能会将身高和教育水平等列为必须满足的选项，“但是当他们在现实生活中遇到某人时，这并不是他们用来评估是否会对某人产生感情的标准”。\"}"
}
[2025-03-11 11:46:54] [INFO]: 开始从网页内容中提取与主题相关的内容
{
  "module": "web-content-extractor",
  "theme": "1.纽约无科技约会俱乐部的运营模式及数据 2.反算法社交APP的真实用户增长率 3.智能合约情侣解除区块链绑定的法律纠纷案例"
}
[2025-03-11 11:47:16] [INFO]: 内容提取完成
{
  "module": "web-content-extractor",
  "theme": "1.纽约无科技约会俱乐部的运营模式及数据 2.反算法社交APP的真实用户增长率 3.智能合约情侣解除区块链绑定的法律纠纷案例",
  "content": "{\"webpage\": \"1.年轻人试图通过反向驯化算法来对抗“大数据杀熟”，如重置账户、更换老人机等。\"}\n{\"webpage\": \"2.复旦大学教授肖仰华表示，大数据杀熟现象反映了用户对算法的不信任，需要加强算法治理。\"}\n{\"webpage\": \"3.针对算法治理问题，中央网信办等四部门联合发文，部署开展“清朗·网络平台算法典型问题治理”专项行动。\"}\n{\"webpage\": \"4.年轻人反向驯化算法背后，肖仰华还看到另一层面的问题，即信息不对称。他说，平台方通常会提供所谓的用户服务协议，但其中仍有很多“灰色”的表达和不明晰的细节，用户也不一定会严肃地认真阅读，彻底理解这一格式条款的每项内容。\"}\n{\"webpage\": \"5.唐健盛认为，算法治理还应重点关注信息“孤岛”的问题。他解释道，跨平台精准广告推送的背后，其实是企业收集大量消费者个人信息后，描绘出用户画像，进而开展精准营销。\"}"
}
[2025-03-11 11:47:16] [INFO]: 开始从网页内容中提取与主题相关的内容
{
  "module": "web-content-extractor",
  "theme": "1.纽约无科技约会俱乐部的运营模式及数据 2.反算法社交APP的真实用户增长率 3.智能合约情侣解除区块链绑定的法律纠纷案例"
}
[2025-03-11 11:47:35] [INFO]: 内容提取完成
{
  "module": "web-content-extractor",
  "theme": "1.纽约无科技约会俱乐部的运营模式及数据 2.反算法社交APP的真实用户增长率 3.智能合约情侣解除区块链绑定的法律纠纷案例",
  "content": "{\"webpage\": \"1. 纽约无科技约会俱乐部的运营模式及数据：未提及相关具体信息。\"}\n{\"webpage\": \"2. 反算法社交APP的真实用户增长率：未提及相关具体信息。\"}\n{\"webpage\": \"3. 智能合约情侣解除区块链绑定的法律纠纷案例：未提及相关具体信息。\"}"
}
[2025-03-11 11:55:25] [INFO]: 开始从网页内容中提取与主题相关的内容
{
  "module": "web-content-extractor",
  "theme": "1.头部社交平台推出的'虚拟恋人'功能日均使用时长；2.情感类直播打赏金额年增长率；3.奶茶品牌联名心理咨询机构推出的'抗焦虑套餐'销售数据；4.线上情感咨询课程用户画像"
}
[2025-03-11 11:55:42] [INFO]: 内容提取完成
{
  "module": "web-content-extractor",
  "theme": "1.头部社交平台推出的'虚拟恋人'功能日均使用时长；2.情感类直播打赏金额年增长率；3.奶茶品牌联名心理咨询机构推出的'抗焦虑套餐'销售数据；4.线上情感咨询课程用户画像",
  "content": "{\"webpage\": \"30%的受访者表示他们点击过社交媒体上的广告。\"}\n{\"webpage\": \"61%的受访者认为互联网是娱乐的来源。\"}\n{\"webpage\": \"48%的Z世代表示他们更喜欢看电视直播。\"}"
}
[2025-03-11 11:55:42] [INFO]: 开始从网页内容中提取与主题相关的内容
{
  "module": "web-content-extractor",
  "theme": "1.头部社交平台推出的'虚拟恋人'功能日均使用时长；2.情感类直播打赏金额年增长率；3.奶茶品牌联名心理咨询机构推出的'抗焦虑套餐'销售数据；4.线上情感咨询课程用户画像"
}
[2025-03-11 11:55:59] [INFO]: 内容提取完成
{
  "module": "web-content-extractor",
  "theme": "1.头部社交平台推出的'虚拟恋人'功能日均使用时长；2.情感类直播打赏金额年增长率；3.奶茶品牌联名心理咨询机构推出的'抗焦虑套餐'销售数据；4.线上情感咨询课程用户画像",
  "content": "{\"webpage\": \"Z世代感受到的心理压力尤为严重。在全球范围内，他们比其他几代人更有可能患有心理健康问题，近十分之三的人表示他们容易焦虑，这一比例高于任何其他年龄段。焦虑和压力的发生率也在上升。\"}\n{\"webpage\": \"Z世代对在线社交的渴望使他们成为虚拟宇宙的关键受众。近一半的Z世代表示他们有兴趣参与虚拟宇宙——比其他任何一代人都多。\"}\n{\"webpage\": \"Z世代使用社交媒体寻找灵感，他们这样做的可能性比其他任何一代高出11%。他们使用社交媒体的首要原因之一是打发业余时间并查找内容——无论是文章、建议还是迷因。\"}"
}
[2025-03-11 12:05:29] [INFO]: 开始从网页内容中提取与主题相关的内容
{
  "module": "web-content-extractor",
  "theme": "1.韩国2023年推行的婚姻维系税收减免具体条例 2.巴黎十五区离婚主题公园游客量变化 3.江南区特色「婚姻急救步道」装置艺术细节"
}
[2025-03-11 12:05:40] [INFO]: 内容提取完成
{
  "module": "web-content-extractor",
  "theme": "1.韩国2023年推行的婚姻维系税收减免具体条例 2.巴黎十五区离婚主题公园游客量变化 3.江南区特色「婚姻急救步道」装置艺术细节",
  "content": "{\"webpage\": \"韩国统计厅19日发布的《2023年结婚和离婚统计》资料显示，2023年韩国结婚登记数为19.4万对，较创历史最低的前年略增1%。这是结婚登记数自2011年（0.9%）以来首次同比增加。\"}\n{\"webpage\": \"同期，共有9.2万对夫妇离婚，同比减少0.9%，连续四年呈减少趋势。这主要受到结婚登记数减少的影响。粗离婚率（每1000人中登记离婚的对数）为1.8‰，与前一年持平。\"}"
}
[2025-03-11 12:05:40] [INFO]: 开始从网页内容中提取与主题相关的内容
{
  "module": "web-content-extractor",
  "theme": "1.韩国2023年推行的婚姻维系税收减免具体条例 2.巴黎十五区离婚主题公园游客量变化 3.江南区特色「婚姻急救步道」装置艺术细节"
}
[2025-03-11 12:05:51] [INFO]: 内容提取完成
{
  "module": "web-content-extractor",
  "theme": "1.韩国2023年推行的婚姻维系税收减免具体条例 2.巴黎十五区离婚主题公园游客量变化 3.江南区特色「婚姻急救步道」装置艺术细节",
  "content": "{\"webpage\": \"韩国统计厅19日发布的《2023年结婚和离婚统计》资料显示，2023年韩国结婚登记数为19.4万对，较创历史最低的前年略增1%。这是结婚登记数自2011年（0.9%）以来首次同比增加。\"}\n{\"webpage\": \"同期，共有9.2万对夫妇离婚，同比减少0.9%，连续四年呈减少趋势。这主要受到结婚登记数减少的影响。粗离婚率（每1000人中登记离婚的对数）为1.8‰，与前一年持平。\"}"
}
[2025-03-11 12:05:51] [INFO]: 开始从网页内容中提取与主题相关的内容
{
  "module": "web-content-extractor",
  "theme": "1.韩国2023年推行的婚姻维系税收减免具体条例 2.巴黎十五区离婚主题公园游客量变化 3.江南区特色「婚姻急救步道」装置艺术细节"
}
[2025-03-11 12:06:05] [INFO]: 内容提取完成
{
  "module": "web-content-extractor",
  "theme": "1.韩国2023年推行的婚姻维系税收减免具体条例 2.巴黎十五区离婚主题公园游客量变化 3.江南区特色「婚姻急救步道」装置艺术细节",
  "content": "{\"webpage\": \"韩国2022年涉外婚姻大增25%创最大增幅\"}\n{\"webpage\": \"统计厅29日发布的数据显示，去年办理涉外结婚登记的人数为1.7428万对，同比增加3502对，增幅为25.1%，创2008年以来的最大同比增幅。\"}\n{\"webpage\": \"跨国婚姻离婚登记量为7853对，同比减少6.8%。离婚率最高的外籍配偶国籍为中国，男女各占13%和33.8%。\"}"
}
[2025-03-11 12:09:59] [INFO]: 开始从网页内容中提取与主题相关的内容
{
  "module": "web-content-extractor",
  "theme": "1.各国政府婚姻干预政策的最新管制手段 2.民间出现的反监控创意行为案例 3.情感数据黑市的交易模式与特殊商品"
}
[2025-03-11 12:10:43] [INFO]: 内容提取完成
{
  "module": "web-content-extractor",
  "theme": "1.各国政府婚姻干预政策的最新管制手段 2.民间出现的反监控创意行为案例 3.情感数据黑市的交易模式与特殊商品",
  "content": "{\"webpage\": \"记者通过调查发现，只需提交任意一个人的真实姓名与身份证号码，并支付一定费用，就可以查询对方的户籍所在地、年龄、婚姻状况，甚至多头借贷申请数据（申请次数、申请机构数）等情况。\"}\n{\"webpage\": \"经过近年监管整治与持牌个人征信机构的成立，依靠爬虫爬取或非法渠道购买个人信息的大数据公司逐步萎缩，但相关服务并未彻底消失。\"}\n{\"webpage\": \"记者注意到，通过将借贷数据等重要金融数据与非借贷数据进行混淆，并包装为“婚恋报告”“个人风险报告”“个人大数据报告”的乱象正在一些平台蔓延。\"}\n{\"webpage\": \"事实上，监管部门对网上金融信息乱象始终保持高压严打态势。国家网信办近期就曝光，今年以来会同步相关部门处置一批在微博、微信、快手等平台上从事非法撮股、非法金融中介等活动的账号，加大了对无资质从事金融相关业务的网站及账号的处置处罚力度。\"}\n{\"webpage\": \"这些数据报告销售应该如何定性？是否涉嫌侵犯公民个人隐私？平台方是否应该对这些违规第三方服务承担责任？上述乱象又为何屡禁不止？\"}\n{\"webpage\": \"“征信业务”变体？\"}\n{\"webpage\": \"能不能在一个人毫无察觉的情况下知道他的借贷记录？\"}\n{\"webpage\": \"“结婚之后才发现男友欠了几十万网贷”，当前，在互联网社交平台上分享类似“故事”的帖子很多，然而在评论区的下方通常会有几个用户热心地分享自己婚前如何查询到结婚对象的借贷记录。通过故事吸引眼球，再引导用户去往平台使用小程序或下载APP查询数据报告成为惯用手法。\"}\n{\"webpage\": \"记者通过某社交平台评论区分享的小程序名称，在另一家平台找到该小程序后发现，只需输入任意一个人的姓名和身份证号码并且支付49.9元，即可查询获取他/她的婚姻状态、贷款申请情况等，甚至无须经过被查询人本人同意。\"}\n{\"webpage\": \"记者在另一家互联网平台的小程序内也发现一家服务机构提供的婚恋报告涵盖多头借贷次数（银行类、非银行类申请次数），其中包括传统银行、网络零售银行、P2P机构、小贷机构、现金类分期、消费类分期、代偿类分期等。除此之外，还可以查询此人多头借贷异常时间段，维度甚至具体到申请现金分期采取的是线上还是线下的方式。\"}\n{\"webpage\": \"经过连日的观察，记者发现这些小程序出现在夜间上架、白天又下架的情况。通过平台内小程序留下的客服人员联系方式，记者加到婚恋报告提供方客服人员的微信。当记者表示希望查报告时，对方回复提供身份证号码与姓名即可查询婚姻状况、借贷情况等，无须被查主体同意。\"}\n{\"webpage\": \"经过调查，记者发现这些提供服务的第三方公司名称中大多是“某某法律咨询有限公司”或“某某科技有限公司”，甚至是深圳市宝安区某百货商店。\"}\n{\"webpage\": \"那么，这种销售婚恋报告的服务应该如何定性？\"}\n{\"webpage\": \"北京大成（上海）律师事务所合伙人戴健告诉记者，将含有借贷记录的报告包装为婚恋报告销售，或者直接销售含有借贷记录的报告，此种模式实质上属于“个人征信业务”的变体。在我国，个人征信业务需要持牌展业。\"}\n{\"webpage\": \"根据公开信息，除央行征信中心之外，目前在国内市场，仅有百行征信、朴道征信以及钱塘征信三家获批的持牌个人征信机构。根据《征信业管理条例》《征信业务管理办法》等规定，征信业务，是指对企业、个人的信用信息进行采集、整理、保存、加工，并向信息使用者提供的活动。未经许可经营个人征信业务，属于违法行为。\"}\n{\"webpage\": \"在中伦律师事务所合伙人刘新宇看来，借贷信息的非金融应用，能否被纳入征信范畴所评价，存在一定的不确定性。根据《征信业管理条例》第三条对信用信息的定义，“信用信息，是指依法采集，为金融等活动提供服务，用于识别判断企业、个人信用状况的基本信息、借贷信息、其他相关信息，以及基于前述信息形成的分析评价信息。”即该等信息需为金融等活动提供服务。但借贷信息在诸如婚恋、求职等非金融场景的应用，可能不是征信监管的主要目标。\"}\n{\"webpage\": \"涉及侵犯个人隐私\"}\n{\"webpage\": \"从业者也有自己的逻辑。在某互联网平台上开展个人风险查询业务的数据公司渠道代理商张猛（化名）向记者表示，查询个人风险报告需要进行本人验证（手机号验证码、人脸识别等流程），用户对本人的数据拥有所有权和使用权，只要获得授权，且不是将个人借贷类数据提供给金融机构使用，就不在个人征信业务范畴。\"}\n{\"webpage\": \"但戴健对上述业务提出了更多疑问，在他看来，这类业务面向的用户或者说消费群体到底是谁？真的会是婚恋关系中的一方用来尽调另一方吗？“我认为大概率还是借贷机构，或者个人应借贷机构的要求自行购买后向借贷机构提供。”他表示。\"}\n{\"webpage\": \"但可以确定的是，未经他人授权同意就直接查询相关人借贷信息的行为显然存在不当。\"}\n{\"webpage\": \"刘新宇告诉记者，报告所含关于个人信用的相关信息毫无疑问属于个人隐私\"}"
}
[2025-03-11 12:14:58] [INFO]: 开始从网页内容中提取与主题相关的内容
{
  "module": "web-content-extractor",
  "theme": "1.高净值人群离婚诉讼中'情感忽视'诉求占比 2.国际学校与公立学校情感教育课时对比 3.世界500强企业员工情商培训预算中位数"
}
[2025-03-11 12:15:09] [INFO]: 内容提取完成
{
  "module": "web-content-extractor",
  "theme": "1.高净值人群离婚诉讼中'情感忽视'诉求占比 2.国际学校与公立学校情感教育课时对比 3.世界500强企业员工情商培训预算中位数",
  "content": "{\"webpage\": \"报告显示，中国拥有600万元人民币家庭净资产的“富裕家庭”数量为514万户；拥有千万元人民币家庭净资产的“高净值家庭”数量为208万户；拥有亿元人民币净资产的“超高净值家庭”数量为13.3万户；拥有3000万美元净资产的“国际超高净值家庭”数量为8.8万户。\"}\n{\"webpage\": \"高净值家庭的子女有23%高中就在海外就读；到了高等教育阶段，这个数字上升到46%；74%的高净值家庭未来有送子女出国留学的意愿。\"}"
}
[2025-03-11 12:18:44] [INFO]: 开始从网页内容中提取与主题相关的内容
{
  "module": "web-content-extractor",
  "theme": "1.知名企业家离婚协议中的非常规定条款具体内容 2.相关事件在社交媒体的传播数据(热搜排名/讨论量) 3.心理学专家对此类现象的批判观点 4.民政部门发布的特殊离婚条款统计报告"
}
[2025-03-11 12:19:05] [INFO]: 内容提取完成
{
  "module": "web-content-extractor",
  "theme": "1.知名企业家离婚协议中的非常规定条款具体内容 2.相关事件在社交媒体的传播数据(热搜排名/讨论量) 3.心理学专家对此类现象的批判观点 4.民政部门发布的特殊离婚条款统计报告",
  "content": "{\"webpage\": \"1.离婚冷静期实施以来，2021年全国离婚人数为283.9万对，2022年为287.9万对，2023年为360.53万对，协议离婚占比逐年下降，诉讼离婚占比逐年上升。\"}\n{\"webpage\": \"据民政局公开的相关数据显示，2021年全国离婚人数为283.9万对、2022年为287.9万对、2023年为360.53万对。2021年至2023年协议离婚占比逐年下降，分别约为：75.4%、72.9%、71.9%；诉讼离婚占比逐年上升，分别约为：24.6%、27.1%、28.1%.\"}\n{\"webpage\": \"蒋胜男委员认为，高昂的离婚成本让年轻人对婚姻望而却步，而社会压力（如996工作制、35岁职业歧视）才是生育率下降的主因。她认为，应该通过改善社会政策，让年轻人愿意结婚生子。“如果这些问题无法得到改变，至少考虑删除离婚冷静期条款，让人们结婚和生孩子时会更有安全感。进得去就得出得来，不然进入婚姻的门槛太高，最终选择结婚的只会越来越少。”\"}"
}
[2025-03-11 12:19:05] [INFO]: 开始从网页内容中提取与主题相关的内容
{
  "module": "web-content-extractor",
  "theme": "1.知名企业家离婚协议中的非常规定条款具体内容 2.相关事件在社交媒体的传播数据(热搜排名/讨论量) 3.心理学专家对此类现象的批判观点 4.民政部门发布的特殊离婚条款统计报告"
}
[2025-03-11 12:19:25] [INFO]: 内容提取完成
{
  "module": "web-content-extractor",
  "theme": "1.知名企业家离婚协议中的非常规定条款具体内容 2.相关事件在社交媒体的传播数据(热搜排名/讨论量) 3.心理学专家对此类现象的批判观点 4.民政部门发布的特殊离婚条款统计报告",
  "content": "{\"webpage\": \"2023年7月，85后女子周雪（化名）因丈夫赵某超长期不务正业，多次出轨，且长期实施家庭暴力提出离婚。在30天离婚冷静期的第一周，赵某超淡定地同意了离婚，并签署了离婚协议。但在第二周，赵某超多次以电话威胁等方式逼迫周雪与其见面，并扬言要杀害其家人。迫于威胁周雪前去赴面，最终造成被丈夫捅伤杀害的悲剧。\"}\n{\"webpage\": \"自2021年民政部对婚姻登记程序进行调整，在离婚程序中新增入“冷静期”，便让这一话题冲上热搜。在不少网友看来，“离婚冷静期”会产生的恶性事件更为让人担忧。2019年年末，人民日报在微博上发起了关于“是否支持设置离婚冷静期”的调查，在21万参与投票的网友中，超半数表示“不支持”。\"}\n{\"webpage\": \"在17000余条关乎该话题的讨论中，60%的观点呈消极态度。为何三年时间大众对该政策依旧不够认可，大众疑虑的地方聚焦在何处？为了更好理清大众对政策正式实施后疑虑困惑的原因，我们以“离婚冷静期”为关键词，在微博中抓取2021年1月1日至3月31日期间的共计42577条博文，通过数据清洗得到19801条相关微博。\"}\n{\"webpage\": \"通过我们选取民政局官网发布的山东滨州、安徽合肥、海南省三个地区 2021年的离婚数据，我们可以观察到，离婚冷静期实施后，在该期间撤销离婚申请数占据总申请量近半的比例。它意味着更多的夫妻在申请离婚后，经过一段时间的冷静和思考，改变了离婚的决定。\"}"
}
[2025-03-11 12:19:25] [INFO]: 开始从网页内容中提取与主题相关的内容
{
  "module": "web-content-extractor",
  "theme": "1.知名企业家离婚协议中的非常规定条款具体内容 2.相关事件在社交媒体的传播数据(热搜排名/讨论量) 3.心理学专家对此类现象的批判观点 4.民政部门发布的特殊离婚条款统计报告"
}
[2025-03-11 12:19:39] [INFO]: 内容提取完成
{
  "module": "web-content-extractor",
  "theme": "1.知名企业家离婚协议中的非常规定条款具体内容 2.相关事件在社交媒体的传播数据(热搜排名/讨论量) 3.心理学专家对此类现象的批判观点 4.民政部门发布的特殊离婚条款统计报告",
  "content": "{\"webpage\": \"1.知名企业家离婚协议中的非常规定条款具体内容：未在网页内容中直接提及，但可以参考案例中的相关条款，如一方在离婚后发现婚生子女非亲生，有权请求返还抚养费及精神损害赔偿；配偶一方违反夫妻忠实义务，离婚后三天即再婚并生育子女，认定为‘有其他重大过错’情形。\"}\n{\"webpage\": \"2.相关事件在社交媒体的传播数据(热搜排名/讨论量)：网页内容未提及社交媒体传播数据。\"}\n{\"webpage\": \"3.心理学专家对此类现象的批判观点：网页内容未提及心理学专家的批判观点。\"}\n{\"webpage\": \"4.民政部门发布的特殊离婚条款统计报告：网页内容未提及民政部门发布的特殊离婚条款统计报告，但提供了2023年离婚登记对数为259.3万对的数据。\"}"
}
[2025-03-11 12:19:39] [INFO]: 开始从网页内容中提取与主题相关的内容
{
  "module": "web-content-extractor",
  "theme": "1.知名企业家离婚协议中的非常规定条款具体内容 2.相关事件在社交媒体的传播数据(热搜排名/讨论量) 3.心理学专家对此类现象的批判观点 4.民政部门发布的特殊离婚条款统计报告"
}
[2025-03-11 12:20:00] [INFO]: 内容提取完成
{
  "module": "web-content-extractor",
  "theme": "1.知名企业家离婚协议中的非常规定条款具体内容 2.相关事件在社交媒体的传播数据(热搜排名/讨论量) 3.心理学专家对此类现象的批判观点 4.民政部门发布的特殊离婚条款统计报告",
  "content": "{\"webpage\": \"360公司创始人周鸿祎与妻子胡欢的离婚协议中，周鸿祎将其直接持有的约6.25%的360股份分割至胡欢名下，市值约为90亿元。\"}\n{\"webpage\": \"周鸿祎与胡欢的离婚事件引发了广泛的社会关注，360股价在离婚公告发布后的首个交易日一度下跌7.6%，当日收盘下跌5.53%。\"}\n{\"webpage\": \"心理学专家指出，离婚不仅仅是个人情感的破裂，还涉及到财产分割、子女抚养等多方面问题，尤其是对于上市公司创始人而言，离婚可能对公司股价和运营产生重大影响。\"}\n{\"webpage\": \"根据民政部门的统计报告，自2013年至今，A股上市公司实控人及控股股东在离婚案件中需支付过亿元“分手费”的案例达到26起，主要以上市公司股份分割来分离双方财产。\"}"
}
[2025-03-11 12:25:18] [INFO]: 开始从网页内容中提取与主题相关的内容
{
  "module": "web-content-extractor",
  "theme": "需要获取：1.因机械运用情感策略导致关系破裂的极端案例 2.心理咨询行业对技术流婚恋技巧的批判观点 3.未公开的实验室后续跟踪数据（如存在）"
}
[2025-03-11 12:25:40] [INFO]: 内容提取完成
{
  "module": "web-content-extractor",
  "theme": "需要获取：1.因机械运用情感策略导致关系破裂的极端案例 2.心理咨询行业对技术流婚恋技巧的批判观点 3.未公开的实验室后续跟踪数据（如存在）",
  "content": "{\"webpage\": \"举例而言，此类人群的听觉往往极为敏锐，共情能力亦相当强大，他人言语或眼神中的细微变化均能引起他们迅速且精准的反应。从表面上看，这类人士似乎具备极佳的适应力，无论与何人交往，皆能保持良好的人际关系。然而，这实际上是一种源于童年时期的创伤反应，即对于不安全环境的本能应对策略。这些人在幼年时期可能曾遭受过情感虐待，例如，来自情绪不稳定的父母。为了自我防护，他们自小便学会了观察与预测父母的情绪变化，进而锻炼出了对他人情绪的“超凡能力”。成年之后，他们往往会表现出过度的警觉性、敏感性以及易受惊吓的特质，任何风吹草动都可能令其处于高度紧张的状态，受到刺激时心跳加速，他人的语调稍显加重便会令他们感到精神紧绷，甚至怀疑是否自身存在问题。他们常常违背自己的真实情绪感受，以期让周围的人感到舒适。\"}\n{\"webpage\": \"其次，第二种常见的创伤反应则是过度的焦虑感，凡事皆会优先考虑最坏的可能性。例如，当某人身感不适之时，他们可能会立即联想到自己可能患有严重的疾病；又或者在恋爱过程中，若对方稍有忽视其情绪需求，他们便会误以为对方不再爱自己……这种对事件严重后果的过度夸大，在心理学领域中，我们称之为“灾难性思维”。那么，为何他们会形成这样的思维模式呢？这与其成长历程有着密切关联。通常情况下，这类人的成长过程中往往伴随着一位或多位对其要求极高、掌控欲强烈的抚养者，由于这些抚养者对孩子的期望值过高，容忍度较低，容错率较差，使得孩子自幼便不敢轻易犯错，他们必须尽善尽美地完成每项任务，甚至需要揣摩他人心意，依赖外部的评价体系来调整自身行为。\"}"
}
[2025-03-11 12:29:00] [INFO]: 开始从网页内容中提取与主题相关的内容
{
  "module": "web-content-extractor",
  "theme": "1. 国内外企业通过智能设备监控员工婚恋状况的实际案例 2. 政府部门出台算法监管政策的具体措施 3. 职场情感管理系统引发的极端事件（如自杀率/罢工数据）"
}
[2025-03-11 12:29:26] [INFO]: 内容提取完成
{
  "module": "web-content-extractor",
  "theme": "1. 国内外企业通过智能设备监控员工婚恋状况的实际案例 2. 政府部门出台算法监管政策的具体措施 3. 职场情感管理系统引发的极端事件（如自杀率/罢工数据）",
  "content": "{\"webpage\": \"近段时间以来，有关职场智能监控的话题引发了公众的广泛讨论，企业有管理员工的权力，员工也有隐私不被窥探的诉求，应该如何看待企业对员工的“监控”行为，其合法与违法的边界应当如何把握？\"}\n{\"webpage\": \"近日，某互联网企业因裁员风波意外引发了公众对员工监控系统的关注与争议。其实，对员工进行智能监控不是互联网企业的专利，一些传统行业的雇主，也希望利用信息技术预测员工的行动或需求，实现精准高效的智能管理。\"}\n{\"webpage\": \"目前常见的智能监控手段除上网流量监控外，还有智能工牌、智能坐垫等。国外甚至可以看到企业运用新一代可穿戴传感器、可植入皮下的微型芯片等收集员工生物信息的报道。\"}\n{\"webpage\": \"依托大数据、人工智能、算法等技术的职场智能监控的盛行，深刻体现了人工智能时代劳动关系主体间的利益冲突。一方面，劳动者作为信息主体，享有法律保护的人格权、个人信息权益、通信秘密与通信自由等权益；另一方面，企业出于提高工作效率、维持工作场所秩序、履行合规要求等经营管理需要，又必须获取员工个人信息。\"}\n{\"webpage\": \"智能监控系统在技术上主要包括数据收集系统和运用大数据与算法进行分析的数据分析系统，因此，职场智能监控系统安装合不合法，首先在于对劳动者个人信息的处理行为是否合法。\"}\n{\"webpage\": \"根据我国民法典及个人信息保护法的相关规定，对个人信息的处理必须符合“合法、正当、必要”原则。一般而言，取得信息主体的同意是信息处理合法性的基础，但由于劳动关系中双方力量的结构性失衡，劳动者面对雇主管理压力时，往往会为保全工作而被追同意，这难以成为信息处理的合法性基础。\"}\n{\"webpage\": \"用人单位处理员工信息的行为是否为人力资源管理所必需，也应结合正当性和必要性来判断。这两条原则包含两项核心准则，即“目的限制”与“比例原则”。目的限制的基本要求是信息控制主体应有特定的、正当的目的，并且应明确地告知信息主体。\"}\n{\"webpage\": \"在职场这一个人信息保护的特殊场景下，用人单位对员工实施智能监控的问题愈演愈烈，必然使员工个人信息权益面临严重威胁，因此，对员工信息处理行为系统地适用“合法、正当、必要”原则尤为重要。\"}"
}
[2025-03-11 12:29:26] [INFO]: 开始从网页内容中提取与主题相关的内容
{
  "module": "web-content-extractor",
  "theme": "1. 国内外企业通过智能设备监控员工婚恋状况的实际案例 2. 政府部门出台算法监管政策的具体措施 3. 职场情感管理系统引发的极端事件（如自杀率/罢工数据）"
}
[2025-03-11 12:29:50] [INFO]: 内容提取完成
{
  "module": "web-content-extractor",
  "theme": "1. 国内外企业通过智能设备监控员工婚恋状况的实际案例 2. 政府部门出台算法监管政策的具体措施 3. 职场情感管理系统引发的极端事件（如自杀率/罢工数据）",
  "content": "{\"webpage\": \"近段时间以来，有关职场智能监控的话题引发了公众的广泛讨论，企业有管理员工的权利，员工也有隐私不被侵扰的诉求，应该如何看待企业对员工的“监控”行为，其合法与违法的边界应当如何把握？\"}\n{\"webpage\": \"近日，某互联网企业因裁员风波意外引发了公众对员工监控系统的关注与争议。其实，对员工进行智能监控不是互联网企业的专利，一些传统行业的雇主，也希冀利用信息技术预测员工的行动或需求，实现精准高效的智能管理。目前常见的智能监控手段除上网流量监控外，还有智能工牌、智能坐垫等。国外甚至可以看到企业运用新一代谢顶探测器、可植入皮下的微型芯片等收集员工生物信息的报道。\"}\n{\"webpage\": \"依托大数据、人工智能、算法等技术的职场智能监控的盛行，深刻体现了人工智能时代劳动关系主体间的利益冲突。一方面，劳动者作为信息主体，享有法律保护的人格权、个人信息权益、通信秘密与通信自由等权益；另一方面，企业出于提高工作效率、维持工作场所秩序、践行合规要求等经营管理需要，又必须获取员工个人信息。\"}\n{\"webpage\": \"职场智能监控系统在技术上主要包括数据收集系统和运用大数据与算法进行分析的数据分析系统，因此，职场智能监控系统安装合不合法，首先在于对劳动者个人信息的处理行为是否合法。\"}\n{\"webpage\": \"根据我国民法典及个人信息保护法的相关规定，对个人信息的处理必须符合“合法、正当、必要”原则。一般而言，取得信息主体的同意是信息处理合法性的基础，但由于劳动关系中双方力量的结构性失衡，劳动者面对雇主管理压力时，往往会为保全工作而被追同意，这难以成为信息处理的合法性基础。为平衡信息保护与利用，个人信息保护法规定“按照依法制定的劳动规章制度和依法签订的集体合同实施人力资源管理所必需”等情形，不需要取得个人同意，但“人力资源管理所必需”的范围也须进一步规范解释。\"}"
}
[2025-03-11 12:29:50] [INFO]: 开始从网页内容中提取与主题相关的内容
{
  "module": "web-content-extractor",
  "theme": "1. 国内外企业通过智能设备监控员工婚恋状况的实际案例 2. 政府部门出台算法监管政策的具体措施 3. 职场情感管理系统引发的极端事件（如自杀率/罢工数据）"
}
[2025-03-11 12:30:13] [INFO]: 内容提取完成
{
  "module": "web-content-extractor",
  "theme": "1. 国内外企业通过智能设备监控员工婚恋状况的实际案例 2. 政府部门出台算法监管政策的具体措施 3. 职场情感管理系统引发的极端事件（如自杀率/罢工数据）",
  "content": "{\"webpage\": \"根据报道，此次被解雇的60名员工都属于劳务派遣性质，是字节跳动通过第三方公司雇佣的。字节跳动会在他们工作的电脑上安装监控程序来监视他们的工作状况。一旦发现工作中出现了违规或偷懒，就会进行记录。例如，只要程序观察到他们的电脑有超过8分钟的不活跃，就会自动判定他们正在休息，并将这些“休息”时间进行累计。按照公司规定，每个员工每天有30分钟的午餐时间和30分钟的休息时间，因而员工每天的“合法”休息时间是1个小时。如果程序监控到的“休息”时间超过了1个小时，就会对员工进行警告，并扣除相应的绩效分数。\"}\n{\"webpage\": \"早在2015年，亚马逊就针对其仓储管理开发了一套AI效率监测和评估系统。这套系统可以实时监控员工的工作状况。如果发现工人取货时间过长，或者出现了违规休息的情况，系统就会自动将员工打上“效率低下”的标签，并对其给予相应的警告和处罚。根据TheVerge的报道，在2017年到2018年期间，亚马逊的某个分拣中心就有约300名员工因被算法判定为“效率低下”而遭到解雇，这个人数已经占到了该分拣中心员工数的12%。\"}\n{\"webpage\": \"去年新闻就有报道游戏行业支付处理公司Xsolla使用算法裁掉了150名员工。在国内，类似的做法也正在变得越来越常见。比如，2020年，一篇《外卖骑手，困在系统里》的文章在朋友圈刷屏。从这则报道中，我们已经可以窥得一些国内企业通过算法控制员工的现状。\"}\n{\"webpage\": \"不久前，新闻上就爆出某地的一家互联网企业除了通过在工作电脑上安装监控程序外，还专门开发了可以监控员工心率、呼吸、坐姿、疲劳感等数据的“高科技坐垫”。其对员工的控制力度和范围，着实令人咋舌。\"}"
}
[2025-03-11 12:30:13] [INFO]: 开始从网页内容中提取与主题相关的内容
{
  "module": "web-content-extractor",
  "theme": "1. 国内外企业通过智能设备监控员工婚恋状况的实际案例 2. 政府部门出台算法监管政策的具体措施 3. 职场情感管理系统引发的极端事件（如自杀率/罢工数据）"
}
[2025-03-11 12:30:34] [INFO]: 内容提取完成
{
  "module": "web-content-extractor",
  "theme": "1. 国内外企业通过智能设备监控员工婚恋状况的实际案例 2. 政府部门出台算法监管政策的具体措施 3. 职场情感管理系统引发的极端事件（如自杀率/罢工数据）",
  "content": "{\"webpage\": \"2月11日，有网友匿名爆料，自己在公司的上网记录疑似被公司监控，前脚投完简历，随后便收到了精准裁员通知。网传截图显示，公司通过员工行为监测系统，能查看有离职倾向员工的详细情况。比如某鞠姓员工的界面上，软件统计该员工访问求职网站23次、关联聊天关键词254条、投递简历9次。\"}\n{\"webpage\": \"近期冲上热搜的「离职倾向分析」和「怠工情况分析」，则是数据监控的升级版。「甲子光年」采访时体验相关软件发现，某款监控软件后台除了可以记录一名员工的工作时长外，还能记录员工访问求职招聘网站、聊天中触发跳槽离职类敏感词、触发私单私活类敏感词、触发红包转账类敏感词、议论老板类敏感词的次数等，作为其忠诚度的评价。软件还能实现在相关数据基础上，经由AI算法模型，推导出员工工作状态。\"}\n{\"webpage\": \"2021年11月17日，网上流传出一份国美集团的《关于违反员工行为规范的处罚通报》，这份通报文件批评了11位员工，占用公司公共网络资源从事与工作无关事宜，通报还罗列了每名员工的App流量使用信息，涉及腾讯视频、抖音、淘宝、爱奇艺、网易云音乐、QQ音乐等诸多App。\"}"
}
