开始执行 Reasoner 模型对话
时间: 2025-03-10T09:03:05.310Z
初始话题: 当代爱情最硬核的防出轨装置，不是查岗定位器，而是你手里这块发光的电子墓碑。心理学家Pauline Boss要是穿越到今天，怕是要把"模糊性丧失"理论升级成"赛博鬼压床"——活人躺在你枕边玩手机，比冷柜里的尸体更令人窒息。

现在年轻人回家后的标准姿势，堪称当代行为艺术：左手刷着前任的旅行vlog，右手给现任点外卖，电视放着《甄嬛传》当BGM，活脱脱演成了《楚门的世界》番外篇。你的伴侣逐渐退化成客厅家具："我和沙发的区别在于，沙发不会半夜三点突然发出鹅叫般的笑声"。

某位用Instagram谈恋爱的勇士，贡献了本世纪最赛博朋克的分手理由——当对方连续37次已读不回你的猫咪视频，就像收到生日礼物却当场扔进碎纸机。更魔幻的是当事人甚至懒得当面质问，反手就用同款操作报复对方新发的健身照，当代爱情已经进化成谁先眨眼谁输的电子斗鸡大赛。

你的拇指每划过一个短视频，就等于往亲密关系账户里提走一笔信任存款。当手机电量焦虑碾压了情感需求焦虑，当代人终于活成了自己最讨厌的ATM机——对方插卡时永远显示"系统繁忙"。最讽刺的是，我们甚至不敢关掉消息通知，生怕错过老板的加班通知，却放任伴侣的眼神逐渐变成手机反光膜上的一片马赛克。


--- 轮次 1/5 ---
输入:
当代爱情最硬核的防出轨装置，不是查岗定位器，而是你手里这块发光的电子墓碑。心理学家Pauline Boss要是穿越到今天，怕是要把"模糊性丧失"理论升级成"赛博鬼压床"——活人躺在你枕边玩手机，比冷柜里的尸体更令人窒息。

现在年轻人回家后的标准姿势，堪称当代行为艺术：左手刷着前任的旅行vlog，右手给现任点外卖，电视放着《甄嬛传》当BGM，活脱脱演成了《楚门的世界》番外篇。你的伴侣逐渐退化成客厅家具："我和沙发的区别在于，沙发不会半夜三点突然发出鹅叫般的笑声"。

某位用Instagram谈恋爱的勇士，贡献了本世纪最赛博朋克的分手理由——当对方连续37次已读不回你的猫咪视频，就像收到生日礼物却当场扔进碎纸机。更魔幻的是当事人甚至懒得当面质问，反手就用同款操作报复对方新发的健身照，当代爱情已经进化成谁先眨眼谁输的电子斗鸡大赛。

你的拇指每划过一个短视频，就等于往亲密关系账户里提走一笔信任存款。当手机电量焦虑碾压了情感需求焦虑，当代人终于活成了自己最讨厌的ATM机——对方插卡时永远显示"系统繁忙"。最讽刺的是，我们甚至不敢关掉消息通知，生怕错过老板的加班通知，却放任伴侣的眼神逐渐变成手机反光膜上的一片马赛克。

输出:
```json
{
    "is_complete": "no",
    "next_instruction": "请从【社会实验与行为悖论】视角续写以下段落，要求：1. 核心方向：揭示明知手机危害却无法戒断的行为悖论，重点突出【真实情侣数字戒断实验的荒诞结局】与【上瘾机制中的甜蜜报复心理】2. 结构设计：用实验室观察式描写开场，穿插行为经济学家对'沉没成本魔咒'的解读，结尾用凌晨三点集体偷玩手机的监控画面定格",
    "search_instruction": "情侣数字戒断实验 手机使用沉没成本研究",
    "reference_content": "1. 英国某大学72小时无手机同居实验中的暴力数据（摔坏设备次数/沉默时长纪录）2. 日本情侣'消息延迟发送'装置的商业失败案例3. 行为经济学中关于'已读不回焦虑'的神经补偿机制模型"
}
```


--- 轮次 2/5 ---
输入:
当代爱情最硬核的防出轨装置，不是查岗定位器，而是你手里这块发光的电子墓碑。心理学家Pauline Boss要是穿越到今天，怕是要把"模糊性丧失"理论升级成"赛博鬼压床"——活人躺在你枕边玩手机，比冷柜里的尸体更令人窒息。

现在年轻人回家后的标准姿势，堪称当代行为艺术：左手刷着前任的旅行vlog，右手给现任点外卖，电视放着《甄嬛传》当BGM，活脱脱演成了《楚门的世界》番外篇。你的伴侣逐渐退化成客厅家具："我和沙发的区别在于，沙发不会半夜三点突然发出鹅叫般的笑声"。

某位用Instagram谈恋爱的勇士，贡献了本世纪最赛博朋克的分手理由——当对方连续37次已读不回你的猫咪视频，就像收到生日礼物却当场扔进碎纸机。更魔幻的是当事人甚至懒得当面质问，反手就用同款操作报复对方新发的健身照，当代爱情已经进化成谁先眨眼谁输的电子斗鸡大赛。

你的拇指每划过一个短视频，就等于往亲密关系账户里提走一笔信任存款。当手机电量焦虑碾压了情感需求焦虑，当代人终于活成了自己最讨厌的ATM机——对方插卡时永远显示"系统繁忙"。最讽刺的是，我们甚至不敢关掉消息通知，生怕错过老板的加班通知，却放任伴侣的眼神逐渐变成手机反光膜上的一片马赛克。（续写段落）

你以为这就完了？资本家的骚操作永远比你想象的更野。有些公司甚至搞出了「福报积分制」，加班时长能兑换带薪病假，猝死风险直接挂钩年终奖系数——这波操作堪称当代赛博赎罪券，把《劳动法》按在地上反复摩擦。更魔幻的是某些大厂HR，一边在年会上高唱《明天会更好》，一边把裁员通知书塞进端午礼盒，温情脉脉地告诉你「优化是通往财务自由的捷径」。这时候你才发现，工牌上印着的「同学」二字，翻译过来就是「人肉干电池PLUS版」。

现在连摸鱼都要讲KPI了。某宇宙厂推出「厕所能量监测系统」，蹲坑超过5分钟自动触发HR关怀，美其名曰预防痔疮。更有甚者搞起「睡眠贷」，员工可以透支年假换取加班费，年化利率比校园贷还刺激。当你用黑眼圈换来最新款iPhone时，殊不知自己正在书写21世纪《包身工》续集。那些号称「把公司当作家」的狼性文化，本质是把员工作坊改造成24小时便利店——灯火通明是有了，就是缺了做人的基本尊严。

最绝的是元宇宙概念下诞生的「虚拟股权」，让打工人用青春购买空气币。某新势力车企的操作堪称当代炼金术：员工每月80%工资自动转成公司股票，美其名曰「共同成长计划」，结果股价跌成仙股时，老板开着私人飞机在股东大会表演高空跳水。这年头，连《资本论》都要连夜写补丁——当剥削披上区块链外衣，打工人维权都得先考个程序员证书。

输出:
```json
{
    "is_complete": "no",
    "next_instruction": "请从【科技公司产品设计陷阱】续写以下段落，要求：1. 核心方向：揭露社交软件如何用算法制造情感饥渴，重点突出【即时反馈机制对大脑奖赏回路的劫持】与【真实情感需求的替代性满足】2. 结构设计：用约会APP的滑动匹配机制类比老虎机成瘾，结合神经科学家对多巴胺峰值的研究，论证数字时代的爱情正在被设计成「精神电子烟」",
    "search_instruction": "约会APP算法机制 多巴胺与滑动成瘾 数字情感依赖症",
    "reference_content": "1. Tinder等APP采用的变量奖励机制具体数据 2. 神经科学关于滑动动作触发多巴胺分泌的研究结论 3. 用户日均滑动次数与恋爱满意度的相关性统计"
}
```


--- 轮次 3/5 ---
输入:
当代爱情最硬核的防出轨装置，不是查岗定位器，而是你手里这块发光的电子墓碑。心理学家Pauline Boss要是穿越到今天，怕是要把"模糊性丧失"理论升级成"赛博鬼压床"——活人躺在你枕边玩手机，比冷柜里的尸体更令人窒息。

现在年轻人回家后的标准姿势，堪称当代行为艺术：左手刷着前任的旅行vlog，右手给现任点外卖，电视放着《甄嬛传》当BGM，活脱脱演成了《楚门的世界》番外篇。你的伴侣逐渐退化成客厅家具："我和沙发的区别在于，沙发不会半夜三点突然发出鹅叫般的笑声"。

某位用Instagram谈恋爱的勇士，贡献了本世纪最赛博朋克的分手理由——当对方连续37次已读不回你的猫咪视频，就像收到生日礼物却当场扔进碎纸机。更魔幻的是当事人甚至懒得当面质问，反手就用同款操作报复对方新发的健身照，当代爱情已经进化成谁先眨眼谁输的电子斗鸡大赛。

你的拇指每划过一个短视频，就等于往亲密关系账户里提走一笔信任存款。当手机电量焦虑碾压了情感需求焦虑，当代人终于活成了自己最讨厌的ATM机——对方插卡时永远显示"系统繁忙"。最讽刺的是，我们甚至不敢关掉消息通知，生怕错过老板的加班通知，却放任伴侣的眼神逐渐变成手机反光膜上的一片马赛克。（续写段落）

你以为这就完了？资本家的骚操作永远比你想象的更野。有些公司甚至搞出了「福报积分制」，加班时长能兑换带薪病假，猝死风险直接挂钩年终奖系数——这波操作堪称当代赛博赎罪券，把《劳动法》按在地上反复摩擦。更魔幻的是某些大厂HR，一边在年会上高唱《明天会更好》，一边把裁员通知书塞进端午礼盒，温情脉脉地告诉你「优化是通往财务自由的捷径」。这时候你才发现，工牌上印着的「同学」二字，翻译过来就是「人肉干电池PLUS版」。

现在连摸鱼都要讲KPI了。某宇宙厂推出「厕所能量监测系统」，蹲坑超过5分钟自动触发HR关怀，美其名曰预防痔疮。更有甚者搞起「睡眠贷」，员工可以透支年假换取加班费，年化利率比校园贷还刺激。当你用黑眼圈换来最新款iPhone时，殊不知自己正在书写21世纪《包身工》续集。那些号称「把公司当作家」的狼性文化，本质是把员工作坊改造成24小时便利店——灯火通明是有了，就是缺了做人的基本尊严。

最绝的是元宇宙概念下诞生的「虚拟股权」，让打工人用青春购买空气币。某新势力车企的操作堪称当代炼金术：员工每月80%工资自动转成公司股票，美其名曰「共同成长计划」，结果股价跌成仙股时，老板开着私人飞机在股东大会表演高空跳水。这年头，连《资本论》都要连夜写补丁——当剥削披上区块链外衣，打工人维权都得先考个程序员证书。当代年轻人嘴上喊着要甜甜的恋爱，身体却在约会软件里活成了AI训练师。你以为滑动的是心动？不，是打工人在算法流水线上搬砖，每划拉一次屏幕都在给资本家修数据护城河。💸

英国Badoo的调查数据直接掀了遮羞布——四分之三的单身贵族不是在找对象，是在跟赛博月老玩俄罗斯轮盘赌。61%的Hinge用户被现代约会干懵的表情，堪比过年被七大姑八大姨催婚时的生无可恋脸。这哪是月老牵红线，分明是算法拿狗链遛着你在信息茧房里跑马拉松。🏃

最骚的操作在于，约会软件把人类繁衍本能做成了斯金纳箱实验。每次叮咚的匹配提示音都是实验室喂小白鼠的饲料颗粒，你以为自己在主动选择？醒醒，你的多巴胺早被程序员写进if else代码里了。当婴儿潮一代都要滑动6000次才能上岸时，建议软件直接改名《电子厂爱情流水线模拟器》——毕竟打螺丝还能计件收费，你在这划拉4000次只能收获颈椎病和ED风险。⚡

更黑色幽默的是，算法推荐机制比亲妈还懂催婚话术。"附近5公里有89%匹配度的小姐姐"——这数据比星座运势还玄学，毕竟你永远不知道对面是准备收网杀猪的骗子，还是用十年前照片网恋的行为艺术家。当代爱情故事还没开场，先上演了八百集《走近科学之谁动了我的滤镜》。🔍

说到底，约会软件本质是21世纪的新型电子保健品。你以为在投资爱情？不，你只是给资本家提供了免费的数据苦力。毕竟真爱没来，先来的是会员续费通知；灵魂伴侣没遇到，先遇到的是PUA话术集邮册。算法收割的是你的多巴胺，而你却在用青春给资本交水电费。⚡

输出:
```json
{
    "is_complete": "no",
    "next_instruction": "请从【反算法恋爱实践】续写以下段落，要求：1. 核心方向：展现用户对抗数字异化的具体案例，重点突出【行为反差/情感修复/数据对比】2. 结构设计：先呈现某城市青年发起的「戒断数字依赖实验」，再用心理学实验数据揭示线下互动对多巴胺分泌的真实影响，最后用反讽金句收尾",
    "search_instruction": "数字排毒实验 情侣关系改善案例；线下约会复兴运动 数据；面对面互动 多巴胺分泌研究",
    "reference_content": "1.柏林情侣戒手机实验中的冲突场景与和解细节 2.日本年轻人重启写信约会的具体数据增幅 3.牛津大学关于眼神接触激活大脑奖赏回路的研究结论"
}
```


--- 轮次 4/5 ---
输入:
当代爱情最硬核的防出轨装置，不是查岗定位器，而是你手里这块发光的电子墓碑。心理学家Pauline Boss要是穿越到今天，怕是要把"模糊性丧失"理论升级成"赛博鬼压床"——活人躺在你枕边玩手机，比冷柜里的尸体更令人窒息。

现在年轻人回家后的标准姿势，堪称当代行为艺术：左手刷着前任的旅行vlog，右手给现任点外卖，电视放着《甄嬛传》当BGM，活脱脱演成了《楚门的世界》番外篇。你的伴侣逐渐退化成客厅家具："我和沙发的区别在于，沙发不会半夜三点突然发出鹅叫般的笑声"。

某位用Instagram谈恋爱的勇士，贡献了本世纪最赛博朋克的分手理由——当对方连续37次已读不回你的猫咪视频，就像收到生日礼物却当场扔进碎纸机。更魔幻的是当事人甚至懒得当面质问，反手就用同款操作报复对方新发的健身照，当代爱情已经进化成谁先眨眼谁输的电子斗鸡大赛。

你的拇指每划过一个短视频，就等于往亲密关系账户里提走一笔信任存款。当手机电量焦虑碾压了情感需求焦虑，当代人终于活成了自己最讨厌的ATM机——对方插卡时永远显示"系统繁忙"。最讽刺的是，我们甚至不敢关掉消息通知，生怕错过老板的加班通知，却放任伴侣的眼神逐渐变成手机反光膜上的一片马赛克。（续写段落）

你以为这就完了？资本家的骚操作永远比你想象的更野。有些公司甚至搞出了「福报积分制」，加班时长能兑换带薪病假，猝死风险直接挂钩年终奖系数——这波操作堪称当代赛博赎罪券，把《劳动法》按在地上反复摩擦。更魔幻的是某些大厂HR，一边在年会上高唱《明天会更好》，一边把裁员通知书塞进端午礼盒，温情脉脉地告诉你「优化是通往财务自由的捷径」。这时候你才发现，工牌上印着的「同学」二字，翻译过来就是「人肉干电池PLUS版」。

现在连摸鱼都要讲KPI了。某宇宙厂推出「厕所能量监测系统」，蹲坑超过5分钟自动触发HR关怀，美其名曰预防痔疮。更有甚者搞起「睡眠贷」，员工可以透支年假换取加班费，年化利率比校园贷还刺激。当你用黑眼圈换来最新款iPhone时，殊不知自己正在书写21世纪《包身工》续集。那些号称「把公司当作家」的狼性文化，本质是把员工作坊改造成24小时便利店——灯火通明是有了，就是缺了做人的基本尊严。

最绝的是元宇宙概念下诞生的「虚拟股权」，让打工人用青春购买空气币。某新势力车企的操作堪称当代炼金术：员工每月80%工资自动转成公司股票，美其名曰「共同成长计划」，结果股价跌成仙股时，老板开着私人飞机在股东大会表演高空跳水。这年头，连《资本论》都要连夜写补丁——当剥削披上区块链外衣，打工人维权都得先考个程序员证书。当代年轻人嘴上喊着要甜甜的恋爱，身体却在约会软件里活成了AI训练师。你以为滑动的是心动？不，是打工人在算法流水线上搬砖，每划拉一次屏幕都在给资本家修数据护城河。💸

英国Badoo的调查数据直接掀了遮羞布——四分之三的单身贵族不是在找对象，是在跟赛博月老玩俄罗斯轮盘赌。61%的Hinge用户被现代约会干懵的表情，堪比过年被七大姑八大姨催婚时的生无可恋脸。这哪是月老牵红线，分明是算法拿狗链遛着你在信息茧房里跑马拉松。🏃

最骚的操作在于，约会软件把人类繁衍本能做成了斯金纳箱实验。每次叮咚的匹配提示音都是实验室喂小白鼠的饲料颗粒，你以为自己在主动选择？醒醒，你的多巴胺早被程序员写进if else代码里了。当婴儿潮一代都要滑动6000次才能上岸时，建议软件直接改名《电子厂爱情流水线模拟器》——毕竟打螺丝还能计件收费，你在这划拉4000次只能收获颈椎病和ED风险。⚡

更黑色幽默的是，算法推荐机制比亲妈还懂催婚话术。"附近5公里有89%匹配度的小姐姐"——这数据比星座运势还玄学，毕竟你永远不知道对面是准备收网杀猪的骗子，还是用十年前照片网恋的行为艺术家。当代爱情故事还没开场，先上演了八百集《走近科学之谁动了我的滤镜》。🔍

说到底，约会软件本质是21世纪的新型电子保健品。你以为在投资爱情？不，你只是给资本家提供了免费的数据苦力。毕竟真爱没来，先来的是会员续费通知；灵魂伴侣没遇到，先遇到的是PUA话术集邮册。算法收割的是你的多巴胺，而你却在用青春给资本交水电费。⚡（接上文）你以为网红餐厅的食材成本真像菜单上写得那么高贵冷艳？别天真了朋友们，后厨的真相比《甄嬛传》还刺激。食材成本在网红店眼里就像渣男的承诺，听着感人肺腑，实际落地时能打个五折都算业界良心（当然还要算上摆盘时撒的金箔，毕竟朋友圈出片率才是硬通货）。

供应链管理这四个字听着高大上，实操起来堪比让渣男上交手机。曾有连锁品牌CEO酒后吐真言："我们的牛肉说是澳洲空运，其实是从冻品批发市场论斤称的，唯一的冷链是老板新买的玛莎拉蒂空调。"（此处应有掌声送给商业鬼才）毕竟在流量为王的时代，花50万拍抖音挑战赛能换回500万流水，谁还管土豆是不是昨天刚挖的？

更魔幻的是，某些网红店后厨的卫生评级比大学生宿舍还薛定谔。前厅是ins风拍照圣地，转身掀开后厨门帘直接穿越到《生化危机》片场。你以为吃的是分子料理，其实是老板在玩食材的量子纠缠——昨天没卖完的龙虾汤，今天换个容器就是法式浓汤，明天再加勺辣椒油直接变身冬阴功。（建议米其林评委直接改行当魔术师）

最绝的是供应链金融这套组合拳，堪称餐饮界"庞氏美学"。用加盟商的保证金玩现金流腾挪，拿供应商的账期当无息贷款，最后还能把食客的储值卡变成永不兑现的承诺。这哪是开餐厅？分明是在写现代版《资本论》，只不过马克思看了会沉默，巴菲特见了要流泪。（温馨提示：充值卡超过500块的建议直接刻墓志铭上）

输出:
```json
{
    "is_complete": "no",
    "next_instruction": "请从【社交媒体情感代偿陷阱】续写以下段落，要求：1. 核心方向：延续手机侵蚀亲密关系的核心矛盾，重点突出【虚拟互动如何制造情感瘫痪】与【真实关系中的戒断反应】2. 结构设计：用Tinder算法工程师自曝的操控机制+00后恋爱降级现象形成对比冲击",
    "search_instruction": "约会软件算法操控机制 情感代偿心理学研究 Z世代恋爱降级数据",
    "reference_content": "1. Tinder工程师曝光的ELO评分系统运作细节 2. 斯坦福大学关于虚拟点赞与多巴胺分泌的研究数据 3. 2023年中国青年报公布的恋爱意愿下降比例"
}
```


--- 轮次 5/5 ---
输入:
当代爱情最硬核的防出轨装置，不是查岗定位器，而是你手里这块发光的电子墓碑。心理学家Pauline Boss要是穿越到今天，怕是要把"模糊性丧失"理论升级成"赛博鬼压床"——活人躺在你枕边玩手机，比冷柜里的尸体更令人窒息。

现在年轻人回家后的标准姿势，堪称当代行为艺术：左手刷着前任的旅行vlog，右手给现任点外卖，电视放着《甄嬛传》当BGM，活脱脱演成了《楚门的世界》番外篇。你的伴侣逐渐退化成客厅家具："我和沙发的区别在于，沙发不会半夜三点突然发出鹅叫般的笑声"。

某位用Instagram谈恋爱的勇士，贡献了本世纪最赛博朋克的分手理由——当对方连续37次已读不回你的猫咪视频，就像收到生日礼物却当场扔进碎纸机。更魔幻的是当事人甚至懒得当面质问，反手就用同款操作报复对方新发的健身照，当代爱情已经进化成谁先眨眼谁输的电子斗鸡大赛。

你的拇指每划过一个短视频，就等于往亲密关系账户里提走一笔信任存款。当手机电量焦虑碾压了情感需求焦虑，当代人终于活成了自己最讨厌的ATM机——对方插卡时永远显示"系统繁忙"。最讽刺的是，我们甚至不敢关掉消息通知，生怕错过老板的加班通知，却放任伴侣的眼神逐渐变成手机反光膜上的一片马赛克。（续写段落）

你以为这就完了？资本家的骚操作永远比你想象的更野。有些公司甚至搞出了「福报积分制」，加班时长能兑换带薪病假，猝死风险直接挂钩年终奖系数——这波操作堪称当代赛博赎罪券，把《劳动法》按在地上反复摩擦。更魔幻的是某些大厂HR，一边在年会上高唱《明天会更好》，一边把裁员通知书塞进端午礼盒，温情脉脉地告诉你「优化是通往财务自由的捷径」。这时候你才发现，工牌上印着的「同学」二字，翻译过来就是「人肉干电池PLUS版」。

现在连摸鱼都要讲KPI了。某宇宙厂推出「厕所能量监测系统」，蹲坑超过5分钟自动触发HR关怀，美其名曰预防痔疮。更有甚者搞起「睡眠贷」，员工可以透支年假换取加班费，年化利率比校园贷还刺激。当你用黑眼圈换来最新款iPhone时，殊不知自己正在书写21世纪《包身工》续集。那些号称「把公司当作家」的狼性文化，本质是把员工作坊改造成24小时便利店——灯火通明是有了，就是缺了做人的基本尊严。

最绝的是元宇宙概念下诞生的「虚拟股权」，让打工人用青春购买空气币。某新势力车企的操作堪称当代炼金术：员工每月80%工资自动转成公司股票，美其名曰「共同成长计划」，结果股价跌成仙股时，老板开着私人飞机在股东大会表演高空跳水。这年头，连《资本论》都要连夜写补丁——当剥削披上区块链外衣，打工人维权都得先考个程序员证书。当代年轻人嘴上喊着要甜甜的恋爱，身体却在约会软件里活成了AI训练师。你以为滑动的是心动？不，是打工人在算法流水线上搬砖，每划拉一次屏幕都在给资本家修数据护城河。💸

英国Badoo的调查数据直接掀了遮羞布——四分之三的单身贵族不是在找对象，是在跟赛博月老玩俄罗斯轮盘赌。61%的Hinge用户被现代约会干懵的表情，堪比过年被七大姑八大姨催婚时的生无可恋脸。这哪是月老牵红线，分明是算法拿狗链遛着你在信息茧房里跑马拉松。🏃

最骚的操作在于，约会软件把人类繁衍本能做成了斯金纳箱实验。每次叮咚的匹配提示音都是实验室喂小白鼠的饲料颗粒，你以为自己在主动选择？醒醒，你的多巴胺早被程序员写进if else代码里了。当婴儿潮一代都要滑动6000次才能上岸时，建议软件直接改名《电子厂爱情流水线模拟器》——毕竟打螺丝还能计件收费，你在这划拉4000次只能收获颈椎病和ED风险。⚡

更黑色幽默的是，算法推荐机制比亲妈还懂催婚话术。"附近5公里有89%匹配度的小姐姐"——这数据比星座运势还玄学，毕竟你永远不知道对面是准备收网杀猪的骗子，还是用十年前照片网恋的行为艺术家。当代爱情故事还没开场，先上演了八百集《走近科学之谁动了我的滤镜》。🔍

说到底，约会软件本质是21世纪的新型电子保健品。你以为在投资爱情？不，你只是给资本家提供了免费的数据苦力。毕竟真爱没来，先来的是会员续费通知；灵魂伴侣没遇到，先遇到的是PUA话术集邮册。算法收割的是你的多巴胺，而你却在用青春给资本交水电费。⚡（接上文）你以为网红餐厅的食材成本真像菜单上写得那么高贵冷艳？别天真了朋友们，后厨的真相比《甄嬛传》还刺激。食材成本在网红店眼里就像渣男的承诺，听着感人肺腑，实际落地时能打个五折都算业界良心（当然还要算上摆盘时撒的金箔，毕竟朋友圈出片率才是硬通货）。

供应链管理这四个字听着高大上，实操起来堪比让渣男上交手机。曾有连锁品牌CEO酒后吐真言："我们的牛肉说是澳洲空运，其实是从冻品批发市场论斤称的，唯一的冷链是老板新买的玛莎拉蒂空调。"（此处应有掌声送给商业鬼才）毕竟在流量为王的时代，花50万拍抖音挑战赛能换回500万流水，谁还管土豆是不是昨天刚挖的？

更魔幻的是，某些网红店后厨的卫生评级比大学生宿舍还薛定谔。前厅是ins风拍照圣地，转身掀开后厨门帘直接穿越到《生化危机》片场。你以为吃的是分子料理，其实是老板在玩食材的量子纠缠——昨天没卖完的龙虾汤，今天换个容器就是法式浓汤，明天再加勺辣椒油直接变身冬阴功。（建议米其林评委直接改行当魔术师）

最绝的是供应链金融这套组合拳，堪称餐饮界"庞氏美学"。用加盟商的保证金玩现金流腾挪，拿供应商的账期当无息贷款，最后还能把食客的储值卡变成永不兑现的承诺。这哪是开餐厅？分明是在写现代版《资本论》，只不过马克思看了会沉默，巴菲特见了要流泪。（温馨提示：充值卡超过500块的建议直接刻墓志铭上）各位注意看眼前这个画面啊，你以为是爱情买卖？不好意思，这特么是真人版《饥饿游戏》。当你在Tinder上疯狂右滑时，系统后台的ELO评分正像菜市场大妈挑猪肉似的，把你的照片、学历、收入扔进算法绞肉机，咔咔算出个婚恋市场指导价。斯坦福那帮教授早就发现了，每次匹配成功的叮咚声，根本是APP给你注射的多巴胺注射液——跟实验室小白鼠按杠杆领饲料一毛一样。

当代年轻人哪是在找对象？分明是在参加互联网大厂开发的《人类消消乐》全球联赛。左滑右滑之间，活生生把七情六欲压缩成二进制代码，荷尔蒙分泌直接接入服务器云端。更魔幻的是，中国青年报的数据显示，60%的年轻人已经进化出"恋爱抗性"，宁可给资本家当人肉电池，也不想给婚恋市场当人肉干电池。

这年头打开社交软件，你以为是伊甸园？睁大眼看看清楚，这是用算法搭建的《楚门的世界》PLUS版。每个精心修图的用户都是系统里的NPC，白天在CBD扮演都市丽人，晚上在APP里客串橱窗模特。最骚的操作是，当你终于刷到心动对象，系统反手给你弹个会员充值界面——看见没？爱情这玩意在21世纪终于实现了数字化改造，明码标价，童叟无欺。

知道为什么年轻人开始集体佛系了吗？因为他们在现实里要还六个钱包的房贷，在虚拟世界要冲社交APP的KPI，搁这玩《模拟人生》都不敢开恋爱副本。搞钱搞不过富二代，搞对象搞不过海王AI，最后只能对着手机屏露出看破红尘的围笑：毁灭吧，赶紧的。

输出:
```json
{
    "is_complete": "no",
    "next_instruction": "请从【家庭场景中的科技反噬】续写以下段落，要求：1. 核心方向：揭露智能家居如何加剧亲密关系异化，重点突出【亲子代际冲突/监控技术滥用/情感替代陷阱】2. 结构设计：先用儿童手表监听事件制造悬念，再引入老年防走失系统的伦理悖论，最后用智能音箱瓦解家庭对话的案例收尾",
    "search_instruction": "智能设备家庭矛盾案例 2023, 儿童手表监听家长被起诉, 养老院GPS定位伦理争议",
    "reference_content": "1.深圳家长利用儿童手表全天监听10岁孩子被判侵权的具体案情；2.日本养老院强制植入定位芯片引发的法律纠纷数据；3.亚马逊Alexa记录夫妻争吵作为训练数据的真实事件"
}
```


对话结束
时间: 2025-03-10T09:59:15.679Z
