开始执行 Reasoner 模型对话
时间: 2025-03-10T04:42:19.046Z
初始话题: 凌晨三点半，你解锁手机的第217次，发现伴侣正在用淘宝收藏夹给双人棺材选款式。当代爱情早已进化成一场行为艺术展——两个人并排瘫在沙发上，各自在6英寸发光墓碑上刻写墓志铭，像极了被电子狗链拴住的赛博连体婴。

2007年乔布斯掏出初代iPhone时，华尔街之狼们绝不会想到，这玩意十五年后会成为全球最大合法小三。数据显示人类每天解锁手机112次，比接吻频率高出11倍，当你的手指在屏幕划出包浆，亲密关系早被碾磨成沙发缝里的饼干渣。那些"嗯嗯"应答的瞬间，比阿尔茨海默家属更魔幻——你明明记得给老板秒回"好的爸爸"，却选择性失忆老婆十分钟前说的"我怀孕了"。

Instagram蓝标跳动的时刻，当代爱情上演着最荒诞的量子纠缠：肉体在床头充电，灵魂在朋友圈蹦迪。未读红点像癌细胞般增殖，当累计到233条时，你们终于达到"人机合一"最高境界——她刷着前任的腹肌照，你点赞着女菩萨的擦边舞，双人床自动切换成拼多多拼单现场。  

专家说这叫"异步陪伴"，要我说这就是赛博朋克版过家家。毕竟连情趣用品都蓝牙联网的年代，谁还费劲演什么"一生一世一双人"？只是当生日祝福沦为对话框里的过期罐头，某些人终将发现：自己不过是在给云存储当人形充电宝。


--- 轮次 1/5 ---
输入:
```json
{
    "is_complete": "no",
    "next_instruction": "请从【代际反击】续写以下段落，要求：1. 核心方向：用00后恋爱暗号破解赛博困局，重点突出【新型关系契约/电子纹身现象/反驯化策略】2. 结构设计：先抛出长辈批判视角，再用Z世代社交黑话形成反差，最后用共享网易云歌单埋葬骨灰级虐恋案例",
    "search_instruction": "Z世代恋爱暗语研究 电子纹身社交实验 共享歌单情感分析",
    "reference_content": "1.00后发明的'奶茶式恋爱''游戏段位共享'等新型关系契约条款 2.网易云共同歌单创建量年增300%背后的人格拼图现象 3.情侣互刻二维码纹身导致民政局识别系统崩溃的荒诞新闻"
}
```

输出:
你以为商家都是傻子吗？他们掏钱的时候可比猴都精。但架不住这场直播游戏里，韭菜刀早就升级成了联合收割机。明星举着自拍杆往镜头前一杵，背后是MCN连夜改装的流量永动机，直播间里机器人弹幕刷得比东方明珠灯光秀还灿烂，场观数据比某些县城人口都多，当场就能给甲方爸爸表演"什么叫商业奇迹"。

这年头连楼下煎饼摊都开通了企业账号，哪个老板手机里没存着几个"私域流量矩阵搭建指南"？可等真金白银砸进明星带货的漩涡里，瞬间变成被连环套路支配的小白菜。某国产美妆品牌创始人跟我掏心窝子：找顶流带货的坑位费够买套房，结果当晚直播间里80%观众IP地址都在东南亚，退货率直接干到比老板发际线还高。

更骚的是某些MCN的"组合拳套餐"，先给你看三线明星的"历史战绩PPT"，再搬出顶流明星的"排期表"当诱饵，最后塞进来的是明星家的二哈。别笑，去年真有宠物博主用狗爪子按销量对赌协议，愣是让某宠物食品企业完成了年度KPI——虽然事后发现狗粮都被倒进下水道冲出了彩虹。

最魔幻的是这场击鼓传花的游戏里，每个参与者都觉得自己在第五层。明星觉得赚完坑位费还能收佣金是双赢，MCN觉得吃完甲方吃乙方是格局，商家看着Excel里曲线向上的GMV数据，自动脑补出登陆纳斯达克的敲钟画面。只有直播间观众最清醒，他们左手捧着9块9包邮的临期薯片，右手在弹幕里刷着"老板糊涂"，深藏功与名。

