[2025-04-01 18:29:34] [INFO]: 接收到 Kimi 搜索请求: 2024年最新的人工智能发展趋势
{
  "module": "kimi-search-api"
}
[2025-04-01 18:33:36] [INFO]: 接收到 Kimi 搜索请求: 2024年最新的人工智能发展趋势
{
  "module": "kimi-search-api"
}
[2025-04-01 18:34:48] [INFO]: 接收到 Kimi 搜索请求: 2024年最新的人工智能发展趋势
{
  "module": "kimi-search-api"
}
[2025-04-01 18:38:28] [INFO]: 接收到 Kimi 搜索请求: 最近几天的热点事件， 如果有引用联网搜索，请引用的联网内容也返回出来
{
  "module": "kimi-search-api"
}
[2025-04-01 18:46:07] [INFO]: 接收到 Kimi 搜索请求: 请列举一下最近的国内社会热点事件， 返回事件，已经简单描述，使用markdown格式返回， 如果有引用联网搜索的内容，请将引用的信息也返回出来
{
  "module": "kimi-search-api"
}
[2025-04-01 18:58:09] [ERROR]: Kimi 搜索 API 调用失败: Bad control character in string literal in JSON at position 97
{
  "module": "kimi-search-api",
  "stack": "SyntaxError: Bad control character in string literal in JSON at position 97\n    at JSON.parse (<anonymous>)\n    at parseJSONFromBytes (node:internal/deps/undici/undici:4306:19)\n    at successSteps (node:internal/deps/undici/undici:4288:27)\n    at fullyReadBody (node:internal/deps/undici/undici:2724:9)\n    at process.processTicksAndRejections (node:internal/process/task_queues:95:5)\n    at async consumeBody (node:internal/deps/undici/undici:4297:7)\n    at async POST (webpack-internal:///(rsc)/./src/app/api/kimi-search/route.ts:42:43)\n    at async /Users/loloru/vscodeProjects/transNode/trans/node_modules/next/dist/compiled/next-server/app-route.runtime.dev.js:6:63809\n    at async eU.execute (/Users/loloru/vscodeProjects/transNode/trans/node_modules/next/dist/compiled/next-server/app-route.runtime.dev.js:6:53964)\n    at async eU.handle (/Users/loloru/vscodeProjects/transNode/trans/node_modules/next/dist/compiled/next-server/app-route.runtime.dev.js:6:65062)\n    at async doRender (/Users/loloru/vscodeProjects/transNode/trans/node_modules/next/dist/server/base-server.js:1333:42)\n    at async cacheEntry.responseCache.get.routeKind (/Users/loloru/vscodeProjects/transNode/trans/node_modules/next/dist/server/base-server.js:1555:28)\n    at async DevServer.renderToResponseWithComponentsImpl (/Users/loloru/vscodeProjects/transNode/trans/node_modules/next/dist/server/base-server.js:1463:28)\n    at async DevServer.renderPageComponent (/Users/loloru/vscodeProjects/transNode/trans/node_modules/next/dist/server/base-server.js:1856:24)\n    at async DevServer.renderToResponseImpl (/Users/loloru/vscodeProjects/transNode/trans/node_modules/next/dist/server/base-server.js:1894:32)\n    at async DevServer.pipeImpl (/Users/loloru/vscodeProjects/transNode/trans/node_modules/next/dist/server/base-server.js:911:25)\n    at async NextNodeServer.handleCatchallRenderRequest (/Users/loloru/vscodeProjects/transNode/trans/node_modules/next/dist/server/next-server.js:271:17)\n    at async DevServer.handleRequestImpl (/Users/loloru/vscodeProjects/transNode/trans/node_modules/next/dist/server/base-server.js:807:17)\n    at async /Users/loloru/vscodeProjects/transNode/trans/node_modules/next/dist/server/dev/next-dev-server.js:331:20\n    at async Span.traceAsyncFn (/Users/loloru/vscodeProjects/transNode/trans/node_modules/next/dist/trace/trace.js:151:20)\n    at async DevServer.handleRequest (/Users/loloru/vscodeProjects/transNode/trans/node_modules/next/dist/server/dev/next-dev-server.js:328:24)\n    at async invokeRender (/Users/loloru/vscodeProjects/transNode/trans/node_modules/next/dist/server/lib/router-server.js:163:21)\n    at async handleRequest (/Users/loloru/vscodeProjects/transNode/trans/node_modules/next/dist/server/lib/router-server.js:342:24)\n    at async requestHandlerImpl (/Users/loloru/vscodeProjects/transNode/trans/node_modules/next/dist/server/lib/router-server.js:366:13)\n    at async Server.requestListener (/Users/loloru/vscodeProjects/transNode/trans/node_modules/next/dist/server/lib/start-server.js:140:13)"
}
[2025-04-01 18:58:14] [ERROR]: Kimi 搜索 API 调用失败: Bad control character in string literal in JSON at position 97
{
  "module": "kimi-search-api",
  "stack": "SyntaxError: Bad control character in string literal in JSON at position 97\n    at JSON.parse (<anonymous>)\n    at parseJSONFromBytes (node:internal/deps/undici/undici:4306:19)\n    at successSteps (node:internal/deps/undici/undici:4288:27)\n    at fullyReadBody (node:internal/deps/undici/undici:2724:9)\n    at process.processTicksAndRejections (node:internal/process/task_queues:95:5)\n    at async consumeBody (node:internal/deps/undici/undici:4297:7)\n    at async POST (webpack-internal:///(rsc)/./src/app/api/kimi-search/route.ts:42:43)\n    at async /Users/loloru/vscodeProjects/transNode/trans/node_modules/next/dist/compiled/next-server/app-route.runtime.dev.js:6:63809\n    at async eU.execute (/Users/loloru/vscodeProjects/transNode/trans/node_modules/next/dist/compiled/next-server/app-route.runtime.dev.js:6:53964)\n    at async eU.handle (/Users/loloru/vscodeProjects/transNode/trans/node_modules/next/dist/compiled/next-server/app-route.runtime.dev.js:6:65062)\n    at async doRender (/Users/loloru/vscodeProjects/transNode/trans/node_modules/next/dist/server/base-server.js:1333:42)\n    at async cacheEntry.responseCache.get.routeKind (/Users/loloru/vscodeProjects/transNode/trans/node_modules/next/dist/server/base-server.js:1555:28)\n    at async DevServer.renderToResponseWithComponentsImpl (/Users/loloru/vscodeProjects/transNode/trans/node_modules/next/dist/server/base-server.js:1463:28)\n    at async DevServer.renderPageComponent (/Users/loloru/vscodeProjects/transNode/trans/node_modules/next/dist/server/base-server.js:1856:24)\n    at async DevServer.renderToResponseImpl (/Users/loloru/vscodeProjects/transNode/trans/node_modules/next/dist/server/base-server.js:1894:32)\n    at async DevServer.pipeImpl (/Users/loloru/vscodeProjects/transNode/trans/node_modules/next/dist/server/base-server.js:911:25)\n    at async NextNodeServer.handleCatchallRenderRequest (/Users/loloru/vscodeProjects/transNode/trans/node_modules/next/dist/server/next-server.js:271:17)\n    at async DevServer.handleRequestImpl (/Users/loloru/vscodeProjects/transNode/trans/node_modules/next/dist/server/base-server.js:807:17)\n    at async /Users/loloru/vscodeProjects/transNode/trans/node_modules/next/dist/server/dev/next-dev-server.js:331:20\n    at async Span.traceAsyncFn (/Users/loloru/vscodeProjects/transNode/trans/node_modules/next/dist/trace/trace.js:151:20)\n    at async DevServer.handleRequest (/Users/loloru/vscodeProjects/transNode/trans/node_modules/next/dist/server/dev/next-dev-server.js:328:24)\n    at async invokeRender (/Users/loloru/vscodeProjects/transNode/trans/node_modules/next/dist/server/lib/router-server.js:163:21)\n    at async handleRequest (/Users/loloru/vscodeProjects/transNode/trans/node_modules/next/dist/server/lib/router-server.js:342:24)\n    at async requestHandlerImpl (/Users/loloru/vscodeProjects/transNode/trans/node_modules/next/dist/server/lib/router-server.js:366:13)\n    at async Server.requestListener (/Users/loloru/vscodeProjects/transNode/trans/node_modules/next/dist/server/lib/start-server.js:140:13)"
}
[2025-04-01 18:58:24] [INFO]: 接收到 Kimi 搜索请求: 请列举一下最近的国内社会热点事件， 返回事件，并对事件进行概括总结，使用markdown格式返回， 如果有引用联网搜索的内容，请将引用的信息也返回出来， 大概格式是 no.事件 - 概括:xxx - 来源：xxx
{
  "module": "kimi-search-api"
}
